[29/Oct/2020:11:22:20 +0900] 0:0:0:0:0:0:0:1 302 "POST /login HTTP/1.1" - (60 ms)
[29/Oct/2020:11:22:20 +0900] 0:0:0:0:0:0:0:1 200 "GET /login HTTP/1.1" 1406 (5 ms)
[29/Oct/2020:11:22:24 +0900] 0:0:0:0:0:0:0:1 200 "POST /login HTTP/1.1" 15648 (756 ms)
[29/Oct/2020:11:22:24 +0900] 0:0:0:0:0:0:0:1 200 "GET /lib/bootstrap/vendor/jquery-easing/jquery.easing.min.js HTTP/1.1" 2532 (9 ms)
[29/Oct/2020:11:22:24 +0900] 0:0:0:0:0:0:0:1 200 "GET /lib/bootstrap/vendor/fontawesome-free/css/all.min.css HTTP/1.1" 58935 (26 ms)
[29/Oct/2020:11:22:24 +0900] 0:0:0:0:0:0:0:1 200 "GET /lib/bootstrap/vendor/jquery/jquery.min.js HTTP/1.1" 89476 (10 ms)
[29/Oct/2020:11:22:24 +0900] 0:0:0:0:0:0:0:1 200 "GET /lib/bootstrap/vendor/bootstrap/js/bootstrap.bundle.min.js HTTP/1.1" 81084 (10 ms)
[29/Oct/2020:11:22:24 +0900] 0:0:0:0:0:0:0:1 200 "GET /lib/bootstrap/js/jquery-3.5.1.min.js HTTP/1.1" 89476 (16 ms)
[29/Oct/2020:11:22:24 +0900] 0:0:0:0:0:0:0:1 200 "GET /lib/bootstrap/css/sb-admin-2.min.css HTTP/1.1" 169306 (18 ms)
[29/Oct/2020:11:22:24 +0900] 0:0:0:0:0:0:0:1 200 "GET /lib/bootstrap/js/demo/chart-pie-demo.js HTTP/1.1" 1057 (4 ms)
[29/Oct/2020:11:22:24 +0900] 0:0:0:0:0:0:0:1 200 "GET /lib/bootstrap/js/sb-admin-2.min.js HTTP/1.1" 1266 (6 ms)
[29/Oct/2020:11:22:24 +0900] 0:0:0:0:0:0:0:1 200 "GET /lib/bootstrap/vendor/datatables/jquery.dataTables.min.js HTTP/1.1" 82867 (4 ms)
[29/Oct/2020:11:22:24 +0900] 0:0:0:0:0:0:0:1 200 "GET /lib/bootstrap/vendor/datatables/dataTables.bootstrap4.min.js HTTP/1.1" 2094 (4 ms)
[29/Oct/2020:11:22:24 +0900] 0:0:0:0:0:0:0:1 200 "GET /lib/bootstrap/js/demo/chart-area-demo.js HTTP/1.1" 3569 (4 ms)
[29/Oct/2020:11:22:24 +0900] 0:0:0:0:0:0:0:1 200 "GET /lib/bootstrap/vendor/chart.js/Chart.min.js HTTP/1.1" 172812 (8 ms)
[29/Oct/2020:11:22:25 +0900] 0:0:0:0:0:0:0:1 200 "GET /lib/bootstrap/vendor/fontawesome-free/webfonts/fa-solid-900.woff2 HTTP/1.1" 80328 (5 ms)
[29/Oct/2020:11:22:25 +0900] 0:0:0:0:0:0:0:1 200 "GET /lib/bootstrap/vendor/bootstrap/js/bootstrap.bundle.min.js.map HTTP/1.1" 315300 (30 ms)
[29/Oct/2020:11:23:47 +0900] 0:0:0:0:0:0:0:1 302 "POST /login HTTP/1.1" - (57 ms)
[29/Oct/2020:11:23:48 +0900] 0:0:0:0:0:0:0:1 200 "GET /login HTTP/1.1" 1406 (5 ms)
[29/Oct/2020:11:23:53 +0900] 0:0:0:0:0:0:0:1 200 "POST /login HTTP/1.1" 15671 (696 ms)
[29/Oct/2020:11:23:53 +0900] 0:0:0:0:0:0:0:1 200 "GET /lib/bootstrap/vendor/bootstrap/js/bootstrap.bundle.min.js HTTP/1.1" 81084 (12 ms)
[29/Oct/2020:11:23:53 +0900] 0:0:0:0:0:0:0:1 200 "GET /lib/bootstrap/vendor/jquery-easing/jquery.easing.min.js HTTP/1.1" 2532 (12 ms)
[29/Oct/2020:11:23:53 +0900] 0:0:0:0:0:0:0:1 200 "GET /lib/bootstrap/vendor/fontawesome-free/css/all.min.css HTTP/1.1" 58935 (25 ms)
[29/Oct/2020:11:23:53 +0900] 0:0:0:0:0:0:0:1 200 "GET /lib/bootstrap/vendor/jquery/jquery.min.js HTTP/1.1" 89476 (13 ms)
[29/Oct/2020:11:23:53 +0900] 0:0:0:0:0:0:0:1 200 "GET /lib/bootstrap/js/jquery-3.5.1.min.js HTTP/1.1" 89476 (15 ms)
[29/Oct/2020:11:23:53 +0900] 0:0:0:0:0:0:0:1 200 "GET /lib/bootstrap/css/sb-admin-2.min.css HTTP/1.1" 169306 (23 ms)
[29/Oct/2020:11:23:53 +0900] 0:0:0:0:0:0:0:1 200 "GET /lib/bootstrap/js/demo/chart-area-demo.js HTTP/1.1" 3569 (4 ms)
[29/Oct/2020:11:23:53 +0900] 0:0:0:0:0:0:0:1 200 "GET /lib/bootstrap/js/sb-admin-2.min.js HTTP/1.1" 1266 (5 ms)
[29/Oct/2020:11:23:53 +0900] 0:0:0:0:0:0:0:1 200 "GET /lib/bootstrap/js/demo/chart-pie-demo.js HTTP/1.1" 1057 (4 ms)
[29/Oct/2020:11:23:53 +0900] 0:0:0:0:0:0:0:1 200 "GET /lib/bootstrap/vendor/datatables/dataTables.bootstrap4.min.js HTTP/1.1" 2094 (3 ms)
[29/Oct/2020:11:23:53 +0900] 0:0:0:0:0:0:0:1 200 "GET /lib/bootstrap/vendor/chart.js/Chart.min.js HTTP/1.1" 172812 (7 ms)
[29/Oct/2020:11:23:53 +0900] 0:0:0:0:0:0:0:1 200 "GET /lib/bootstrap/vendor/datatables/jquery.dataTables.min.js HTTP/1.1" 82867 (6 ms)
[29/Oct/2020:11:23:53 +0900] 0:0:0:0:0:0:0:1 200 "GET /lib/bootstrap/vendor/bootstrap/js/bootstrap.bundle.min.js.map HTTP/1.1" 315300 (27 ms)
[29/Oct/2020:11:23:53 +0900] 0:0:0:0:0:0:0:1 200 "GET /lib/bootstrap/vendor/fontawesome-free/webfonts/fa-solid-900.woff2 HTTP/1.1" 80328 (4 ms)
[29/Oct/2020:11:52:39 +0900] 0:0:0:0:0:0:0:1 302 "POST /login HTTP/1.1" - (60 ms)
[29/Oct/2020:11:52:39 +0900] 0:0:0:0:0:0:0:1 200 "GET /login HTTP/1.1" 1406 (4 ms)
[29/Oct/2020:11:52:48 +0900] 0:0:0:0:0:0:0:1 200 "POST /login HTTP/1.1" 17165 (703 ms)
[29/Oct/2020:11:52:48 +0900] 0:0:0:0:0:0:0:1 200 "GET /lib/bootstrap/vendor/jquery-easing/jquery.easing.min.js HTTP/1.1" 2532 (12 ms)
[29/Oct/2020:11:52:48 +0900] 0:0:0:0:0:0:0:1 200 "GET /lib/bootstrap/vendor/fontawesome-free/css/all.min.css HTTP/1.1" 58935 (29 ms)
[29/Oct/2020:11:52:48 +0900] 0:0:0:0:0:0:0:1 200 "GET /lib/bootstrap/js/jquery-3.5.1.min.js HTTP/1.1" 89476 (16 ms)
[29/Oct/2020:11:52:48 +0900] 0:0:0:0:0:0:0:1 200 "GET /lib/bootstrap/vendor/bootstrap/js/bootstrap.bundle.min.js HTTP/1.1" 81084 (14 ms)
[29/Oct/2020:11:52:48 +0900] 0:0:0:0:0:0:0:1 200 "GET /lib/bootstrap/vendor/jquery/jquery.min.js HTTP/1.1" 89476 (15 ms)
[29/Oct/2020:11:52:48 +0900] 0:0:0:0:0:0:0:1 200 "GET /lib/bootstrap/css/sb-admin-2.min.css HTTP/1.1" 169306 (22 ms)
[29/Oct/2020:11:52:48 +0900] 0:0:0:0:0:0:0:1 200 "GET /lib/bootstrap/js/demo/chart-pie-demo.js HTTP/1.1" 1057 (5 ms)
[29/Oct/2020:11:52:48 +0900] 0:0:0:0:0:0:0:1 200 "GET /lib/bootstrap/js/demo/chart-area-demo.js HTTP/1.1" 3569 (5 ms)
[29/Oct/2020:11:52:48 +0900] 0:0:0:0:0:0:0:1 200 "GET /lib/bootstrap/vendor/datatables/dataTables.bootstrap4.min.js HTTP/1.1" 2094 (5 ms)
[29/Oct/2020:11:52:48 +0900] 0:0:0:0:0:0:0:1 200 "GET /lib/bootstrap/js/sb-admin-2.min.js HTTP/1.1" 1266 (6 ms)
[29/Oct/2020:11:52:48 +0900] 0:0:0:0:0:0:0:1 200 "GET /lib/bootstrap/vendor/datatables/jquery.dataTables.min.js HTTP/1.1" 82867 (7 ms)
[29/Oct/2020:11:52:48 +0900] 0:0:0:0:0:0:0:1 200 "GET /lib/bootstrap/vendor/chart.js/Chart.min.js HTTP/1.1" 172812 (10 ms)
[29/Oct/2020:11:52:48 +0900] 0:0:0:0:0:0:0:1 200 "GET /lib/bootstrap/vendor/fontawesome-free/webfonts/fa-solid-900.woff2 HTTP/1.1" 80328 (6 ms)
[29/Oct/2020:11:52:48 +0900] 0:0:0:0:0:0:0:1 200 "GET /lib/bootstrap/vendor/bootstrap/js/bootstrap.bundle.min.js.map HTTP/1.1" 315300 (33 ms)
[29/Oct/2020:18:02:05 +0900] 0:0:0:0:0:0:0:1 302 "POST /manage/getLandingInfo HTTP/1.1" - (73 ms)
[29/Oct/2020:18:02:05 +0900] 0:0:0:0:0:0:0:1 200 "GET /login HTTP/1.1" 1406 (6 ms)
[29/Oct/2020:18:02:07 +0900] 0:0:0:0:0:0:0:1 302 "POST /manage/getLandingList HTTP/1.1" - (2 ms)
[29/Oct/2020:18:02:07 +0900] 0:0:0:0:0:0:0:1 200 "GET /login HTTP/1.1" 1406 (1 ms)
[29/Oct/2020:18:05:55 +0900] 0:0:0:0:0:0:0:1 302 "POST /manage/posts HTTP/1.1" - (225 ms)
[29/Oct/2020:18:05:55 +0900] 0:0:0:0:0:0:0:1 200 "GET /login HTTP/1.1" 1406 (7 ms)
[29/Oct/2020:18:06:25 +0900] 0:0:0:0:0:0:0:1 200 "POST /manage/posts HTTP/1.1" 934 (241 ms)
[29/Oct/2020:18:07:08 +0900] 0:0:0:0:0:0:0:1 200 "POST /manage/posts?size=10&page=1 HTTP/1.1" 329 (23 ms)
[29/Oct/2020:18:07:14 +0900] 0:0:0:0:0:0:0:1 200 "POST /manage/posts?size=1&page=1 HTTP/1.1" 631 (19 ms)
[29/Oct/2020:18:07:24 +0900] 0:0:0:0:0:0:0:1 200 "POST /manage/posts?size=0&page=1 HTTP/1.1" 329 (19 ms)
[29/Oct/2020:18:07:29 +0900] 0:0:0:0:0:0:0:1 200 "POST /manage/posts?size=2&page=1 HTTP/1.1" 326 (18 ms)
[29/Oct/2020:18:07:41 +0900] 0:0:0:0:0:0:0:1 200 "POST /manage/posts?size=10&page=1 HTTP/1.1" 329 (19 ms)
[29/Oct/2020:18:07:46 +0900] 0:0:0:0:0:0:0:1 200 "POST /manage/posts?size=10&page=0 HTTP/1.1" 934 (17 ms)
[29/Oct/2020:18:10:10 +0900] 0:0:0:0:0:0:0:1 200 "POST /manage/posts?size=10&page=0&sortBy=rcpt_dt-desc HTTP/1.1" 3378 (21 ms)
[29/Oct/2020:18:10:18 +0900] 0:0:0:0:0:0:0:1 200 "POST /manage/posts?size=10&page=0&sortBy=rcpt_dt-asc HTTP/1.1" 3378 (23 ms)
[29/Oct/2020:18:12:16 +0900] 0:0:0:0:0:0:0:1 200 "POST /manage/posts?size=10&page=0&sortBy=rcpt_dt-asc HTTP/1.1" 3378 (271 ms)
[29/Oct/2020:18:13:19 +0900] 0:0:0:0:0:0:0:1 200 "POST /manage/posts?size=10&page=0&sortBy=acpt_dt-desc HTTP/1.1" 3378 (23 ms)
[29/Oct/2020:18:14:11 +0900] 0:0:0:0:0:0:0:1 302 "POST /manage/posts?size=10&page=0&sort=acpt_dt-desc HTTP/1.1" - (46 ms)
[29/Oct/2020:18:14:11 +0900] 0:0:0:0:0:0:0:1 200 "GET /login HTTP/1.1" 1406 (7 ms)
[29/Oct/2020:18:14:28 +0900] 0:0:0:0:0:0:0:1 302 "POST /manage/posts?size=10&page=0&sort=acptDt-desc HTTP/1.1" - (11 ms)
[29/Oct/2020:18:14:28 +0900] 0:0:0:0:0:0:0:1 200 "GET /login HTTP/1.1" 1406 (1 ms)
[29/Oct/2020:18:14:33 +0900] 0:0:0:0:0:0:0:1 302 "POST /manage/posts?size=10&page=0&sort=acpt_dt-desc HTTP/1.1" - (11 ms)
[29/Oct/2020:18:14:33 +0900] 0:0:0:0:0:0:0:1 200 "GET /login HTTP/1.1" 1406 (1 ms)
[29/Oct/2020:18:14:51 +0900] 0:0:0:0:0:0:0:1 302 "POST /manage/posts?size=10&page=0&sort=mutual-desc HTTP/1.1" - (10 ms)
[29/Oct/2020:18:14:51 +0900] 0:0:0:0:0:0:0:1 200 "GET /login HTTP/1.1" 1406 (2 ms)
[29/Oct/2020:18:15:02 +0900] 0:0:0:0:0:0:0:1 302 "POST /manage/posts?size=10&page=0&sort=acpt_dt,desc HTTP/1.1" - (11 ms)
[29/Oct/2020:18:15:02 +0900] 0:0:0:0:0:0:0:1 200 "GET /login HTTP/1.1" 1406 (1 ms)
[29/Oct/2020:18:15:14 +0900] 0:0:0:0:0:0:0:1 302 "POST /manage/posts?size=10&page=0&sort=mutual_desc HTTP/1.1" - (14 ms)
[29/Oct/2020:18:15:14 +0900] 0:0:0:0:0:0:0:1 200 "GET /login HTTP/1.1" 1406 (1 ms)
[29/Oct/2020:18:19:18 +0900] 0:0:0:0:0:0:0:1 200 "POST /manage/posts?size=10&page=0 HTTP/1.1" 3378 (30 ms)
[29/Oct/2020:18:19:31 +0900] 0:0:0:0:0:0:0:1 200 "POST /manage/posts?size=10&page=1 HTTP/1.1" 3392 (32 ms)
[29/Oct/2020:18:19:37 +0900] 0:0:0:0:0:0:0:1 200 "POST /manage/posts?size=10&page=2 HTTP/1.1" 1554 (17 ms)
[29/Oct/2020:18:22:06 +0900] 0:0:0:0:0:0:0:1 200 "POST /manage/posts?size=10&page=2&sort=mutual HTTP/1.1" 1556 (30 ms)
[29/Oct/2020:18:22:25 +0900] 0:0:0:0:0:0:0:1 200 "POST /manage/posts?size=10&page=2&sort=mutual,desc HTTP/1.1" 1552 (18 ms)
[29/Oct/2020:18:25:00 +0900] 0:0:0:0:0:0:0:1 200 "POST /manage/posts?size=10&page=0&sort=mutual,desc HTTP/1.1" 3574 (353 ms)
[29/Oct/2020:18:25:34 +0900] 0:0:0:0:0:0:0:1 200 "POST /manage/posts?size=10&page=0&sort=mutual,desc HTTP/1.1" 3474 (295 ms)
[29/Oct/2020:18:26:43 +0900] 0:0:0:0:0:0:0:1 200 "POST /manage/posts?size=10&page=0&sort=mutual,desc HTTP/1.1" 3364 (354 ms)
[29/Oct/2020:18:27:07 +0900] 0:0:0:0:0:0:0:1 200 "POST /manage/posts?size=10&page=0&sort=mutual,desc HTTP/1.1" 3474 (49 ms)
[29/Oct/2020:18:27:40 +0900] 0:0:0:0:0:0:0:1 200 "POST /manage/posts?size=10&page=0&sort=mutual,desc HTTP/1.1" 3474 (279 ms)
[29/Oct/2020:18:41:44 +0900] 0:0:0:0:0:0:0:1 302 "POST /manage/posts?size=10&page=0&sort=acptDt HTTP/1.1" - (142 ms)
[29/Oct/2020:18:41:44 +0900] 0:0:0:0:0:0:0:1 200 "GET /login HTTP/1.1" 1406 (9 ms)
[29/Oct/2020:18:41:48 +0900] 0:0:0:0:0:0:0:1 302 "POST /manage/posts?size=10&page=0&sort=acpt_dt HTTP/1.1" - (12 ms)
[29/Oct/2020:18:41:48 +0900] 0:0:0:0:0:0:0:1 200 "GET /login HTTP/1.1" 1406 (1 ms)
[29/Oct/2020:18:41:52 +0900] 0:0:0:0:0:0:0:1 302 "POST /manage/posts?size=10&page=0&sort=acptdt HTTP/1.1" - (12 ms)
[29/Oct/2020:18:41:52 +0900] 0:0:0:0:0:0:0:1 200 "GET /login HTTP/1.1" 1406 (1 ms)
[29/Oct/2020:18:42:26 +0900] 0:0:0:0:0:0:0:1 302 "POST /manage/posts?size=10&page=0&sort=acpt_dt HTTP/1.1" - (13 ms)
[29/Oct/2020:18:42:26 +0900] 0:0:0:0:0:0:0:1 200 "GET /login HTTP/1.1" 1406 (1 ms)
[29/Oct/2020:18:42:31 +0900] 0:0:0:0:0:0:0:1 302 "POST /manage/posts?size=10&page=0&sort=acpt_dt HTTP/1.1" - (12 ms)
[29/Oct/2020:18:42:31 +0900] 0:0:0:0:0:0:0:1 200 "GET /login HTTP/1.1" 1406 (1 ms)
[29/Oct/2020:18:45:58 +0900] 0:0:0:0:0:0:0:1 200 "POST /manage/posts?size=10&page=0 HTTP/1.1" 3468 (36 ms)
