[06/Nov/2020:09:50:28 +0900] 0:0:0:0:0:0:0:1 302 "GET / HTTP/1.1" - (13 ms)
[06/Nov/2020:09:50:28 +0900] 0:0:0:0:0:0:0:1 200 "GET /login HTTP/1.1" 2351 (19 ms)
[06/Nov/2020:09:50:30 +0900] 0:0:0:0:0:0:0:1 302 "POST /loginProc HTTP/1.1" - (103 ms)
[06/Nov/2020:09:50:30 +0900] 0:0:0:0:0:0:0:1 404 "GET / HTTP/1.1" 306 (10 ms)
[06/Nov/2020:09:50:35 +0900] 0:0:0:0:0:0:0:1 200 "GET /login HTTP/1.1" 2351 (3 ms)
[06/Nov/2020:09:50:36 +0900] 0:0:0:0:0:0:0:1 302 "POST /loginProc HTTP/1.1" - (82 ms)
[06/Nov/2020:09:50:36 +0900] 0:0:0:0:0:0:0:1 200 "GET /manage/ HTTP/1.1" 24602 (26 ms)
[06/Nov/2020:09:50:36 +0900] 0:0:0:0:0:0:0:1 200 "GET /lib/bootstrap/js/sb-admin-2.min.js HTTP/1.1" 1266 (1 ms)
[06/Nov/2020:09:50:36 +0900] 0:0:0:0:0:0:0:1 200 "GET /lib/bootstrap/vendor/jquery-easing/jquery.easing.min.js HTTP/1.1" 2532 (3 ms)
[06/Nov/2020:09:50:36 +0900] 0:0:0:0:0:0:0:1 200 "GET /lib/bootstrap/vendor/fontawesome-free/css/all.min.css HTTP/1.1" 58935 (5 ms)
[06/Nov/2020:09:50:36 +0900] 0:0:0:0:0:0:0:1 200 "GET /lib/bootstrap/vendor/bootstrap/js/bootstrap.bundle.min.js HTTP/1.1" 81084 (3 ms)
[06/Nov/2020:09:50:36 +0900] 0:0:0:0:0:0:0:1 200 "GET /lib/bootstrap/css/sb-admin-2.min.css HTTP/1.1" 169306 (4 ms)
[06/Nov/2020:09:50:36 +0900] 0:0:0:0:0:0:0:1 200 "GET /lib/bootstrap/vendor/jquery/jquery.min.js HTTP/1.1" 89476 (4 ms)
[06/Nov/2020:09:50:36 +0900] 0:0:0:0:0:0:0:1 200 "GET /lib/datepicker/css/bootstrap-datepicker.min.css HTTP/1.1" 15731 (3 ms)
[06/Nov/2020:09:50:36 +0900] 0:0:0:0:0:0:0:1 200 "GET /lib/bootstrap/js/jquery-3.5.1.min.js HTTP/1.1" 89476 (3 ms)
[06/Nov/2020:09:50:37 +0900] 0:0:0:0:0:0:0:1 200 "GET /lib/datepicker/js/bootstrap-datepicker.ko.min.js HTTP/1.1" 532 (2 ms)
[06/Nov/2020:09:50:37 +0900] 0:0:0:0:0:0:0:1 200 "GET /lib/bootstrap/vendor/datatables/dataTables.bootstrap4.min.js HTTP/1.1" 2094 (2 ms)
[06/Nov/2020:09:50:37 +0900] 0:0:0:0:0:0:0:1 200 "GET /lib/datepicker/js/bootstrap-datepicker.min.js HTTP/1.1" 33693 (3 ms)
[06/Nov/2020:09:50:37 +0900] 0:0:0:0:0:0:0:1 200 "GET /lib/bootstrap/vendor/datatables/jquery.dataTables.min.js HTTP/1.1" 82867 (2 ms)
[06/Nov/2020:09:50:37 +0900] 0:0:0:0:0:0:0:1 304 "GET /img/excel_down.png HTTP/1.1" - (1 ms)
[06/Nov/2020:09:50:37 +0900] 0:0:0:0:0:0:0:1 200 "GET /lib/bootstrap/vendor/fontawesome-free/webfonts/fa-solid-900.woff2 HTTP/1.1" 80328 (2 ms)
[06/Nov/2020:09:50:37 +0900] 0:0:0:0:0:0:0:1 200 "POST /manage/posts HTTP/1.1" 4953 (25 ms)
[06/Nov/2020:09:58:54 +0900] 0:0:0:0:0:0:0:1 200 "POST /manage/posts HTTP/1.1" 4953 (341 ms)
[06/Nov/2020:09:59:00 +0900] 0:0:0:0:0:0:0:1 200 "GET /login HTTP/1.1" 2351 (99 ms)
[06/Nov/2020:09:59:01 +0900] 0:0:0:0:0:0:0:1 302 "GET /manage/ HTTP/1.1" - (14 ms)
[06/Nov/2020:09:59:01 +0900] 0:0:0:0:0:0:0:1 200 "GET /login HTTP/1.1" 2351 (4 ms)
[06/Nov/2020:09:59:03 +0900] 0:0:0:0:0:0:0:1 302 "POST /loginProc HTTP/1.1" - (154 ms)
[06/Nov/2020:09:59:04 +0900] 0:0:0:0:0:0:0:1 200 "GET /manage/ HTTP/1.1" 25134 (481 ms)
[06/Nov/2020:09:59:04 +0900] 0:0:0:0:0:0:0:1 200 "GET /lib/bootstrap/vendor/jquery-easing/jquery.easing.min.js HTTP/1.1" 2532 (15 ms)
[06/Nov/2020:09:59:04 +0900] 0:0:0:0:0:0:0:1 200 "GET /lib/bootstrap/js/sb-admin-2.min.js HTTP/1.1" 1266 (16 ms)
[06/Nov/2020:09:59:04 +0900] 0:0:0:0:0:0:0:1 200 "GET /lib/bootstrap/vendor/fontawesome-free/css/all.min.css HTTP/1.1" 58935 (20 ms)
[06/Nov/2020:09:59:04 +0900] 0:0:0:0:0:0:0:1 200 "GET /lib/bootstrap/vendor/bootstrap/js/bootstrap.bundle.min.js HTTP/1.1" 81084 (18 ms)
[06/Nov/2020:09:59:04 +0900] 0:0:0:0:0:0:0:1 200 "GET /lib/bootstrap/vendor/jquery/jquery.min.js HTTP/1.1" 89476 (18 ms)
[06/Nov/2020:09:59:04 +0900] 0:0:0:0:0:0:0:1 200 "GET /lib/bootstrap/css/sb-admin-2.min.css HTTP/1.1" 169306 (20 ms)
[06/Nov/2020:09:59:04 +0900] 0:0:0:0:0:0:0:1 200 "GET /lib/datepicker/css/bootstrap-datepicker.min.css HTTP/1.1" 15731 (5 ms)
[06/Nov/2020:09:59:04 +0900] 0:0:0:0:0:0:0:1 200 "GET /lib/datepicker/js/bootstrap-datepicker.min.js HTTP/1.1" 33693 (4 ms)
[06/Nov/2020:09:59:04 +0900] 0:0:0:0:0:0:0:1 200 "GET /lib/bootstrap/vendor/datatables/dataTables.bootstrap4.min.js HTTP/1.1" 2094 (4 ms)
[06/Nov/2020:09:59:04 +0900] 0:0:0:0:0:0:0:1 200 "GET /lib/bootstrap/js/jquery-3.5.1.min.js HTTP/1.1" 89476 (6 ms)
[06/Nov/2020:09:59:04 +0900] 0:0:0:0:0:0:0:1 200 "GET /lib/datepicker/js/bootstrap-datepicker.ko.min.js HTTP/1.1" 532 (4 ms)
[06/Nov/2020:09:59:04 +0900] 0:0:0:0:0:0:0:1 200 "GET /lib/bootstrap/vendor/datatables/jquery.dataTables.min.js HTTP/1.1" 82867 (6 ms)
[06/Nov/2020:09:59:04 +0900] 0:0:0:0:0:0:0:1 200 "GET /lib/bootstrap/vendor/fontawesome-free/webfonts/fa-solid-900.woff2 HTTP/1.1" 80328 (8 ms)
[06/Nov/2020:09:59:04 +0900] 0:0:0:0:0:0:0:1 200 "POST /manage/posts HTTP/1.1" 4953 (28 ms)
[06/Nov/2020:09:59:11 +0900] 0:0:0:0:0:0:0:1 200 "POST /manage/posts HTTP/1.1" 4953 (23 ms)
[06/Nov/2020:09:59:22 +0900] 0:0:0:0:0:0:0:1 200 "POST /manage/posts HTTP/1.1" 329 (22 ms)
[06/Nov/2020:09:59:27 +0900] 0:0:0:0:0:0:0:1 200 "GET /login HTTP/1.1" 2351 (6 ms)
[06/Nov/2020:09:59:29 +0900] 0:0:0:0:0:0:0:1 200 "GET /manage/ HTTP/1.1" 25134 (7 ms)
[06/Nov/2020:09:59:29 +0900] 0:0:0:0:0:0:0:1 200 "GET /lib/bootstrap/vendor/fontawesome-free/css/all.min.css HTTP/1.1" 58935 (3 ms)
[06/Nov/2020:09:59:29 +0900] 0:0:0:0:0:0:0:1 200 "GET /lib/datepicker/css/bootstrap-datepicker.min.css HTTP/1.1" 15731 (3 ms)
[06/Nov/2020:09:59:29 +0900] 0:0:0:0:0:0:0:1 200 "GET /lib/bootstrap/css/sb-admin-2.min.css HTTP/1.1" 169306 (5 ms)
[06/Nov/2020:09:59:29 +0900] 0:0:0:0:0:0:0:1 200 "POST /manage/posts HTTP/1.1" 329 (16 ms)
[06/Nov/2020:09:59:36 +0900] 0:0:0:0:0:0:0:1 200 "POST /manage/posts HTTP/1.1" 4953 (23 ms)
[06/Nov/2020:09:59:44 +0900] 0:0:0:0:0:0:0:1 200 "POST /manage/posts HTTP/1.1" 4953 (24 ms)
[06/Nov/2020:10:00:37 +0900] 0:0:0:0:0:0:0:1 200 "GET /lib/datepicker/css/bootstrap-datepicker.min.css HTTP/1.1" 15731 (4 ms)
[06/Nov/2020:10:00:37 +0900] 0:0:0:0:0:0:0:1 200 "GET /lib/bootstrap/vendor/fontawesome-free/css/all.min.css HTTP/1.1" 58935 (6 ms)
[06/Nov/2020:10:00:37 +0900] 0:0:0:0:0:0:0:1 200 "GET /lib/bootstrap/css/sb-admin-2.min.css HTTP/1.1" 169306 (7 ms)
[06/Nov/2020:10:00:37 +0900] 0:0:0:0:0:0:0:1 200 "GET /lib/bootstrap/vendor/bootstrap/js/bootstrap.bundle.min.js.map HTTP/1.1" 315300 (36 ms)
[06/Nov/2020:10:02:26 +0900] 0:0:0:0:0:0:0:1 200 "GET /manage/ HTTP/1.1" 25194 (86 ms)
[06/Nov/2020:10:02:26 +0900] 0:0:0:0:0:0:0:1 200 "GET /lib/bootstrap/vendor/fontawesome-free/css/all.min.css HTTP/1.1" 58935 (4 ms)
[06/Nov/2020:10:02:26 +0900] 0:0:0:0:0:0:0:1 200 "GET /lib/bootstrap/vendor/jquery-easing/jquery.easing.min.js HTTP/1.1" 2532 (3 ms)
[06/Nov/2020:10:02:26 +0900] 0:0:0:0:0:0:0:1 200 "GET /lib/bootstrap/css/sb-admin-2.min.css HTTP/1.1" 169306 (7 ms)
[06/Nov/2020:10:02:26 +0900] 0:0:0:0:0:0:0:1 200 "GET /lib/bootstrap/js/sb-admin-2.min.js HTTP/1.1" 1266 (4 ms)
[06/Nov/2020:10:02:26 +0900] 0:0:0:0:0:0:0:1 200 "GET /lib/bootstrap/vendor/bootstrap/js/bootstrap.bundle.min.js HTTP/1.1" 81084 (8 ms)
[06/Nov/2020:10:02:26 +0900] 0:0:0:0:0:0:0:1 200 "GET /lib/bootstrap/vendor/jquery/jquery.min.js HTTP/1.1" 89476 (9 ms)
[06/Nov/2020:10:02:26 +0900] 0:0:0:0:0:0:0:1 200 "GET /lib/datepicker/css/bootstrap-datepicker.min.css HTTP/1.1" 15731 (5 ms)
[06/Nov/2020:10:02:26 +0900] 0:0:0:0:0:0:0:1 200 "GET /lib/bootstrap/js/jquery-3.5.1.min.js HTTP/1.1" 89476 (9 ms)
[06/Nov/2020:10:02:26 +0900] 0:0:0:0:0:0:0:1 200 "GET /lib/datepicker/js/bootstrap-datepicker.min.js HTTP/1.1" 33693 (8 ms)
[06/Nov/2020:10:02:26 +0900] 0:0:0:0:0:0:0:1 200 "GET /lib/datepicker/js/bootstrap-datepicker.ko.min.js HTTP/1.1" 532 (6 ms)
[06/Nov/2020:10:02:26 +0900] 0:0:0:0:0:0:0:1 200 "GET /lib/bootstrap/vendor/datatables/dataTables.bootstrap4.min.js HTTP/1.1" 2094 (6 ms)
[06/Nov/2020:10:02:26 +0900] 0:0:0:0:0:0:0:1 200 "GET /lib/bootstrap/vendor/datatables/jquery.dataTables.min.js HTTP/1.1" 82867 (7 ms)
[06/Nov/2020:10:02:26 +0900] 0:0:0:0:0:0:0:1 200 "GET /lib/bootstrap/vendor/bootstrap/js/bootstrap.bundle.min.js.map HTTP/1.1" 315300 (6 ms)
[06/Nov/2020:10:02:26 +0900] 0:0:0:0:0:0:0:1 200 "GET /lib/bootstrap/vendor/fontawesome-free/webfonts/fa-solid-900.woff2 HTTP/1.1" 80328 (4 ms)
[06/Nov/2020:10:02:26 +0900] 0:0:0:0:0:0:0:1 200 "POST /manage/posts HTTP/1.1" 4953 (23 ms)
[06/Nov/2020:10:02:37 +0900] 0:0:0:0:0:0:0:1 200 "GET /lib/bootstrap/vendor/bootstrap/js/bootstrap.bundle.min.js.map HTTP/1.1" 315300 (5 ms)
[06/Nov/2020:10:02:37 +0900] 0:0:0:0:0:0:0:1 200 "GET /lib/datepicker/css/bootstrap-datepicker.min.css HTTP/1.1" 15731 (3 ms)
[06/Nov/2020:10:02:37 +0900] 0:0:0:0:0:0:0:1 200 "GET /lib/bootstrap/vendor/fontawesome-free/css/all.min.css HTTP/1.1" 58935 (3 ms)
[06/Nov/2020:10:02:37 +0900] 0:0:0:0:0:0:0:1 200 "GET /lib/bootstrap/css/sb-admin-2.min.css HTTP/1.1" 169306 (4 ms)
[06/Nov/2020:10:03:39 +0900] 0:0:0:0:0:0:0:1 200 "GET /manage/ HTTP/1.1" 25194 (6 ms)
[06/Nov/2020:10:03:39 +0900] 0:0:0:0:0:0:0:1 200 "GET /lib/bootstrap/vendor/jquery-easing/jquery.easing.min.js HTTP/1.1" 2532 (3 ms)
[06/Nov/2020:10:03:39 +0900] 0:0:0:0:0:0:0:1 200 "GET /lib/bootstrap/vendor/jquery/jquery.min.js HTTP/1.1" 89476 (5 ms)
[06/Nov/2020:10:03:39 +0900] 0:0:0:0:0:0:0:1 200 "GET /lib/datepicker/css/bootstrap-datepicker.min.css HTTP/1.1" 15731 (3 ms)
[06/Nov/2020:10:03:39 +0900] 0:0:0:0:0:0:0:1 200 "GET /lib/bootstrap/js/jquery-3.5.1.min.js HTTP/1.1" 89476 (5 ms)
[06/Nov/2020:10:03:39 +0900] 0:0:0:0:0:0:0:1 200 "GET /lib/bootstrap/vendor/fontawesome-free/css/all.min.css HTTP/1.1" 58935 (6 ms)
[06/Nov/2020:10:03:39 +0900] 0:0:0:0:0:0:0:1 200 "GET /lib/bootstrap/css/sb-admin-2.min.css HTTP/1.1" 169306 (5 ms)
[06/Nov/2020:10:03:39 +0900] 0:0:0:0:0:0:0:1 200 "GET /lib/bootstrap/vendor/bootstrap/js/bootstrap.bundle.min.js HTTP/1.1" 81084 (5 ms)
[06/Nov/2020:10:03:39 +0900] 0:0:0:0:0:0:0:1 200 "GET /lib/datepicker/js/bootstrap-datepicker.ko.min.js HTTP/1.1" 532 (3 ms)
[06/Nov/2020:10:03:39 +0900] 0:0:0:0:0:0:0:1 200 "GET /lib/bootstrap/js/sb-admin-2.min.js HTTP/1.1" 1266 (4 ms)
[06/Nov/2020:10:03:39 +0900] 0:0:0:0:0:0:0:1 200 "GET /lib/datepicker/js/bootstrap-datepicker.min.js HTTP/1.1" 33693 (4 ms)
[06/Nov/2020:10:03:39 +0900] 0:0:0:0:0:0:0:1 200 "GET /lib/bootstrap/vendor/datatables/jquery.dataTables.min.js HTTP/1.1" 82867 (3 ms)
[06/Nov/2020:10:03:39 +0900] 0:0:0:0:0:0:0:1 200 "GET /lib/bootstrap/vendor/datatables/dataTables.bootstrap4.min.js HTTP/1.1" 2094 (3 ms)
[06/Nov/2020:10:03:39 +0900] 0:0:0:0:0:0:0:1 200 "GET /img/excel_down.png HTTP/1.1" 6158 (2 ms)
[06/Nov/2020:10:03:39 +0900] 0:0:0:0:0:0:0:1 200 "GET /lib/bootstrap/vendor/fontawesome-free/webfonts/fa-solid-900.woff2 HTTP/1.1" 80328 (4 ms)
[06/Nov/2020:10:03:39 +0900] 0:0:0:0:0:0:0:1 200 "POST /manage/posts HTTP/1.1" 4953 (20 ms)
[06/Nov/2020:10:03:40 +0900] 0:0:0:0:0:0:0:1 404 "GET /favicon.ico HTTP/1.1" 144 (14 ms)
[06/Nov/2020:10:03:43 +0900] 0:0:0:0:0:0:0:1 200 "POST /manage/excel HTTP/1.1" 4815 (457 ms)
[06/Nov/2020:10:04:17 +0900] 0:0:0:0:0:0:0:1 302 "GET /manage/ HTTP/1.1" - (66 ms)
[06/Nov/2020:10:04:17 +0900] 0:0:0:0:0:0:0:1 200 "GET /login HTTP/1.1" 2351 (102 ms)
[06/Nov/2020:10:04:17 +0900] 0:0:0:0:0:0:0:1 304 "GET /img/logo.png HTTP/1.1" - (19 ms)
[06/Nov/2020:10:04:17 +0900] 0:0:0:0:0:0:0:1 304 "GET /img/auth_bg.jpg HTTP/1.1" - (3 ms)
[06/Nov/2020:10:04:19 +0900] 0:0:0:0:0:0:0:1 302 "POST /loginProc HTTP/1.1" - (257 ms)
[06/Nov/2020:10:04:19 +0900] 0:0:0:0:0:0:0:1 200 "GET /manage/ HTTP/1.1" 25194 (38 ms)
[06/Nov/2020:10:04:19 +0900] 0:0:0:0:0:0:0:1 200 "GET /lib/bootstrap/js/sb-admin-2.min.js HTTP/1.1" 1266 (9 ms)
[06/Nov/2020:10:04:19 +0900] 0:0:0:0:0:0:0:1 200 "GET /lib/bootstrap/vendor/jquery-easing/jquery.easing.min.js HTTP/1.1" 2532 (9 ms)
[06/Nov/2020:10:04:19 +0900] 0:0:0:0:0:0:0:1 200 "GET /lib/bootstrap/vendor/fontawesome-free/css/all.min.css HTTP/1.1" 58935 (14 ms)
[06/Nov/2020:10:04:19 +0900] 0:0:0:0:0:0:0:1 200 "GET /lib/bootstrap/vendor/jquery/jquery.min.js HTTP/1.1" 89476 (14 ms)
[06/Nov/2020:10:04:19 +0900] 0:0:0:0:0:0:0:1 200 "GET /lib/bootstrap/vendor/bootstrap/js/bootstrap.bundle.min.js HTTP/1.1" 81084 (12 ms)
[06/Nov/2020:10:04:19 +0900] 0:0:0:0:0:0:0:1 200 "GET /lib/bootstrap/css/sb-admin-2.min.css HTTP/1.1" 169306 (14 ms)
[06/Nov/2020:10:04:20 +0900] 0:0:0:0:0:0:0:1 200 "GET /lib/datepicker/css/bootstrap-datepicker.min.css HTTP/1.1" 15731 (5 ms)
[06/Nov/2020:10:04:20 +0900] 0:0:0:0:0:0:0:1 200 "GET /lib/bootstrap/vendor/datatables/dataTables.bootstrap4.min.js HTTP/1.1" 2094 (4 ms)
[06/Nov/2020:10:04:20 +0900] 0:0:0:0:0:0:0:1 200 "GET /lib/datepicker/js/bootstrap-datepicker.ko.min.js HTTP/1.1" 532 (4 ms)
[06/Nov/2020:10:04:20 +0900] 0:0:0:0:0:0:0:1 200 "GET /lib/datepicker/js/bootstrap-datepicker.min.js HTTP/1.1" 33693 (5 ms)
[06/Nov/2020:10:04:20 +0900] 0:0:0:0:0:0:0:1 200 "GET /lib/bootstrap/js/jquery-3.5.1.min.js HTTP/1.1" 89476 (7 ms)
[06/Nov/2020:10:04:20 +0900] 0:0:0:0:0:0:0:1 200 "GET /lib/bootstrap/vendor/datatables/jquery.dataTables.min.js HTTP/1.1" 82867 (6 ms)
[06/Nov/2020:10:04:20 +0900] 0:0:0:0:0:0:0:1 200 "GET /lib/bootstrap/vendor/fontawesome-free/webfonts/fa-solid-900.woff2 HTTP/1.1" 80328 (6 ms)
[06/Nov/2020:10:04:20 +0900] 0:0:0:0:0:0:0:1 200 "POST /manage/posts HTTP/1.1" 4953 (106 ms)
[06/Nov/2020:10:04:43 +0900] 0:0:0:0:0:0:0:1 200 "POST /manage/excel HTTP/1.1" 4815 (21836 ms)
[06/Nov/2020:10:05:05 +0900] 0:0:0:0:0:0:0:1 200 "GET /manage/excel HTTP/1.1" 4815 (4730 ms)
[06/Nov/2020:10:08:14 +0900] 0:0:0:0:0:0:0:1 200 "POST /manage/excel HTTP/1.1" 4816 (39751 ms)
[06/Nov/2020:10:10:28 +0900] 0:0:0:0:0:0:0:1 302 "POST /manage/excel HTTP/1.1" - (54 ms)
[06/Nov/2020:10:10:28 +0900] 0:0:0:0:0:0:0:1 200 "GET /login HTTP/1.1" 2351 (101 ms)
[06/Nov/2020:10:10:32 +0900] 0:0:0:0:0:0:0:1 200 "GET /login HTTP/1.1" 2351 (4 ms)
[06/Nov/2020:10:10:34 +0900] 0:0:0:0:0:0:0:1 302 "POST /loginProc HTTP/1.1" - (252 ms)
[06/Nov/2020:10:10:34 +0900] 0:0:0:0:0:0:0:1 200 "GET /manage/ HTTP/1.1" 25194 (39 ms)
[06/Nov/2020:10:10:34 +0900] 0:0:0:0:0:0:0:1 200 "GET /lib/bootstrap/js/sb-admin-2.min.js HTTP/1.1" 1266 (19 ms)
[06/Nov/2020:10:10:34 +0900] 0:0:0:0:0:0:0:1 200 "GET /lib/bootstrap/vendor/jquery-easing/jquery.easing.min.js HTTP/1.1" 2532 (19 ms)
[06/Nov/2020:10:10:34 +0900] 0:0:0:0:0:0:0:1 200 "GET /lib/bootstrap/vendor/fontawesome-free/css/all.min.css HTTP/1.1" 58935 (22 ms)
[06/Nov/2020:10:10:34 +0900] 0:0:0:0:0:0:0:1 200 "GET /lib/bootstrap/vendor/bootstrap/js/bootstrap.bundle.min.js HTTP/1.1" 81084 (21 ms)
[06/Nov/2020:10:10:34 +0900] 0:0:0:0:0:0:0:1 200 "GET /lib/bootstrap/vendor/jquery/jquery.min.js HTTP/1.1" 89476 (21 ms)
[06/Nov/2020:10:10:34 +0900] 0:0:0:0:0:0:0:1 200 "GET /lib/bootstrap/css/sb-admin-2.min.css HTTP/1.1" 169306 (23 ms)
[06/Nov/2020:10:10:34 +0900] 0:0:0:0:0:0:0:1 200 "GET /lib/datepicker/js/bootstrap-datepicker.ko.min.js HTTP/1.1" 532 (3 ms)
[06/Nov/2020:10:10:34 +0900] 0:0:0:0:0:0:0:1 200 "GET /lib/datepicker/css/bootstrap-datepicker.min.css HTTP/1.1" 15731 (6 ms)
[06/Nov/2020:10:10:34 +0900] 0:0:0:0:0:0:0:1 200 "GET /lib/bootstrap/vendor/datatables/dataTables.bootstrap4.min.js HTTP/1.1" 2094 (3 ms)
[06/Nov/2020:10:10:34 +0900] 0:0:0:0:0:0:0:1 200 "GET /lib/bootstrap/js/jquery-3.5.1.min.js HTTP/1.1" 89476 (6 ms)
[06/Nov/2020:10:10:34 +0900] 0:0:0:0:0:0:0:1 200 "GET /lib/datepicker/js/bootstrap-datepicker.min.js HTTP/1.1" 33693 (6 ms)
[06/Nov/2020:10:10:34 +0900] 0:0:0:0:0:0:0:1 200 "GET /lib/bootstrap/vendor/datatables/jquery.dataTables.min.js HTTP/1.1" 82867 (6 ms)
[06/Nov/2020:10:10:34 +0900] 0:0:0:0:0:0:0:1 200 "GET /lib/bootstrap/vendor/fontawesome-free/webfonts/fa-solid-900.woff2 HTTP/1.1" 80328 (7 ms)
[06/Nov/2020:10:10:34 +0900] 0:0:0:0:0:0:0:1 200 "POST /manage/posts HTTP/1.1" 4953 (107 ms)
[06/Nov/2020:10:10:38 +0900] 0:0:0:0:0:0:0:1 200 "POST /manage/excel HTTP/1.1" 4815 (494 ms)
[06/Nov/2020:10:22:41 +0900] 0:0:0:0:0:0:0:1 302 "POST /manage/excel HTTP/1.1" - (55 ms)
[06/Nov/2020:10:22:41 +0900] 0:0:0:0:0:0:0:1 200 "GET /login HTTP/1.1" 2351 (105 ms)
[06/Nov/2020:10:22:58 +0900] 0:0:0:0:0:0:0:1 302 "POST /manage/excel HTTP/1.1" - (2 ms)
[06/Nov/2020:10:22:58 +0900] 0:0:0:0:0:0:0:1 200 "GET /login HTTP/1.1" 2351 (6 ms)
[06/Nov/2020:10:23:04 +0900] 0:0:0:0:0:0:0:1 302 "GET /lib/bootstrap/css/sb-admin-2.min.css HTTP/1.1" - (11 ms)
[06/Nov/2020:10:23:04 +0900] 0:0:0:0:0:0:0:1 302 "GET /lib/datepicker/css/bootstrap-datepicker.min.css HTTP/1.1" - (11 ms)
[06/Nov/2020:10:23:04 +0900] 0:0:0:0:0:0:0:1 302 "GET /lib/bootstrap/vendor/fontawesome-free/css/all.min.css HTTP/1.1" - (12 ms)
[06/Nov/2020:10:23:04 +0900] 0:0:0:0:0:0:0:1 200 "GET /login HTTP/1.1" 2351 (5 ms)
[06/Nov/2020:10:23:04 +0900] 0:0:0:0:0:0:0:1 200 "GET /login HTTP/1.1" 2351 (5 ms)
[06/Nov/2020:10:23:04 +0900] 0:0:0:0:0:0:0:1 302 "GET /lib/bootstrap/vendor/bootstrap/js/bootstrap.bundle.min.js.map HTTP/1.1" - (3 ms)
[06/Nov/2020:10:23:04 +0900] 0:0:0:0:0:0:0:1 200 "GET /login HTTP/1.1" 2351 (5 ms)
[06/Nov/2020:10:23:04 +0900] 0:0:0:0:0:0:0:1 200 "GET /login HTTP/1.1" 2351 (5 ms)
[06/Nov/2020:10:23:08 +0900] 0:0:0:0:0:0:0:1 302 "GET /manage/ HTTP/1.1" - (3 ms)
[06/Nov/2020:10:23:08 +0900] 0:0:0:0:0:0:0:1 200 "GET /login HTTP/1.1" 2351 (4 ms)
[06/Nov/2020:10:23:11 +0900] 0:0:0:0:0:0:0:1 302 "POST /loginProc HTTP/1.1" - (258 ms)
[06/Nov/2020:10:23:11 +0900] 0:0:0:0:0:0:0:1 200 "GET /manage/ HTTP/1.1" 25026 (497 ms)
[06/Nov/2020:10:23:11 +0900] 0:0:0:0:0:0:0:1 200 "GET /lib/bootstrap/vendor/jquery-easing/jquery.easing.min.js HTTP/1.1" 2532 (19 ms)
[06/Nov/2020:10:23:11 +0900] 0:0:0:0:0:0:0:1 200 "GET /lib/bootstrap/js/sb-admin-2.min.js HTTP/1.1" 1266 (18 ms)
[06/Nov/2020:10:23:11 +0900] 0:0:0:0:0:0:0:1 200 "GET /lib/bootstrap/vendor/fontawesome-free/css/all.min.css HTTP/1.1" 58935 (23 ms)
[06/Nov/2020:10:23:11 +0900] 0:0:0:0:0:0:0:1 200 "GET /lib/bootstrap/vendor/bootstrap/js/bootstrap.bundle.min.js HTTP/1.1" 81084 (21 ms)
[06/Nov/2020:10:23:11 +0900] 0:0:0:0:0:0:0:1 200 "GET /lib/bootstrap/vendor/jquery/jquery.min.js HTTP/1.1" 89476 (23 ms)
[06/Nov/2020:10:23:11 +0900] 0:0:0:0:0:0:0:1 200 "GET /lib/bootstrap/css/sb-admin-2.min.css HTTP/1.1" 169306 (24 ms)
[06/Nov/2020:10:23:11 +0900] 0:0:0:0:0:0:0:1 200 "GET /lib/datepicker/js/bootstrap-datepicker.ko.min.js HTTP/1.1" 532 (4 ms)
[06/Nov/2020:10:23:11 +0900] 0:0:0:0:0:0:0:1 200 "GET /lib/datepicker/css/bootstrap-datepicker.min.css HTTP/1.1" 15731 (5 ms)
[06/Nov/2020:10:23:11 +0900] 0:0:0:0:0:0:0:1 200 "GET /lib/bootstrap/vendor/datatables/dataTables.bootstrap4.min.js HTTP/1.1" 2094 (3 ms)
[06/Nov/2020:10:23:11 +0900] 0:0:0:0:0:0:0:1 200 "GET /lib/datepicker/js/bootstrap-datepicker.min.js HTTP/1.1" 33693 (5 ms)
[06/Nov/2020:10:23:11 +0900] 0:0:0:0:0:0:0:1 200 "GET /lib/bootstrap/vendor/datatables/jquery.dataTables.min.js HTTP/1.1" 82867 (5 ms)
[06/Nov/2020:10:23:11 +0900] 0:0:0:0:0:0:0:1 200 "GET /lib/bootstrap/js/jquery-3.5.1.min.js HTTP/1.1" 89476 (7 ms)
[06/Nov/2020:10:23:11 +0900] 0:0:0:0:0:0:0:1 200 "GET /lib/bootstrap/vendor/bootstrap/js/bootstrap.bundle.min.js.map HTTP/1.1" 315300 (24 ms)
[06/Nov/2020:10:23:11 +0900] 0:0:0:0:0:0:0:1 200 "GET /lib/bootstrap/vendor/fontawesome-free/webfonts/fa-solid-900.woff2 HTTP/1.1" 80328 (7 ms)
[06/Nov/2020:10:23:12 +0900] 0:0:0:0:0:0:0:1 200 "POST /manage/posts HTTP/1.1" 4953 (117 ms)
[06/Nov/2020:10:23:16 +0900] 0:0:0:0:0:0:0:1 200 "POST /manage/excel HTTP/1.1" 4815 (471 ms)
[06/Nov/2020:10:38:22 +0900] 0:0:0:0:0:0:0:1 200 "GET /login HTTP/1.1" 2351 (165 ms)
[06/Nov/2020:10:38:24 +0900] 0:0:0:0:0:0:0:1 302 "POST /loginProc HTTP/1.1" - (283 ms)
[06/Nov/2020:10:38:24 +0900] 0:0:0:0:0:0:0:1 200 "GET /manage/ HTTP/1.1" 25026 (43 ms)
[06/Nov/2020:10:38:24 +0900] 0:0:0:0:0:0:0:1 200 "GET /lib/bootstrap/js/sb-admin-2.min.js HTTP/1.1" 1266 (18 ms)
[06/Nov/2020:10:38:24 +0900] 0:0:0:0:0:0:0:1 200 "GET /lib/bootstrap/vendor/jquery-easing/jquery.easing.min.js HTTP/1.1" 2532 (19 ms)
[06/Nov/2020:10:38:24 +0900] 0:0:0:0:0:0:0:1 200 "GET /lib/bootstrap/vendor/fontawesome-free/css/all.min.css HTTP/1.1" 58935 (23 ms)
[06/Nov/2020:10:38:24 +0900] 0:0:0:0:0:0:0:1 200 "GET /lib/bootstrap/vendor/bootstrap/js/bootstrap.bundle.min.js HTTP/1.1" 81084 (21 ms)
[06/Nov/2020:10:38:24 +0900] 0:0:0:0:0:0:0:1 200 "GET /lib/bootstrap/vendor/jquery/jquery.min.js HTTP/1.1" 89476 (22 ms)
[06/Nov/2020:10:38:24 +0900] 0:0:0:0:0:0:0:1 200 "GET /lib/bootstrap/css/sb-admin-2.min.css HTTP/1.1" 169306 (23 ms)
[06/Nov/2020:10:38:24 +0900] 0:0:0:0:0:0:0:1 200 "GET /lib/datepicker/js/bootstrap-datepicker.ko.min.js HTTP/1.1" 532 (4 ms)
[06/Nov/2020:10:38:24 +0900] 0:0:0:0:0:0:0:1 200 "GET /lib/bootstrap/vendor/datatables/dataTables.bootstrap4.min.js HTTP/1.1" 2094 (4 ms)
[06/Nov/2020:10:38:24 +0900] 0:0:0:0:0:0:0:1 200 "GET /lib/datepicker/css/bootstrap-datepicker.min.css HTTP/1.1" 15731 (5 ms)
[06/Nov/2020:10:38:24 +0900] 0:0:0:0:0:0:0:1 200 "GET /lib/datepicker/js/bootstrap-datepicker.min.js HTTP/1.1" 33693 (5 ms)
[06/Nov/2020:10:38:24 +0900] 0:0:0:0:0:0:0:1 200 "GET /lib/bootstrap/js/jquery-3.5.1.min.js HTTP/1.1" 89476 (8 ms)
[06/Nov/2020:10:38:24 +0900] 0:0:0:0:0:0:0:1 200 "GET /lib/bootstrap/vendor/datatables/jquery.dataTables.min.js HTTP/1.1" 82867 (9 ms)
[06/Nov/2020:10:38:24 +0900] 0:0:0:0:0:0:0:1 200 "GET /lib/bootstrap/vendor/fontawesome-free/webfonts/fa-solid-900.woff2 HTTP/1.1" 80328 (7 ms)
[06/Nov/2020:10:38:24 +0900] 0:0:0:0:0:0:0:1 200 "POST /manage/posts HTTP/1.1" 4953 (98 ms)
[06/Nov/2020:10:38:27 +0900] 0:0:0:0:0:0:0:1 200 "POST /manage/excel HTTP/1.1" 4815 (438 ms)
[06/Nov/2020:10:43:51 +0900] 0:0:0:0:0:0:0:1 200 "GET /login HTTP/1.1" 2351 (155 ms)
[06/Nov/2020:10:43:52 +0900] 0:0:0:0:0:0:0:1 302 "POST /loginProc HTTP/1.1" - (257 ms)
[06/Nov/2020:10:43:52 +0900] 0:0:0:0:0:0:0:1 200 "GET /manage/ HTTP/1.1" 25026 (40 ms)
[06/Nov/2020:10:43:53 +0900] 0:0:0:0:0:0:0:1 200 "GET /lib/bootstrap/vendor/jquery-easing/jquery.easing.min.js HTTP/1.1" 2532 (19 ms)
[06/Nov/2020:10:43:53 +0900] 0:0:0:0:0:0:0:1 200 "GET /lib/bootstrap/js/sb-admin-2.min.js HTTP/1.1" 1266 (19 ms)
[06/Nov/2020:10:43:53 +0900] 0:0:0:0:0:0:0:1 200 "GET /lib/bootstrap/vendor/fontawesome-free/css/all.min.css HTTP/1.1" 58935 (22 ms)
[06/Nov/2020:10:43:53 +0900] 0:0:0:0:0:0:0:1 200 "GET /lib/bootstrap/vendor/jquery/jquery.min.js HTTP/1.1" 89476 (21 ms)
[06/Nov/2020:10:43:53 +0900] 0:0:0:0:0:0:0:1 200 "GET /lib/bootstrap/vendor/bootstrap/js/bootstrap.bundle.min.js HTTP/1.1" 81084 (21 ms)
[06/Nov/2020:10:43:53 +0900] 0:0:0:0:0:0:0:1 200 "GET /lib/bootstrap/css/sb-admin-2.min.css HTTP/1.1" 169306 (23 ms)
[06/Nov/2020:10:43:53 +0900] 0:0:0:0:0:0:0:1 200 "GET /lib/bootstrap/vendor/datatables/dataTables.bootstrap4.min.js HTTP/1.1" 2094 (4 ms)
[06/Nov/2020:10:43:53 +0900] 0:0:0:0:0:0:0:1 200 "GET /lib/datepicker/js/bootstrap-datepicker.ko.min.js HTTP/1.1" 532 (5 ms)
[06/Nov/2020:10:43:53 +0900] 0:0:0:0:0:0:0:1 200 "GET /lib/bootstrap/vendor/datatables/jquery.dataTables.min.js HTTP/1.1" 82867 (5 ms)
[06/Nov/2020:10:43:53 +0900] 0:0:0:0:0:0:0:1 200 "GET /lib/datepicker/js/bootstrap-datepicker.min.js HTTP/1.1" 33693 (6 ms)
[06/Nov/2020:10:43:53 +0900] 0:0:0:0:0:0:0:1 200 "GET /lib/bootstrap/js/jquery-3.5.1.min.js HTTP/1.1" 89476 (7 ms)
[06/Nov/2020:10:43:53 +0900] 0:0:0:0:0:0:0:1 200 "GET /lib/datepicker/css/bootstrap-datepicker.min.css HTTP/1.1" 15731 (5 ms)
[06/Nov/2020:10:43:53 +0900] 0:0:0:0:0:0:0:1 200 "GET /lib/bootstrap/vendor/fontawesome-free/webfonts/fa-solid-900.woff2 HTTP/1.1" 80328 (7 ms)
[06/Nov/2020:10:43:53 +0900] 0:0:0:0:0:0:0:1 200 "POST /manage/posts HTTP/1.1" 4953 (107 ms)
[06/Nov/2020:10:43:56 +0900] 0:0:0:0:0:0:0:1 200 "POST /manage/excel HTTP/1.1" 4816 (442 ms)
[06/Nov/2020:10:55:08 +0900] 0:0:0:0:0:0:0:1 200 "GET /login HTTP/1.1" 2351 (162 ms)
[06/Nov/2020:10:55:10 +0900] 0:0:0:0:0:0:0:1 302 "POST /loginProc HTTP/1.1" - (266 ms)
[06/Nov/2020:10:55:10 +0900] 0:0:0:0:0:0:0:1 200 "GET /manage/ HTTP/1.1" 25026 (39 ms)
[06/Nov/2020:10:55:10 +0900] 0:0:0:0:0:0:0:1 200 "GET /lib/bootstrap/js/sb-admin-2.min.js HTTP/1.1" 1266 (22 ms)
[06/Nov/2020:10:55:10 +0900] 0:0:0:0:0:0:0:1 200 "GET /lib/bootstrap/vendor/jquery-easing/jquery.easing.min.js HTTP/1.1" 2532 (22 ms)
[06/Nov/2020:10:55:10 +0900] 0:0:0:0:0:0:0:1 200 "GET /lib/bootstrap/vendor/fontawesome-free/css/all.min.css HTTP/1.1" 58935 (26 ms)
[06/Nov/2020:10:55:10 +0900] 0:0:0:0:0:0:0:1 200 "GET /lib/bootstrap/vendor/bootstrap/js/bootstrap.bundle.min.js HTTP/1.1" 81084 (23 ms)
[06/Nov/2020:10:55:10 +0900] 0:0:0:0:0:0:0:1 200 "GET /lib/bootstrap/vendor/jquery/jquery.min.js HTTP/1.1" 89476 (24 ms)
[06/Nov/2020:10:55:10 +0900] 0:0:0:0:0:0:0:1 200 "GET /lib/bootstrap/css/sb-admin-2.min.css HTTP/1.1" 169306 (26 ms)
[06/Nov/2020:10:55:10 +0900] 0:0:0:0:0:0:0:1 200 "GET /lib/datepicker/js/bootstrap-datepicker.ko.min.js HTTP/1.1" 532 (4 ms)
[06/Nov/2020:10:55:10 +0900] 0:0:0:0:0:0:0:1 200 "GET /lib/datepicker/css/bootstrap-datepicker.min.css HTTP/1.1" 15731 (6 ms)
[06/Nov/2020:10:55:10 +0900] 0:0:0:0:0:0:0:1 200 "GET /lib/datepicker/js/bootstrap-datepicker.min.js HTTP/1.1" 33693 (5 ms)
[06/Nov/2020:10:55:10 +0900] 0:0:0:0:0:0:0:1 200 "GET /lib/bootstrap/vendor/datatables/dataTables.bootstrap4.min.js HTTP/1.1" 2094 (5 ms)
[06/Nov/2020:10:55:10 +0900] 0:0:0:0:0:0:0:1 200 "GET /lib/bootstrap/vendor/datatables/jquery.dataTables.min.js HTTP/1.1" 82867 (8 ms)
[06/Nov/2020:10:55:10 +0900] 0:0:0:0:0:0:0:1 200 "GET /lib/bootstrap/js/jquery-3.5.1.min.js HTTP/1.1" 89476 (8 ms)
[06/Nov/2020:10:55:10 +0900] 0:0:0:0:0:0:0:1 200 "GET /lib/bootstrap/vendor/fontawesome-free/webfonts/fa-solid-900.woff2 HTTP/1.1" 80328 (6 ms)
[06/Nov/2020:10:55:10 +0900] 0:0:0:0:0:0:0:1 200 "POST /manage/posts HTTP/1.1" 4953 (126 ms)
[06/Nov/2020:11:01:38 +0900] 0:0:0:0:0:0:0:1 200 "GET /login HTTP/1.1" 2351 (8 ms)
[06/Nov/2020:11:01:40 +0900] 0:0:0:0:0:0:0:1 302 "POST /loginProc HTTP/1.1" - (79 ms)
[06/Nov/2020:11:01:40 +0900] 0:0:0:0:0:0:0:1 200 "GET /manage/ HTTP/1.1" 25026 (7 ms)
[06/Nov/2020:11:01:40 +0900] 0:0:0:0:0:0:0:1 200 "GET /lib/bootstrap/js/sb-admin-2.min.js HTTP/1.1" 1266 (3 ms)
[06/Nov/2020:11:01:40 +0900] 0:0:0:0:0:0:0:1 200 "GET /lib/bootstrap/vendor/jquery-easing/jquery.easing.min.js HTTP/1.1" 2532 (3 ms)
[06/Nov/2020:11:01:40 +0900] 0:0:0:0:0:0:0:1 200 "GET /lib/bootstrap/vendor/fontawesome-free/css/all.min.css HTTP/1.1" 58935 (5 ms)
[06/Nov/2020:11:01:40 +0900] 0:0:0:0:0:0:0:1 200 "GET /lib/bootstrap/vendor/jquery/jquery.min.js HTTP/1.1" 89476 (5 ms)
[06/Nov/2020:11:01:40 +0900] 0:0:0:0:0:0:0:1 200 "GET /lib/bootstrap/css/sb-admin-2.min.css HTTP/1.1" 169306 (6 ms)
[06/Nov/2020:11:01:40 +0900] 0:0:0:0:0:0:0:1 200 "GET /lib/bootstrap/vendor/bootstrap/js/bootstrap.bundle.min.js HTTP/1.1" 81084 (4 ms)
[06/Nov/2020:11:01:41 +0900] 0:0:0:0:0:0:0:1 200 "GET /lib/datepicker/css/bootstrap-datepicker.min.css HTTP/1.1" 15731 (4 ms)
[06/Nov/2020:11:01:41 +0900] 0:0:0:0:0:0:0:1 200 "GET /lib/datepicker/js/bootstrap-datepicker.ko.min.js HTTP/1.1" 532 (3 ms)
[06/Nov/2020:11:01:41 +0900] 0:0:0:0:0:0:0:1 200 "GET /lib/datepicker/js/bootstrap-datepicker.min.js HTTP/1.1" 33693 (4 ms)
[06/Nov/2020:11:01:41 +0900] 0:0:0:0:0:0:0:1 200 "GET /lib/bootstrap/vendor/datatables/jquery.dataTables.min.js HTTP/1.1" 82867 (3 ms)
[06/Nov/2020:11:01:41 +0900] 0:0:0:0:0:0:0:1 200 "GET /lib/bootstrap/js/jquery-3.5.1.min.js HTTP/1.1" 89476 (6 ms)
[06/Nov/2020:11:01:41 +0900] 0:0:0:0:0:0:0:1 200 "GET /lib/bootstrap/vendor/datatables/dataTables.bootstrap4.min.js HTTP/1.1" 2094 (4 ms)
[06/Nov/2020:11:01:41 +0900] 0:0:0:0:0:0:0:1 200 "GET /lib/bootstrap/vendor/fontawesome-free/webfonts/fa-solid-900.woff2 HTTP/1.1" 80328 (4 ms)
[06/Nov/2020:11:01:41 +0900] 0:0:0:0:0:0:0:1 200 "POST /manage/posts HTTP/1.1" 4953 (22 ms)
[06/Nov/2020:11:01:44 +0900] 0:0:0:0:0:0:0:1 200 "POST /manage/excel HTTP/1.1" 4705 (1650 ms)
[06/Nov/2020:11:27:36 +0900] 0:0:0:0:0:0:0:1 200 "POST /manage/excel HTTP/1.1" 4705 (1108 ms)
[06/Nov/2020:11:27:48 +0900] 0:0:0:0:0:0:0:1 200 "GET /login HTTP/1.1" 2351 (4 ms)
[06/Nov/2020:11:27:50 +0900] 0:0:0:0:0:0:0:1 302 "POST /loginProc HTTP/1.1" - (76 ms)
[06/Nov/2020:11:27:50 +0900] 0:0:0:0:0:0:0:1 200 "GET /manage/ HTTP/1.1" 25026 (6 ms)
[06/Nov/2020:11:27:50 +0900] 0:0:0:0:0:0:0:1 200 "GET /lib/bootstrap/vendor/fontawesome-free/css/all.min.css HTTP/1.1" 58935 (5 ms)
[06/Nov/2020:11:27:50 +0900] 0:0:0:0:0:0:0:1 200 "GET /lib/bootstrap/vendor/jquery-easing/jquery.easing.min.js HTTP/1.1" 2532 (3 ms)
[06/Nov/2020:11:27:50 +0900] 0:0:0:0:0:0:0:1 200 "GET /lib/bootstrap/vendor/jquery/jquery.min.js HTTP/1.1" 89476 (4 ms)
[06/Nov/2020:11:27:50 +0900] 0:0:0:0:0:0:0:1 200 "GET /lib/bootstrap/js/sb-admin-2.min.js HTTP/1.1" 1266 (2 ms)
[06/Nov/2020:11:27:50 +0900] 0:0:0:0:0:0:0:1 200 "GET /lib/bootstrap/css/sb-admin-2.min.css HTTP/1.1" 169306 (6 ms)
[06/Nov/2020:11:27:50 +0900] 0:0:0:0:0:0:0:1 200 "GET /lib/bootstrap/vendor/bootstrap/js/bootstrap.bundle.min.js HTTP/1.1" 81084 (5 ms)
[06/Nov/2020:11:27:50 +0900] 0:0:0:0:0:0:0:1 200 "GET /lib/datepicker/css/bootstrap-datepicker.min.css HTTP/1.1" 15731 (4 ms)
[06/Nov/2020:11:27:50 +0900] 0:0:0:0:0:0:0:1 200 "GET /lib/datepicker/js/bootstrap-datepicker.min.js HTTP/1.1" 33693 (4 ms)
[06/Nov/2020:11:27:50 +0900] 0:0:0:0:0:0:0:1 200 "GET /lib/bootstrap/vendor/datatables/dataTables.bootstrap4.min.js HTTP/1.1" 2094 (4 ms)
[06/Nov/2020:11:27:50 +0900] 0:0:0:0:0:0:0:1 200 "GET /lib/datepicker/js/bootstrap-datepicker.ko.min.js HTTP/1.1" 532 (5 ms)
[06/Nov/2020:11:27:50 +0900] 0:0:0:0:0:0:0:1 200 "GET /lib/bootstrap/js/jquery-3.5.1.min.js HTTP/1.1" 89476 (9 ms)
[06/Nov/2020:11:27:50 +0900] 0:0:0:0:0:0:0:1 200 "GET /lib/bootstrap/vendor/datatables/jquery.dataTables.min.js HTTP/1.1" 82867 (7 ms)
[06/Nov/2020:11:27:50 +0900] 0:0:0:0:0:0:0:1 200 "GET /lib/bootstrap/vendor/fontawesome-free/webfonts/fa-solid-900.woff2 HTTP/1.1" 80328 (3 ms)
[06/Nov/2020:11:27:50 +0900] 0:0:0:0:0:0:0:1 200 "POST /manage/posts HTTP/1.1" 4953 (17 ms)
[06/Nov/2020:11:27:52 +0900] 0:0:0:0:0:0:0:1 200 "POST /manage/excel HTTP/1.1" 4706 (36 ms)
[06/Nov/2020:11:27:56 +0900] 0:0:0:0:0:0:0:1 200 "POST /manage/excel HTTP/1.1" 4706 (33 ms)
[06/Nov/2020:11:27:57 +0900] 0:0:0:0:0:0:0:1 200 "POST /manage/excel HTTP/1.1" 4706 (33 ms)
[06/Nov/2020:11:39:56 +0900] 0:0:0:0:0:0:0:1 200 "POST /manage/excel HTTP/1.1" 4706 (30 ms)
[06/Nov/2020:11:39:56 +0900] 0:0:0:0:0:0:0:1 200 "POST /manage/excel HTTP/1.1" 4706 (29 ms)
[06/Nov/2020:11:39:57 +0900] 0:0:0:0:0:0:0:1 200 "POST /manage/excel HTTP/1.1" 4706 (32 ms)
[06/Nov/2020:11:39:59 +0900] 0:0:0:0:0:0:0:1 200 "GET /login HTTP/1.1" 2351 (4 ms)
[06/Nov/2020:11:40:00 +0900] 0:0:0:0:0:0:0:1 302 "POST /loginProc HTTP/1.1" - (76 ms)
[06/Nov/2020:11:40:00 +0900] 0:0:0:0:0:0:0:1 200 "GET /manage/ HTTP/1.1" 25026 (4 ms)
[06/Nov/2020:11:40:01 +0900] 0:0:0:0:0:0:0:1 200 "GET /lib/bootstrap/vendor/fontawesome-free/css/all.min.css HTTP/1.1" 58935 (4 ms)
[06/Nov/2020:11:40:01 +0900] 0:0:0:0:0:0:0:1 200 "GET /lib/bootstrap/vendor/jquery-easing/jquery.easing.min.js HTTP/1.1" 2532 (2 ms)
[06/Nov/2020:11:40:01 +0900] 0:0:0:0:0:0:0:1 200 "GET /lib/bootstrap/js/sb-admin-2.min.js HTTP/1.1" 1266 (3 ms)
[06/Nov/2020:11:40:01 +0900] 0:0:0:0:0:0:0:1 200 "GET /lib/bootstrap/css/sb-admin-2.min.css HTTP/1.1" 169306 (6 ms)
[06/Nov/2020:11:40:01 +0900] 0:0:0:0:0:0:0:1 200 "GET /lib/bootstrap/vendor/jquery/jquery.min.js HTTP/1.1" 89476 (5 ms)
[06/Nov/2020:11:40:01 +0900] 0:0:0:0:0:0:0:1 200 "GET /lib/bootstrap/vendor/bootstrap/js/bootstrap.bundle.min.js HTTP/1.1" 81084 (4 ms)
[06/Nov/2020:11:40:01 +0900] 0:0:0:0:0:0:0:1 200 "GET /lib/datepicker/css/bootstrap-datepicker.min.css HTTP/1.1" 15731 (3 ms)
[06/Nov/2020:11:40:01 +0900] 0:0:0:0:0:0:0:1 200 "GET /lib/datepicker/js/bootstrap-datepicker.ko.min.js HTTP/1.1" 532 (3 ms)
[06/Nov/2020:11:40:01 +0900] 0:0:0:0:0:0:0:1 200 "GET /lib/bootstrap/vendor/datatables/dataTables.bootstrap4.min.js HTTP/1.1" 2094 (3 ms)
[06/Nov/2020:11:40:01 +0900] 0:0:0:0:0:0:0:1 200 "GET /lib/bootstrap/js/jquery-3.5.1.min.js HTTP/1.1" 89476 (4 ms)
[06/Nov/2020:11:40:01 +0900] 0:0:0:0:0:0:0:1 200 "GET /lib/datepicker/js/bootstrap-datepicker.min.js HTTP/1.1" 33693 (3 ms)
[06/Nov/2020:11:40:01 +0900] 0:0:0:0:0:0:0:1 200 "GET /lib/bootstrap/vendor/datatables/jquery.dataTables.min.js HTTP/1.1" 82867 (4 ms)
[06/Nov/2020:11:40:01 +0900] 0:0:0:0:0:0:0:1 200 "GET /lib/bootstrap/vendor/fontawesome-free/webfonts/fa-solid-900.woff2 HTTP/1.1" 80328 (4 ms)
[06/Nov/2020:11:40:01 +0900] 0:0:0:0:0:0:0:1 200 "POST /manage/posts HTTP/1.1" 4953 (16 ms)
[06/Nov/2020:11:40:02 +0900] 0:0:0:0:0:0:0:1 200 "POST /manage/excel HTTP/1.1" 4705 (30 ms)
[06/Nov/2020:11:41:15 +0900] 0:0:0:0:0:0:0:1 200 "GET /login HTTP/1.1" 2351 (147 ms)
[06/Nov/2020:11:41:16 +0900] 0:0:0:0:0:0:0:1 302 "POST /loginProc HTTP/1.1" - (272 ms)
[06/Nov/2020:11:41:16 +0900] 0:0:0:0:0:0:0:1 200 "GET /manage/ HTTP/1.1" 25026 (38 ms)
[06/Nov/2020:11:41:17 +0900] 0:0:0:0:0:0:0:1 200 "GET /lib/bootstrap/vendor/jquery-easing/jquery.easing.min.js HTTP/1.1" 2532 (19 ms)
[06/Nov/2020:11:41:17 +0900] 0:0:0:0:0:0:0:1 200 "GET /lib/bootstrap/js/sb-admin-2.min.js HTTP/1.1" 1266 (19 ms)
[06/Nov/2020:11:41:17 +0900] 0:0:0:0:0:0:0:1 200 "GET /lib/bootstrap/vendor/fontawesome-free/css/all.min.css HTTP/1.1" 58935 (23 ms)
[06/Nov/2020:11:41:17 +0900] 0:0:0:0:0:0:0:1 200 "GET /lib/bootstrap/vendor/jquery/jquery.min.js HTTP/1.1" 89476 (21 ms)
[06/Nov/2020:11:41:17 +0900] 0:0:0:0:0:0:0:1 200 "GET /lib/bootstrap/vendor/bootstrap/js/bootstrap.bundle.min.js HTTP/1.1" 81084 (21 ms)
[06/Nov/2020:11:41:17 +0900] 0:0:0:0:0:0:0:1 200 "GET /lib/bootstrap/css/sb-admin-2.min.css HTTP/1.1" 169306 (24 ms)
[06/Nov/2020:11:41:17 +0900] 0:0:0:0:0:0:0:1 200 "GET /lib/datepicker/css/bootstrap-datepicker.min.css HTTP/1.1" 15731 (5 ms)
[06/Nov/2020:11:41:17 +0900] 0:0:0:0:0:0:0:1 200 "GET /lib/datepicker/js/bootstrap-datepicker.min.js HTTP/1.1" 33693 (4 ms)
[06/Nov/2020:11:41:17 +0900] 0:0:0:0:0:0:0:1 200 "GET /lib/bootstrap/js/jquery-3.5.1.min.js HTTP/1.1" 89476 (5 ms)
[06/Nov/2020:11:41:17 +0900] 0:0:0:0:0:0:0:1 200 "GET /lib/datepicker/js/bootstrap-datepicker.ko.min.js HTTP/1.1" 532 (6 ms)
[06/Nov/2020:11:41:17 +0900] 0:0:0:0:0:0:0:1 200 "GET /lib/bootstrap/vendor/datatables/dataTables.bootstrap4.min.js HTTP/1.1" 2094 (5 ms)
[06/Nov/2020:11:41:17 +0900] 0:0:0:0:0:0:0:1 200 "GET /lib/bootstrap/vendor/datatables/jquery.dataTables.min.js HTTP/1.1" 82867 (8 ms)
[06/Nov/2020:11:41:17 +0900] 0:0:0:0:0:0:0:1 200 "GET /lib/bootstrap/vendor/fontawesome-free/webfonts/fa-solid-900.woff2 HTTP/1.1" 80328 (6 ms)
[06/Nov/2020:11:41:17 +0900] 0:0:0:0:0:0:0:1 200 "POST /manage/posts HTTP/1.1" 4953 (117 ms)
[06/Nov/2020:11:41:20 +0900] 0:0:0:0:0:0:0:1 200 "POST /manage/excel HTTP/1.1" 4706 (1154 ms)
[06/Nov/2020:11:41:20 +0900] 0:0:0:0:0:0:0:1 200 "POST /manage/excel HTTP/1.1" 4705 (40 ms)
[06/Nov/2020:11:41:39 +0900] 0:0:0:0:0:0:0:1 200 "GET /lib/datepicker/css/bootstrap-datepicker.min.css HTTP/1.1" 15731 (3 ms)
[06/Nov/2020:11:41:39 +0900] 0:0:0:0:0:0:0:1 200 "GET /lib/bootstrap/vendor/fontawesome-free/css/all.min.css HTTP/1.1" 58935 (4 ms)
[06/Nov/2020:11:41:39 +0900] 0:0:0:0:0:0:0:1 200 "GET /lib/bootstrap/css/sb-admin-2.min.css HTTP/1.1" 169306 (5 ms)
[06/Nov/2020:11:41:39 +0900] 0:0:0:0:0:0:0:1 200 "GET /lib/bootstrap/vendor/bootstrap/js/bootstrap.bundle.min.js.map HTTP/1.1" 315300 (20 ms)
[06/Nov/2020:11:41:56 +0900] 0:0:0:0:0:0:0:1 200 "POST /manage/excel HTTP/1.1" 4706 (37 ms)
[06/Nov/2020:11:42:37 +0900] 0:0:0:0:0:0:0:1 302 "POST /manage/excel HTTP/1.1" - (67 ms)
[06/Nov/2020:11:42:37 +0900] 0:0:0:0:0:0:0:1 200 "GET /login HTTP/1.1" 2351 (99 ms)
[06/Nov/2020:11:42:46 +0900] 0:0:0:0:0:0:0:1 200 "GET /login HTTP/1.1" 2351 (6 ms)
[06/Nov/2020:11:42:48 +0900] 0:0:0:0:0:0:0:1 302 "POST /loginProc HTTP/1.1" - (304 ms)
[06/Nov/2020:11:42:48 +0900] 0:0:0:0:0:0:0:1 200 "GET /manage/ HTTP/1.1" 25026 (57 ms)
[06/Nov/2020:11:42:48 +0900] 0:0:0:0:0:0:0:1 200 "GET /lib/bootstrap/js/sb-admin-2.min.js HTTP/1.1" 1266 (26 ms)
[06/Nov/2020:11:42:48 +0900] 0:0:0:0:0:0:0:1 200 "GET /lib/bootstrap/vendor/jquery-easing/jquery.easing.min.js HTTP/1.1" 2532 (27 ms)
[06/Nov/2020:11:42:48 +0900] 0:0:0:0:0:0:0:1 200 "GET /lib/bootstrap/vendor/fontawesome-free/css/all.min.css HTTP/1.1" 58935 (33 ms)
[06/Nov/2020:11:42:48 +0900] 0:0:0:0:0:0:0:1 200 "GET /lib/bootstrap/vendor/bootstrap/js/bootstrap.bundle.min.js HTTP/1.1" 81084 (31 ms)
[06/Nov/2020:11:42:48 +0900] 0:0:0:0:0:0:0:1 200 "GET /lib/bootstrap/vendor/jquery/jquery.min.js HTTP/1.1" 89476 (32 ms)
[06/Nov/2020:11:42:48 +0900] 0:0:0:0:0:0:0:1 200 "GET /lib/bootstrap/css/sb-admin-2.min.css HTTP/1.1" 169306 (34 ms)
[06/Nov/2020:11:42:48 +0900] 0:0:0:0:0:0:0:1 200 "GET /lib/datepicker/css/bootstrap-datepicker.min.css HTTP/1.1" 15731 (5 ms)
[06/Nov/2020:11:42:48 +0900] 0:0:0:0:0:0:0:1 200 "GET /lib/datepicker/js/bootstrap-datepicker.ko.min.js HTTP/1.1" 532 (5 ms)
[06/Nov/2020:11:42:48 +0900] 0:0:0:0:0:0:0:1 200 "GET /lib/bootstrap/vendor/datatables/dataTables.bootstrap4.min.js HTTP/1.1" 2094 (4 ms)
[06/Nov/2020:11:42:48 +0900] 0:0:0:0:0:0:0:1 200 "GET /lib/datepicker/js/bootstrap-datepicker.min.js HTTP/1.1" 33693 (8 ms)
[06/Nov/2020:11:42:48 +0900] 0:0:0:0:0:0:0:1 200 "GET /lib/bootstrap/js/jquery-3.5.1.min.js HTTP/1.1" 89476 (8 ms)
[06/Nov/2020:11:42:48 +0900] 0:0:0:0:0:0:0:1 200 "GET /lib/bootstrap/vendor/datatables/jquery.dataTables.min.js HTTP/1.1" 82867 (8 ms)
[06/Nov/2020:11:42:48 +0900] 0:0:0:0:0:0:0:1 200 "GET /lib/bootstrap/vendor/bootstrap/js/bootstrap.bundle.min.js.map HTTP/1.1" 315300 (25 ms)
[06/Nov/2020:11:42:48 +0900] 0:0:0:0:0:0:0:1 200 "GET /lib/bootstrap/vendor/fontawesome-free/webfonts/fa-solid-900.woff2 HTTP/1.1" 80328 (13 ms)
[06/Nov/2020:11:42:48 +0900] 0:0:0:0:0:0:0:1 200 "POST /manage/posts HTTP/1.1" 4953 (118 ms)
[06/Nov/2020:11:42:56 +0900] 0:0:0:0:0:0:0:1 200 "POST /manage/excel HTTP/1.1" 4706 (1313 ms)
[06/Nov/2020:11:42:59 +0900] 0:0:0:0:0:0:0:1 200 "POST /manage/excel HTTP/1.1" 4706 (9968 ms)
[06/Nov/2020:11:43:02 +0900] 0:0:0:0:0:0:0:1 200 "POST /manage/posts HTTP/1.1" 4949 (19 ms)
[06/Nov/2020:11:43:02 +0900] 0:0:0:0:0:0:0:1 200 "POST /manage/posts HTTP/1.1" 4949 (19 ms)
[06/Nov/2020:11:43:34 +0900] 0:0:0:0:0:0:0:1 302 "GET / HTTP/1.1" - (6 ms)
[06/Nov/2020:11:43:34 +0900] 0:0:0:0:0:0:0:1 200 "GET /login HTTP/1.1" 2351 (4 ms)
[06/Nov/2020:11:43:34 +0900] 0:0:0:0:0:0:0:1 304 "GET /img/logo.png HTTP/1.1" - (6 ms)
[06/Nov/2020:11:43:34 +0900] 0:0:0:0:0:0:0:1 304 "GET /img/auth_bg.jpg HTTP/1.1" - (2 ms)
[06/Nov/2020:11:43:44 +0900] 0:0:0:0:0:0:0:1 302 "POST /loginProc HTTP/1.1" - (78 ms)
[06/Nov/2020:11:43:45 +0900] 0:0:0:0:0:0:0:1 404 "GET / HTTP/1.1" 306 (19 ms)
[06/Nov/2020:11:43:45 +0900] 0:0:0:0:0:0:0:1 404 "GET /favicon.ico HTTP/1.1" 144 (10 ms)
[06/Nov/2020:11:44:30 +0900] 0:0:0:0:0:0:0:1 200 "GET /login HTTP/1.1" 2351 (157 ms)
[06/Nov/2020:11:44:30 +0900] 0:0:0:0:0:0:0:1 200 "GET /login?error HTTP/1.1" 2351 (4 ms)
[06/Nov/2020:11:44:30 +0900] 0:0:0:0:0:0:0:1 302 "GET /favicon.ico HTTP/1.1" - (9 ms)
[06/Nov/2020:11:44:30 +0900] 0:0:0:0:0:0:0:1 200 "GET /login HTTP/1.1" 2351 (3 ms)
[06/Nov/2020:11:44:31 +0900] 0:0:0:0:0:0:0:1 302 "GET / HTTP/1.1" - (5 ms)
[06/Nov/2020:11:44:31 +0900] 0:0:0:0:0:0:0:1 200 "GET /login HTTP/1.1" 2351 (4 ms)
[06/Nov/2020:11:44:32 +0900] 0:0:0:0:0:0:0:1 200 "GET /login?error HTTP/1.1" 2351 (4 ms)
[06/Nov/2020:11:44:33 +0900] 0:0:0:0:0:0:0:1 200 "GET /login HTTP/1.1" 2351 (3 ms)
[06/Nov/2020:11:44:42 +0900] 0:0:0:0:0:0:0:1 302 "POST /loginProc HTTP/1.1" - (247 ms)
[06/Nov/2020:11:44:42 +0900] 0:0:0:0:0:0:0:1 404 "GET / HTTP/1.1" 306 (19 ms)
[06/Nov/2020:11:44:50 +0900] 0:0:0:0:0:0:0:1 302 "GET /manage/ HTTP/1.1" - (3 ms)
[06/Nov/2020:11:44:50 +0900] 0:0:0:0:0:0:0:1 200 "GET /login HTTP/1.1" 2351 (5 ms)
[06/Nov/2020:11:46:32 +0900] 0:0:0:0:0:0:0:1 302 "POST /loginProc HTTP/1.1" - (82 ms)
[06/Nov/2020:11:46:32 +0900] 0:0:0:0:0:0:0:1 200 "GET /manage/ HTTP/1.1" 25026 (37 ms)
[06/Nov/2020:11:46:32 +0900] 0:0:0:0:0:0:0:1 200 "GET /lib/bootstrap/vendor/jquery-easing/jquery.easing.min.js HTTP/1.1" 2532 (9 ms)
[06/Nov/2020:11:46:32 +0900] 0:0:0:0:0:0:0:1 200 "GET /lib/bootstrap/js/sb-admin-2.min.js HTTP/1.1" 1266 (9 ms)
[06/Nov/2020:11:46:32 +0900] 0:0:0:0:0:0:0:1 200 "GET /lib/bootstrap/vendor/fontawesome-free/css/all.min.css HTTP/1.1" 58935 (22 ms)
[06/Nov/2020:11:46:32 +0900] 0:0:0:0:0:0:0:1 200 "GET /lib/bootstrap/vendor/bootstrap/js/bootstrap.bundle.min.js HTTP/1.1" 81084 (11 ms)
[06/Nov/2020:11:46:32 +0900] 0:0:0:0:0:0:0:1 200 "GET /lib/bootstrap/vendor/jquery/jquery.min.js HTTP/1.1" 89476 (11 ms)
[06/Nov/2020:11:46:32 +0900] 0:0:0:0:0:0:0:1 200 "GET /lib/bootstrap/css/sb-admin-2.min.css HTTP/1.1" 169306 (16 ms)
[06/Nov/2020:11:46:32 +0900] 0:0:0:0:0:0:0:1 200 "GET /lib/datepicker/css/bootstrap-datepicker.min.css HTTP/1.1" 15731 (4 ms)
[06/Nov/2020:11:46:32 +0900] 0:0:0:0:0:0:0:1 200 "GET /lib/datepicker/js/bootstrap-datepicker.min.js HTTP/1.1" 33693 (5 ms)
[06/Nov/2020:11:46:32 +0900] 0:0:0:0:0:0:0:1 200 "GET /lib/datepicker/js/bootstrap-datepicker.ko.min.js HTTP/1.1" 532 (4 ms)
[06/Nov/2020:11:46:32 +0900] 0:0:0:0:0:0:0:1 200 "GET /lib/bootstrap/vendor/datatables/dataTables.bootstrap4.min.js HTTP/1.1" 2094 (4 ms)
[06/Nov/2020:11:46:32 +0900] 0:0:0:0:0:0:0:1 200 "GET /lib/bootstrap/js/jquery-3.5.1.min.js HTTP/1.1" 89476 (6 ms)
[06/Nov/2020:11:46:32 +0900] 0:0:0:0:0:0:0:1 200 "GET /lib/bootstrap/vendor/datatables/jquery.dataTables.min.js HTTP/1.1" 82867 (6 ms)
[06/Nov/2020:11:46:32 +0900] 0:0:0:0:0:0:0:1 304 "GET /img/excel_down.png HTTP/1.1" - (4 ms)
[06/Nov/2020:11:46:32 +0900] 0:0:0:0:0:0:0:1 200 "GET /lib/bootstrap/vendor/bootstrap/js/bootstrap.bundle.min.js.map HTTP/1.1" 315300 (22 ms)
[06/Nov/2020:11:46:32 +0900] 0:0:0:0:0:0:0:1 200 "GET /lib/bootstrap/vendor/fontawesome-free/webfonts/fa-solid-900.woff2 HTTP/1.1" 80328 (8 ms)
[06/Nov/2020:11:46:32 +0900] 0:0:0:0:0:0:0:1 200 "POST /manage/posts HTTP/1.1" 4953 (99 ms)
[06/Nov/2020:11:46:40 +0900] 0:0:0:0:0:0:0:1 200 "POST /manage/excel HTTP/1.1" 4706 (1142 ms)
[06/Nov/2020:11:46:40 +0900] 0:0:0:0:0:0:0:1 200 "POST /manage/excel HTTP/1.1" 4706 (37 ms)
[06/Nov/2020:11:46:46 +0900] 0:0:0:0:0:0:0:1 200 "GET /manage/excel HTTP/1.1" 4706 (37 ms)
[06/Nov/2020:11:46:46 +0900] 0:0:0:0:0:0:0:1 200 "GET /manage/excel HTTP/1.1" 4706 (35 ms)
[06/Nov/2020:11:58:43 +0900] 0:0:0:0:0:0:0:1 302 "POST /loginProc HTTP/1.1" - (87 ms)
[06/Nov/2020:11:58:43 +0900] 0:0:0:0:0:0:0:1 200 "GET /manage/ HTTP/1.1" 25026 (10 ms)
[06/Nov/2020:11:58:43 +0900] 0:0:0:0:0:0:0:1 200 "GET /lib/bootstrap/vendor/fontawesome-free/css/all.min.css HTTP/1.1" 58935 (5 ms)
[06/Nov/2020:11:58:43 +0900] 0:0:0:0:0:0:0:1 200 "GET /lib/bootstrap/css/sb-admin-2.min.css HTTP/1.1" 169306 (5 ms)
[06/Nov/2020:11:58:43 +0900] 0:0:0:0:0:0:0:1 200 "GET /lib/bootstrap/vendor/jquery/jquery.min.js HTTP/1.1" 89476 (4 ms)
[06/Nov/2020:11:58:43 +0900] 0:0:0:0:0:0:0:1 200 "GET /lib/bootstrap/js/sb-admin-2.min.js HTTP/1.1" 1266 (4 ms)
[06/Nov/2020:11:58:43 +0900] 0:0:0:0:0:0:0:1 200 "GET /lib/bootstrap/vendor/bootstrap/js/bootstrap.bundle.min.js HTTP/1.1" 81084 (5 ms)
[06/Nov/2020:11:58:43 +0900] 0:0:0:0:0:0:0:1 200 "GET /lib/bootstrap/vendor/jquery-easing/jquery.easing.min.js HTTP/1.1" 2532 (4 ms)
[06/Nov/2020:11:58:43 +0900] 0:0:0:0:0:0:0:1 200 "GET /lib/datepicker/js/bootstrap-datepicker.ko.min.js HTTP/1.1" 532 (2 ms)
[06/Nov/2020:11:58:43 +0900] 0:0:0:0:0:0:0:1 200 "GET /lib/datepicker/css/bootstrap-datepicker.min.css HTTP/1.1" 15731 (4 ms)
[06/Nov/2020:11:58:43 +0900] 0:0:0:0:0:0:0:1 200 "GET /lib/datepicker/js/bootstrap-datepicker.min.js HTTP/1.1" 33693 (3 ms)
[06/Nov/2020:11:58:43 +0900] 0:0:0:0:0:0:0:1 200 "GET /lib/bootstrap/js/jquery-3.5.1.min.js HTTP/1.1" 89476 (4 ms)
[06/Nov/2020:11:58:43 +0900] 0:0:0:0:0:0:0:1 200 "GET /img/excel_down.png HTTP/1.1" 6158 (3 ms)
[06/Nov/2020:11:58:43 +0900] 0:0:0:0:0:0:0:1 200 "GET /lib/bootstrap/vendor/datatables/dataTables.bootstrap4.min.js HTTP/1.1" 2094 (3 ms)
[06/Nov/2020:11:58:43 +0900] 0:0:0:0:0:0:0:1 200 "GET /lib/bootstrap/vendor/datatables/jquery.dataTables.min.js HTTP/1.1" 82867 (4 ms)
[06/Nov/2020:11:58:44 +0900] 0:0:0:0:0:0:0:1 200 "POST /manage/posts HTTP/1.1" 4953 (26 ms)
[06/Nov/2020:11:58:44 +0900] 0:0:0:0:0:0:0:1 200 "GET /lib/bootstrap/vendor/fontawesome-free/webfonts/fa-solid-900.woff2 HTTP/1.1" 80328 (3 ms)
[06/Nov/2020:11:58:44 +0900] 0:0:0:0:0:0:0:1 404 "GET /favicon.ico HTTP/1.1" 144 (13 ms)
[06/Nov/2020:11:58:47 +0900] 0:0:0:0:0:0:0:1 200 "POST /manage/excel HTTP/1.1" 4707 (45 ms)
[06/Nov/2020:11:58:47 +0900] 0:0:0:0:0:0:0:1 200 "POST /manage/excel HTTP/1.1" 4707 (34 ms)
[06/Nov/2020:12:05:34 +0900] 0:0:0:0:0:0:0:1 200 "GET /manage/ HTTP/1.1" 24997 (459 ms)
[06/Nov/2020:12:05:34 +0900] 0:0:0:0:0:0:0:1 200 "GET /lib/bootstrap/vendor/fontawesome-free/css/all.min.css HTTP/1.1" 58935 (3 ms)
[06/Nov/2020:12:05:34 +0900] 0:0:0:0:0:0:0:1 200 "GET /lib/bootstrap/vendor/jquery/jquery.min.js HTTP/1.1" 89476 (4 ms)
[06/Nov/2020:12:05:34 +0900] 0:0:0:0:0:0:0:1 200 "GET /lib/bootstrap/css/sb-admin-2.min.css HTTP/1.1" 169306 (4 ms)
[06/Nov/2020:12:05:34 +0900] 0:0:0:0:0:0:0:1 200 "GET /lib/bootstrap/vendor/jquery-easing/jquery.easing.min.js HTTP/1.1" 2532 (2 ms)
[06/Nov/2020:12:05:34 +0900] 0:0:0:0:0:0:0:1 200 "GET /lib/bootstrap/vendor/bootstrap/js/bootstrap.bundle.min.js HTTP/1.1" 81084 (3 ms)
[06/Nov/2020:12:05:34 +0900] 0:0:0:0:0:0:0:1 200 "GET /lib/datepicker/js/bootstrap-datepicker.ko.min.js HTTP/1.1" 532 (2 ms)
[06/Nov/2020:12:05:34 +0900] 0:0:0:0:0:0:0:1 200 "GET /lib/bootstrap/js/sb-admin-2.min.js HTTP/1.1" 1266 (4 ms)
[06/Nov/2020:12:05:34 +0900] 0:0:0:0:0:0:0:1 200 "GET /lib/datepicker/css/bootstrap-datepicker.min.css HTTP/1.1" 15731 (3 ms)
[06/Nov/2020:12:05:34 +0900] 0:0:0:0:0:0:0:1 200 "GET /lib/datepicker/js/bootstrap-datepicker.min.js HTTP/1.1" 33693 (3 ms)
[06/Nov/2020:12:05:34 +0900] 0:0:0:0:0:0:0:1 200 "GET /lib/bootstrap/vendor/datatables/jquery.dataTables.min.js HTTP/1.1" 82867 (2 ms)
[06/Nov/2020:12:05:34 +0900] 0:0:0:0:0:0:0:1 200 "GET /lib/bootstrap/js/jquery-3.5.1.min.js HTTP/1.1" 89476 (4 ms)
[06/Nov/2020:12:05:34 +0900] 0:0:0:0:0:0:0:1 200 "GET /lib/bootstrap/vendor/datatables/dataTables.bootstrap4.min.js HTTP/1.1" 2094 (3 ms)
[06/Nov/2020:12:05:34 +0900] 0:0:0:0:0:0:0:1 200 "GET /lib/bootstrap/vendor/fontawesome-free/webfonts/fa-solid-900.woff2 HTTP/1.1" 80328 (3 ms)
[06/Nov/2020:12:05:34 +0900] 0:0:0:0:0:0:0:1 200 "POST /manage/posts HTTP/1.1" 4953 (19 ms)
[06/Nov/2020:12:05:38 +0900] 0:0:0:0:0:0:0:1 200 "GET /manage/excel? HTTP/1.1" 4706 (32 ms)
[06/Nov/2020:12:06:03 +0900] 0:0:0:0:0:0:0:1 200 "POST /manage/posts HTTP/1.1" 4953 (35 ms)
[06/Nov/2020:12:06:04 +0900] 0:0:0:0:0:0:0:1 200 "POST /manage/posts HTTP/1.1" 4949 (20 ms)
[06/Nov/2020:12:06:04 +0900] 0:0:0:0:0:0:0:1 200 "POST /manage/posts HTTP/1.1" 4949 (19 ms)
[06/Nov/2020:12:06:15 +0900] 0:0:0:0:0:0:0:1 200 "GET /manage/excel?mutual=%EC%95%84%EC%A3%BCacptAt=20201029000000,20201029235959 HTTP/1.1" 4705 (33 ms)
[06/Nov/2020:12:08:15 +0900] 0:0:0:0:0:0:0:1 302 "GET /manage/ HTTP/1.1" - (74 ms)
[06/Nov/2020:12:08:15 +0900] 0:0:0:0:0:0:0:1 200 "GET /login HTTP/1.1" 2351 (101 ms)
[06/Nov/2020:12:08:19 +0900] 0:0:0:0:0:0:0:1 302 "POST /loginProc HTTP/1.1" - (251 ms)
[06/Nov/2020:12:08:20 +0900] 0:0:0:0:0:0:0:1 200 "GET /manage/ HTTP/1.1" 24995 (486 ms)
[06/Nov/2020:12:08:20 +0900] 0:0:0:0:0:0:0:1 200 "GET /lib/bootstrap/vendor/jquery-easing/jquery.easing.min.js HTTP/1.1" 2532 (14 ms)
[06/Nov/2020:12:08:20 +0900] 0:0:0:0:0:0:0:1 200 "GET /lib/bootstrap/js/sb-admin-2.min.js HTTP/1.1" 1266 (13 ms)
[06/Nov/2020:12:08:20 +0900] 0:0:0:0:0:0:0:1 200 "GET /lib/bootstrap/vendor/fontawesome-free/css/all.min.css HTTP/1.1" 58935 (31 ms)
[06/Nov/2020:12:08:20 +0900] 0:0:0:0:0:0:0:1 200 "GET /lib/bootstrap/vendor/bootstrap/js/bootstrap.bundle.min.js HTTP/1.1" 81084 (17 ms)
[06/Nov/2020:12:08:20 +0900] 0:0:0:0:0:0:0:1 200 "GET /lib/bootstrap/vendor/jquery/jquery.min.js HTTP/1.1" 89476 (17 ms)
[06/Nov/2020:12:08:20 +0900] 0:0:0:0:0:0:0:1 200 "GET /lib/bootstrap/css/sb-admin-2.min.css HTTP/1.1" 169306 (19 ms)
[06/Nov/2020:12:08:20 +0900] 0:0:0:0:0:0:0:1 200 "GET /lib/bootstrap/vendor/datatables/dataTables.bootstrap4.min.js HTTP/1.1" 2094 (4 ms)
[06/Nov/2020:12:08:20 +0900] 0:0:0:0:0:0:0:1 200 "GET /lib/datepicker/js/bootstrap-datepicker.min.js HTTP/1.1" 33693 (6 ms)
[06/Nov/2020:12:08:20 +0900] 0:0:0:0:0:0:0:1 200 "GET /lib/datepicker/js/bootstrap-datepicker.ko.min.js HTTP/1.1" 532 (5 ms)
[06/Nov/2020:12:08:20 +0900] 0:0:0:0:0:0:0:1 200 "GET /lib/datepicker/css/bootstrap-datepicker.min.css HTTP/1.1" 15731 (5 ms)
[06/Nov/2020:12:08:20 +0900] 0:0:0:0:0:0:0:1 200 "GET /lib/bootstrap/js/jquery-3.5.1.min.js HTTP/1.1" 89476 (8 ms)
[06/Nov/2020:12:08:20 +0900] 0:0:0:0:0:0:0:1 200 "GET /lib/bootstrap/vendor/datatables/jquery.dataTables.min.js HTTP/1.1" 82867 (6 ms)
[06/Nov/2020:12:08:20 +0900] 0:0:0:0:0:0:0:1 200 "GET /lib/bootstrap/vendor/fontawesome-free/webfonts/fa-solid-900.woff2 HTTP/1.1" 80328 (4 ms)
[06/Nov/2020:12:08:20 +0900] 0:0:0:0:0:0:0:1 200 "POST /manage/posts HTTP/1.1" 4953 (112 ms)
[06/Nov/2020:12:08:33 +0900] 0:0:0:0:0:0:0:1 200 "POST /manage/posts HTTP/1.1" 4953 (39 ms)
[06/Nov/2020:12:08:36 +0900] 0:0:0:0:0:0:0:1 200 "GET /manage/excel?mutual=%EC%95%84%EC%A3%BCacptAt=20201029000000,20201029235959 HTTP/1.1" 3450 (1239 ms)
[06/Nov/2020:12:09:03 +0900] 0:0:0:0:0:0:0:1 302 "GET /manage/ HTTP/1.1" - (68 ms)
[06/Nov/2020:12:09:04 +0900] 0:0:0:0:0:0:0:1 200 "GET /login HTTP/1.1" 2351 (108 ms)
[06/Nov/2020:12:09:12 +0900] 0:0:0:0:0:0:0:1 302 "POST /loginProc HTTP/1.1" - (267 ms)
[06/Nov/2020:12:09:12 +0900] 0:0:0:0:0:0:0:1 200 "GET /manage/ HTTP/1.1" 24995 (44 ms)
[06/Nov/2020:12:09:12 +0900] 0:0:0:0:0:0:0:1 200 "GET /lib/bootstrap/js/sb-admin-2.min.js HTTP/1.1" 1266 (18 ms)
[06/Nov/2020:12:09:12 +0900] 0:0:0:0:0:0:0:1 200 "GET /lib/bootstrap/vendor/jquery-easing/jquery.easing.min.js HTTP/1.1" 2532 (18 ms)
[06/Nov/2020:12:09:12 +0900] 0:0:0:0:0:0:0:1 200 "GET /lib/bootstrap/vendor/fontawesome-free/css/all.min.css HTTP/1.1" 58935 (35 ms)
[06/Nov/2020:12:09:12 +0900] 0:0:0:0:0:0:0:1 200 "GET /lib/bootstrap/vendor/jquery/jquery.min.js HTTP/1.1" 89476 (26 ms)
[06/Nov/2020:12:09:12 +0900] 0:0:0:0:0:0:0:1 200 "GET /lib/bootstrap/vendor/bootstrap/js/bootstrap.bundle.min.js HTTP/1.1" 81084 (27 ms)
[06/Nov/2020:12:09:12 +0900] 0:0:0:0:0:0:0:1 200 "GET /lib/bootstrap/css/sb-admin-2.min.css HTTP/1.1" 169306 (39 ms)
[06/Nov/2020:12:09:12 +0900] 0:0:0:0:0:0:0:1 200 "GET /lib/datepicker/css/bootstrap-datepicker.min.css HTTP/1.1" 15731 (6 ms)
[06/Nov/2020:12:09:12 +0900] 0:0:0:0:0:0:0:1 200 "GET /lib/datepicker/js/bootstrap-datepicker.ko.min.js HTTP/1.1" 532 (6 ms)
[06/Nov/2020:12:09:12 +0900] 0:0:0:0:0:0:0:1 200 "GET /lib/bootstrap/vendor/datatables/dataTables.bootstrap4.min.js HTTP/1.1" 2094 (5 ms)
[06/Nov/2020:12:09:12 +0900] 0:0:0:0:0:0:0:1 200 "GET /lib/datepicker/js/bootstrap-datepicker.min.js HTTP/1.1" 33693 (7 ms)
[06/Nov/2020:12:09:12 +0900] 0:0:0:0:0:0:0:1 200 "GET /lib/bootstrap/vendor/datatables/jquery.dataTables.min.js HTTP/1.1" 82867 (7 ms)
[06/Nov/2020:12:09:12 +0900] 0:0:0:0:0:0:0:1 200 "GET /lib/bootstrap/js/jquery-3.5.1.min.js HTTP/1.1" 89476 (12 ms)
[06/Nov/2020:12:09:12 +0900] 0:0:0:0:0:0:0:1 200 "GET /lib/bootstrap/vendor/fontawesome-free/webfonts/fa-solid-900.woff2 HTTP/1.1" 80328 (5 ms)
[06/Nov/2020:12:09:12 +0900] 0:0:0:0:0:0:0:1 200 "POST /manage/posts HTTP/1.1" 4953 (120 ms)
[06/Nov/2020:12:09:13 +0900] 0:0:0:0:0:0:0:1 200 "POST /manage/posts HTTP/1.1" 4949 (25 ms)
[06/Nov/2020:12:09:13 +0900] 0:0:0:0:0:0:0:1 200 "POST /manage/posts HTTP/1.1" 4949 (24 ms)
[06/Nov/2020:12:09:30 +0900] 0:0:0:0:0:0:0:1 200 "POST /manage/posts HTTP/1.1" 4953 (38 ms)
[06/Nov/2020:12:11:35 +0900] 0:0:0:0:0:0:0:1 404 "GET /loginProc HTTP/1.1" 306 (26 ms)
[06/Nov/2020:12:11:35 +0900] 0:0:0:0:0:0:0:1 404 "GET /loginProc HTTP/1.1" 306 (26 ms)
[06/Nov/2020:12:11:35 +0900] 0:0:0:0:0:0:0:1 404 "GET /favicon.ico HTTP/1.1" 144 (35 ms)
[06/Nov/2020:12:11:38 +0900] 0:0:0:0:0:0:0:1 200 "GET /manage/excel?mutual=%EC%95%84%EC%A3%BCacptAt=20201029000000,20201029235959 HTTP/1.1" 3449 (124733 ms)
[06/Nov/2020:12:11:38 +0900] 0:0:0:0:0:0:0:1 200 "GET /manage/ HTTP/1.1" 24996 (504 ms)
[06/Nov/2020:12:11:38 +0900] 0:0:0:0:0:0:0:1 200 "POST /manage/posts HTTP/1.1" 4953 (22 ms)
[06/Nov/2020:12:12:43 +0900] 0:0:0:0:0:0:0:1 200 "GET /login HTTP/1.1" 2351 (164 ms)
[06/Nov/2020:12:12:46 +0900] 0:0:0:0:0:0:0:1 302 "POST /loginProc HTTP/1.1" - (252 ms)
[06/Nov/2020:12:12:46 +0900] 0:0:0:0:0:0:0:1 200 "GET /manage/ HTTP/1.1" 24996 (38 ms)
[06/Nov/2020:12:12:46 +0900] 0:0:0:0:0:0:0:1 200 "GET /lib/bootstrap/js/sb-admin-2.min.js HTTP/1.1" 1266 (16 ms)
[06/Nov/2020:12:12:46 +0900] 0:0:0:0:0:0:0:1 200 "GET /lib/bootstrap/vendor/jquery-easing/jquery.easing.min.js HTTP/1.1" 2532 (16 ms)
[06/Nov/2020:12:12:46 +0900] 0:0:0:0:0:0:0:1 200 "GET /lib/bootstrap/vendor/bootstrap/js/bootstrap.bundle.min.js HTTP/1.1" 81084 (21 ms)
[06/Nov/2020:12:12:46 +0900] 0:0:0:0:0:0:0:1 200 "GET /lib/bootstrap/vendor/fontawesome-free/css/all.min.css HTTP/1.1" 58935 (24 ms)
[06/Nov/2020:12:12:46 +0900] 0:0:0:0:0:0:0:1 200 "GET /lib/bootstrap/vendor/jquery/jquery.min.js HTTP/1.1" 89476 (25 ms)
[06/Nov/2020:12:12:46 +0900] 0:0:0:0:0:0:0:1 200 "GET /lib/bootstrap/css/sb-admin-2.min.css HTTP/1.1" 169306 (26 ms)
[06/Nov/2020:12:12:46 +0900] 0:0:0:0:0:0:0:1 200 "GET /lib/bootstrap/vendor/datatables/dataTables.bootstrap4.min.js HTTP/1.1" 2094 (3 ms)
[06/Nov/2020:12:12:46 +0900] 0:0:0:0:0:0:0:1 200 "GET /lib/datepicker/js/bootstrap-datepicker.ko.min.js HTTP/1.1" 532 (4 ms)
[06/Nov/2020:12:12:46 +0900] 0:0:0:0:0:0:0:1 200 "GET /lib/datepicker/js/bootstrap-datepicker.min.js HTTP/1.1" 33693 (5 ms)
[06/Nov/2020:12:12:46 +0900] 0:0:0:0:0:0:0:1 200 "GET /lib/datepicker/css/bootstrap-datepicker.min.css HTTP/1.1" 15731 (5 ms)
[06/Nov/2020:12:12:46 +0900] 0:0:0:0:0:0:0:1 200 "GET /lib/bootstrap/vendor/datatables/jquery.dataTables.min.js HTTP/1.1" 82867 (6 ms)
[06/Nov/2020:12:12:46 +0900] 0:0:0:0:0:0:0:1 200 "GET /lib/bootstrap/js/jquery-3.5.1.min.js HTTP/1.1" 89476 (7 ms)
[06/Nov/2020:12:12:47 +0900] 0:0:0:0:0:0:0:1 200 "GET /lib/bootstrap/vendor/fontawesome-free/webfonts/fa-solid-900.woff2 HTTP/1.1" 80328 (4 ms)
[06/Nov/2020:12:12:47 +0900] 0:0:0:0:0:0:0:1 200 "POST /manage/posts HTTP/1.1" 4953 (109 ms)
[06/Nov/2020:12:12:51 +0900] 0:0:0:0:0:0:0:1 200 "POST /manage/posts HTTP/1.1" 4949 (24 ms)
[06/Nov/2020:12:12:51 +0900] 0:0:0:0:0:0:0:1 200 "POST /manage/posts HTTP/1.1" 4949 (23 ms)
[06/Nov/2020:12:12:57 +0900] 0:0:0:0:0:0:0:1 200 "POST /manage/posts HTTP/1.1" 4953 (33 ms)
[06/Nov/2020:12:12:58 +0900] 0:0:0:0:0:0:0:1 200 "POST /manage/posts HTTP/1.1" 4949 (23 ms)
[06/Nov/2020:12:12:58 +0900] 0:0:0:0:0:0:0:1 200 "POST /manage/posts HTTP/1.1" 4949 (21 ms)
[06/Nov/2020:12:13:03 +0900] 0:0:0:0:0:0:0:1 200 "GET /manage/excel?&acptAt=20201029000000,20201029235959 HTTP/1.1" 4593 (1113 ms)
[06/Nov/2020:12:13:41 +0900] 0:0:0:0:0:0:0:1 200 "POST /manage/posts HTTP/1.1" 4953 (21 ms)
[06/Nov/2020:12:13:42 +0900] 0:0:0:0:0:0:0:1 200 "POST /manage/posts HTTP/1.1" 4949 (20 ms)
[06/Nov/2020:12:13:42 +0900] 0:0:0:0:0:0:0:1 200 "POST /manage/posts HTTP/1.1" 4949 (17 ms)
[06/Nov/2020:12:13:50 +0900] 0:0:0:0:0:0:0:1 200 "POST /manage/posts HTTP/1.1" 4953 (23 ms)
[06/Nov/2020:12:13:51 +0900] 0:0:0:0:0:0:0:1 200 "POST /manage/posts HTTP/1.1" 4949 (18 ms)
[06/Nov/2020:12:13:51 +0900] 0:0:0:0:0:0:0:1 200 "POST /manage/posts HTTP/1.1" 4949 (19 ms)
[06/Nov/2020:12:13:57 +0900] 0:0:0:0:0:0:0:1 200 "POST /manage/posts HTTP/1.1" 4945 (20 ms)
[06/Nov/2020:12:13:59 +0900] 0:0:0:0:0:0:0:1 200 "POST /manage/posts HTTP/1.1" 4941 (21 ms)
[06/Nov/2020:12:14:09 +0900] 0:0:0:0:0:0:0:1 200 "POST /manage/posts HTTP/1.1" 940 (17 ms)
[06/Nov/2020:12:14:13 +0900] 0:0:0:0:0:0:0:1 200 "POST /manage/posts HTTP/1.1" 633 (17 ms)
[06/Nov/2020:12:14:15 +0900] 0:0:0:0:0:0:0:1 200 "GET /manage/excel?mutual=%EC%83%81%ED%98%B8&acptAt=20201026000000,20201026235959 HTTP/1.1" 3567 (35 ms)
[06/Nov/2020:12:14:42 +0900] 0:0:0:0:0:0:0:1 200 "POST /manage/posts HTTP/1.1" 940 (26 ms)
[06/Nov/2020:12:14:44 +0900] 0:0:0:0:0:0:0:1 200 "GET /manage/excel?mutual=&acptAt=20201026000000,20201026235959 HTTP/1.1" 3638 (42 ms)
[06/Nov/2020:19:06:07 +0900] 0:0:0:0:0:0:0:1 200 "GET /login HTTP/1.1" 2351 (171 ms)
[06/Nov/2020:19:06:07 +0900] 0:0:0:0:0:0:0:1 304 "GET /img/logo.png HTTP/1.1" - (24 ms)
[06/Nov/2020:19:06:07 +0900] 0:0:0:0:0:0:0:1 304 "GET /img/auth_bg.jpg HTTP/1.1" - (2 ms)
[06/Nov/2020:19:06:10 +0900] 0:0:0:0:0:0:0:1 302 "POST /loginProc HTTP/1.1" - (100 ms)
[06/Nov/2020:19:06:10 +0900] 0:0:0:0:0:0:0:1 200 "GET /manage/ HTTP/1.1" 24996 (7 ms)
[06/Nov/2020:19:06:10 +0900] 0:0:0:0:0:0:0:1 200 "GET /lib/bootstrap/vendor/fontawesome-free/css/all.min.css HTTP/1.1" 58935 (5 ms)
[06/Nov/2020:19:06:10 +0900] 0:0:0:0:0:0:0:1 200 "GET /lib/bootstrap/vendor/jquery-easing/jquery.easing.min.js HTTP/1.1" 2532 (3 ms)
[06/Nov/2020:19:06:10 +0900] 0:0:0:0:0:0:0:1 200 "GET /lib/bootstrap/vendor/jquery/jquery.min.js HTTP/1.1" 89476 (5 ms)
[06/Nov/2020:19:06:10 +0900] 0:0:0:0:0:0:0:1 200 "GET /lib/bootstrap/css/sb-admin-2.min.css HTTP/1.1" 169306 (7 ms)
[06/Nov/2020:19:06:10 +0900] 0:0:0:0:0:0:0:1 200 "GET /lib/bootstrap/js/sb-admin-2.min.js HTTP/1.1" 1266 (6 ms)
[06/Nov/2020:19:06:10 +0900] 0:0:0:0:0:0:0:1 200 "GET /lib/bootstrap/vendor/bootstrap/js/bootstrap.bundle.min.js HTTP/1.1" 81084 (7 ms)
[06/Nov/2020:19:06:10 +0900] 0:0:0:0:0:0:0:1 200 "GET /lib/datepicker/css/bootstrap-datepicker.min.css HTTP/1.1" 15731 (4 ms)
[06/Nov/2020:19:06:10 +0900] 0:0:0:0:0:0:0:1 200 "GET /lib/bootstrap/js/jquery-3.5.1.min.js HTTP/1.1" 89476 (6 ms)
[06/Nov/2020:19:06:10 +0900] 0:0:0:0:0:0:0:1 200 "GET /lib/datepicker/js/bootstrap-datepicker.ko.min.js HTTP/1.1" 532 (3 ms)
[06/Nov/2020:19:06:10 +0900] 0:0:0:0:0:0:0:1 200 "GET /lib/bootstrap/vendor/datatables/dataTables.bootstrap4.min.js HTTP/1.1" 2094 (3 ms)
[06/Nov/2020:19:06:10 +0900] 0:0:0:0:0:0:0:1 200 "GET /lib/datepicker/js/bootstrap-datepicker.min.js HTTP/1.1" 33693 (5 ms)
[06/Nov/2020:19:06:10 +0900] 0:0:0:0:0:0:0:1 200 "GET /lib/bootstrap/vendor/datatables/jquery.dataTables.min.js HTTP/1.1" 82867 (5 ms)
[06/Nov/2020:19:06:10 +0900] 0:0:0:0:0:0:0:1 304 "GET /img/excel_down.png HTTP/1.1" - (1 ms)
[06/Nov/2020:19:06:10 +0900] 0:0:0:0:0:0:0:1 200 "GET /lib/bootstrap/vendor/fontawesome-free/webfonts/fa-solid-900.woff2 HTTP/1.1" 80328 (11 ms)
[06/Nov/2020:19:06:11 +0900] 0:0:0:0:0:0:0:1 200 "POST /manage/posts HTTP/1.1" 4953 (28 ms)
[06/Nov/2020:19:06:12 +0900] 0:0:0:0:0:0:0:1 200 "POST /manage/posts HTTP/1.1" 4949 (18 ms)
[06/Nov/2020:19:06:12 +0900] 0:0:0:0:0:0:0:1 200 "POST /manage/posts HTTP/1.1" 4949 (21 ms)
[06/Nov/2020:19:08:10 +0900] 0:0:0:0:0:0:0:1 200 "GET /login HTTP/1.1" 2351 (4 ms)
[06/Nov/2020:19:08:24 +0900] 0:0:0:0:0:0:0:1 302 "POST /loginProc HTTP/1.1" - (83 ms)
[06/Nov/2020:19:08:24 +0900] 0:0:0:0:0:0:0:1 200 "GET /manage/ HTTP/1.1" 24996 (4 ms)
[06/Nov/2020:19:08:24 +0900] 0:0:0:0:0:0:0:1 200 "GET /lib/bootstrap/vendor/fontawesome-free/css/all.min.css HTTP/1.1" 58935 (5 ms)
[06/Nov/2020:19:08:24 +0900] 0:0:0:0:0:0:0:1 200 "GET /lib/bootstrap/js/sb-admin-2.min.js HTTP/1.1" 1266 (2 ms)
[06/Nov/2020:19:08:24 +0900] 0:0:0:0:0:0:0:1 200 "GET /lib/bootstrap/vendor/jquery-easing/jquery.easing.min.js HTTP/1.1" 2532 (4 ms)
[06/Nov/2020:19:08:24 +0900] 0:0:0:0:0:0:0:1 200 "GET /lib/bootstrap/css/sb-admin-2.min.css HTTP/1.1" 169306 (6 ms)
[06/Nov/2020:19:08:24 +0900] 0:0:0:0:0:0:0:1 200 "GET /lib/bootstrap/vendor/bootstrap/js/bootstrap.bundle.min.js HTTP/1.1" 81084 (6 ms)
[06/Nov/2020:19:08:24 +0900] 0:0:0:0:0:0:0:1 200 "GET /lib/bootstrap/vendor/jquery/jquery.min.js HTTP/1.1" 89476 (6 ms)
[06/Nov/2020:19:08:24 +0900] 0:0:0:0:0:0:0:1 200 "GET /lib/datepicker/css/bootstrap-datepicker.min.css HTTP/1.1" 15731 (3 ms)
[06/Nov/2020:19:08:24 +0900] 0:0:0:0:0:0:0:1 200 "GET /lib/bootstrap/vendor/datatables/dataTables.bootstrap4.min.js HTTP/1.1" 2094 (3 ms)
[06/Nov/2020:19:08:24 +0900] 0:0:0:0:0:0:0:1 200 "GET /lib/datepicker/js/bootstrap-datepicker.ko.min.js HTTP/1.1" 532 (4 ms)
[06/Nov/2020:19:08:24 +0900] 0:0:0:0:0:0:0:1 200 "GET /lib/bootstrap/js/jquery-3.5.1.min.js HTTP/1.1" 89476 (6 ms)
[06/Nov/2020:19:08:24 +0900] 0:0:0:0:0:0:0:1 200 "GET /lib/bootstrap/vendor/datatables/jquery.dataTables.min.js HTTP/1.1" 82867 (5 ms)
[06/Nov/2020:19:08:24 +0900] 0:0:0:0:0:0:0:1 200 "GET /lib/datepicker/js/bootstrap-datepicker.min.js HTTP/1.1" 33693 (7 ms)
[06/Nov/2020:19:08:24 +0900] 0:0:0:0:0:0:0:1 200 "GET /lib/bootstrap/vendor/fontawesome-free/webfonts/fa-solid-900.woff2 HTTP/1.1" 80328 (3 ms)
[06/Nov/2020:19:08:24 +0900] 0:0:0:0:0:0:0:1 200 "POST /manage/posts HTTP/1.1" 4953 (16 ms)
[06/Nov/2020:19:08:36 +0900] 0:0:0:0:0:0:0:1 200 "GET /manage/excel? HTTP/1.1" 4705 (66 ms)
[06/Nov/2020:19:12:31 +0900] 0:0:0:0:0:0:0:1 200 "POST /manage/posts HTTP/1.1" 4949 (20 ms)
[06/Nov/2020:19:12:31 +0900] 0:0:0:0:0:0:0:1 200 "POST /manage/posts HTTP/1.1" 4949 (18 ms)
