[09/Nov/2020:16:08:07 +0900] 0:0:0:0:0:0:0:1 302 "GET /manage/ HTTP/1.1" - (83 ms)
[09/Nov/2020:16:08:07 +0900] 0:0:0:0:0:0:0:1 200 "GET /login HTTP/1.1" 2351 (115 ms)
[09/Nov/2020:16:08:07 +0900] 0:0:0:0:0:0:0:1 304 "GET /img/logo.png HTTP/1.1" - (17 ms)
[09/Nov/2020:16:08:07 +0900] 0:0:0:0:0:0:0:1 304 "GET /img/auth_bg.jpg HTTP/1.1" - (2 ms)
[09/Nov/2020:16:08:09 +0900] 0:0:0:0:0:0:0:1 302 "POST /loginProc HTTP/1.1" - (297 ms)
[09/Nov/2020:16:08:09 +0900] 0:0:0:0:0:0:0:1 200 "GET /manage/ HTTP/1.1" 24989 (482 ms)
[09/Nov/2020:16:08:09 +0900] 0:0:0:0:0:0:0:1 200 "GET /lib/bootstrap/js/sb-admin-2.min.js HTTP/1.1" 1266 (12 ms)
[09/Nov/2020:16:08:09 +0900] 0:0:0:0:0:0:0:1 200 "GET /lib/bootstrap/vendor/jquery-easing/jquery.easing.min.js HTTP/1.1" 2532 (12 ms)
[09/Nov/2020:16:08:09 +0900] 0:0:0:0:0:0:0:1 200 "GET /lib/bootstrap/vendor/fontawesome-free/css/all.min.css HTTP/1.1" 58935 (15 ms)
[09/Nov/2020:16:08:09 +0900] 0:0:0:0:0:0:0:1 200 "GET /lib/bootstrap/vendor/bootstrap/js/bootstrap.bundle.min.js HTTP/1.1" 81084 (14 ms)
[09/Nov/2020:16:08:09 +0900] 0:0:0:0:0:0:0:1 200 "GET /lib/bootstrap/vendor/jquery/jquery.min.js HTTP/1.1" 89476 (14 ms)
[09/Nov/2020:16:08:09 +0900] 0:0:0:0:0:0:0:1 200 "GET /lib/bootstrap/css/sb-admin-2.min.css HTTP/1.1" 169306 (16 ms)
[09/Nov/2020:16:08:09 +0900] 0:0:0:0:0:0:0:1 200 "GET /lib/bootstrap/js/jquery-3.5.1.min.js HTTP/1.1" 89476 (6 ms)
[09/Nov/2020:16:08:10 +0900] 0:0:0:0:0:0:0:1 200 "GET /lib/datepicker/css/bootstrap-datepicker.min.css HTTP/1.1" 15731 (5 ms)
[09/Nov/2020:16:08:10 +0900] 0:0:0:0:0:0:0:1 200 "GET /lib/datepicker/js/bootstrap-datepicker.ko.min.js HTTP/1.1" 532 (4 ms)
[09/Nov/2020:16:08:10 +0900] 0:0:0:0:0:0:0:1 200 "GET /lib/bootstrap/vendor/datatables/dataTables.bootstrap4.min.js HTTP/1.1" 2094 (4 ms)
[09/Nov/2020:16:08:10 +0900] 0:0:0:0:0:0:0:1 200 "GET /lib/datepicker/js/bootstrap-datepicker.min.js HTTP/1.1" 33693 (5 ms)
[09/Nov/2020:16:08:10 +0900] 0:0:0:0:0:0:0:1 200 "GET /lib/bootstrap/vendor/datatables/jquery.dataTables.min.js HTTP/1.1" 82867 (5 ms)
[09/Nov/2020:16:08:10 +0900] 0:0:0:0:0:0:0:1 304 "GET /img/excel_down.png HTTP/1.1" - (2 ms)
[09/Nov/2020:16:08:10 +0900] 0:0:0:0:0:0:0:1 200 "GET /lib/bootstrap/vendor/fontawesome-free/webfonts/fa-solid-900.woff2 HTTP/1.1" 80328 (8 ms)
[09/Nov/2020:16:08:10 +0900] 0:0:0:0:0:0:0:1 200 "POST /manage/posts HTTP/1.1" 4953 (119 ms)
[09/Nov/2020:16:08:12 +0900] 0:0:0:0:0:0:0:1 200 "GET /lib/datepicker/css/bootstrap-datepicker.min.css HTTP/1.1" 15731 (3 ms)
[09/Nov/2020:16:08:12 +0900] 0:0:0:0:0:0:0:1 200 "GET /lib/bootstrap/vendor/fontawesome-free/css/all.min.css HTTP/1.1" 58935 (5 ms)
[09/Nov/2020:16:08:12 +0900] 0:0:0:0:0:0:0:1 200 "GET /lib/bootstrap/css/sb-admin-2.min.css HTTP/1.1" 169306 (5 ms)
[09/Nov/2020:16:08:12 +0900] 0:0:0:0:0:0:0:1 200 "GET /lib/bootstrap/vendor/bootstrap/js/bootstrap.bundle.min.js.map HTTP/1.1" 315300 (26 ms)
[09/Nov/2020:17:37:22 +0900] 0:0:0:0:0:0:0:1 302 "GET / HTTP/1.1" - (31 ms)
[09/Nov/2020:17:37:22 +0900] 0:0:0:0:0:0:0:1 200 "GET /login HTTP/1.1" 2351 (28 ms)
