[28/Oct/2020:09:38:40 +0900] 0:0:0:0:0:0:0:1 302 "GET / HTTP/1.1" - (13 ms)
[28/Oct/2020:09:38:40 +0900] 0:0:0:0:0:0:0:1 200 "GET /login HTTP/1.1" 1406 (2 ms)
[28/Oct/2020:09:38:46 +0900] 0:0:0:0:0:0:0:1 200 "POST /login HTTP/1.1" 855 (205 ms)
[28/Oct/2020:09:38:46 +0900] 0:0:0:0:0:0:0:1 404 "GET /css/sb-admin-2.min.css HTTP/1.1" 155 (67 ms)
[28/Oct/2020:09:38:46 +0900] 0:0:0:0:0:0:0:1 404 "GET /vendor/fontawesome-free/css/all.min.css HTTP/1.1" 172 (68 ms)
[28/Oct/2020:09:38:52 +0900] 0:0:0:0:0:0:0:1 200 "GET /login HTTP/1.1" 1406 (1 ms)
[28/Oct/2020:09:38:53 +0900] 0:0:0:0:0:0:0:1 404 "GET / HTTP/1.1" 306 (18 ms)
[28/Oct/2020:09:39:03 +0900] 0:0:0:0:0:0:0:1 404 "GET / HTTP/1.1" 306 (8 ms)
[28/Oct/2020:09:39:26 +0900] 0:0:0:0:0:0:0:1 404 "GET /resources/static/lib/bootstrap/css/sb-admin-2.css HTTP/1.1" 306 (12 ms)
[28/Oct/2020:09:39:26 +0900] 0:0:0:0:0:0:0:1 404 "GET /favicon.ico HTTP/1.1" 144 (23 ms)
[28/Oct/2020:09:39:34 +0900] 0:0:0:0:0:0:0:1 404 "GET /static/lib/bootstrap/css/sb-admin-2.css HTTP/1.1" 306 (9 ms)
[28/Oct/2020:09:39:34 +0900] 0:0:0:0:0:0:0:1 404 "GET /favicon.ico HTTP/1.1" 144 (4 ms)
[28/Oct/2020:09:39:45 +0900] 0:0:0:0:0:0:0:1 403 "POST /login HTTP/1.1" 295 (8 ms)
[28/Oct/2020:09:39:47 +0900] 0:0:0:0:0:0:0:1 200 "GET /login HTTP/1.1" 1406 (2 ms)
[28/Oct/2020:09:39:51 +0900] 0:0:0:0:0:0:0:1 200 "POST /login HTTP/1.1" 855 (85 ms)
[28/Oct/2020:09:39:51 +0900] 0:0:0:0:0:0:0:1 404 "GET /vendor/fontawesome-free/css/all.min.css HTTP/1.1" 172 (5 ms)
[28/Oct/2020:09:39:51 +0900] 0:0:0:0:0:0:0:1 404 "GET /css/sb-admin-2.min.css HTTP/1.1" 155 (4 ms)
[28/Oct/2020:09:39:56 +0900] 0:0:0:0:0:0:0:1 404 "GET / HTTP/1.1" 306 (8 ms)
[28/Oct/2020:09:40:06 +0900] 0:0:0:0:0:0:0:1 404 "GET / HTTP/1.1" 306 (9 ms)
[28/Oct/2020:09:40:10 +0900] 0:0:0:0:0:0:0:1 404 "GET / HTTP/1.1" 306 (7 ms)
[28/Oct/2020:09:40:13 +0900] 0:0:0:0:0:0:0:1 404 "GET / HTTP/1.1" 306 (8 ms)
[28/Oct/2020:09:40:15 +0900] 0:0:0:0:0:0:0:1 404 "GET / HTTP/1.1" 306 (8 ms)
[28/Oct/2020:09:40:15 +0900] 0:0:0:0:0:0:0:1 200 "GET /manage/ HTTP/1.1" 855 (6 ms)
[28/Oct/2020:09:40:15 +0900] 0:0:0:0:0:0:0:1 404 "GET /manage/vendor/fontawesome-free/css/all.min.css HTTP/1.1" 179 (5 ms)
[28/Oct/2020:09:40:15 +0900] 0:0:0:0:0:0:0:1 404 "GET /css/sb-admin-2.min.css HTTP/1.1" 155 (3 ms)
[28/Oct/2020:09:41:21 +0900] 0:0:0:0:0:0:0:1 302 "GET /manage/ HTTP/1.1" - (63 ms)
[28/Oct/2020:09:41:21 +0900] 0:0:0:0:0:0:0:1 200 "GET /login HTTP/1.1" 1406 (4 ms)
[28/Oct/2020:09:41:23 +0900] 0:0:0:0:0:0:0:1 200 "GET /login HTTP/1.1" 1406 (1 ms)
[28/Oct/2020:09:41:28 +0900] 0:0:0:0:0:0:0:1 200 "GET /login HTTP/1.1" 1406 (1 ms)
[28/Oct/2020:09:41:33 +0900] 0:0:0:0:0:0:0:1 200 "POST /login HTTP/1.1" 876 (679 ms)
[28/Oct/2020:09:41:33 +0900] 0:0:0:0:0:0:0:1 404 "GET /resources/static/lib/css/sb-admin-2.min.css HTTP/1.1" 176 (61 ms)
[28/Oct/2020:09:41:33 +0900] 0:0:0:0:0:0:0:1 404 "GET /vendor/fontawesome-free/css/all.min.css HTTP/1.1" 172 (63 ms)
[28/Oct/2020:09:43:35 +0900] 0:0:0:0:0:0:0:1 302 "POST /login HTTP/1.1" - (57 ms)
[28/Oct/2020:09:43:36 +0900] 0:0:0:0:0:0:0:1 200 "GET /login HTTP/1.1" 1406 (4 ms)
[28/Oct/2020:09:43:41 +0900] 0:0:0:0:0:0:0:1 200 "POST /login HTTP/1.1" 887 (730 ms)
[28/Oct/2020:09:43:41 +0900] 0:0:0:0:0:0:0:1 404 "GET /vendor/fontawesome-free/css/all.min.css HTTP/1.1" 172 (54 ms)
[28/Oct/2020:09:43:41 +0900] 0:0:0:0:0:0:0:1 404 "GET /resources/static/lib/css/sb-admin-2.min.css HTTP/1.1" 176 (53 ms)
[28/Oct/2020:09:44:25 +0900] 0:0:0:0:0:0:0:1 404 "GET /resources/static/lib/css/sb-admin-2.min.css HTTP/1.1" 176 (6 ms)
[28/Oct/2020:09:47:33 +0900] 0:0:0:0:0:0:0:1 404 "GET /vendor/fontawesome-free/css/all.min.css HTTP/1.1" 306 (17 ms)
[28/Oct/2020:09:47:33 +0900] 0:0:0:0:0:0:0:1 404 "GET /favicon.ico HTTP/1.1" 144 (20 ms)
[28/Oct/2020:09:48:35 +0900] 0:0:0:0:0:0:0:1 404 "GET /banner.txt HTTP/1.1" 306 (10 ms)
[28/Oct/2020:09:48:35 +0900] 0:0:0:0:0:0:0:1 404 "GET /favicon.ico HTTP/1.1" 144 (4 ms)
[28/Oct/2020:09:48:50 +0900] 0:0:0:0:0:0:0:1 404 "GET /resources.banner.txt HTTP/1.1" 306 (8 ms)
[28/Oct/2020:09:48:50 +0900] 0:0:0:0:0:0:0:1 404 "GET /favicon.ico HTTP/1.1" 144 (4 ms)
[28/Oct/2020:09:48:55 +0900] 0:0:0:0:0:0:0:1 404 "GET /resources/banner.txt HTTP/1.1" 306 (7 ms)
[28/Oct/2020:09:48:55 +0900] 0:0:0:0:0:0:0:1 404 "GET /favicon.ico HTTP/1.1" 144 (3 ms)
[28/Oct/2020:09:59:51 +0900] 0:0:0:0:0:0:0:1 302 "GET /resources.banner.txt HTTP/1.1" - (61 ms)
[28/Oct/2020:09:59:51 +0900] 0:0:0:0:0:0:0:1 200 "GET /login HTTP/1.1" 1406 (4 ms)
[28/Oct/2020:09:59:58 +0900] 0:0:0:0:0:0:0:1 200 "POST /login HTTP/1.1" 875 (686 ms)
[28/Oct/2020:09:59:58 +0900] 0:0:0:0:0:0:0:1 404 "GET /vendor/fontawesome-free/css/all.min.css HTTP/1.1" 172 (51 ms)
[28/Oct/2020:09:59:58 +0900] 0:0:0:0:0:0:0:1 404 "GET /resources/static/lib/css/sb-admin-2.min.css HTTP/1.1" 176 (50 ms)
[28/Oct/2020:10:00:53 +0900] 0:0:0:0:0:0:0:1 302 "POST /login HTTP/1.1" - (57 ms)
[28/Oct/2020:10:00:54 +0900] 0:0:0:0:0:0:0:1 200 "GET /login HTTP/1.1" 1406 (3 ms)
[28/Oct/2020:10:00:58 +0900] 0:0:0:0:0:0:0:1 200 "POST /login HTTP/1.1" 885 (714 ms)
[28/Oct/2020:10:00:58 +0900] 0:0:0:0:0:0:0:1 404 "GET /vendor/fontawesome-free/css/all.min.css HTTP/1.1" 172 (70 ms)
[28/Oct/2020:10:00:58 +0900] 0:0:0:0:0:0:0:1 404 "GET /resources/static/lib/bootstrap/css/sb-admin-2.min.css HTTP/1.1" 186 (68 ms)
[28/Oct/2020:10:02:51 +0900] 0:0:0:0:0:0:0:1 404 "GET / HTTP/1.1" 306 (15 ms)
[28/Oct/2020:10:02:55 +0900] 0:0:0:0:0:0:0:1 404 "GET /resources.banner.txt HTTP/1.1" 306 (8 ms)
[28/Oct/2020:10:02:58 +0900] 0:0:0:0:0:0:0:1 404 "GET /resources.banner.txt HTTP/1.1" 306 (8 ms)
[28/Oct/2020:10:03:00 +0900] 0:0:0:0:0:0:0:1 404 "GET /resources/banner.txt HTTP/1.1" 306 (9 ms)
[28/Oct/2020:10:05:37 +0900] 0:0:0:0:0:0:0:1 302 "POST /login HTTP/1.1" - (56 ms)
[28/Oct/2020:10:05:39 +0900] 0:0:0:0:0:0:0:1 200 "GET /login HTTP/1.1" 1406 (4 ms)
[28/Oct/2020:10:05:42 +0900] 0:0:0:0:0:0:0:1 200 "POST /login HTTP/1.1" 886 (698 ms)
[28/Oct/2020:10:05:42 +0900] 0:0:0:0:0:0:0:1 404 "GET /resources/static/lib/bootstrap/css/sb-admin-2.min.css HTTP/1.1" 186 (58 ms)
[28/Oct/2020:10:05:42 +0900] 0:0:0:0:0:0:0:1 404 "GET /vendor/fontawesome-free/css/all.min.css HTTP/1.1" 172 (61 ms)
[28/Oct/2020:10:06:37 +0900] 0:0:0:0:0:0:0:1 404 "GET /src/main/resources/static/lib/css/sb-admin-2.css HTTP/1.1" 306 (15 ms)
[28/Oct/2020:10:06:37 +0900] 0:0:0:0:0:0:0:1 404 "GET /favicon.ico HTTP/1.1" 144 (21 ms)
[28/Oct/2020:10:32:44 +0900] 0:0:0:0:0:0:0:1 404 "GET /resources/static/temp.html HTTP/1.1" 306 (12 ms)
[28/Oct/2020:10:32:44 +0900] 0:0:0:0:0:0:0:1 404 "GET /favicon.ico HTTP/1.1" 144 (3 ms)
[28/Oct/2020:10:33:17 +0900] 0:0:0:0:0:0:0:1 302 "GET / HTTP/1.1" - (64 ms)
[28/Oct/2020:10:33:17 +0900] 0:0:0:0:0:0:0:1 200 "GET /login HTTP/1.1" 1406 (4 ms)
[28/Oct/2020:10:33:22 +0900] 0:0:0:0:0:0:0:1 200 "POST /login HTTP/1.1" 886 (350 ms)
[28/Oct/2020:10:33:22 +0900] 0:0:0:0:0:0:0:1 404 "GET /vendor/fontawesome-free/css/all.min.css HTTP/1.1" 172 (64 ms)
[28/Oct/2020:10:33:22 +0900] 0:0:0:0:0:0:0:1 404 "GET /resources/static/lib/bootstrap/css/sb-admin-2.min.css HTTP/1.1" 186 (62 ms)
[28/Oct/2020:10:33:24 +0900] 0:0:0:0:0:0:0:1 200 "GET /login HTTP/1.1" 1406 (1 ms)
[28/Oct/2020:10:33:25 +0900] 0:0:0:0:0:0:0:1 404 "GET / HTTP/1.1" 306 (15 ms)
[28/Oct/2020:10:33:25 +0900] 0:0:0:0:0:0:0:1 200 "GET /manage/ HTTP/1.1" 886 (5 ms)
[28/Oct/2020:10:33:25 +0900] 0:0:0:0:0:0:0:1 404 "GET /manage/vendor/fontawesome-free/css/all.min.css HTTP/1.1" 179 (3 ms)
[28/Oct/2020:10:33:25 +0900] 0:0:0:0:0:0:0:1 404 "GET /resources/static/lib/bootstrap/css/sb-admin-2.min.css HTTP/1.1" 186 (4 ms)
[28/Oct/2020:10:33:33 +0900] 0:0:0:0:0:0:0:1 404 "GET /manage/resources/static/temp.html HTTP/1.1" 306 (9 ms)
[28/Oct/2020:10:33:33 +0900] 0:0:0:0:0:0:0:1 404 "GET /favicon.ico HTTP/1.1" 144 (22 ms)
[28/Oct/2020:10:33:37 +0900] 0:0:0:0:0:0:0:1 404 "GET /resources/static/temp.html HTTP/1.1" 306 (8 ms)
[28/Oct/2020:10:35:37 +0900] 0:0:0:0:0:0:0:1 404 "GET /manage/resources/static/temp.html HTTP/1.1" 306 (10 ms)
[28/Oct/2020:10:35:50 +0900] 0:0:0:0:0:0:0:1 404 "GET /resources/static/temp.html HTTP/1.1" 306 (7 ms)
[28/Oct/2020:10:44:41 +0900] 0:0:0:0:0:0:0:1 302 "GET /resources/static/temp.html HTTP/1.1" - (79 ms)
[28/Oct/2020:10:44:41 +0900] 0:0:0:0:0:0:0:1 200 "GET /login HTTP/1.1" 1406 (6 ms)
[28/Oct/2020:10:44:50 +0900] 0:0:0:0:0:0:0:1 200 "POST /login HTTP/1.1" 886 (320 ms)
[28/Oct/2020:10:44:50 +0900] 0:0:0:0:0:0:0:1 404 "GET /resources/static/lib/bootstrap/css/sb-admin-2.min.css HTTP/1.1" 306 (25 ms)
[28/Oct/2020:10:44:50 +0900] 0:0:0:0:0:0:0:1 404 "GET /vendor/fontawesome-free/css/all.min.css HTTP/1.1" 306 (26 ms)
[28/Oct/2020:10:45:25 +0900] 0:0:0:0:0:0:0:1 404 "GET /lib/bootstrap/css/sb-admin2-.css HTTP/1.1" 306 (12 ms)
[28/Oct/2020:10:45:25 +0900] 0:0:0:0:0:0:0:1 404 "GET /favicon.ico HTTP/1.1" 144 (70 ms)
[28/Oct/2020:10:45:29 +0900] 0:0:0:0:0:0:0:1 404 "GET /lib/bootstrap/css/sb-admin-2.css HTTP/1.1" 306 (8 ms)
[28/Oct/2020:10:45:29 +0900] 0:0:0:0:0:0:0:1 404 "GET /favicon.ico HTTP/1.1" 144 (4 ms)
[28/Oct/2020:10:58:36 +0900] 0:0:0:0:0:0:0:1 302 "GET /lib/bootstrap/css/sb-admin-2.css HTTP/1.1" - (72 ms)
[28/Oct/2020:10:58:36 +0900] 0:0:0:0:0:0:0:1 200 "GET /login HTTP/1.1" 1406 (4 ms)
[28/Oct/2020:11:00:32 +0900] 0:0:0:0:0:0:0:1 200 "POST /login HTTP/1.1" 886 (330 ms)
[28/Oct/2020:11:00:32 +0900] 0:0:0:0:0:0:0:1 404 "GET /vendor/fontawesome-free/css/all.min.css HTTP/1.1" 172 (64 ms)
[28/Oct/2020:11:00:32 +0900] 0:0:0:0:0:0:0:1 404 "GET /resources/static/lib/bootstrap/css/sb-admin-2.min.css HTTP/1.1" 186 (61 ms)
[28/Oct/2020:11:00:44 +0900] 0:0:0:0:0:0:0:1 200 "GET /lib/bootstrap/css/sb-admin-2.css HTTP/1.1" 209525 (8 ms)
[28/Oct/2020:11:01:32 +0900] 0:0:0:0:0:0:0:1 302 "GET /lib/bootstrap/css/sb-admin-2.css HTTP/1.1" - (97 ms)
[28/Oct/2020:11:01:32 +0900] 0:0:0:0:0:0:0:1 200 "GET /login HTTP/1.1" 1406 (3 ms)
[28/Oct/2020:11:01:37 +0900] 0:0:0:0:0:0:0:1 200 "POST /login HTTP/1.1" 883 (688 ms)
[28/Oct/2020:11:01:37 +0900] 0:0:0:0:0:0:0:1 200 "GET /lib/bootstrap/css/sb-admin-2.min.css HTTP/1.1" 169306 (18 ms)
[28/Oct/2020:11:01:37 +0900] 0:0:0:0:0:0:0:1 404 "GET /lib/botstrap/vendor/fontawesome-free/css/all.min.css HTTP/1.1" 185 (63 ms)
[28/Oct/2020:11:05:28 +0900] 0:0:0:0:0:0:0:1 302 "POST /login HTTP/1.1" - (55 ms)
[28/Oct/2020:11:05:28 +0900] 0:0:0:0:0:0:0:1 200 "GET /login HTTP/1.1" 1406 (4 ms)
[28/Oct/2020:11:05:33 +0900] 0:0:0:0:0:0:0:1 200 "POST /login HTTP/1.1" 5710 (754 ms)
[28/Oct/2020:11:05:33 +0900] 0:0:0:0:0:0:0:1 200 "GET /lib/bootstrap/vendor/jquery-easing/jquery.easing.min.js HTTP/1.1" 2532 (13 ms)
[28/Oct/2020:11:05:33 +0900] 0:0:0:0:0:0:0:1 200 "GET /lib/bootstrap/js/sb-admin-2.min.js HTTP/1.1" 1266 (13 ms)
[28/Oct/2020:11:05:33 +0900] 0:0:0:0:0:0:0:1 200 "GET /lib/bootstrap/vendor/fontawesome-free/css/all.min.css HTTP/1.1" 58935 (21 ms)
[28/Oct/2020:11:05:33 +0900] 0:0:0:0:0:0:0:1 200 "GET /lib/bootstrap/vendor/jquery/jquery.min.js HTTP/1.1" 89476 (14 ms)
[28/Oct/2020:11:05:33 +0900] 0:0:0:0:0:0:0:1 200 "GET /lib/bootstrap/vendor/bootstrap/js/bootstrap.bundle.min.js HTTP/1.1" 81084 (14 ms)
[28/Oct/2020:11:05:33 +0900] 0:0:0:0:0:0:0:1 200 "GET /lib/bootstrap/css/sb-admin-2.min.css HTTP/1.1" 169306 (18 ms)
[28/Oct/2020:11:05:33 +0900] 0:0:0:0:0:0:0:1 200 "GET /lib/bootstrap/js/demo/chart-pie-demo.js HTTP/1.1" 1057 (4 ms)
[28/Oct/2020:11:05:33 +0900] 0:0:0:0:0:0:0:1 200 "GET /lib/bootstrap/js/demo/chart-area-demo.js HTTP/1.1" 3569 (4 ms)
[28/Oct/2020:11:05:33 +0900] 0:0:0:0:0:0:0:1 200 "GET /lib/bootstrap/vendor/chart.js/Chart.min.js HTTP/1.1" 172812 (8 ms)
[28/Oct/2020:11:05:33 +0900] 0:0:0:0:0:0:0:1 200 "GET /lib/bootstrap/vendor/bootstrap/js/bootstrap.bundle.min.js.map HTTP/1.1" 315300 (25 ms)
[28/Oct/2020:11:05:33 +0900] 0:0:0:0:0:0:0:1 200 "GET /lib/bootstrap/vendor/fontawesome-free/webfonts/fa-solid-900.woff2 HTTP/1.1" 80328 (4 ms)
[28/Oct/2020:11:11:54 +0900] 0:0:0:0:0:0:0:1 302 "POST /login HTTP/1.1" - (56 ms)
[28/Oct/2020:11:11:56 +0900] 0:0:0:0:0:0:0:1 200 "GET /login HTTP/1.1" 1406 (4 ms)
[28/Oct/2020:11:11:59 +0900] 0:0:0:0:0:0:0:1 200 "POST /login HTTP/1.1" 6183 (816 ms)
[28/Oct/2020:11:11:59 +0900] 0:0:0:0:0:0:0:1 200 "GET /lib/bootstrap/vendor/jquery-easing/jquery.easing.min.js HTTP/1.1" 2532 (15 ms)
[28/Oct/2020:11:11:59 +0900] 0:0:0:0:0:0:0:1 200 "GET /lib/bootstrap/js/sb-admin-2.min.js HTTP/1.1" 1266 (14 ms)
[28/Oct/2020:11:11:59 +0900] 0:0:0:0:0:0:0:1 200 "GET /lib/bootstrap/vendor/bootstrap/js/bootstrap.bundle.min.js HTTP/1.1" 81084 (17 ms)
[28/Oct/2020:11:11:59 +0900] 0:0:0:0:0:0:0:1 200 "GET /lib/bootstrap/vendor/fontawesome-free/css/all.min.css HTTP/1.1" 58935 (26 ms)
[28/Oct/2020:11:11:59 +0900] 0:0:0:0:0:0:0:1 200 "GET /lib/bootstrap/vendor/jquery/jquery.min.js HTTP/1.1" 89476 (18 ms)
[28/Oct/2020:11:11:59 +0900] 0:0:0:0:0:0:0:1 200 "GET /lib/bootstrap/css/sb-admin-2.min.css HTTP/1.1" 169306 (20 ms)
[28/Oct/2020:11:11:59 +0900] 0:0:0:0:0:0:0:1 200 "GET /lib/bootstrap/js/demo/chart-area-demo.js HTTP/1.1" 3569 (5 ms)
[28/Oct/2020:11:11:59 +0900] 0:0:0:0:0:0:0:1 200 "GET /lib/bootstrap/js/demo/chart-pie-demo.js HTTP/1.1" 1057 (5 ms)
[28/Oct/2020:11:11:59 +0900] 0:0:0:0:0:0:0:1 200 "GET /lib/bootstrap/vendor/chart.js/Chart.min.js HTTP/1.1" 172812 (8 ms)
[28/Oct/2020:11:11:59 +0900] 0:0:0:0:0:0:0:1 200 "GET /lib/bootstrap/vendor/fontawesome-free/webfonts/fa-solid-900.woff2 HTTP/1.1" 80328 (5 ms)
[28/Oct/2020:11:12:00 +0900] 0:0:0:0:0:0:0:1 200 "GET /lib/bootstrap/vendor/bootstrap/js/bootstrap.bundle.min.js.map HTTP/1.1" 315300 (30 ms)
[28/Oct/2020:11:16:35 +0900] 0:0:0:0:0:0:0:1 302 "POST /login HTTP/1.1" - (67 ms)
[28/Oct/2020:11:16:38 +0900] 0:0:0:0:0:0:0:1 200 "GET /login HTTP/1.1" 1406 (4 ms)
[28/Oct/2020:11:16:46 +0900] 0:0:0:0:0:0:0:1 200 "POST /login HTTP/1.1" 14402 (731 ms)
[28/Oct/2020:11:16:46 +0900] 0:0:0:0:0:0:0:1 200 "GET /lib/bootstrap/vendor/jquery-easing/jquery.easing.min.js HTTP/1.1" 2532 (11 ms)
[28/Oct/2020:11:16:46 +0900] 0:0:0:0:0:0:0:1 200 "GET /lib/bootstrap/js/sb-admin-2.min.js HTTP/1.1" 1266 (11 ms)
[28/Oct/2020:11:16:46 +0900] 0:0:0:0:0:0:0:1 200 "GET /lib/bootstrap/vendor/fontawesome-free/css/all.min.css HTTP/1.1" 58935 (21 ms)
[28/Oct/2020:11:16:46 +0900] 0:0:0:0:0:0:0:1 200 "GET /lib/bootstrap/vendor/jquery/jquery.min.js HTTP/1.1" 89476 (12 ms)
[28/Oct/2020:11:16:46 +0900] 0:0:0:0:0:0:0:1 200 "GET /lib/bootstrap/vendor/bootstrap/js/bootstrap.bundle.min.js HTTP/1.1" 81084 (12 ms)
[28/Oct/2020:11:16:46 +0900] 0:0:0:0:0:0:0:1 200 "GET /lib/bootstrap/css/sb-admin-2.min.css HTTP/1.1" 169306 (14 ms)
[28/Oct/2020:11:16:46 +0900] 0:0:0:0:0:0:0:1 200 "GET /lib/bootstrap/js/demo/chart-area-demo.js HTTP/1.1" 3569 (4 ms)
[28/Oct/2020:11:16:46 +0900] 0:0:0:0:0:0:0:1 200 "GET /lib/bootstrap/js/demo/chart-pie-demo.js HTTP/1.1" 1057 (4 ms)
[28/Oct/2020:11:16:46 +0900] 0:0:0:0:0:0:0:1 200 "GET /lib/bootstrap/vendor/chart.js/Chart.min.js HTTP/1.1" 172812 (7 ms)
[28/Oct/2020:11:16:46 +0900] 0:0:0:0:0:0:0:1 200 "GET /lib/bootstrap/vendor/fontawesome-free/webfonts/fa-solid-900.woff2 HTTP/1.1" 80328 (3 ms)
[28/Oct/2020:11:16:46 +0900] 0:0:0:0:0:0:0:1 200 "GET /lib/bootstrap/vendor/bootstrap/js/bootstrap.bundle.min.js.map HTTP/1.1" 315300 (20 ms)
[28/Oct/2020:11:23:23 +0900] 0:0:0:0:0:0:0:1 302 "POST /login HTTP/1.1" - (58 ms)
[28/Oct/2020:11:23:24 +0900] 0:0:0:0:0:0:0:1 200 "GET /login HTTP/1.1" 1406 (5 ms)
[28/Oct/2020:11:23:29 +0900] 0:0:0:0:0:0:0:1 200 "POST /login HTTP/1.1" 29385 (836 ms)
[28/Oct/2020:11:23:29 +0900] 0:0:0:0:0:0:0:1 200 "GET /lib/bootstrap/js/sb-admin-2.min.js HTTP/1.1" 1266 (10 ms)
[28/Oct/2020:11:23:29 +0900] 0:0:0:0:0:0:0:1 200 "GET /lib/bootstrap/vendor/jquery-easing/jquery.easing.min.js HTTP/1.1" 2532 (10 ms)
[28/Oct/2020:11:23:29 +0900] 0:0:0:0:0:0:0:1 200 "GET /lib/bootstrap/vendor/bootstrap/js/bootstrap.bundle.min.js HTTP/1.1" 81084 (11 ms)
[28/Oct/2020:11:23:29 +0900] 0:0:0:0:0:0:0:1 200 "GET /lib/bootstrap/vendor/fontawesome-free/css/all.min.css HTTP/1.1" 58935 (22 ms)
[28/Oct/2020:11:23:29 +0900] 0:0:0:0:0:0:0:1 200 "GET /lib/bootstrap/vendor/jquery/jquery.min.js HTTP/1.1" 89476 (11 ms)
[28/Oct/2020:11:23:29 +0900] 0:0:0:0:0:0:0:1 200 "GET /lib/bootstrap/css/sb-admin-2.min.css HTTP/1.1" 169306 (17 ms)
[28/Oct/2020:11:23:29 +0900] 0:0:0:0:0:0:0:1 200 "GET /lib/bootstrap/js/demo/chart-pie-demo.js HTTP/1.1" 1057 (4 ms)
[28/Oct/2020:11:23:29 +0900] 0:0:0:0:0:0:0:1 200 "GET /lib/bootstrap/js/demo/chart-area-demo.js HTTP/1.1" 3569 (4 ms)
[28/Oct/2020:11:23:29 +0900] 0:0:0:0:0:0:0:1 200 "GET /lib/bootstrap/vendor/chart.js/Chart.min.js HTTP/1.1" 172812 (5 ms)
[28/Oct/2020:11:23:30 +0900] 0:0:0:0:0:0:0:1 200 "GET /lib/bootstrap/vendor/fontawesome-free/webfonts/fa-solid-900.woff2 HTTP/1.1" 80328 (4 ms)
[28/Oct/2020:11:23:30 +0900] 0:0:0:0:0:0:0:1 200 "GET /lib/bootstrap/vendor/bootstrap/js/bootstrap.bundle.min.js.map HTTP/1.1" 315300 (19 ms)
[28/Oct/2020:11:24:09 +0900] 0:0:0:0:0:0:0:1 403 "POST /login HTTP/1.1" 295 (17 ms)
[28/Oct/2020:11:24:14 +0900] 0:0:0:0:0:0:0:1 200 "GET /login HTTP/1.1" 1406 (1 ms)
[28/Oct/2020:11:24:16 +0900] 0:0:0:0:0:0:0:1 200 "POST /login HTTP/1.1" 29564 (141 ms)
[28/Oct/2020:11:24:16 +0900] 0:0:0:0:0:0:0:1 200 "GET /lib/bootstrap/vendor/fontawesome-free/css/all.min.css HTTP/1.1" 58935 (5 ms)
[28/Oct/2020:11:24:16 +0900] 0:0:0:0:0:0:0:1 200 "GET /lib/bootstrap/css/sb-admin-2.min.css HTTP/1.1" 169306 (5 ms)
[28/Oct/2020:11:24:16 +0900] 0:0:0:0:0:0:0:1 200 "GET /lib/bootstrap/vendor/jquery-easing/jquery.easing.min.js HTTP/1.1" 2532 (4 ms)
[28/Oct/2020:11:24:16 +0900] 0:0:0:0:0:0:0:1 200 "GET /lib/bootstrap/js/sb-admin-2.min.js HTTP/1.1" 1266 (3 ms)
[28/Oct/2020:11:24:16 +0900] 0:0:0:0:0:0:0:1 200 "GET /lib/bootstrap/vendor/jquery/jquery.min.js HTTP/1.1" 89476 (5 ms)
[28/Oct/2020:11:24:16 +0900] 0:0:0:0:0:0:0:1 200 "GET /lib/bootstrap/js/demo/chart-area-demo.js HTTP/1.1" 3569 (3 ms)
[28/Oct/2020:11:24:16 +0900] 0:0:0:0:0:0:0:1 200 "GET /lib/bootstrap/vendor/bootstrap/js/bootstrap.bundle.min.js HTTP/1.1" 81084 (6 ms)
[28/Oct/2020:11:24:16 +0900] 0:0:0:0:0:0:0:1 200 "GET /lib/bootstrap/vendor/chart.js/Chart.min.js HTTP/1.1" 172812 (5 ms)
[28/Oct/2020:11:24:16 +0900] 0:0:0:0:0:0:0:1 200 "GET /lib/bootstrap/js/demo/chart-pie-demo.js HTTP/1.1" 1057 (3 ms)
[28/Oct/2020:11:24:16 +0900] 0:0:0:0:0:0:0:1 200 "GET /lib/bootstrap/vendor/fontawesome-free/webfonts/fa-solid-900.woff2 HTTP/1.1" 80328 (3 ms)
[28/Oct/2020:11:24:16 +0900] 0:0:0:0:0:0:0:1 404 "GET /vendor/datatables/jquery.dataTables.min.js HTTP/1.1" 175 (62 ms)
[28/Oct/2020:11:24:16 +0900] 0:0:0:0:0:0:0:1 404 "GET /vendor/datatables/dataTables.bootstrap4.min.js HTTP/1.1" 179 (61 ms)
[28/Oct/2020:11:24:16 +0900] 0:0:0:0:0:0:0:1 200 "GET /lib/bootstrap/vendor/bootstrap/js/bootstrap.bundle.min.js.map HTTP/1.1" 315300 (5 ms)
[28/Oct/2020:11:47:52 +0900] 0:0:0:0:0:0:0:1 403 "POST /login HTTP/1.1" 295 (9 ms)
[28/Oct/2020:11:47:55 +0900] 0:0:0:0:0:0:0:1 200 "GET /login HTTP/1.1" 1406 (1 ms)
[28/Oct/2020:11:47:59 +0900] 0:0:0:0:0:0:0:1 200 "POST /login HTTP/1.1" 29595 (176 ms)
[28/Oct/2020:11:47:59 +0900] 0:0:0:0:0:0:0:1 200 "GET /lib/bootstrap/vendor/fontawesome-free/css/all.min.css HTTP/1.1" 58935 (4 ms)
[28/Oct/2020:11:47:59 +0900] 0:0:0:0:0:0:0:1 200 "GET /lib/bootstrap/css/sb-admin-2.min.css HTTP/1.1" 169306 (4 ms)
[28/Oct/2020:11:47:59 +0900] 0:0:0:0:0:0:0:1 200 "GET /lib/bootstrap/vendor/chart.js/Chart.min.js HTTP/1.1" 172812 (5 ms)
[28/Oct/2020:11:47:59 +0900] 0:0:0:0:0:0:0:1 200 "GET /lib/bootstrap/vendor/jquery-easing/jquery.easing.min.js HTTP/1.1" 2532 (3 ms)
[28/Oct/2020:11:47:59 +0900] 0:0:0:0:0:0:0:1 200 "GET /lib/bootstrap/vendor/bootstrap/js/bootstrap.bundle.min.js HTTP/1.1" 81084 (4 ms)
[28/Oct/2020:11:47:59 +0900] 0:0:0:0:0:0:0:1 200 "GET /lib/bootstrap/vendor/jquery/jquery.min.js HTTP/1.1" 89476 (4 ms)
[28/Oct/2020:11:47:59 +0900] 0:0:0:0:0:0:0:1 200 "GET /lib/bootstrap/js/demo/chart-pie-demo.js HTTP/1.1" 1057 (3 ms)
[28/Oct/2020:11:47:59 +0900] 0:0:0:0:0:0:0:1 200 "GET /lib/bootstrap/js/sb-admin-2.min.js HTTP/1.1" 1266 (3 ms)
[28/Oct/2020:11:47:59 +0900] 0:0:0:0:0:0:0:1 200 "GET /lib/bootstrap/js/demo/chart-area-demo.js HTTP/1.1" 3569 (2 ms)
[28/Oct/2020:11:47:59 +0900] 0:0:0:0:0:0:0:1 404 "GET /vendor/datatables/jquery.dataTables.min.js HTTP/1.1" 175 (4 ms)
[28/Oct/2020:11:47:59 +0900] 0:0:0:0:0:0:0:1 404 "GET /vendor/datatables/dataTables.bootstrap4.min.js HTTP/1.1" 179 (4 ms)
[28/Oct/2020:11:47:59 +0900] 0:0:0:0:0:0:0:1 200 "GET /lib/bootstrap/vendor/fontawesome-free/webfonts/fa-solid-900.woff2 HTTP/1.1" 80328 (3 ms)
[28/Oct/2020:11:47:59 +0900] 0:0:0:0:0:0:0:1 200 "GET /lib/bootstrap/vendor/bootstrap/js/bootstrap.bundle.min.js.map HTTP/1.1" 315300 (5 ms)
[28/Oct/2020:13:49:20 +0900] 0:0:0:0:0:0:0:1 302 "POST /login HTTP/1.1" - (60 ms)
[28/Oct/2020:13:49:23 +0900] 0:0:0:0:0:0:0:1 200 "GET /login HTTP/1.1" 1406 (4 ms)
[28/Oct/2020:13:49:27 +0900] 0:0:0:0:0:0:0:1 200 "GET /lib/bootstrap/vendor/fontawesome-free/css/all.min.css HTTP/1.1" 58935 (20 ms)
[28/Oct/2020:13:49:27 +0900] 0:0:0:0:0:0:0:1 200 "GET /lib/bootstrap/css/sb-admin-2.min.css HTTP/1.1" 169306 (19 ms)
[28/Oct/2020:13:49:27 +0900] 0:0:0:0:0:0:0:1 200 "GET /lib/bootstrap/vendor/fontawesome-free/webfonts/fa-solid-900.woff2 HTTP/1.1" 80328 (5 ms)
[28/Oct/2020:13:49:27 +0900] 0:0:0:0:0:0:0:1 200 "POST /login HTTP/1.1" 17262 (760 ms)
[28/Oct/2020:13:49:27 +0900] 0:0:0:0:0:0:0:1 200 "GET /lib/bootstrap/vendor/jquery-easing/jquery.easing.min.js HTTP/1.1" 2532 (3 ms)
[28/Oct/2020:13:49:27 +0900] 0:0:0:0:0:0:0:1 200 "GET /lib/bootstrap/vendor/jquery/jquery.min.js HTTP/1.1" 89476 (5 ms)
[28/Oct/2020:13:49:27 +0900] 0:0:0:0:0:0:0:1 200 "GET /lib/bootstrap/vendor/bootstrap/js/bootstrap.bundle.min.js HTTP/1.1" 81084 (5 ms)
[28/Oct/2020:13:49:27 +0900] 0:0:0:0:0:0:0:1 200 "GET /lib/bootstrap/js/demo/chart-pie-demo.js HTTP/1.1" 1057 (3 ms)
[28/Oct/2020:13:49:27 +0900] 0:0:0:0:0:0:0:1 200 "GET /lib/bootstrap/js/sb-admin-2.min.js HTTP/1.1" 1266 (4 ms)
[28/Oct/2020:13:49:27 +0900] 0:0:0:0:0:0:0:1 200 "GET /lib/bootstrap/js/demo/chart-area-demo.js HTTP/1.1" 3569 (4 ms)
[28/Oct/2020:13:49:27 +0900] 0:0:0:0:0:0:0:1 200 "GET /lib/bootstrap/vendor/chart.js/Chart.min.js HTTP/1.1" 172812 (7 ms)
[28/Oct/2020:13:49:27 +0900] 0:0:0:0:0:0:0:1 200 "GET /lib/bootstrap/vendor/bootstrap/js/bootstrap.bundle.min.js.map HTTP/1.1" 315300 (24 ms)
[28/Oct/2020:13:49:27 +0900] 0:0:0:0:0:0:0:1 404 "GET /vendor/datatables/jquery.dataTables.min.js HTTP/1.1" 175 (56 ms)
[28/Oct/2020:13:49:27 +0900] 0:0:0:0:0:0:0:1 404 "GET /vendor/datatables/dataTables.bootstrap4.min.js HTTP/1.1" 179 (56 ms)
[28/Oct/2020:13:50:24 +0900] 0:0:0:0:0:0:0:1 302 "POST /login HTTP/1.1" - (54 ms)
[28/Oct/2020:13:50:25 +0900] 0:0:0:0:0:0:0:1 200 "GET /login HTTP/1.1" 1406 (4 ms)
[28/Oct/2020:13:50:27 +0900] 0:0:0:0:0:0:0:1 200 "GET /lib/bootstrap/vendor/fontawesome-free/css/all.min.css HTTP/1.1" 58935 (20 ms)
[28/Oct/2020:13:50:27 +0900] 0:0:0:0:0:0:0:1 200 "GET /lib/bootstrap/css/sb-admin-2.min.css HTTP/1.1" 169306 (19 ms)
[28/Oct/2020:13:50:27 +0900] 0:0:0:0:0:0:0:1 200 "GET /lib/bootstrap/vendor/fontawesome-free/webfonts/fa-solid-900.woff2 HTTP/1.1" 80328 (3 ms)
[28/Oct/2020:13:50:28 +0900] 0:0:0:0:0:0:0:1 200 "POST /login HTTP/1.1" 17217 (715 ms)
[28/Oct/2020:13:50:28 +0900] 0:0:0:0:0:0:0:1 200 "GET /lib/bootstrap/vendor/jquery-easing/jquery.easing.min.js HTTP/1.1" 2532 (4 ms)
[28/Oct/2020:13:50:28 +0900] 0:0:0:0:0:0:0:1 200 "GET /lib/bootstrap/vendor/bootstrap/js/bootstrap.bundle.min.js HTTP/1.1" 81084 (4 ms)
[28/Oct/2020:13:50:28 +0900] 0:0:0:0:0:0:0:1 200 "GET /lib/bootstrap/vendor/jquery/jquery.min.js HTTP/1.1" 89476 (5 ms)
[28/Oct/2020:13:50:28 +0900] 0:0:0:0:0:0:0:1 200 "GET /lib/bootstrap/js/demo/chart-area-demo.js HTTP/1.1" 3569 (4 ms)
[28/Oct/2020:13:50:28 +0900] 0:0:0:0:0:0:0:1 200 "GET /lib/bootstrap/js/sb-admin-2.min.js HTTP/1.1" 1266 (4 ms)
[28/Oct/2020:13:50:28 +0900] 0:0:0:0:0:0:0:1 200 "GET /lib/bootstrap/js/demo/chart-pie-demo.js HTTP/1.1" 1057 (4 ms)
[28/Oct/2020:13:50:28 +0900] 0:0:0:0:0:0:0:1 200 "GET /lib/bootstrap/vendor/chart.js/Chart.min.js HTTP/1.1" 172812 (6 ms)
[28/Oct/2020:13:50:28 +0900] 0:0:0:0:0:0:0:1 200 "GET /lib/bootstrap/vendor/bootstrap/js/bootstrap.bundle.min.js.map HTTP/1.1" 315300 (22 ms)
[28/Oct/2020:13:50:28 +0900] 0:0:0:0:0:0:0:1 404 "GET /vendor/datatables/jquery.dataTables.min.js HTTP/1.1" 175 (55 ms)
[28/Oct/2020:13:50:28 +0900] 0:0:0:0:0:0:0:1 404 "GET /vendor/datatables/dataTables.bootstrap4.min.js HTTP/1.1" 179 (55 ms)
[28/Oct/2020:13:52:18 +0900] 0:0:0:0:0:0:0:1 302 "POST /login HTTP/1.1" - (61 ms)
[28/Oct/2020:13:52:19 +0900] 0:0:0:0:0:0:0:1 200 "GET /login HTTP/1.1" 1406 (5 ms)
[28/Oct/2020:13:52:22 +0900] 0:0:0:0:0:0:0:1 200 "GET /lib/bootstrap/vendor/fontawesome-free/css/all.min.css HTTP/1.1" 58935 (19 ms)
[28/Oct/2020:13:52:22 +0900] 0:0:0:0:0:0:0:1 200 "GET /lib/bootstrap/css/sb-admin-2.min.css HTTP/1.1" 169306 (19 ms)
[28/Oct/2020:13:52:22 +0900] 0:0:0:0:0:0:0:1 200 "GET /lib/bootstrap/vendor/fontawesome-free/webfonts/fa-solid-900.woff2 HTTP/1.1" 80328 (5 ms)
[28/Oct/2020:13:52:22 +0900] 0:0:0:0:0:0:0:1 200 "POST /login HTTP/1.1" 29595 (745 ms)
[28/Oct/2020:13:52:22 +0900] 0:0:0:0:0:0:0:1 200 "GET /lib/bootstrap/vendor/jquery-easing/jquery.easing.min.js HTTP/1.1" 2532 (2 ms)
[28/Oct/2020:13:52:22 +0900] 0:0:0:0:0:0:0:1 200 "GET /lib/bootstrap/vendor/jquery/jquery.min.js HTTP/1.1" 89476 (6 ms)
[28/Oct/2020:13:52:22 +0900] 0:0:0:0:0:0:0:1 200 "GET /lib/bootstrap/vendor/bootstrap/js/bootstrap.bundle.min.js HTTP/1.1" 81084 (5 ms)
[28/Oct/2020:13:52:22 +0900] 0:0:0:0:0:0:0:1 200 "GET /lib/bootstrap/js/sb-admin-2.min.js HTTP/1.1" 1266 (4 ms)
[28/Oct/2020:13:52:22 +0900] 0:0:0:0:0:0:0:1 200 "GET /lib/bootstrap/js/demo/chart-pie-demo.js HTTP/1.1" 1057 (4 ms)
[28/Oct/2020:13:52:22 +0900] 0:0:0:0:0:0:0:1 200 "GET /lib/bootstrap/js/demo/chart-area-demo.js HTTP/1.1" 3569 (4 ms)
[28/Oct/2020:13:52:22 +0900] 0:0:0:0:0:0:0:1 200 "GET /lib/bootstrap/vendor/chart.js/Chart.min.js HTTP/1.1" 172812 (7 ms)
[28/Oct/2020:13:52:22 +0900] 0:0:0:0:0:0:0:1 404 "GET /vendor/datatables/jquery.dataTables.min.js HTTP/1.1" 175 (57 ms)
[28/Oct/2020:13:52:22 +0900] 0:0:0:0:0:0:0:1 404 "GET /vendor/datatables/dataTables.bootstrap4.min.js HTTP/1.1" 179 (57 ms)
[28/Oct/2020:13:52:22 +0900] 0:0:0:0:0:0:0:1 200 "GET /lib/bootstrap/vendor/bootstrap/js/bootstrap.bundle.min.js.map HTTP/1.1" 315300 (28 ms)
[28/Oct/2020:13:53:16 +0900] 0:0:0:0:0:0:0:1 302 "POST /login HTTP/1.1" - (61 ms)
[28/Oct/2020:13:53:17 +0900] 0:0:0:0:0:0:0:1 200 "GET /login HTTP/1.1" 1406 (4 ms)
[28/Oct/2020:13:53:19 +0900] 0:0:0:0:0:0:0:1 200 "GET /lib/bootstrap/vendor/fontawesome-free/css/all.min.css HTTP/1.1" 58935 (21 ms)
[28/Oct/2020:13:53:19 +0900] 0:0:0:0:0:0:0:1 200 "GET /lib/bootstrap/css/sb-admin-2.min.css HTTP/1.1" 169306 (21 ms)
[28/Oct/2020:13:53:19 +0900] 0:0:0:0:0:0:0:1 200 "GET /lib/bootstrap/vendor/fontawesome-free/webfonts/fa-solid-900.woff2 HTTP/1.1" 80328 (6 ms)
[28/Oct/2020:13:53:20 +0900] 0:0:0:0:0:0:0:1 200 "POST /login HTTP/1.1" 17217 (722 ms)
[28/Oct/2020:13:53:20 +0900] 0:0:0:0:0:0:0:1 200 "GET /lib/bootstrap/vendor/jquery-easing/jquery.easing.min.js HTTP/1.1" 2532 (3 ms)
[28/Oct/2020:13:53:20 +0900] 0:0:0:0:0:0:0:1 200 "GET /lib/bootstrap/vendor/bootstrap/js/bootstrap.bundle.min.js HTTP/1.1" 81084 (5 ms)
[28/Oct/2020:13:53:20 +0900] 0:0:0:0:0:0:0:1 200 "GET /lib/bootstrap/vendor/jquery/jquery.min.js HTTP/1.1" 89476 (5 ms)
[28/Oct/2020:13:53:20 +0900] 0:0:0:0:0:0:0:1 200 "GET /lib/bootstrap/js/demo/chart-area-demo.js HTTP/1.1" 3569 (4 ms)
[28/Oct/2020:13:53:20 +0900] 0:0:0:0:0:0:0:1 200 "GET /lib/bootstrap/js/sb-admin-2.min.js HTTP/1.1" 1266 (5 ms)
[28/Oct/2020:13:53:20 +0900] 0:0:0:0:0:0:0:1 200 "GET /lib/bootstrap/js/demo/chart-pie-demo.js HTTP/1.1" 1057 (3 ms)
[28/Oct/2020:13:53:20 +0900] 0:0:0:0:0:0:0:1 200 "GET /lib/bootstrap/vendor/chart.js/Chart.min.js HTTP/1.1" 172812 (7 ms)
[28/Oct/2020:13:53:20 +0900] 0:0:0:0:0:0:0:1 200 "GET /lib/bootstrap/vendor/bootstrap/js/bootstrap.bundle.min.js.map HTTP/1.1" 315300 (26 ms)
[28/Oct/2020:13:53:20 +0900] 0:0:0:0:0:0:0:1 404 "GET /vendor/datatables/dataTables.bootstrap4.min.js HTTP/1.1" 179 (56 ms)
[28/Oct/2020:13:53:20 +0900] 0:0:0:0:0:0:0:1 404 "GET /vendor/datatables/jquery.dataTables.min.js HTTP/1.1" 175 (56 ms)
[28/Oct/2020:13:55:35 +0900] 0:0:0:0:0:0:0:1 404 "GET /tables.html HTTP/1.1" 306 (17 ms)
[28/Oct/2020:13:55:35 +0900] 0:0:0:0:0:0:0:1 404 "GET /favicon.ico HTTP/1.1" 144 (6 ms)
[28/Oct/2020:14:06:09 +0900] 0:0:0:0:0:0:0:1 200 "GET /login HTTP/1.1" 1406 (49 ms)
[28/Oct/2020:14:06:16 +0900] 0:0:0:0:0:0:0:1 200 "POST /login HTTP/1.1" 17241 (747 ms)
[28/Oct/2020:14:06:16 +0900] 0:0:0:0:0:0:0:1 200 "GET /lib/bootstrap/js/sb-admin-2.min.js HTTP/1.1" 1266 (20 ms)
[28/Oct/2020:14:06:16 +0900] 0:0:0:0:0:0:0:1 200 "GET /lib/bootstrap/vendor/jquery-easing/jquery.easing.min.js HTTP/1.1" 2532 (21 ms)
[28/Oct/2020:14:06:16 +0900] 0:0:0:0:0:0:0:1 200 "GET /lib/bootstrap/vendor/bootstrap/js/bootstrap.bundle.min.js HTTP/1.1" 81084 (23 ms)
[28/Oct/2020:14:06:16 +0900] 0:0:0:0:0:0:0:1 200 "GET /lib/bootstrap/vendor/fontawesome-free/css/all.min.css HTTP/1.1" 58935 (32 ms)
[28/Oct/2020:14:06:16 +0900] 0:0:0:0:0:0:0:1 200 "GET /lib/bootstrap/vendor/jquery/jquery.min.js HTTP/1.1" 89476 (27 ms)
[28/Oct/2020:14:06:16 +0900] 0:0:0:0:0:0:0:1 200 "GET /lib/bootstrap/css/sb-admin-2.min.css HTTP/1.1" 169306 (34 ms)
[28/Oct/2020:14:06:16 +0900] 0:0:0:0:0:0:0:1 200 "GET /lib/bootstrap/js/demo/chart-area-demo.js HTTP/1.1" 3569 (5 ms)
[28/Oct/2020:14:06:16 +0900] 0:0:0:0:0:0:0:1 200 "GET /lib/bootstrap/js/demo/chart-pie-demo.js HTTP/1.1" 1057 (5 ms)
[28/Oct/2020:14:06:16 +0900] 0:0:0:0:0:0:0:1 200 "GET /lib/bootstrap/vendor/chart.js/Chart.min.js HTTP/1.1" 172812 (10 ms)
[28/Oct/2020:14:06:16 +0900] 0:0:0:0:0:0:0:1 404 "GET /vendor/datatables/dataTables.bootstrap4.min.js HTTP/1.1" 179 (64 ms)
[28/Oct/2020:14:06:16 +0900] 0:0:0:0:0:0:0:1 404 "GET /vendor/datatables/jquery.dataTables.min.js HTTP/1.1" 175 (66 ms)
[28/Oct/2020:14:06:16 +0900] 0:0:0:0:0:0:0:1 200 "GET /lib/bootstrap/vendor/fontawesome-free/webfonts/fa-solid-900.woff2 HTTP/1.1" 80328 (5 ms)
[28/Oct/2020:14:07:15 +0900] 0:0:0:0:0:0:0:1 302 "POST /login HTTP/1.1" - (55 ms)
[28/Oct/2020:14:07:16 +0900] 0:0:0:0:0:0:0:1 200 "GET /login HTTP/1.1" 1406 (4 ms)
[28/Oct/2020:14:07:19 +0900] 0:0:0:0:0:0:0:1 200 "GET /lib/bootstrap/css/sb-admin-2.min.css HTTP/1.1" 169306 (24 ms)
[28/Oct/2020:14:07:19 +0900] 0:0:0:0:0:0:0:1 200 "GET /lib/bootstrap/vendor/fontawesome-free/css/all.min.css HTTP/1.1" 58935 (24 ms)
[28/Oct/2020:14:07:19 +0900] 0:0:0:0:0:0:0:1 200 "GET /lib/bootstrap/vendor/fontawesome-free/webfonts/fa-solid-900.woff2 HTTP/1.1" 80328 (4 ms)
[28/Oct/2020:14:07:19 +0900] 0:0:0:0:0:0:0:1 200 "POST /login HTTP/1.1" 17285 (721 ms)
[28/Oct/2020:14:07:19 +0900] 0:0:0:0:0:0:0:1 200 "GET /lib/bootstrap/vendor/jquery-easing/jquery.easing.min.js HTTP/1.1" 2532 (4 ms)
[28/Oct/2020:14:07:19 +0900] 0:0:0:0:0:0:0:1 200 "GET /lib/bootstrap/vendor/bootstrap/js/bootstrap.bundle.min.js HTTP/1.1" 81084 (4 ms)
[28/Oct/2020:14:07:19 +0900] 0:0:0:0:0:0:0:1 200 "GET /lib/bootstrap/vendor/jquery/jquery.min.js HTTP/1.1" 89476 (4 ms)
[28/Oct/2020:14:07:19 +0900] 0:0:0:0:0:0:0:1 200 "GET /lib/bootstrap/js/sb-admin-2.min.js HTTP/1.1" 1266 (3 ms)
[28/Oct/2020:14:07:19 +0900] 0:0:0:0:0:0:0:1 200 "GET /lib/bootstrap/js/demo/chart-pie-demo.js HTTP/1.1" 1057 (3 ms)
[28/Oct/2020:14:07:19 +0900] 0:0:0:0:0:0:0:1 200 "GET /lib/bootstrap/js/demo/chart-area-demo.js HTTP/1.1" 3569 (4 ms)
[28/Oct/2020:14:07:19 +0900] 0:0:0:0:0:0:0:1 200 "GET /lib/bootstrap/vendor/chart.js/Chart.min.js HTTP/1.1" 172812 (5 ms)
[28/Oct/2020:14:07:19 +0900] 0:0:0:0:0:0:0:1 404 "GET /vendor/datatables/jquery.dataTables.min.js HTTP/1.1" 175 (52 ms)
[28/Oct/2020:14:07:19 +0900] 0:0:0:0:0:0:0:1 404 "GET /vendor/datatables/dataTables.bootstrap4.min.js HTTP/1.1" 179 (51 ms)
[28/Oct/2020:14:07:22 +0900] 0:0:0:0:0:0:0:1 200 "GET /lib/bootstrap/vendor/bootstrap/js/bootstrap.bundle.min.js.map HTTP/1.1" 315300 (26 ms)
[28/Oct/2020:14:09:14 +0900] 0:0:0:0:0:0:0:1 302 "POST /login HTTP/1.1" - (54 ms)
[28/Oct/2020:14:09:14 +0900] 0:0:0:0:0:0:0:1 200 "GET /login HTTP/1.1" 1406 (4 ms)
[28/Oct/2020:14:09:18 +0900] 0:0:0:0:0:0:0:1 200 "GET /lib/bootstrap/vendor/fontawesome-free/css/all.min.css HTTP/1.1" 58935 (22 ms)
[28/Oct/2020:14:09:18 +0900] 0:0:0:0:0:0:0:1 200 "GET /lib/bootstrap/css/sb-admin-2.min.css HTTP/1.1" 169306 (23 ms)
[28/Oct/2020:14:09:18 +0900] 0:0:0:0:0:0:0:1 200 "GET /lib/bootstrap/vendor/fontawesome-free/webfonts/fa-solid-900.woff2 HTTP/1.1" 80328 (4 ms)
[28/Oct/2020:14:09:18 +0900] 0:0:0:0:0:0:0:1 200 "POST /login HTTP/1.1" 17271 (759 ms)
[28/Oct/2020:14:09:18 +0900] 0:0:0:0:0:0:0:1 200 "GET /lib/bootstrap/vendor/jquery-easing/jquery.easing.min.js HTTP/1.1" 2532 (3 ms)
[28/Oct/2020:14:09:18 +0900] 0:0:0:0:0:0:0:1 200 "GET /lib/bootstrap/vendor/jquery/jquery.min.js HTTP/1.1" 89476 (5 ms)
[28/Oct/2020:14:09:18 +0900] 0:0:0:0:0:0:0:1 200 "GET /lib/bootstrap/vendor/bootstrap/js/bootstrap.bundle.min.js HTTP/1.1" 81084 (5 ms)
[28/Oct/2020:14:09:18 +0900] 0:0:0:0:0:0:0:1 200 "GET /lib/bootstrap/js/sb-admin-2.min.js HTTP/1.1" 1266 (3 ms)
[28/Oct/2020:14:09:18 +0900] 0:0:0:0:0:0:0:1 200 "GET /lib/bootstrap/js/demo/chart-pie-demo.js HTTP/1.1" 1057 (3 ms)
[28/Oct/2020:14:09:18 +0900] 0:0:0:0:0:0:0:1 200 "GET /lib/bootstrap/js/demo/chart-area-demo.js HTTP/1.1" 3569 (4 ms)
[28/Oct/2020:14:09:18 +0900] 0:0:0:0:0:0:0:1 200 "GET /lib/bootstrap/vendor/chart.js/Chart.min.js HTTP/1.1" 172812 (5 ms)
[28/Oct/2020:14:09:18 +0900] 0:0:0:0:0:0:0:1 404 "GET /vendor/datatables/jquery.dataTables.min.js HTTP/1.1" 175 (63 ms)
[28/Oct/2020:14:09:18 +0900] 0:0:0:0:0:0:0:1 404 "GET /vendor/datatables/dataTables.bootstrap4.min.js HTTP/1.1" 179 (63 ms)
[28/Oct/2020:14:09:18 +0900] 0:0:0:0:0:0:0:1 200 "GET /lib/bootstrap/vendor/bootstrap/js/bootstrap.bundle.min.js.map HTTP/1.1" 315300 (33 ms)
[28/Oct/2020:14:21:26 +0900] 0:0:0:0:0:0:0:1 302 "POST /login HTTP/1.1" - (56 ms)
[28/Oct/2020:14:21:26 +0900] 0:0:0:0:0:0:0:1 200 "GET /login HTTP/1.1" 1406 (4 ms)
[28/Oct/2020:14:21:29 +0900] 0:0:0:0:0:0:0:1 200 "GET /lib/bootstrap/vendor/fontawesome-free/css/all.min.css HTTP/1.1" 58935 (19 ms)
[28/Oct/2020:14:21:29 +0900] 0:0:0:0:0:0:0:1 200 "GET /lib/bootstrap/css/sb-admin-2.min.css HTTP/1.1" 169306 (19 ms)
[28/Oct/2020:14:21:29 +0900] 0:0:0:0:0:0:0:1 200 "GET /lib/bootstrap/vendor/fontawesome-free/webfonts/fa-solid-900.woff2 HTTP/1.1" 80328 (4 ms)
[28/Oct/2020:14:21:29 +0900] 0:0:0:0:0:0:0:1 200 "POST /login HTTP/1.1" 17252 (774 ms)
[28/Oct/2020:14:22:47 +0900] 0:0:0:0:0:0:0:1 302 "POST /login HTTP/1.1" - (55 ms)
[28/Oct/2020:14:22:48 +0900] 0:0:0:0:0:0:0:1 200 "GET /login HTTP/1.1" 1406 (3 ms)
[28/Oct/2020:14:22:50 +0900] 0:0:0:0:0:0:0:1 200 "GET /lib/bootstrap/vendor/fontawesome-free/css/all.min.css HTTP/1.1" 58935 (22 ms)
[28/Oct/2020:14:22:50 +0900] 0:0:0:0:0:0:0:1 200 "GET /lib/bootstrap/css/sb-admin-2.min.css HTTP/1.1" 169306 (21 ms)
[28/Oct/2020:14:22:50 +0900] 0:0:0:0:0:0:0:1 200 "GET /lib/bootstrap/vendor/fontawesome-free/webfonts/fa-solid-900.woff2 HTTP/1.1" 80328 (4 ms)
[28/Oct/2020:14:22:51 +0900] 0:0:0:0:0:0:0:1 200 "POST /login HTTP/1.1" 17253 (732 ms)
[28/Oct/2020:14:22:51 +0900] 0:0:0:0:0:0:0:1 200 "GET /lib/bootstrap/vendor/jquery-easing/jquery.easing.min.js HTTP/1.1" 2532 (4 ms)
[28/Oct/2020:14:22:51 +0900] 0:0:0:0:0:0:0:1 200 "GET /lib/bootstrap/vendor/bootstrap/js/bootstrap.bundle.min.js HTTP/1.1" 81084 (6 ms)
[28/Oct/2020:14:22:51 +0900] 0:0:0:0:0:0:0:1 200 "GET /lib/bootstrap/vendor/jquery/jquery.min.js HTTP/1.1" 89476 (6 ms)
[28/Oct/2020:14:22:51 +0900] 0:0:0:0:0:0:0:1 200 "GET /lib/bootstrap/js/sb-admin-2.min.js HTTP/1.1" 1266 (5 ms)
[28/Oct/2020:14:22:51 +0900] 0:0:0:0:0:0:0:1 200 "GET /lib/bootstrap/js/demo/chart-area-demo.js HTTP/1.1" 3569 (4 ms)
[28/Oct/2020:14:22:51 +0900] 0:0:0:0:0:0:0:1 200 "GET /lib/bootstrap/js/demo/chart-pie-demo.js HTTP/1.1" 1057 (4 ms)
[28/Oct/2020:14:22:51 +0900] 0:0:0:0:0:0:0:1 200 "GET /lib/bootstrap/vendor/chart.js/Chart.min.js HTTP/1.1" 172812 (6 ms)
[28/Oct/2020:14:22:51 +0900] 0:0:0:0:0:0:0:1 404 "GET /vendor/datatables/jquery.dataTables.min.js HTTP/1.1" 175 (60 ms)
[28/Oct/2020:14:22:51 +0900] 0:0:0:0:0:0:0:1 404 "GET /vendor/datatables/dataTables.bootstrap4.min.js HTTP/1.1" 179 (60 ms)
[28/Oct/2020:14:22:51 +0900] 0:0:0:0:0:0:0:1 200 "GET /lib/bootstrap/vendor/bootstrap/js/bootstrap.bundle.min.js.map HTTP/1.1" 315300 (27 ms)
[28/Oct/2020:14:59:13 +0900] 0:0:0:0:0:0:0:1 302 "GET /lib/bootstrap/vendor/bootstrap/js/bootstrap.bundle.min.js.map HTTP/1.1" - (7 ms)
[28/Oct/2020:14:59:13 +0900] 0:0:0:0:0:0:0:1 200 "GET /login HTTP/1.1" 1406 (1 ms)
[28/Oct/2020:15:59:51 +0900] 0:0:0:0:0:0:0:1 302 "POST /login HTTP/1.1" - (56 ms)
[28/Oct/2020:15:59:51 +0900] 0:0:0:0:0:0:0:1 200 "GET /login HTTP/1.1" 1406 (4 ms)
[28/Oct/2020:15:59:55 +0900] 0:0:0:0:0:0:0:1 200 "GET /lib/bootstrap/vendor/fontawesome-free/css/all.min.css HTTP/1.1" 58935 (23 ms)
[28/Oct/2020:15:59:55 +0900] 0:0:0:0:0:0:0:1 200 "GET /lib/bootstrap/css/sb-admin-2.min.css HTTP/1.1" 169306 (24 ms)
[28/Oct/2020:15:59:55 +0900] 0:0:0:0:0:0:0:1 200 "GET /lib/bootstrap/vendor/fontawesome-free/webfonts/fa-solid-900.woff2 HTTP/1.1" 80328 (5 ms)
[28/Oct/2020:15:59:55 +0900] 0:0:0:0:0:0:0:1 200 "POST /login HTTP/1.1" 18097 (768 ms)
[28/Oct/2020:15:59:55 +0900] 0:0:0:0:0:0:0:1 200 "GET /lib/bootstrap/vendor/jquery-easing/jquery.easing.min.js HTTP/1.1" 2532 (3 ms)
[28/Oct/2020:15:59:55 +0900] 0:0:0:0:0:0:0:1 200 "GET /lib/bootstrap/vendor/jquery/jquery.min.js HTTP/1.1" 89476 (5 ms)
[28/Oct/2020:15:59:55 +0900] 0:0:0:0:0:0:0:1 200 "GET /lib/bootstrap/vendor/bootstrap/js/bootstrap.bundle.min.js HTTP/1.1" 81084 (5 ms)
[28/Oct/2020:15:59:55 +0900] 0:0:0:0:0:0:0:1 200 "GET /lib/bootstrap/js/sb-admin-2.min.js HTTP/1.1" 1266 (4 ms)
[28/Oct/2020:15:59:55 +0900] 0:0:0:0:0:0:0:1 200 "GET /lib/bootstrap/js/demo/chart-area-demo.js HTTP/1.1" 3569 (3 ms)
[28/Oct/2020:15:59:55 +0900] 0:0:0:0:0:0:0:1 200 "GET /lib/bootstrap/js/demo/chart-pie-demo.js HTTP/1.1" 1057 (3 ms)
[28/Oct/2020:15:59:55 +0900] 0:0:0:0:0:0:0:1 200 "GET /lib/bootstrap/vendor/chart.js/Chart.min.js HTTP/1.1" 172812 (6 ms)
[28/Oct/2020:15:59:56 +0900] 0:0:0:0:0:0:0:1 404 "GET /vendor/datatables/dataTables.bootstrap4.min.js HTTP/1.1" 179 (65 ms)
[28/Oct/2020:15:59:56 +0900] 0:0:0:0:0:0:0:1 404 "GET /vendor/datatables/jquery.dataTables.min.js HTTP/1.1" 175 (65 ms)
[28/Oct/2020:15:59:56 +0900] 0:0:0:0:0:0:0:1 200 "GET /lib/bootstrap/vendor/bootstrap/js/bootstrap.bundle.min.js.map HTTP/1.1" 315300 (27 ms)
[28/Oct/2020:16:01:51 +0900] 0:0:0:0:0:0:0:1 302 "POST /login HTTP/1.1" - (58 ms)
[28/Oct/2020:16:01:52 +0900] 0:0:0:0:0:0:0:1 200 "GET /login HTTP/1.1" 1406 (4 ms)
[28/Oct/2020:16:01:57 +0900] 0:0:0:0:0:0:0:1 200 "GET /lib/bootstrap/vendor/fontawesome-free/css/all.min.css HTTP/1.1" 58935 (21 ms)
[28/Oct/2020:16:01:57 +0900] 0:0:0:0:0:0:0:1 200 "GET /lib/bootstrap/css/sb-admin-2.min.css HTTP/1.1" 169306 (22 ms)
[28/Oct/2020:16:01:57 +0900] 0:0:0:0:0:0:0:1 200 "GET /lib/bootstrap/vendor/fontawesome-free/webfonts/fa-solid-900.woff2 HTTP/1.1" 80328 (5 ms)
[28/Oct/2020:16:01:58 +0900] 0:0:0:0:0:0:0:1 200 "POST /login HTTP/1.1" 18056 (726 ms)
[28/Oct/2020:16:01:58 +0900] 0:0:0:0:0:0:0:1 200 "GET /lib/bootstrap/vendor/jquery-easing/jquery.easing.min.js HTTP/1.1" 2532 (3 ms)
[28/Oct/2020:16:01:58 +0900] 0:0:0:0:0:0:0:1 200 "GET /lib/bootstrap/vendor/jquery/jquery.min.js HTTP/1.1" 89476 (6 ms)
[28/Oct/2020:16:01:58 +0900] 0:0:0:0:0:0:0:1 200 "GET /lib/bootstrap/vendor/bootstrap/js/bootstrap.bundle.min.js HTTP/1.1" 81084 (6 ms)
[28/Oct/2020:16:01:58 +0900] 0:0:0:0:0:0:0:1 200 "GET /lib/bootstrap/js/sb-admin-2.min.js HTTP/1.1" 1266 (5 ms)
[28/Oct/2020:16:01:58 +0900] 0:0:0:0:0:0:0:1 200 "GET /lib/bootstrap/js/demo/chart-pie-demo.js HTTP/1.1" 1057 (3 ms)
[28/Oct/2020:16:01:58 +0900] 0:0:0:0:0:0:0:1 200 "GET /lib/bootstrap/js/demo/chart-area-demo.js HTTP/1.1" 3569 (4 ms)
[28/Oct/2020:16:01:58 +0900] 0:0:0:0:0:0:0:1 200 "GET /lib/bootstrap/vendor/chart.js/Chart.min.js HTTP/1.1" 172812 (8 ms)
[28/Oct/2020:16:01:58 +0900] 0:0:0:0:0:0:0:1 200 "GET /lib/bootstrap/vendor/bootstrap/js/bootstrap.bundle.min.js.map HTTP/1.1" 315300 (27 ms)
[28/Oct/2020:16:01:58 +0900] 0:0:0:0:0:0:0:1 404 "GET /vendor/datatables/jquery.dataTables.min.js HTTP/1.1" 175 (62 ms)
[28/Oct/2020:16:01:58 +0900] 0:0:0:0:0:0:0:1 404 "GET /vendor/datatables/dataTables.bootstrap4.min.js HTTP/1.1" 179 (62 ms)
[28/Oct/2020:16:37:23 +0900] 0:0:0:0:0:0:0:1 302 "POST /login HTTP/1.1" - (58 ms)
[28/Oct/2020:16:37:24 +0900] 0:0:0:0:0:0:0:1 200 "GET /login HTTP/1.1" 1406 (4 ms)
[28/Oct/2020:16:37:27 +0900] 0:0:0:0:0:0:0:1 200 "GET /lib/bootstrap/vendor/fontawesome-free/css/all.min.css HTTP/1.1" 58935 (22 ms)
[28/Oct/2020:16:37:27 +0900] 0:0:0:0:0:0:0:1 200 "GET /lib/bootstrap/css/sb-admin-2.min.css HTTP/1.1" 169306 (22 ms)
[28/Oct/2020:16:37:27 +0900] 0:0:0:0:0:0:0:1 200 "GET /lib/bootstrap/vendor/fontawesome-free/webfonts/fa-solid-900.woff2 HTTP/1.1" 80328 (5 ms)
[28/Oct/2020:16:37:27 +0900] 0:0:0:0:0:0:0:1 200 "POST /login HTTP/1.1" 18541 (760 ms)
[28/Oct/2020:16:37:27 +0900] 0:0:0:0:0:0:0:1 200 "GET /lib/bootstrap/vendor/jquery-easing/jquery.easing.min.js HTTP/1.1" 2532 (4 ms)
[28/Oct/2020:16:37:27 +0900] 0:0:0:0:0:0:0:1 200 "GET /lib/bootstrap/vendor/jquery/jquery.min.js HTTP/1.1" 89476 (7 ms)
[28/Oct/2020:16:37:27 +0900] 0:0:0:0:0:0:0:1 200 "GET /lib/bootstrap/vendor/bootstrap/js/bootstrap.bundle.min.js HTTP/1.1" 81084 (6 ms)
[28/Oct/2020:16:37:27 +0900] 0:0:0:0:0:0:0:1 200 "GET /lib/bootstrap/js/sb-admin-2.min.js HTTP/1.1" 1266 (5 ms)
[28/Oct/2020:16:37:27 +0900] 0:0:0:0:0:0:0:1 200 "GET /lib/bootstrap/js/demo/chart-pie-demo.js HTTP/1.1" 1057 (4 ms)
[28/Oct/2020:16:37:27 +0900] 0:0:0:0:0:0:0:1 200 "GET /lib/bootstrap/js/demo/chart-area-demo.js HTTP/1.1" 3569 (5 ms)
[28/Oct/2020:16:37:27 +0900] 0:0:0:0:0:0:0:1 200 "GET /lib/bootstrap/vendor/chart.js/Chart.min.js HTTP/1.1" 172812 (9 ms)
[28/Oct/2020:16:37:27 +0900] 0:0:0:0:0:0:0:1 404 "GET /vendor/datatables/jquery.dataTables.min.js HTTP/1.1" 175 (58 ms)
[28/Oct/2020:16:37:27 +0900] 0:0:0:0:0:0:0:1 404 "GET /vendor/datatables/dataTables.bootstrap4.min.js HTTP/1.1" 179 (57 ms)
[28/Oct/2020:16:37:27 +0900] 0:0:0:0:0:0:0:1 200 "GET /lib/bootstrap/vendor/bootstrap/js/bootstrap.bundle.min.js.map HTTP/1.1" 315300 (29 ms)
[28/Oct/2020:16:39:48 +0900] 0:0:0:0:0:0:0:1 403 "POST /login HTTP/1.1" 295 (13 ms)
[28/Oct/2020:16:41:22 +0900] 0:0:0:0:0:0:0:1 302 "POST /login HTTP/1.1" - (54 ms)
[28/Oct/2020:16:41:23 +0900] 0:0:0:0:0:0:0:1 200 "GET /login HTTP/1.1" 1406 (4 ms)
[28/Oct/2020:16:41:33 +0900] 0:0:0:0:0:0:0:1 200 "POST /login HTTP/1.1" 13259 (699 ms)
[28/Oct/2020:16:41:33 +0900] 0:0:0:0:0:0:0:1 200 "GET /lib/bootstrap/vendor/jquery-easing/jquery.easing.min.js HTTP/1.1" 2532 (10 ms)
[28/Oct/2020:16:41:33 +0900] 0:0:0:0:0:0:0:1 200 "GET /lib/bootstrap/js/sb-admin-2.min.js HTTP/1.1" 1266 (9 ms)
[28/Oct/2020:16:41:33 +0900] 0:0:0:0:0:0:0:1 200 "GET /lib/bootstrap/vendor/bootstrap/js/bootstrap.bundle.min.js HTTP/1.1" 81084 (11 ms)
[28/Oct/2020:16:41:33 +0900] 0:0:0:0:0:0:0:1 200 "GET /lib/bootstrap/vendor/fontawesome-free/css/all.min.css HTTP/1.1" 58935 (20 ms)
[28/Oct/2020:16:41:33 +0900] 0:0:0:0:0:0:0:1 200 "GET /lib/bootstrap/vendor/jquery/jquery.min.js HTTP/1.1" 89476 (12 ms)
[28/Oct/2020:16:41:33 +0900] 0:0:0:0:0:0:0:1 200 "GET /lib/bootstrap/css/sb-admin-2.min.css HTTP/1.1" 169306 (14 ms)
[28/Oct/2020:16:41:33 +0900] 0:0:0:0:0:0:0:1 200 "GET /lib/bootstrap/js/demo/chart-area-demo.js HTTP/1.1" 3569 (4 ms)
[28/Oct/2020:16:41:33 +0900] 0:0:0:0:0:0:0:1 200 "GET /lib/bootstrap/js/demo/chart-pie-demo.js HTTP/1.1" 1057 (3 ms)
[28/Oct/2020:16:41:33 +0900] 0:0:0:0:0:0:0:1 200 "GET /lib/bootstrap/vendor/chart.js/Chart.min.js HTTP/1.1" 172812 (7 ms)
[28/Oct/2020:16:41:33 +0900] 0:0:0:0:0:0:0:1 404 "GET /vendor/datatables/dataTables.bootstrap4.min.js HTTP/1.1" 179 (56 ms)
[28/Oct/2020:16:41:33 +0900] 0:0:0:0:0:0:0:1 404 "GET /vendor/datatables/jquery.dataTables.min.js HTTP/1.1" 175 (56 ms)
[28/Oct/2020:16:41:33 +0900] 0:0:0:0:0:0:0:1 200 "GET /lib/bootstrap/vendor/fontawesome-free/webfonts/fa-solid-900.woff2 HTTP/1.1" 80328 (3 ms)
[28/Oct/2020:16:41:51 +0900] 0:0:0:0:0:0:0:1 302 "POST /login HTTP/1.1" - (55 ms)
[28/Oct/2020:16:41:52 +0900] 0:0:0:0:0:0:0:1 200 "GET /login HTTP/1.1" 1406 (4 ms)
[28/Oct/2020:16:41:57 +0900] 0:0:0:0:0:0:0:1 302 "POST /login HTTP/1.1" - (304 ms)
[28/Oct/2020:16:41:57 +0900] 0:0:0:0:0:0:0:1 200 "GET /login?error HTTP/1.1" 1471 (3 ms)
[28/Oct/2020:16:42:01 +0900] 0:0:0:0:0:0:0:1 200 "POST /login HTTP/1.1" 13254 (525 ms)
[28/Oct/2020:16:42:01 +0900] 0:0:0:0:0:0:0:1 200 "GET /lib/bootstrap/js/sb-admin-2.min.js HTTP/1.1" 1266 (9 ms)
[28/Oct/2020:16:42:01 +0900] 0:0:0:0:0:0:0:1 200 "GET /lib/bootstrap/vendor/jquery-easing/jquery.easing.min.js HTTP/1.1" 2532 (9 ms)
[28/Oct/2020:16:42:01 +0900] 0:0:0:0:0:0:0:1 200 "GET /lib/bootstrap/vendor/fontawesome-free/css/all.min.css HTTP/1.1" 58935 (16 ms)
[28/Oct/2020:16:42:01 +0900] 0:0:0:0:0:0:0:1 200 "GET /lib/bootstrap/vendor/jquery/jquery.min.js HTTP/1.1" 89476 (10 ms)
[28/Oct/2020:16:42:01 +0900] 0:0:0:0:0:0:0:1 200 "GET /lib/bootstrap/vendor/bootstrap/js/bootstrap.bundle.min.js HTTP/1.1" 81084 (10 ms)
[28/Oct/2020:16:42:01 +0900] 0:0:0:0:0:0:0:1 200 "GET /lib/bootstrap/css/sb-admin-2.min.css HTTP/1.1" 169306 (11 ms)
[28/Oct/2020:16:42:01 +0900] 0:0:0:0:0:0:0:1 200 "GET /lib/bootstrap/js/demo/chart-area-demo.js HTTP/1.1" 3569 (3 ms)
[28/Oct/2020:16:42:01 +0900] 0:0:0:0:0:0:0:1 200 "GET /lib/bootstrap/js/demo/chart-pie-demo.js HTTP/1.1" 1057 (3 ms)
[28/Oct/2020:16:42:01 +0900] 0:0:0:0:0:0:0:1 200 "GET /lib/bootstrap/vendor/chart.js/Chart.min.js HTTP/1.1" 172812 (6 ms)
[28/Oct/2020:16:42:01 +0900] 0:0:0:0:0:0:0:1 200 "GET /lib/bootstrap/vendor/fontawesome-free/webfonts/fa-solid-900.woff2 HTTP/1.1" 80328 (3 ms)
[28/Oct/2020:16:42:01 +0900] 0:0:0:0:0:0:0:1 404 "GET /vendor/datatables/dataTables.bootstrap4.min.js HTTP/1.1" 179 (52 ms)
[28/Oct/2020:16:42:01 +0900] 0:0:0:0:0:0:0:1 404 "GET /vendor/datatables/jquery.dataTables.min.js HTTP/1.1" 175 (52 ms)
[28/Oct/2020:16:43:03 +0900] 0:0:0:0:0:0:0:1 302 "POST /login HTTP/1.1" - (81 ms)
[28/Oct/2020:16:43:03 +0900] 0:0:0:0:0:0:0:1 200 "GET /login HTTP/1.1" 1406 (5 ms)
[28/Oct/2020:16:43:09 +0900] 0:0:0:0:0:0:0:1 200 "POST /login HTTP/1.1" 13696 (666 ms)
[28/Oct/2020:16:43:09 +0900] 0:0:0:0:0:0:0:1 200 "GET /lib/bootstrap/js/sb-admin-2.min.js HTTP/1.1" 1266 (11 ms)
[28/Oct/2020:16:43:09 +0900] 0:0:0:0:0:0:0:1 200 "GET /lib/bootstrap/vendor/jquery-easing/jquery.easing.min.js HTTP/1.1" 2532 (13 ms)
[28/Oct/2020:16:43:09 +0900] 0:0:0:0:0:0:0:1 200 "GET /lib/bootstrap/vendor/bootstrap/js/bootstrap.bundle.min.js HTTP/1.1" 81084 (14 ms)
[28/Oct/2020:16:43:09 +0900] 0:0:0:0:0:0:0:1 200 "GET /lib/bootstrap/vendor/fontawesome-free/css/all.min.css HTTP/1.1" 58935 (21 ms)
[28/Oct/2020:16:43:09 +0900] 0:0:0:0:0:0:0:1 200 "GET /lib/bootstrap/vendor/jquery/jquery.min.js HTTP/1.1" 89476 (15 ms)
[28/Oct/2020:16:43:09 +0900] 0:0:0:0:0:0:0:1 200 "GET /lib/bootstrap/css/sb-admin-2.min.css HTTP/1.1" 169306 (16 ms)
[28/Oct/2020:16:43:09 +0900] 0:0:0:0:0:0:0:1 200 "GET /lib/bootstrap/js/demo/chart-area-demo.js HTTP/1.1" 3569 (4 ms)
[28/Oct/2020:16:43:09 +0900] 0:0:0:0:0:0:0:1 200 "GET /lib/bootstrap/js/demo/chart-pie-demo.js HTTP/1.1" 1057 (4 ms)
[28/Oct/2020:16:43:09 +0900] 0:0:0:0:0:0:0:1 200 "GET /lib/bootstrap/vendor/chart.js/Chart.min.js HTTP/1.1" 172812 (7 ms)
[28/Oct/2020:16:43:09 +0900] 0:0:0:0:0:0:0:1 200 "GET /lib/bootstrap/vendor/fontawesome-free/webfonts/fa-solid-900.woff2 HTTP/1.1" 80328 (5 ms)
[28/Oct/2020:16:43:09 +0900] 0:0:0:0:0:0:0:1 404 "GET /vendor/datatables/jquery.dataTables.min.js HTTP/1.1" 175 (54 ms)
[28/Oct/2020:16:43:09 +0900] 0:0:0:0:0:0:0:1 404 "GET /vendor/datatables/dataTables.bootstrap4.min.js HTTP/1.1" 179 (53 ms)
[28/Oct/2020:16:44:43 +0900] 0:0:0:0:0:0:0:1 302 "POST /login HTTP/1.1" - (54 ms)
[28/Oct/2020:16:44:43 +0900] 0:0:0:0:0:0:0:1 200 "GET /login HTTP/1.1" 1406 (4 ms)
[28/Oct/2020:16:44:47 +0900] 0:0:0:0:0:0:0:1 200 "POST /login HTTP/1.1" 12710 (664 ms)
[28/Oct/2020:16:44:47 +0900] 0:0:0:0:0:0:0:1 200 "GET /lib/bootstrap/js/sb-admin-2.min.js HTTP/1.1" 1266 (10 ms)
[28/Oct/2020:16:44:47 +0900] 0:0:0:0:0:0:0:1 200 "GET /lib/bootstrap/vendor/jquery-easing/jquery.easing.min.js HTTP/1.1" 2532 (10 ms)
[28/Oct/2020:16:44:47 +0900] 0:0:0:0:0:0:0:1 200 "GET /lib/bootstrap/vendor/fontawesome-free/css/all.min.css HTTP/1.1" 58935 (18 ms)
[28/Oct/2020:16:44:47 +0900] 0:0:0:0:0:0:0:1 200 "GET /lib/bootstrap/vendor/bootstrap/js/bootstrap.bundle.min.js HTTP/1.1" 81084 (10 ms)
[28/Oct/2020:16:44:47 +0900] 0:0:0:0:0:0:0:1 200 "GET /lib/bootstrap/vendor/jquery/jquery.min.js HTTP/1.1" 89476 (11 ms)
[28/Oct/2020:16:44:47 +0900] 0:0:0:0:0:0:0:1 200 "GET /lib/bootstrap/css/sb-admin-2.min.css HTTP/1.1" 169306 (13 ms)
[28/Oct/2020:16:44:47 +0900] 0:0:0:0:0:0:0:1 200 "GET /lib/bootstrap/js/demo/chart-area-demo.js HTTP/1.1" 3569 (5 ms)
[28/Oct/2020:16:44:47 +0900] 0:0:0:0:0:0:0:1 200 "GET /lib/bootstrap/js/demo/chart-pie-demo.js HTTP/1.1" 1057 (4 ms)
[28/Oct/2020:16:44:47 +0900] 0:0:0:0:0:0:0:1 200 "GET /lib/bootstrap/vendor/chart.js/Chart.min.js HTTP/1.1" 172812 (8 ms)
[28/Oct/2020:16:44:47 +0900] 0:0:0:0:0:0:0:1 200 "GET /lib/bootstrap/vendor/fontawesome-free/webfonts/fa-solid-900.woff2 HTTP/1.1" 80328 (4 ms)
[28/Oct/2020:16:44:47 +0900] 0:0:0:0:0:0:0:1 404 "GET /vendor/datatables/dataTables.bootstrap4.min.js HTTP/1.1" 179 (55 ms)
[28/Oct/2020:16:44:47 +0900] 0:0:0:0:0:0:0:1 404 "GET /vendor/datatables/jquery.dataTables.min.js HTTP/1.1" 175 (56 ms)
[28/Oct/2020:16:54:00 +0900] 0:0:0:0:0:0:0:1 200 "GET /lib/bootstrap/vendor/bootstrap/js/bootstrap.bundle.min.js.map HTTP/1.1" 315300 (24 ms)
[28/Oct/2020:17:49:39 +0900] 0:0:0:0:0:0:0:1 302 "POST /login HTTP/1.1" - (55 ms)
[28/Oct/2020:17:49:39 +0900] 0:0:0:0:0:0:0:1 200 "GET /login HTTP/1.1" 1406 (3 ms)
[28/Oct/2020:17:49:43 +0900] 0:0:0:0:0:0:0:1 200 "POST /login HTTP/1.1" 14242 (708 ms)
[28/Oct/2020:17:49:43 +0900] 0:0:0:0:0:0:0:1 200 "GET /lib/bootstrap/vendor/jquery-easing/jquery.easing.min.js HTTP/1.1" 2532 (12 ms)
[28/Oct/2020:17:49:43 +0900] 0:0:0:0:0:0:0:1 200 "GET /lib/bootstrap/vendor/fontawesome-free/css/all.min.css HTTP/1.1" 58935 (23 ms)
[28/Oct/2020:17:49:43 +0900] 0:0:0:0:0:0:0:1 200 "GET /lib/bootstrap/vendor/bootstrap/js/bootstrap.bundle.min.js HTTP/1.1" 81084 (13 ms)
[28/Oct/2020:17:49:43 +0900] 0:0:0:0:0:0:0:1 200 "GET /lib/bootstrap/js/jquery-3.5.1.min.js HTTP/1.1" 89476 (13 ms)
[28/Oct/2020:17:49:43 +0900] 0:0:0:0:0:0:0:1 200 "GET /lib/bootstrap/vendor/jquery/jquery.min.js HTTP/1.1" 89476 (13 ms)
[28/Oct/2020:17:49:43 +0900] 0:0:0:0:0:0:0:1 200 "GET /lib/bootstrap/css/sb-admin-2.min.css HTTP/1.1" 169306 (17 ms)
[28/Oct/2020:17:49:43 +0900] 0:0:0:0:0:0:0:1 200 "GET /lib/bootstrap/js/demo/chart-pie-demo.js HTTP/1.1" 1057 (5 ms)
[28/Oct/2020:17:49:43 +0900] 0:0:0:0:0:0:0:1 200 "GET /lib/bootstrap/js/sb-admin-2.min.js HTTP/1.1" 1266 (7 ms)
[28/Oct/2020:17:49:43 +0900] 0:0:0:0:0:0:0:1 200 "GET /lib/bootstrap/js/demo/chart-area-demo.js HTTP/1.1" 3569 (6 ms)
[28/Oct/2020:17:49:43 +0900] 0:0:0:0:0:0:0:1 200 "GET /lib/bootstrap/vendor/chart.js/Chart.min.js HTTP/1.1" 172812 (11 ms)
[28/Oct/2020:17:49:43 +0900] 0:0:0:0:0:0:0:1 404 "GET /vendor/datatables/dataTables.bootstrap4.min.js HTTP/1.1" 179 (66 ms)
[28/Oct/2020:17:49:43 +0900] 0:0:0:0:0:0:0:1 404 "GET /vendor/datatables/jquery.dataTables.min.js HTTP/1.1" 175 (64 ms)
[28/Oct/2020:17:49:43 +0900] 0:0:0:0:0:0:0:1 200 "GET /lib/bootstrap/vendor/fontawesome-free/webfonts/fa-solid-900.woff2 HTTP/1.1" 80328 (7 ms)
[28/Oct/2020:17:49:43 +0900] 0:0:0:0:0:0:0:1 200 "GET /lib/bootstrap/vendor/bootstrap/js/bootstrap.bundle.min.js.map HTTP/1.1" 315300 (35 ms)
[28/Oct/2020:17:50:03 +0900] 0:0:0:0:0:0:0:1 302 "POST /login HTTP/1.1" - (55 ms)
[28/Oct/2020:17:50:04 +0900] 0:0:0:0:0:0:0:1 200 "GET /login HTTP/1.1" 1406 (4 ms)
[28/Oct/2020:17:50:10 +0900] 0:0:0:0:0:0:0:1 200 "POST /login HTTP/1.1" 14237 (712 ms)
[28/Oct/2020:17:50:10 +0900] 0:0:0:0:0:0:0:1 200 "GET /lib/bootstrap/vendor/jquery-easing/jquery.easing.min.js HTTP/1.1" 2532 (15 ms)
[28/Oct/2020:17:50:10 +0900] 0:0:0:0:0:0:0:1 200 "GET /lib/bootstrap/js/jquery-3.5.1.min.js HTTP/1.1" 89476 (17 ms)
[28/Oct/2020:17:50:10 +0900] 0:0:0:0:0:0:0:1 200 "GET /lib/bootstrap/vendor/bootstrap/js/bootstrap.bundle.min.js HTTP/1.1" 81084 (16 ms)
[28/Oct/2020:17:50:10 +0900] 0:0:0:0:0:0:0:1 200 "GET /lib/bootstrap/vendor/fontawesome-free/css/all.min.css HTTP/1.1" 58935 (27 ms)
[28/Oct/2020:17:50:10 +0900] 0:0:0:0:0:0:0:1 200 "GET /lib/bootstrap/vendor/jquery/jquery.min.js HTTP/1.1" 89476 (17 ms)
[28/Oct/2020:17:50:10 +0900] 0:0:0:0:0:0:0:1 200 "GET /lib/bootstrap/css/sb-admin-2.min.css HTTP/1.1" 169306 (20 ms)
[28/Oct/2020:17:50:10 +0900] 0:0:0:0:0:0:0:1 200 "GET /lib/bootstrap/js/demo/chart-pie-demo.js HTTP/1.1" 1057 (4 ms)
[28/Oct/2020:17:50:10 +0900] 0:0:0:0:0:0:0:1 200 "GET /lib/bootstrap/js/sb-admin-2.min.js HTTP/1.1" 1266 (6 ms)
[28/Oct/2020:17:50:10 +0900] 0:0:0:0:0:0:0:1 200 "GET /lib/bootstrap/js/demo/chart-area-demo.js HTTP/1.1" 3569 (5 ms)
[28/Oct/2020:17:50:10 +0900] 0:0:0:0:0:0:0:1 200 "GET /lib/bootstrap/vendor/chart.js/Chart.min.js HTTP/1.1" 172812 (12 ms)
[28/Oct/2020:17:50:10 +0900] 0:0:0:0:0:0:0:1 200 "GET /lib/bootstrap/vendor/fontawesome-free/webfonts/fa-solid-900.woff2 HTTP/1.1" 80328 (7 ms)
[28/Oct/2020:17:50:10 +0900] 0:0:0:0:0:0:0:1 404 "GET /vendor/datatables/dataTables.bootstrap4.min.js HTTP/1.1" 179 (81 ms)
[28/Oct/2020:17:50:10 +0900] 0:0:0:0:0:0:0:1 404 "GET /vendor/datatables/jquery.dataTables.min.js HTTP/1.1" 175 (81 ms)
[28/Oct/2020:17:50:10 +0900] 0:0:0:0:0:0:0:1 200 "GET /lib/bootstrap/vendor/bootstrap/js/bootstrap.bundle.min.js.map HTTP/1.1" 315300 (48 ms)
[28/Oct/2020:18:28:14 +0900] 0:0:0:0:0:0:0:1 302 "POST /login HTTP/1.1" - (59 ms)
[28/Oct/2020:18:28:15 +0900] 0:0:0:0:0:0:0:1 200 "GET /login HTTP/1.1" 1406 (5 ms)
[28/Oct/2020:18:28:19 +0900] 0:0:0:0:0:0:0:1 200 "POST /login HTTP/1.1" 14720 (726 ms)
[28/Oct/2020:18:28:19 +0900] 0:0:0:0:0:0:0:1 200 "GET /lib/bootstrap/vendor/jquery-easing/jquery.easing.min.js HTTP/1.1" 2532 (13 ms)
[28/Oct/2020:18:28:19 +0900] 0:0:0:0:0:0:0:1 200 "GET /lib/bootstrap/js/jquery-3.5.1.min.js HTTP/1.1" 89476 (15 ms)
[28/Oct/2020:18:28:19 +0900] 0:0:0:0:0:0:0:1 200 "GET /lib/bootstrap/vendor/fontawesome-free/css/all.min.css HTTP/1.1" 58935 (27 ms)
[28/Oct/2020:18:28:19 +0900] 0:0:0:0:0:0:0:1 200 "GET /lib/bootstrap/vendor/jquery/jquery.min.js HTTP/1.1" 89476 (14 ms)
[28/Oct/2020:18:28:19 +0900] 0:0:0:0:0:0:0:1 200 "GET /lib/bootstrap/vendor/bootstrap/js/bootstrap.bundle.min.js HTTP/1.1" 81084 (14 ms)
[28/Oct/2020:18:28:19 +0900] 0:0:0:0:0:0:0:1 200 "GET /lib/bootstrap/css/sb-admin-2.min.css HTTP/1.1" 169306 (17 ms)
[28/Oct/2020:18:28:19 +0900] 0:0:0:0:0:0:0:1 200 "GET /lib/bootstrap/js/demo/chart-pie-demo.js HTTP/1.1" 1057 (4 ms)
[28/Oct/2020:18:28:19 +0900] 0:0:0:0:0:0:0:1 200 "GET /lib/bootstrap/js/sb-admin-2.min.js HTTP/1.1" 1266 (4 ms)
[28/Oct/2020:18:28:19 +0900] 0:0:0:0:0:0:0:1 200 "GET /lib/bootstrap/js/demo/chart-area-demo.js HTTP/1.1" 3569 (5 ms)
[28/Oct/2020:18:28:19 +0900] 0:0:0:0:0:0:0:1 200 "GET /lib/bootstrap/vendor/chart.js/Chart.min.js HTTP/1.1" 172812 (9 ms)
[28/Oct/2020:18:28:19 +0900] 0:0:0:0:0:0:0:1 200 "GET /lib/bootstrap/vendor/fontawesome-free/webfonts/fa-solid-900.woff2 HTTP/1.1" 80328 (6 ms)
[28/Oct/2020:18:28:19 +0900] 0:0:0:0:0:0:0:1 404 "GET /vendor/datatables/jquery.dataTables.min.js HTTP/1.1" 175 (71 ms)
[28/Oct/2020:18:28:19 +0900] 0:0:0:0:0:0:0:1 404 "GET /vendor/datatables/dataTables.bootstrap4.min.js HTTP/1.1" 179 (70 ms)
[28/Oct/2020:18:28:19 +0900] 0:0:0:0:0:0:0:1 200 "GET /lib/bootstrap/vendor/bootstrap/js/bootstrap.bundle.min.js.map HTTP/1.1" 315300 (29 ms)
[28/Oct/2020:18:30:32 +0900] 0:0:0:0:0:0:0:1 302 "POST /login HTTP/1.1" - (55 ms)
[28/Oct/2020:18:30:32 +0900] 0:0:0:0:0:0:0:1 200 "GET /login HTTP/1.1" 1406 (4 ms)
[28/Oct/2020:18:30:37 +0900] 0:0:0:0:0:0:0:1 200 "POST /login HTTP/1.1" 14750 (783 ms)
[28/Oct/2020:18:30:37 +0900] 0:0:0:0:0:0:0:1 200 "GET /lib/bootstrap/vendor/jquery-easing/jquery.easing.min.js HTTP/1.1" 2532 (13 ms)
[28/Oct/2020:18:30:37 +0900] 0:0:0:0:0:0:0:1 200 "GET /lib/bootstrap/js/jquery-3.5.1.min.js HTTP/1.1" 89476 (15 ms)
[28/Oct/2020:18:30:37 +0900] 0:0:0:0:0:0:0:1 200 "GET /lib/bootstrap/vendor/fontawesome-free/css/all.min.css HTTP/1.1" 58935 (27 ms)
[28/Oct/2020:18:30:37 +0900] 0:0:0:0:0:0:0:1 200 "GET /lib/bootstrap/vendor/bootstrap/js/bootstrap.bundle.min.js HTTP/1.1" 81084 (15 ms)
[28/Oct/2020:18:30:37 +0900] 0:0:0:0:0:0:0:1 200 "GET /lib/bootstrap/vendor/jquery/jquery.min.js HTTP/1.1" 89476 (16 ms)
[28/Oct/2020:18:30:37 +0900] 0:0:0:0:0:0:0:1 200 "GET /lib/bootstrap/css/sb-admin-2.min.css HTTP/1.1" 169306 (21 ms)
[28/Oct/2020:18:30:37 +0900] 0:0:0:0:0:0:0:1 200 "GET /lib/bootstrap/js/sb-admin-2.min.js HTTP/1.1" 1266 (7 ms)
[28/Oct/2020:18:30:37 +0900] 0:0:0:0:0:0:0:1 200 "GET /lib/bootstrap/js/demo/chart-area-demo.js HTTP/1.1" 3569 (6 ms)
[28/Oct/2020:18:30:37 +0900] 0:0:0:0:0:0:0:1 200 "GET /lib/bootstrap/vendor/datatables/dataTables.bootstrap4.min.js HTTP/1.1" 2094 (3 ms)
[28/Oct/2020:18:30:37 +0900] 0:0:0:0:0:0:0:1 200 "GET /lib/bootstrap/js/demo/chart-pie-demo.js HTTP/1.1" 1057 (7 ms)
[28/Oct/2020:18:30:37 +0900] 0:0:0:0:0:0:0:1 200 "GET /lib/bootstrap/vendor/datatables/jquery.dataTables.min.js HTTP/1.1" 82867 (7 ms)
[28/Oct/2020:18:30:37 +0900] 0:0:0:0:0:0:0:1 200 "GET /lib/bootstrap/vendor/chart.js/Chart.min.js HTTP/1.1" 172812 (10 ms)
[28/Oct/2020:18:30:37 +0900] 0:0:0:0:0:0:0:1 200 "GET /lib/bootstrap/vendor/fontawesome-free/webfonts/fa-solid-900.woff2 HTTP/1.1" 80328 (6 ms)
[28/Oct/2020:18:30:37 +0900] 0:0:0:0:0:0:0:1 200 "GET /lib/bootstrap/vendor/bootstrap/js/bootstrap.bundle.min.js.map HTTP/1.1" 315300 (29 ms)
[28/Oct/2020:18:35:48 +0900] 0:0:0:0:0:0:0:1 302 "POST /login HTTP/1.1" - (58 ms)
[28/Oct/2020:18:35:48 +0900] 0:0:0:0:0:0:0:1 200 "GET /login HTTP/1.1" 1406 (4 ms)
[28/Oct/2020:18:35:54 +0900] 0:0:0:0:0:0:0:1 200 "POST /login HTTP/1.1" 14757 (977 ms)
[28/Oct/2020:18:35:54 +0900] 0:0:0:0:0:0:0:1 200 "GET /lib/bootstrap/vendor/jquery-easing/jquery.easing.min.js HTTP/1.1" 2532 (11 ms)
[28/Oct/2020:18:35:54 +0900] 0:0:0:0:0:0:0:1 200 "GET /lib/bootstrap/vendor/jquery/jquery.min.js HTTP/1.1" 89476 (14 ms)
[28/Oct/2020:18:35:54 +0900] 0:0:0:0:0:0:0:1 200 "GET /lib/bootstrap/vendor/bootstrap/js/bootstrap.bundle.min.js HTTP/1.1" 81084 (13 ms)
[28/Oct/2020:18:35:54 +0900] 0:0:0:0:0:0:0:1 200 "GET /lib/bootstrap/vendor/fontawesome-free/css/all.min.css HTTP/1.1" 58935 (22 ms)
[28/Oct/2020:18:35:54 +0900] 0:0:0:0:0:0:0:1 200 "GET /lib/bootstrap/css/sb-admin-2.min.css HTTP/1.1" 169306 (18 ms)
[28/Oct/2020:18:35:54 +0900] 0:0:0:0:0:0:0:1 200 "GET /lib/bootstrap/js/jquery-3.5.1.min.js HTTP/1.1" 89476 (16 ms)
[28/Oct/2020:18:35:54 +0900] 0:0:0:0:0:0:0:1 200 "GET /lib/bootstrap/js/demo/chart-area-demo.js HTTP/1.1" 3569 (5 ms)
[28/Oct/2020:18:35:54 +0900] 0:0:0:0:0:0:0:1 200 "GET /lib/bootstrap/js/demo/chart-pie-demo.js HTTP/1.1" 1057 (4 ms)
[28/Oct/2020:18:35:54 +0900] 0:0:0:0:0:0:0:1 200 "GET /lib/bootstrap/vendor/datatables/dataTables.bootstrap4.min.js HTTP/1.1" 2094 (4 ms)
[28/Oct/2020:18:35:54 +0900] 0:0:0:0:0:0:0:1 200 "GET /lib/bootstrap/js/sb-admin-2.min.js HTTP/1.1" 1266 (7 ms)
[28/Oct/2020:18:35:54 +0900] 0:0:0:0:0:0:0:1 200 "GET /lib/bootstrap/vendor/datatables/jquery.dataTables.min.js HTTP/1.1" 82867 (6 ms)
[28/Oct/2020:18:35:54 +0900] 0:0:0:0:0:0:0:1 200 "GET /lib/bootstrap/vendor/chart.js/Chart.min.js HTTP/1.1" 172812 (7 ms)
[28/Oct/2020:18:35:54 +0900] 0:0:0:0:0:0:0:1 200 "GET /lib/bootstrap/vendor/fontawesome-free/webfonts/fa-solid-900.woff2 HTTP/1.1" 80328 (5 ms)
[28/Oct/2020:18:35:54 +0900] 0:0:0:0:0:0:0:1 200 "GET /lib/bootstrap/vendor/bootstrap/js/bootstrap.bundle.min.js.map HTTP/1.1" 315300 (29 ms)
