[27/Oct/2020:14:22:47 +0900] 0:0:0:0:0:0:0:1 200 "GET /login?error HTTP/1.1" 1496 (43 ms)
[27/Oct/2020:14:22:49 +0900] 0:0:0:0:0:0:0:1 200 "GET /login?error HTTP/1.1" 1496 (2 ms)
[27/Oct/2020:14:22:55 +0900] 0:0:0:0:0:0:0:1 302 "GET / HTTP/1.1" - (16 ms)
[27/Oct/2020:14:22:55 +0900] 0:0:0:0:0:0:0:1 200 "GET /login HTTP/1.1" 1406 (1 ms)
[27/Oct/2020:14:23:03 +0900] 0:0:0:0:0:0:0:1 200 "GET /login HTTP/1.1" 1406 (2 ms)
[27/Oct/2020:14:23:13 +0900] 0:0:0:0:0:0:0:1 200 "GET /login HTTP/1.1" 1406 (46 ms)
[27/Oct/2020:14:28:23 +0900] 0:0:0:0:0:0:0:1 302 "POST /login HTTP/1.1" - (51 ms)
[27/Oct/2020:14:28:23 +0900] 0:0:0:0:0:0:0:1 302 "GET /login HTTP/1.1" - (5 ms)
[27/Oct/2020:14:28:23 +0900] 0:0:0:0:0:0:0:1 302 "GET /login HTTP/1.1" - (3 ms)
[27/Oct/2020:14:28:23 +0900] 0:0:0:0:0:0:0:1 302 "GET /login HTTP/1.1" - (2 ms)
[27/Oct/2020:14:28:23 +0900] 0:0:0:0:0:0:0:1 302 "GET /login HTTP/1.1" - (2 ms)
[27/Oct/2020:14:28:23 +0900] 0:0:0:0:0:0:0:1 302 "GET /login HTTP/1.1" - (1 ms)
[27/Oct/2020:14:28:23 +0900] 0:0:0:0:0:0:0:1 302 "GET /login HTTP/1.1" - (2 ms)
[27/Oct/2020:14:28:23 +0900] 0:0:0:0:0:0:0:1 302 "GET /login HTTP/1.1" - (1 ms)
[27/Oct/2020:14:28:23 +0900] 0:0:0:0:0:0:0:1 302 "GET /login HTTP/1.1" - (1 ms)
[27/Oct/2020:14:28:23 +0900] 0:0:0:0:0:0:0:1 302 "GET /login HTTP/1.1" - (2 ms)
[27/Oct/2020:14:28:23 +0900] 0:0:0:0:0:0:0:1 302 "GET /login HTTP/1.1" - (1 ms)
[27/Oct/2020:14:28:23 +0900] 0:0:0:0:0:0:0:1 302 "GET /login HTTP/1.1" - (2 ms)
[27/Oct/2020:14:28:23 +0900] 0:0:0:0:0:0:0:1 302 "GET /login HTTP/1.1" - (2 ms)
[27/Oct/2020:14:28:23 +0900] 0:0:0:0:0:0:0:1 302 "GET /login HTTP/1.1" - (2 ms)
[27/Oct/2020:14:28:23 +0900] 0:0:0:0:0:0:0:1 302 "GET /login HTTP/1.1" - (1 ms)
[27/Oct/2020:14:28:23 +0900] 0:0:0:0:0:0:0:1 302 "GET /login HTTP/1.1" - (2 ms)
[27/Oct/2020:14:28:23 +0900] 0:0:0:0:0:0:0:1 302 "GET /login HTTP/1.1" - (1 ms)
[27/Oct/2020:14:28:28 +0900] 0:0:0:0:0:0:0:1 302 "POST /login HTTP/1.1" - (2 ms)
[27/Oct/2020:14:28:28 +0900] 0:0:0:0:0:0:0:1 302 "GET /login HTTP/1.1" - (2 ms)
[27/Oct/2020:14:28:28 +0900] 0:0:0:0:0:0:0:1 302 "GET /login HTTP/1.1" - (2 ms)
[27/Oct/2020:14:28:28 +0900] 0:0:0:0:0:0:0:1 302 "GET /login HTTP/1.1" - (1 ms)
[27/Oct/2020:14:28:28 +0900] 0:0:0:0:0:0:0:1 302 "GET /login HTTP/1.1" - (2 ms)
[27/Oct/2020:14:28:28 +0900] 0:0:0:0:0:0:0:1 302 "GET /login HTTP/1.1" - (2 ms)
[27/Oct/2020:14:28:28 +0900] 0:0:0:0:0:0:0:1 302 "GET /login HTTP/1.1" - (1 ms)
[27/Oct/2020:14:28:28 +0900] 0:0:0:0:0:0:0:1 302 "GET /login HTTP/1.1" - (1 ms)
[27/Oct/2020:14:28:28 +0900] 0:0:0:0:0:0:0:1 302 "GET /login HTTP/1.1" - (1 ms)
[27/Oct/2020:14:28:28 +0900] 0:0:0:0:0:0:0:1 302 "GET /login HTTP/1.1" - (2 ms)
[27/Oct/2020:14:28:28 +0900] 0:0:0:0:0:0:0:1 302 "GET /login HTTP/1.1" - (2 ms)
[27/Oct/2020:14:28:28 +0900] 0:0:0:0:0:0:0:1 302 "GET /login HTTP/1.1" - (2 ms)
[27/Oct/2020:14:28:28 +0900] 0:0:0:0:0:0:0:1 302 "GET /login HTTP/1.1" - (2 ms)
[27/Oct/2020:14:28:28 +0900] 0:0:0:0:0:0:0:1 302 "GET /login HTTP/1.1" - (1 ms)
[27/Oct/2020:14:28:28 +0900] 0:0:0:0:0:0:0:1 302 "GET /login HTTP/1.1" - (1 ms)
[27/Oct/2020:14:28:28 +0900] 0:0:0:0:0:0:0:1 302 "GET /login HTTP/1.1" - (1 ms)
[27/Oct/2020:14:28:28 +0900] 0:0:0:0:0:0:0:1 302 "GET /login HTTP/1.1" - (1 ms)
[27/Oct/2020:14:28:36 +0900] 0:0:0:0:0:0:0:1 302 "GET /login HTTP/1.1" - (3 ms)
[27/Oct/2020:14:28:36 +0900] 0:0:0:0:0:0:0:1 302 "GET /login HTTP/1.1" - (2 ms)
[27/Oct/2020:14:28:36 +0900] 0:0:0:0:0:0:0:1 302 "GET /login HTTP/1.1" - (2 ms)
[27/Oct/2020:14:28:36 +0900] 0:0:0:0:0:0:0:1 302 "GET /login HTTP/1.1" - (2 ms)
[27/Oct/2020:14:28:36 +0900] 0:0:0:0:0:0:0:1 302 "GET /login HTTP/1.1" - (2 ms)
[27/Oct/2020:14:28:36 +0900] 0:0:0:0:0:0:0:1 302 "GET /login HTTP/1.1" - (2 ms)
[27/Oct/2020:14:28:36 +0900] 0:0:0:0:0:0:0:1 302 "GET /login HTTP/1.1" - (1 ms)
[27/Oct/2020:14:28:36 +0900] 0:0:0:0:0:0:0:1 302 "GET /login HTTP/1.1" - (1 ms)
[27/Oct/2020:14:28:36 +0900] 0:0:0:0:0:0:0:1 302 "GET /login HTTP/1.1" - (2 ms)
[27/Oct/2020:14:28:36 +0900] 0:0:0:0:0:0:0:1 302 "GET /login HTTP/1.1" - (2 ms)
[27/Oct/2020:14:28:36 +0900] 0:0:0:0:0:0:0:1 302 "GET /login HTTP/1.1" - (2 ms)
[27/Oct/2020:14:28:36 +0900] 0:0:0:0:0:0:0:1 302 "GET /login HTTP/1.1" - (2 ms)
[27/Oct/2020:14:28:36 +0900] 0:0:0:0:0:0:0:1 302 "GET /login HTTP/1.1" - (1 ms)
[27/Oct/2020:14:28:36 +0900] 0:0:0:0:0:0:0:1 302 "GET /login HTTP/1.1" - (1 ms)
[27/Oct/2020:14:28:36 +0900] 0:0:0:0:0:0:0:1 302 "GET /login HTTP/1.1" - (1 ms)
[27/Oct/2020:14:28:36 +0900] 0:0:0:0:0:0:0:1 302 "GET /login HTTP/1.1" - (1 ms)
[27/Oct/2020:14:28:36 +0900] 0:0:0:0:0:0:0:1 302 "GET /login HTTP/1.1" - (1 ms)
[27/Oct/2020:14:29:28 +0900] 0:0:0:0:0:0:0:1 302 "POST /login HTTP/1.1" - (213 ms)
[27/Oct/2020:14:29:28 +0900] 0:0:0:0:0:0:0:1 302 "GET /login HTTP/1.1" - (7 ms)
[27/Oct/2020:14:29:28 +0900] 0:0:0:0:0:0:0:1 302 "GET /login HTTP/1.1" - (2 ms)
[27/Oct/2020:14:29:28 +0900] 0:0:0:0:0:0:0:1 302 "GET /login HTTP/1.1" - (2 ms)
[27/Oct/2020:14:29:28 +0900] 0:0:0:0:0:0:0:1 302 "GET /login HTTP/1.1" - (2 ms)
[27/Oct/2020:14:29:28 +0900] 0:0:0:0:0:0:0:1 302 "GET /login HTTP/1.1" - (2 ms)
[27/Oct/2020:14:29:28 +0900] 0:0:0:0:0:0:0:1 302 "GET /login HTTP/1.1" - (2 ms)
[27/Oct/2020:14:29:28 +0900] 0:0:0:0:0:0:0:1 302 "GET /login HTTP/1.1" - (2 ms)
[27/Oct/2020:14:29:28 +0900] 0:0:0:0:0:0:0:1 302 "GET /login HTTP/1.1" - (2 ms)
[27/Oct/2020:14:29:28 +0900] 0:0:0:0:0:0:0:1 302 "GET /login HTTP/1.1" - (2 ms)
[27/Oct/2020:14:29:28 +0900] 0:0:0:0:0:0:0:1 302 "GET /login HTTP/1.1" - (2 ms)
[27/Oct/2020:14:29:28 +0900] 0:0:0:0:0:0:0:1 302 "GET /login HTTP/1.1" - (2 ms)
[27/Oct/2020:14:29:28 +0900] 0:0:0:0:0:0:0:1 302 "GET /login HTTP/1.1" - (2 ms)
[27/Oct/2020:14:29:28 +0900] 0:0:0:0:0:0:0:1 302 "GET /login HTTP/1.1" - (1 ms)
[27/Oct/2020:14:29:28 +0900] 0:0:0:0:0:0:0:1 302 "GET /login HTTP/1.1" - (1 ms)
[27/Oct/2020:14:29:28 +0900] 0:0:0:0:0:0:0:1 302 "GET /login HTTP/1.1" - (2 ms)
[27/Oct/2020:14:29:28 +0900] 0:0:0:0:0:0:0:1 302 "GET /login HTTP/1.1" - (2 ms)
[27/Oct/2020:14:32:03 +0900] 0:0:0:0:0:0:0:1 302 "GET /login HTTP/1.1" - (79 ms)
[27/Oct/2020:14:32:03 +0900] 0:0:0:0:0:0:0:1 302 "GET /login HTTP/1.1" - (4 ms)
[27/Oct/2020:14:32:03 +0900] 0:0:0:0:0:0:0:1 302 "GET /login HTTP/1.1" - (2 ms)
[27/Oct/2020:14:32:03 +0900] 0:0:0:0:0:0:0:1 302 "GET /login HTTP/1.1" - (3 ms)
[27/Oct/2020:14:32:03 +0900] 0:0:0:0:0:0:0:1 302 "GET /login HTTP/1.1" - (2 ms)
[27/Oct/2020:14:32:03 +0900] 0:0:0:0:0:0:0:1 302 "GET /login HTTP/1.1" - (3 ms)
[27/Oct/2020:14:32:03 +0900] 0:0:0:0:0:0:0:1 302 "GET /login HTTP/1.1" - (2 ms)
[27/Oct/2020:14:32:03 +0900] 0:0:0:0:0:0:0:1 302 "GET /login HTTP/1.1" - (2 ms)
[27/Oct/2020:14:32:03 +0900] 0:0:0:0:0:0:0:1 302 "GET /login HTTP/1.1" - (3 ms)
[27/Oct/2020:14:32:03 +0900] 0:0:0:0:0:0:0:1 302 "GET /login HTTP/1.1" - (2 ms)
[27/Oct/2020:14:32:03 +0900] 0:0:0:0:0:0:0:1 302 "GET /login HTTP/1.1" - (3 ms)
[27/Oct/2020:14:32:03 +0900] 0:0:0:0:0:0:0:1 302 "GET /login HTTP/1.1" - (2 ms)
[27/Oct/2020:14:32:03 +0900] 0:0:0:0:0:0:0:1 302 "GET /login HTTP/1.1" - (2 ms)
[27/Oct/2020:14:32:03 +0900] 0:0:0:0:0:0:0:1 302 "GET /login HTTP/1.1" - (2 ms)
[27/Oct/2020:14:32:03 +0900] 0:0:0:0:0:0:0:1 302 "GET /login HTTP/1.1" - (2 ms)
[27/Oct/2020:14:32:03 +0900] 0:0:0:0:0:0:0:1 302 "GET /login HTTP/1.1" - (2 ms)
[27/Oct/2020:14:32:03 +0900] 0:0:0:0:0:0:0:1 302 "GET /login HTTP/1.1" - (2 ms)
[27/Oct/2020:14:32:13 +0900] 0:0:0:0:0:0:0:1 302 "POST /login HTTP/1.1" - (5 ms)
[27/Oct/2020:14:32:13 +0900] 0:0:0:0:0:0:0:1 302 "GET /login HTTP/1.1" - (2 ms)
[27/Oct/2020:14:32:13 +0900] 0:0:0:0:0:0:0:1 302 "GET /login HTTP/1.1" - (2 ms)
[27/Oct/2020:14:32:13 +0900] 0:0:0:0:0:0:0:1 302 "GET /login HTTP/1.1" - (2 ms)
[27/Oct/2020:14:32:13 +0900] 0:0:0:0:0:0:0:1 302 "GET /login HTTP/1.1" - (2 ms)
[27/Oct/2020:14:32:13 +0900] 0:0:0:0:0:0:0:1 302 "GET /login HTTP/1.1" - (1 ms)
[27/Oct/2020:14:32:13 +0900] 0:0:0:0:0:0:0:1 302 "GET /login HTTP/1.1" - (2 ms)
[27/Oct/2020:14:32:13 +0900] 0:0:0:0:0:0:0:1 302 "GET /login HTTP/1.1" - (2 ms)
[27/Oct/2020:14:32:13 +0900] 0:0:0:0:0:0:0:1 302 "GET /login HTTP/1.1" - (1 ms)
[27/Oct/2020:14:32:13 +0900] 0:0:0:0:0:0:0:1 302 "GET /login HTTP/1.1" - (1 ms)
[27/Oct/2020:14:32:13 +0900] 0:0:0:0:0:0:0:1 302 "GET /login HTTP/1.1" - (2 ms)
[27/Oct/2020:14:32:13 +0900] 0:0:0:0:0:0:0:1 302 "GET /login HTTP/1.1" - (2 ms)
[27/Oct/2020:14:32:13 +0900] 0:0:0:0:0:0:0:1 302 "GET /login HTTP/1.1" - (1 ms)
[27/Oct/2020:14:32:13 +0900] 0:0:0:0:0:0:0:1 302 "GET /login HTTP/1.1" - (1 ms)
[27/Oct/2020:14:32:13 +0900] 0:0:0:0:0:0:0:1 302 "GET /login HTTP/1.1" - (1 ms)
[27/Oct/2020:14:32:13 +0900] 0:0:0:0:0:0:0:1 302 "GET /login HTTP/1.1" - (1 ms)
[27/Oct/2020:14:32:13 +0900] 0:0:0:0:0:0:0:1 302 "GET /login HTTP/1.1" - (2 ms)
[27/Oct/2020:14:32:16 +0900] 0:0:0:0:0:0:0:1 302 "POST /login HTTP/1.1" - (1 ms)
[27/Oct/2020:14:32:16 +0900] 0:0:0:0:0:0:0:1 302 "GET /login HTTP/1.1" - (2 ms)
[27/Oct/2020:14:32:16 +0900] 0:0:0:0:0:0:0:1 302 "GET /login HTTP/1.1" - (1 ms)
[27/Oct/2020:14:32:16 +0900] 0:0:0:0:0:0:0:1 302 "GET /login HTTP/1.1" - (2 ms)
[27/Oct/2020:14:32:16 +0900] 0:0:0:0:0:0:0:1 302 "GET /login HTTP/1.1" - (2 ms)
[27/Oct/2020:14:32:16 +0900] 0:0:0:0:0:0:0:1 302 "GET /login HTTP/1.1" - (2 ms)
[27/Oct/2020:14:32:16 +0900] 0:0:0:0:0:0:0:1 302 "GET /login HTTP/1.1" - (2 ms)
[27/Oct/2020:14:32:16 +0900] 0:0:0:0:0:0:0:1 302 "GET /login HTTP/1.1" - (1 ms)
[27/Oct/2020:14:32:16 +0900] 0:0:0:0:0:0:0:1 302 "GET /login HTTP/1.1" - (1 ms)
[27/Oct/2020:14:32:16 +0900] 0:0:0:0:0:0:0:1 302 "GET /login HTTP/1.1" - (1 ms)
[27/Oct/2020:14:32:16 +0900] 0:0:0:0:0:0:0:1 302 "GET /login HTTP/1.1" - (2 ms)
[27/Oct/2020:14:32:16 +0900] 0:0:0:0:0:0:0:1 302 "GET /login HTTP/1.1" - (1 ms)
[27/Oct/2020:14:32:16 +0900] 0:0:0:0:0:0:0:1 302 "GET /login HTTP/1.1" - (1 ms)
[27/Oct/2020:14:32:16 +0900] 0:0:0:0:0:0:0:1 302 "GET /login HTTP/1.1" - (1 ms)
[27/Oct/2020:14:32:16 +0900] 0:0:0:0:0:0:0:1 302 "GET /login HTTP/1.1" - (1 ms)
[27/Oct/2020:14:32:16 +0900] 0:0:0:0:0:0:0:1 302 "GET /login HTTP/1.1" - (1 ms)
[27/Oct/2020:14:32:16 +0900] 0:0:0:0:0:0:0:1 302 "GET /login HTTP/1.1" - (1 ms)
[27/Oct/2020:14:32:21 +0900] 0:0:0:0:0:0:0:1 302 "GET /login HTTP/1.1" - (2 ms)
[27/Oct/2020:14:32:21 +0900] 0:0:0:0:0:0:0:1 302 "GET /login HTTP/1.1" - (1 ms)
[27/Oct/2020:14:32:21 +0900] 0:0:0:0:0:0:0:1 302 "GET /login HTTP/1.1" - (2 ms)
[27/Oct/2020:14:32:21 +0900] 0:0:0:0:0:0:0:1 302 "GET /login HTTP/1.1" - (1 ms)
[27/Oct/2020:14:32:21 +0900] 0:0:0:0:0:0:0:1 302 "GET /login HTTP/1.1" - (1 ms)
[27/Oct/2020:14:32:21 +0900] 0:0:0:0:0:0:0:1 302 "GET /login HTTP/1.1" - (1 ms)
[27/Oct/2020:14:32:21 +0900] 0:0:0:0:0:0:0:1 302 "GET /login HTTP/1.1" - (1 ms)
[27/Oct/2020:14:32:21 +0900] 0:0:0:0:0:0:0:1 302 "GET /login HTTP/1.1" - (2 ms)
[27/Oct/2020:14:32:21 +0900] 0:0:0:0:0:0:0:1 302 "GET /login HTTP/1.1" - (1 ms)
[27/Oct/2020:14:32:21 +0900] 0:0:0:0:0:0:0:1 302 "GET /login HTTP/1.1" - (1 ms)
[27/Oct/2020:14:32:21 +0900] 0:0:0:0:0:0:0:1 302 "GET /login HTTP/1.1" - (1 ms)
[27/Oct/2020:14:32:21 +0900] 0:0:0:0:0:0:0:1 302 "GET /login HTTP/1.1" - (2 ms)
[27/Oct/2020:14:32:21 +0900] 0:0:0:0:0:0:0:1 302 "GET /login HTTP/1.1" - (2 ms)
[27/Oct/2020:14:32:21 +0900] 0:0:0:0:0:0:0:1 302 "GET /login HTTP/1.1" - (1 ms)
[27/Oct/2020:14:32:21 +0900] 0:0:0:0:0:0:0:1 302 "GET /login HTTP/1.1" - (1 ms)
[27/Oct/2020:14:32:21 +0900] 0:0:0:0:0:0:0:1 302 "GET /login HTTP/1.1" - (2 ms)
[27/Oct/2020:14:32:21 +0900] 0:0:0:0:0:0:0:1 302 "GET /login HTTP/1.1" - (1 ms)
[27/Oct/2020:14:33:06 +0900] 0:0:0:0:0:0:0:1 302 "POST /login HTTP/1.1" - (75 ms)
[27/Oct/2020:14:33:06 +0900] 0:0:0:0:0:0:0:1 302 "GET /login HTTP/1.1" - (7 ms)
[27/Oct/2020:14:33:06 +0900] 0:0:0:0:0:0:0:1 302 "GET /login HTTP/1.1" - (4 ms)
[27/Oct/2020:14:33:06 +0900] 0:0:0:0:0:0:0:1 302 "GET /login HTTP/1.1" - (2 ms)
[27/Oct/2020:14:33:06 +0900] 0:0:0:0:0:0:0:1 302 "GET /login HTTP/1.1" - (2 ms)
[27/Oct/2020:14:33:06 +0900] 0:0:0:0:0:0:0:1 302 "GET /login HTTP/1.1" - (2 ms)
[27/Oct/2020:14:33:06 +0900] 0:0:0:0:0:0:0:1 302 "GET /login HTTP/1.1" - (3 ms)
[27/Oct/2020:14:33:06 +0900] 0:0:0:0:0:0:0:1 302 "GET /login HTTP/1.1" - (2 ms)
[27/Oct/2020:14:33:06 +0900] 0:0:0:0:0:0:0:1 302 "GET /login HTTP/1.1" - (2 ms)
[27/Oct/2020:14:33:06 +0900] 0:0:0:0:0:0:0:1 302 "GET /login HTTP/1.1" - (2 ms)
[27/Oct/2020:14:33:06 +0900] 0:0:0:0:0:0:0:1 302 "GET /login HTTP/1.1" - (2 ms)
[27/Oct/2020:14:33:06 +0900] 0:0:0:0:0:0:0:1 302 "GET /login HTTP/1.1" - (2 ms)
[27/Oct/2020:14:33:06 +0900] 0:0:0:0:0:0:0:1 302 "GET /login HTTP/1.1" - (2 ms)
[27/Oct/2020:14:33:06 +0900] 0:0:0:0:0:0:0:1 302 "GET /login HTTP/1.1" - (2 ms)
[27/Oct/2020:14:33:06 +0900] 0:0:0:0:0:0:0:1 302 "GET /login HTTP/1.1" - (2 ms)
[27/Oct/2020:14:33:06 +0900] 0:0:0:0:0:0:0:1 302 "GET /login HTTP/1.1" - (2 ms)
[27/Oct/2020:14:33:06 +0900] 0:0:0:0:0:0:0:1 302 "GET /login HTTP/1.1" - (2 ms)
[27/Oct/2020:14:33:33 +0900] 0:0:0:0:0:0:0:1 302 "GET /login HTTP/1.1" - (78 ms)
[27/Oct/2020:14:33:33 +0900] 0:0:0:0:0:0:0:1 302 "GET /login HTTP/1.1" - (3 ms)
[27/Oct/2020:14:33:33 +0900] 0:0:0:0:0:0:0:1 302 "GET /login HTTP/1.1" - (2 ms)
[27/Oct/2020:14:33:33 +0900] 0:0:0:0:0:0:0:1 302 "GET /login HTTP/1.1" - (3 ms)
[27/Oct/2020:14:33:33 +0900] 0:0:0:0:0:0:0:1 302 "GET /login HTTP/1.1" - (2 ms)
[27/Oct/2020:14:33:33 +0900] 0:0:0:0:0:0:0:1 302 "GET /login HTTP/1.1" - (2 ms)
[27/Oct/2020:14:33:33 +0900] 0:0:0:0:0:0:0:1 302 "GET /login HTTP/1.1" - (2 ms)
[27/Oct/2020:14:33:33 +0900] 0:0:0:0:0:0:0:1 302 "GET /login HTTP/1.1" - (2 ms)
[27/Oct/2020:14:33:33 +0900] 0:0:0:0:0:0:0:1 302 "GET /login HTTP/1.1" - (2 ms)
[27/Oct/2020:14:33:33 +0900] 0:0:0:0:0:0:0:1 302 "GET /login HTTP/1.1" - (2 ms)
[27/Oct/2020:14:33:33 +0900] 0:0:0:0:0:0:0:1 302 "GET /login HTTP/1.1" - (2 ms)
[27/Oct/2020:14:33:33 +0900] 0:0:0:0:0:0:0:1 302 "GET /login HTTP/1.1" - (3 ms)
[27/Oct/2020:14:33:33 +0900] 0:0:0:0:0:0:0:1 302 "GET /login HTTP/1.1" - (2 ms)
[27/Oct/2020:14:33:33 +0900] 0:0:0:0:0:0:0:1 302 "GET /login HTTP/1.1" - (2 ms)
[27/Oct/2020:14:33:33 +0900] 0:0:0:0:0:0:0:1 302 "GET /login HTTP/1.1" - (3 ms)
[27/Oct/2020:14:33:33 +0900] 0:0:0:0:0:0:0:1 302 "GET /login HTTP/1.1" - (2 ms)
[27/Oct/2020:14:33:33 +0900] 0:0:0:0:0:0:0:1 302 "GET /login HTTP/1.1" - (2 ms)
[27/Oct/2020:14:33:39 +0900] 0:0:0:0:0:0:0:1 302 "GET / HTTP/1.1" - (2 ms)
[27/Oct/2020:14:33:39 +0900] 0:0:0:0:0:0:0:1 302 "GET /login HTTP/1.1" - (1 ms)
[27/Oct/2020:14:33:39 +0900] 0:0:0:0:0:0:0:1 302 "GET /login HTTP/1.1" - (2 ms)
[27/Oct/2020:14:33:39 +0900] 0:0:0:0:0:0:0:1 302 "GET /login HTTP/1.1" - (1 ms)
[27/Oct/2020:14:33:39 +0900] 0:0:0:0:0:0:0:1 302 "GET /login HTTP/1.1" - (2 ms)
[27/Oct/2020:14:33:39 +0900] 0:0:0:0:0:0:0:1 302 "GET /login HTTP/1.1" - (2 ms)
[27/Oct/2020:14:33:39 +0900] 0:0:0:0:0:0:0:1 302 "GET /login HTTP/1.1" - (2 ms)
[27/Oct/2020:14:33:39 +0900] 0:0:0:0:0:0:0:1 302 "GET /login HTTP/1.1" - (2 ms)
[27/Oct/2020:14:33:39 +0900] 0:0:0:0:0:0:0:1 302 "GET /login HTTP/1.1" - (2 ms)
[27/Oct/2020:14:33:39 +0900] 0:0:0:0:0:0:0:1 302 "GET /login HTTP/1.1" - (1 ms)
[27/Oct/2020:14:33:39 +0900] 0:0:0:0:0:0:0:1 302 "GET /login HTTP/1.1" - (2 ms)
[27/Oct/2020:14:33:39 +0900] 0:0:0:0:0:0:0:1 302 "GET /login HTTP/1.1" - (2 ms)
[27/Oct/2020:14:33:39 +0900] 0:0:0:0:0:0:0:1 302 "GET /login HTTP/1.1" - (2 ms)
[27/Oct/2020:14:33:39 +0900] 0:0:0:0:0:0:0:1 302 "GET /login HTTP/1.1" - (2 ms)
[27/Oct/2020:14:33:39 +0900] 0:0:0:0:0:0:0:1 302 "GET /login HTTP/1.1" - (1 ms)
[27/Oct/2020:14:33:39 +0900] 0:0:0:0:0:0:0:1 302 "GET /login HTTP/1.1" - (2 ms)
[27/Oct/2020:14:33:39 +0900] 0:0:0:0:0:0:0:1 302 "GET /login HTTP/1.1" - (2 ms)
[27/Oct/2020:14:34:22 +0900] 0:0:0:0:0:0:0:1 302 "GET / HTTP/1.1" - (77 ms)
[27/Oct/2020:14:34:22 +0900] 0:0:0:0:0:0:0:1 302 "GET /login HTTP/1.1" - (3 ms)
[27/Oct/2020:14:34:22 +0900] 0:0:0:0:0:0:0:1 302 "GET /login HTTP/1.1" - (4 ms)
[27/Oct/2020:14:34:22 +0900] 0:0:0:0:0:0:0:1 302 "GET /login HTTP/1.1" - (2 ms)
[27/Oct/2020:14:34:22 +0900] 0:0:0:0:0:0:0:1 302 "GET /login HTTP/1.1" - (2 ms)
[27/Oct/2020:14:34:22 +0900] 0:0:0:0:0:0:0:1 302 "GET /login HTTP/1.1" - (2 ms)
[27/Oct/2020:14:34:22 +0900] 0:0:0:0:0:0:0:1 302 "GET /login HTTP/1.1" - (2 ms)
[27/Oct/2020:14:34:22 +0900] 0:0:0:0:0:0:0:1 302 "GET /login HTTP/1.1" - (2 ms)
[27/Oct/2020:14:34:22 +0900] 0:0:0:0:0:0:0:1 302 "GET /login HTTP/1.1" - (2 ms)
[27/Oct/2020:14:34:22 +0900] 0:0:0:0:0:0:0:1 302 "GET /login HTTP/1.1" - (2 ms)
[27/Oct/2020:14:34:22 +0900] 0:0:0:0:0:0:0:1 302 "GET /login HTTP/1.1" - (2 ms)
[27/Oct/2020:14:34:22 +0900] 0:0:0:0:0:0:0:1 302 "GET /login HTTP/1.1" - (2 ms)
[27/Oct/2020:14:34:22 +0900] 0:0:0:0:0:0:0:1 302 "GET /login HTTP/1.1" - (2 ms)
[27/Oct/2020:14:34:22 +0900] 0:0:0:0:0:0:0:1 302 "GET /login HTTP/1.1" - (2 ms)
[27/Oct/2020:14:34:22 +0900] 0:0:0:0:0:0:0:1 302 "GET /login HTTP/1.1" - (2 ms)
[27/Oct/2020:14:34:22 +0900] 0:0:0:0:0:0:0:1 302 "GET /login HTTP/1.1" - (2 ms)
[27/Oct/2020:14:34:22 +0900] 0:0:0:0:0:0:0:1 302 "GET /login HTTP/1.1" - (2 ms)
[27/Oct/2020:14:34:27 +0900] 0:0:0:0:0:0:0:1 302 "GET /login HTTP/1.1" - (2 ms)
[27/Oct/2020:14:34:27 +0900] 0:0:0:0:0:0:0:1 302 "GET /login HTTP/1.1" - (2 ms)
[27/Oct/2020:14:34:27 +0900] 0:0:0:0:0:0:0:1 302 "GET /login HTTP/1.1" - (2 ms)
[27/Oct/2020:14:34:27 +0900] 0:0:0:0:0:0:0:1 302 "GET /login HTTP/1.1" - (2 ms)
[27/Oct/2020:14:34:27 +0900] 0:0:0:0:0:0:0:1 302 "GET /login HTTP/1.1" - (1 ms)
[27/Oct/2020:14:34:27 +0900] 0:0:0:0:0:0:0:1 302 "GET /login HTTP/1.1" - (2 ms)
[27/Oct/2020:14:34:27 +0900] 0:0:0:0:0:0:0:1 302 "GET /login HTTP/1.1" - (2 ms)
[27/Oct/2020:14:34:27 +0900] 0:0:0:0:0:0:0:1 302 "GET /login HTTP/1.1" - (2 ms)
[27/Oct/2020:14:34:27 +0900] 0:0:0:0:0:0:0:1 302 "GET /login HTTP/1.1" - (1 ms)
[27/Oct/2020:14:34:27 +0900] 0:0:0:0:0:0:0:1 302 "GET /login HTTP/1.1" - (1 ms)
[27/Oct/2020:14:34:27 +0900] 0:0:0:0:0:0:0:1 302 "GET /login HTTP/1.1" - (1 ms)
[27/Oct/2020:14:34:27 +0900] 0:0:0:0:0:0:0:1 302 "GET /login HTTP/1.1" - (2 ms)
[27/Oct/2020:14:34:27 +0900] 0:0:0:0:0:0:0:1 302 "GET /login HTTP/1.1" - (2 ms)
[27/Oct/2020:14:34:27 +0900] 0:0:0:0:0:0:0:1 302 "GET /login HTTP/1.1" - (2 ms)
[27/Oct/2020:14:34:27 +0900] 0:0:0:0:0:0:0:1 302 "GET /login HTTP/1.1" - (2 ms)
[27/Oct/2020:14:34:27 +0900] 0:0:0:0:0:0:0:1 302 "GET /login HTTP/1.1" - (2 ms)
[27/Oct/2020:14:34:27 +0900] 0:0:0:0:0:0:0:1 302 "GET /login HTTP/1.1" - (1 ms)
[27/Oct/2020:14:36:09 +0900] 0:0:0:0:0:0:0:1 302 "GET /login HTTP/1.1" - (77 ms)
[27/Oct/2020:14:36:09 +0900] 0:0:0:0:0:0:0:1 302 "GET /login HTTP/1.1" - (4 ms)
[27/Oct/2020:14:36:09 +0900] 0:0:0:0:0:0:0:1 302 "GET /login HTTP/1.1" - (2 ms)
[27/Oct/2020:14:36:09 +0900] 0:0:0:0:0:0:0:1 302 "GET /login HTTP/1.1" - (2 ms)
[27/Oct/2020:14:36:09 +0900] 0:0:0:0:0:0:0:1 302 "GET /login HTTP/1.1" - (2 ms)
[27/Oct/2020:14:36:09 +0900] 0:0:0:0:0:0:0:1 302 "GET /login HTTP/1.1" - (2 ms)
[27/Oct/2020:14:36:09 +0900] 0:0:0:0:0:0:0:1 302 "GET /login HTTP/1.1" - (2 ms)
[27/Oct/2020:14:36:09 +0900] 0:0:0:0:0:0:0:1 302 "GET /login HTTP/1.1" - (2 ms)
[27/Oct/2020:14:36:09 +0900] 0:0:0:0:0:0:0:1 302 "GET /login HTTP/1.1" - (2 ms)
[27/Oct/2020:14:36:09 +0900] 0:0:0:0:0:0:0:1 302 "GET /login HTTP/1.1" - (2 ms)
[27/Oct/2020:14:36:09 +0900] 0:0:0:0:0:0:0:1 302 "GET /login HTTP/1.1" - (2 ms)
[27/Oct/2020:14:36:09 +0900] 0:0:0:0:0:0:0:1 302 "GET /login HTTP/1.1" - (2 ms)
[27/Oct/2020:14:36:09 +0900] 0:0:0:0:0:0:0:1 302 "GET /login HTTP/1.1" - (2 ms)
[27/Oct/2020:14:36:09 +0900] 0:0:0:0:0:0:0:1 302 "GET /login HTTP/1.1" - (2 ms)
[27/Oct/2020:14:36:09 +0900] 0:0:0:0:0:0:0:1 302 "GET /login HTTP/1.1" - (2 ms)
[27/Oct/2020:14:36:09 +0900] 0:0:0:0:0:0:0:1 302 "GET /login HTTP/1.1" - (2 ms)
[27/Oct/2020:14:36:09 +0900] 0:0:0:0:0:0:0:1 302 "GET /login HTTP/1.1" - (2 ms)
[27/Oct/2020:14:36:15 +0900] 0:0:0:0:0:0:0:1 302 "GET /login HTTP/1.1" - (2 ms)
[27/Oct/2020:14:36:15 +0900] 0:0:0:0:0:0:0:1 302 "GET /login HTTP/1.1" - (2 ms)
[27/Oct/2020:14:36:15 +0900] 0:0:0:0:0:0:0:1 302 "GET /login HTTP/1.1" - (1 ms)
[27/Oct/2020:14:36:15 +0900] 0:0:0:0:0:0:0:1 302 "GET /login HTTP/1.1" - (2 ms)
[27/Oct/2020:14:36:15 +0900] 0:0:0:0:0:0:0:1 302 "GET /login HTTP/1.1" - (2 ms)
[27/Oct/2020:14:36:15 +0900] 0:0:0:0:0:0:0:1 302 "GET /login HTTP/1.1" - (2 ms)
[27/Oct/2020:14:36:15 +0900] 0:0:0:0:0:0:0:1 302 "GET /login HTTP/1.1" - (2 ms)
[27/Oct/2020:14:36:15 +0900] 0:0:0:0:0:0:0:1 302 "GET /login HTTP/1.1" - (2 ms)
[27/Oct/2020:14:36:15 +0900] 0:0:0:0:0:0:0:1 302 "GET /login HTTP/1.1" - (1 ms)
[27/Oct/2020:14:36:15 +0900] 0:0:0:0:0:0:0:1 302 "GET /login HTTP/1.1" - (2 ms)
[27/Oct/2020:14:36:15 +0900] 0:0:0:0:0:0:0:1 302 "GET /login HTTP/1.1" - (1 ms)
[27/Oct/2020:14:36:15 +0900] 0:0:0:0:0:0:0:1 302 "GET /login HTTP/1.1" - (1 ms)
[27/Oct/2020:14:36:15 +0900] 0:0:0:0:0:0:0:1 302 "GET /login HTTP/1.1" - (1 ms)
[27/Oct/2020:14:36:15 +0900] 0:0:0:0:0:0:0:1 302 "GET /login HTTP/1.1" - (2 ms)
[27/Oct/2020:14:36:15 +0900] 0:0:0:0:0:0:0:1 302 "GET /login HTTP/1.1" - (2 ms)
[27/Oct/2020:14:36:15 +0900] 0:0:0:0:0:0:0:1 302 "GET /login HTTP/1.1" - (2 ms)
[27/Oct/2020:14:36:15 +0900] 0:0:0:0:0:0:0:1 302 "GET /login HTTP/1.1" - (1 ms)
[27/Oct/2020:14:36:24 +0900] 0:0:0:0:0:0:0:1 302 "GET /login HTTP/1.1" - (2 ms)
[27/Oct/2020:14:36:24 +0900] 0:0:0:0:0:0:0:1 302 "GET /login HTTP/1.1" - (2 ms)
[27/Oct/2020:14:36:25 +0900] 0:0:0:0:0:0:0:1 302 "GET /login HTTP/1.1" - (1 ms)
[27/Oct/2020:14:36:25 +0900] 0:0:0:0:0:0:0:1 302 "GET /login HTTP/1.1" - (2 ms)
[27/Oct/2020:14:36:25 +0900] 0:0:0:0:0:0:0:1 302 "GET /login HTTP/1.1" - (2 ms)
[27/Oct/2020:14:36:25 +0900] 0:0:0:0:0:0:0:1 302 "GET /login HTTP/1.1" - (1 ms)
[27/Oct/2020:14:36:25 +0900] 0:0:0:0:0:0:0:1 302 "GET /login HTTP/1.1" - (2 ms)
[27/Oct/2020:14:36:25 +0900] 0:0:0:0:0:0:0:1 302 "GET /login HTTP/1.1" - (1 ms)
[27/Oct/2020:14:36:25 +0900] 0:0:0:0:0:0:0:1 302 "GET /login HTTP/1.1" - (1 ms)
[27/Oct/2020:14:36:25 +0900] 0:0:0:0:0:0:0:1 302 "GET /login HTTP/1.1" - (2 ms)
[27/Oct/2020:14:36:25 +0900] 0:0:0:0:0:0:0:1 302 "GET /login HTTP/1.1" - (2 ms)
[27/Oct/2020:14:36:25 +0900] 0:0:0:0:0:0:0:1 302 "GET /login HTTP/1.1" - (1 ms)
[27/Oct/2020:14:36:25 +0900] 0:0:0:0:0:0:0:1 302 "GET /login HTTP/1.1" - (1 ms)
[27/Oct/2020:14:36:25 +0900] 0:0:0:0:0:0:0:1 302 "GET /login HTTP/1.1" - (1 ms)
[27/Oct/2020:14:36:25 +0900] 0:0:0:0:0:0:0:1 302 "GET /login HTTP/1.1" - (1 ms)
[27/Oct/2020:14:36:25 +0900] 0:0:0:0:0:0:0:1 302 "GET /login HTTP/1.1" - (1 ms)
[27/Oct/2020:14:36:25 +0900] 0:0:0:0:0:0:0:1 302 "GET /login HTTP/1.1" - (1 ms)
[27/Oct/2020:14:36:28 +0900] 0:0:0:0:0:0:0:1 302 "GET /login?error HTTP/1.1" - (2 ms)
[27/Oct/2020:14:36:28 +0900] 0:0:0:0:0:0:0:1 302 "GET /login HTTP/1.1" - (2 ms)
[27/Oct/2020:14:36:28 +0900] 0:0:0:0:0:0:0:1 302 "GET /login HTTP/1.1" - (2 ms)
[27/Oct/2020:14:36:28 +0900] 0:0:0:0:0:0:0:1 302 "GET /login HTTP/1.1" - (2 ms)
[27/Oct/2020:14:36:28 +0900] 0:0:0:0:0:0:0:1 302 "GET /login HTTP/1.1" - (1 ms)
[27/Oct/2020:14:36:28 +0900] 0:0:0:0:0:0:0:1 302 "GET /login HTTP/1.1" - (2 ms)
[27/Oct/2020:14:36:28 +0900] 0:0:0:0:0:0:0:1 302 "GET /login HTTP/1.1" - (1 ms)
[27/Oct/2020:14:36:28 +0900] 0:0:0:0:0:0:0:1 302 "GET /login HTTP/1.1" - (1 ms)
[27/Oct/2020:14:36:28 +0900] 0:0:0:0:0:0:0:1 302 "GET /login HTTP/1.1" - (1 ms)
[27/Oct/2020:14:36:28 +0900] 0:0:0:0:0:0:0:1 302 "GET /login HTTP/1.1" - (1 ms)
[27/Oct/2020:14:36:28 +0900] 0:0:0:0:0:0:0:1 302 "GET /login HTTP/1.1" - (1 ms)
[27/Oct/2020:14:36:28 +0900] 0:0:0:0:0:0:0:1 302 "GET /login HTTP/1.1" - (1 ms)
[27/Oct/2020:14:36:28 +0900] 0:0:0:0:0:0:0:1 302 "GET /login HTTP/1.1" - (1 ms)
[27/Oct/2020:14:36:28 +0900] 0:0:0:0:0:0:0:1 302 "GET /login HTTP/1.1" - (1 ms)
[27/Oct/2020:14:36:28 +0900] 0:0:0:0:0:0:0:1 302 "GET /login HTTP/1.1" - (2 ms)
[27/Oct/2020:14:36:28 +0900] 0:0:0:0:0:0:0:1 302 "GET /login HTTP/1.1" - (2 ms)
[27/Oct/2020:14:36:28 +0900] 0:0:0:0:0:0:0:1 302 "GET /login HTTP/1.1" - (2 ms)
[27/Oct/2020:14:36:31 +0900] 0:0:0:0:0:0:0:1 302 "GET /login HTTP/1.1" - (2 ms)
[27/Oct/2020:14:36:31 +0900] 0:0:0:0:0:0:0:1 302 "GET /login HTTP/1.1" - (1 ms)
[27/Oct/2020:14:36:31 +0900] 0:0:0:0:0:0:0:1 302 "GET /login HTTP/1.1" - (1 ms)
[27/Oct/2020:14:36:31 +0900] 0:0:0:0:0:0:0:1 302 "GET /login HTTP/1.1" - (1 ms)
[27/Oct/2020:14:36:31 +0900] 0:0:0:0:0:0:0:1 302 "GET /login HTTP/1.1" - (1 ms)
[27/Oct/2020:14:36:31 +0900] 0:0:0:0:0:0:0:1 302 "GET /login HTTP/1.1" - (2 ms)
[27/Oct/2020:14:36:31 +0900] 0:0:0:0:0:0:0:1 302 "GET /login HTTP/1.1" - (1 ms)
[27/Oct/2020:14:36:31 +0900] 0:0:0:0:0:0:0:1 302 "GET /login HTTP/1.1" - (2 ms)
[27/Oct/2020:14:36:31 +0900] 0:0:0:0:0:0:0:1 302 "GET /login HTTP/1.1" - (2 ms)
[27/Oct/2020:14:36:31 +0900] 0:0:0:0:0:0:0:1 302 "GET /login HTTP/1.1" - (2 ms)
[27/Oct/2020:14:36:31 +0900] 0:0:0:0:0:0:0:1 302 "GET /login HTTP/1.1" - (1 ms)
[27/Oct/2020:14:36:31 +0900] 0:0:0:0:0:0:0:1 302 "GET /login HTTP/1.1" - (1 ms)
[27/Oct/2020:14:36:31 +0900] 0:0:0:0:0:0:0:1 302 "GET /login HTTP/1.1" - (1 ms)
[27/Oct/2020:14:36:31 +0900] 0:0:0:0:0:0:0:1 302 "GET /login HTTP/1.1" - (1 ms)
[27/Oct/2020:14:36:31 +0900] 0:0:0:0:0:0:0:1 302 "GET /login HTTP/1.1" - (1 ms)
[27/Oct/2020:14:36:31 +0900] 0:0:0:0:0:0:0:1 302 "GET /login HTTP/1.1" - (1 ms)
[27/Oct/2020:14:36:31 +0900] 0:0:0:0:0:0:0:1 302 "GET /login HTTP/1.1" - (1 ms)
[27/Oct/2020:14:36:35 +0900] 0:0:0:0:0:0:0:1 302 "GET /login?error HTTP/1.1" - (1 ms)
[27/Oct/2020:14:36:35 +0900] 0:0:0:0:0:0:0:1 302 "GET /login HTTP/1.1" - (1 ms)
[27/Oct/2020:14:36:35 +0900] 0:0:0:0:0:0:0:1 302 "GET /login HTTP/1.1" - (1 ms)
[27/Oct/2020:14:36:35 +0900] 0:0:0:0:0:0:0:1 302 "GET /login HTTP/1.1" - (1 ms)
[27/Oct/2020:14:36:35 +0900] 0:0:0:0:0:0:0:1 302 "GET /login HTTP/1.1" - (1 ms)
[27/Oct/2020:14:36:35 +0900] 0:0:0:0:0:0:0:1 302 "GET /login HTTP/1.1" - (2 ms)
[27/Oct/2020:14:36:35 +0900] 0:0:0:0:0:0:0:1 302 "GET /login HTTP/1.1" - (2 ms)
[27/Oct/2020:14:36:35 +0900] 0:0:0:0:0:0:0:1 302 "GET /login HTTP/1.1" - (2 ms)
[27/Oct/2020:14:36:35 +0900] 0:0:0:0:0:0:0:1 302 "GET /login HTTP/1.1" - (2 ms)
[27/Oct/2020:14:36:35 +0900] 0:0:0:0:0:0:0:1 302 "GET /login HTTP/1.1" - (2 ms)
[27/Oct/2020:14:36:35 +0900] 0:0:0:0:0:0:0:1 302 "GET /login HTTP/1.1" - (1 ms)
[27/Oct/2020:14:36:35 +0900] 0:0:0:0:0:0:0:1 302 "GET /login HTTP/1.1" - (2 ms)
[27/Oct/2020:14:36:35 +0900] 0:0:0:0:0:0:0:1 302 "GET /login HTTP/1.1" - (1 ms)
[27/Oct/2020:14:36:35 +0900] 0:0:0:0:0:0:0:1 302 "GET /login HTTP/1.1" - (1 ms)
[27/Oct/2020:14:36:35 +0900] 0:0:0:0:0:0:0:1 302 "GET /login HTTP/1.1" - (1 ms)
[27/Oct/2020:14:36:35 +0900] 0:0:0:0:0:0:0:1 302 "GET /login HTTP/1.1" - (1 ms)
[27/Oct/2020:14:36:35 +0900] 0:0:0:0:0:0:0:1 302 "GET /login HTTP/1.1" - (2 ms)
[27/Oct/2020:14:37:16 +0900] 0:0:0:0:0:0:0:1 302 "GET /login HTTP/1.1" - (75 ms)
[27/Oct/2020:14:37:16 +0900] 0:0:0:0:0:0:0:1 302 "GET /login HTTP/1.1" - (4 ms)
[27/Oct/2020:14:37:16 +0900] 0:0:0:0:0:0:0:1 302 "GET /login HTTP/1.1" - (2 ms)
[27/Oct/2020:14:37:16 +0900] 0:0:0:0:0:0:0:1 302 "GET /login HTTP/1.1" - (2 ms)
[27/Oct/2020:14:37:16 +0900] 0:0:0:0:0:0:0:1 302 "GET /login HTTP/1.1" - (2 ms)
[27/Oct/2020:14:37:16 +0900] 0:0:0:0:0:0:0:1 302 "GET /login HTTP/1.1" - (2 ms)
[27/Oct/2020:14:37:16 +0900] 0:0:0:0:0:0:0:1 302 "GET /login HTTP/1.1" - (2 ms)
[27/Oct/2020:14:37:16 +0900] 0:0:0:0:0:0:0:1 302 "GET /login HTTP/1.1" - (2 ms)
[27/Oct/2020:14:37:16 +0900] 0:0:0:0:0:0:0:1 302 "GET /login HTTP/1.1" - (2 ms)
[27/Oct/2020:14:37:16 +0900] 0:0:0:0:0:0:0:1 302 "GET /login HTTP/1.1" - (2 ms)
[27/Oct/2020:14:37:16 +0900] 0:0:0:0:0:0:0:1 302 "GET /login HTTP/1.1" - (2 ms)
[27/Oct/2020:14:37:16 +0900] 0:0:0:0:0:0:0:1 302 "GET /login HTTP/1.1" - (1 ms)
[27/Oct/2020:14:37:16 +0900] 0:0:0:0:0:0:0:1 302 "GET /login HTTP/1.1" - (1 ms)
[27/Oct/2020:14:37:16 +0900] 0:0:0:0:0:0:0:1 302 "GET /login HTTP/1.1" - (2 ms)
[27/Oct/2020:14:37:16 +0900] 0:0:0:0:0:0:0:1 302 "GET /login HTTP/1.1" - (2 ms)
[27/Oct/2020:14:37:16 +0900] 0:0:0:0:0:0:0:1 302 "GET /login HTTP/1.1" - (2 ms)
[27/Oct/2020:14:37:16 +0900] 0:0:0:0:0:0:0:1 302 "GET /login HTTP/1.1" - (1 ms)
[27/Oct/2020:14:38:24 +0900] 0:0:0:0:0:0:0:1 302 "GET /login HTTP/1.1" - (66 ms)
[27/Oct/2020:14:38:24 +0900] 0:0:0:0:0:0:0:1 302 "GET /login HTTP/1.1" - (2 ms)
[27/Oct/2020:14:38:24 +0900] 0:0:0:0:0:0:0:1 302 "GET /login HTTP/1.1" - (2 ms)
[27/Oct/2020:14:38:24 +0900] 0:0:0:0:0:0:0:1 302 "GET /login HTTP/1.1" - (1 ms)
[27/Oct/2020:14:38:24 +0900] 0:0:0:0:0:0:0:1 302 "GET /login HTTP/1.1" - (2 ms)
[27/Oct/2020:14:38:24 +0900] 0:0:0:0:0:0:0:1 302 "GET /login HTTP/1.1" - (3 ms)
[27/Oct/2020:14:38:24 +0900] 0:0:0:0:0:0:0:1 302 "GET /login HTTP/1.1" - (2 ms)
[27/Oct/2020:14:38:24 +0900] 0:0:0:0:0:0:0:1 302 "GET /login HTTP/1.1" - (2 ms)
[27/Oct/2020:14:38:24 +0900] 0:0:0:0:0:0:0:1 302 "GET /login HTTP/1.1" - (1 ms)
[27/Oct/2020:14:38:24 +0900] 0:0:0:0:0:0:0:1 302 "GET /login HTTP/1.1" - (2 ms)
[27/Oct/2020:14:38:24 +0900] 0:0:0:0:0:0:0:1 302 "GET /login HTTP/1.1" - (2 ms)
[27/Oct/2020:14:38:24 +0900] 0:0:0:0:0:0:0:1 302 "GET /login HTTP/1.1" - (2 ms)
[27/Oct/2020:14:38:24 +0900] 0:0:0:0:0:0:0:1 302 "GET /login HTTP/1.1" - (2 ms)
[27/Oct/2020:14:38:24 +0900] 0:0:0:0:0:0:0:1 302 "GET /login HTTP/1.1" - (2 ms)
[27/Oct/2020:14:38:24 +0900] 0:0:0:0:0:0:0:1 302 "GET /login HTTP/1.1" - (2 ms)
[27/Oct/2020:14:38:24 +0900] 0:0:0:0:0:0:0:1 302 "GET /login HTTP/1.1" - (2 ms)
[27/Oct/2020:14:38:24 +0900] 0:0:0:0:0:0:0:1 302 "GET /login HTTP/1.1" - (2 ms)
[27/Oct/2020:14:39:42 +0900] 0:0:0:0:0:0:0:1 302 "GET /login HTTP/1.1" - (68 ms)
[27/Oct/2020:14:39:42 +0900] 0:0:0:0:0:0:0:1 302 "GET /login HTTP/1.1" - (4 ms)
[27/Oct/2020:14:39:42 +0900] 0:0:0:0:0:0:0:1 302 "GET /login HTTP/1.1" - (2 ms)
[27/Oct/2020:14:39:42 +0900] 0:0:0:0:0:0:0:1 302 "GET /login HTTP/1.1" - (2 ms)
[27/Oct/2020:14:39:42 +0900] 0:0:0:0:0:0:0:1 302 "GET /login HTTP/1.1" - (2 ms)
[27/Oct/2020:14:39:42 +0900] 0:0:0:0:0:0:0:1 302 "GET /login HTTP/1.1" - (2 ms)
[27/Oct/2020:14:39:42 +0900] 0:0:0:0:0:0:0:1 302 "GET /login HTTP/1.1" - (2 ms)
[27/Oct/2020:14:39:42 +0900] 0:0:0:0:0:0:0:1 302 "GET /login HTTP/1.1" - (2 ms)
[27/Oct/2020:14:39:42 +0900] 0:0:0:0:0:0:0:1 302 "GET /login HTTP/1.1" - (2 ms)
[27/Oct/2020:14:39:42 +0900] 0:0:0:0:0:0:0:1 302 "GET /login HTTP/1.1" - (1 ms)
[27/Oct/2020:14:39:42 +0900] 0:0:0:0:0:0:0:1 302 "GET /login HTTP/1.1" - (2 ms)
[27/Oct/2020:14:39:42 +0900] 0:0:0:0:0:0:0:1 302 "GET /login HTTP/1.1" - (2 ms)
[27/Oct/2020:14:39:42 +0900] 0:0:0:0:0:0:0:1 302 "GET /login HTTP/1.1" - (2 ms)
[27/Oct/2020:14:39:42 +0900] 0:0:0:0:0:0:0:1 302 "GET /login HTTP/1.1" - (2 ms)
[27/Oct/2020:14:39:42 +0900] 0:0:0:0:0:0:0:1 302 "GET /login HTTP/1.1" - (2 ms)
[27/Oct/2020:14:39:42 +0900] 0:0:0:0:0:0:0:1 302 "GET /login HTTP/1.1" - (2 ms)
[27/Oct/2020:14:39:42 +0900] 0:0:0:0:0:0:0:1 302 "GET /login HTTP/1.1" - (2 ms)
[27/Oct/2020:14:39:49 +0900] 0:0:0:0:0:0:0:1 302 "GET / HTTP/1.1" - (2 ms)
[27/Oct/2020:14:39:49 +0900] 0:0:0:0:0:0:0:1 302 "GET /login HTTP/1.1" - (1 ms)
[27/Oct/2020:14:39:49 +0900] 0:0:0:0:0:0:0:1 302 "GET /login HTTP/1.1" - (2 ms)
[27/Oct/2020:14:39:49 +0900] 0:0:0:0:0:0:0:1 302 "GET /login HTTP/1.1" - (2 ms)
[27/Oct/2020:14:39:49 +0900] 0:0:0:0:0:0:0:1 302 "GET /login HTTP/1.1" - (2 ms)
[27/Oct/2020:14:39:49 +0900] 0:0:0:0:0:0:0:1 302 "GET /login HTTP/1.1" - (2 ms)
[27/Oct/2020:14:39:49 +0900] 0:0:0:0:0:0:0:1 302 "GET /login HTTP/1.1" - (2 ms)
[27/Oct/2020:14:39:49 +0900] 0:0:0:0:0:0:0:1 302 "GET /login HTTP/1.1" - (2 ms)
[27/Oct/2020:14:39:50 +0900] 0:0:0:0:0:0:0:1 302 "GET /login HTTP/1.1" - (1 ms)
[27/Oct/2020:14:39:50 +0900] 0:0:0:0:0:0:0:1 302 "GET /login HTTP/1.1" - (2 ms)
[27/Oct/2020:14:39:50 +0900] 0:0:0:0:0:0:0:1 302 "GET /login HTTP/1.1" - (2 ms)
[27/Oct/2020:14:39:50 +0900] 0:0:0:0:0:0:0:1 302 "GET /login HTTP/1.1" - (2 ms)
[27/Oct/2020:14:39:50 +0900] 0:0:0:0:0:0:0:1 302 "GET /login HTTP/1.1" - (1 ms)
[27/Oct/2020:14:39:50 +0900] 0:0:0:0:0:0:0:1 302 "GET /login HTTP/1.1" - (1 ms)
[27/Oct/2020:14:39:50 +0900] 0:0:0:0:0:0:0:1 302 "GET /login HTTP/1.1" - (2 ms)
[27/Oct/2020:14:39:50 +0900] 0:0:0:0:0:0:0:1 302 "GET /login HTTP/1.1" - (2 ms)
[27/Oct/2020:14:39:50 +0900] 0:0:0:0:0:0:0:1 302 "GET /login HTTP/1.1" - (1 ms)
[27/Oct/2020:14:39:55 +0900] 0:0:0:0:0:0:0:1 302 "GET /login HTTP/1.1" - (2 ms)
[27/Oct/2020:14:39:55 +0900] 0:0:0:0:0:0:0:1 302 "GET /login HTTP/1.1" - (1 ms)
[27/Oct/2020:14:39:55 +0900] 0:0:0:0:0:0:0:1 302 "GET /login HTTP/1.1" - (1 ms)
[27/Oct/2020:14:39:55 +0900] 0:0:0:0:0:0:0:1 302 "GET /login HTTP/1.1" - (2 ms)
[27/Oct/2020:14:39:55 +0900] 0:0:0:0:0:0:0:1 302 "GET /login HTTP/1.1" - (1 ms)
[27/Oct/2020:14:39:55 +0900] 0:0:0:0:0:0:0:1 302 "GET /login HTTP/1.1" - (1 ms)
[27/Oct/2020:14:39:55 +0900] 0:0:0:0:0:0:0:1 302 "GET /login HTTP/1.1" - (1 ms)
[27/Oct/2020:14:39:55 +0900] 0:0:0:0:0:0:0:1 302 "GET /login HTTP/1.1" - (1 ms)
[27/Oct/2020:14:39:55 +0900] 0:0:0:0:0:0:0:1 302 "GET /login HTTP/1.1" - (2 ms)
[27/Oct/2020:14:39:55 +0900] 0:0:0:0:0:0:0:1 302 "GET /login HTTP/1.1" - (1 ms)
[27/Oct/2020:14:39:55 +0900] 0:0:0:0:0:0:0:1 302 "GET /login HTTP/1.1" - (2 ms)
[27/Oct/2020:14:39:55 +0900] 0:0:0:0:0:0:0:1 302 "GET /login HTTP/1.1" - (2 ms)
[27/Oct/2020:14:39:55 +0900] 0:0:0:0:0:0:0:1 302 "GET /login HTTP/1.1" - (2 ms)
[27/Oct/2020:14:39:55 +0900] 0:0:0:0:0:0:0:1 302 "GET /login HTTP/1.1" - (2 ms)
[27/Oct/2020:14:39:55 +0900] 0:0:0:0:0:0:0:1 302 "GET /login HTTP/1.1" - (1 ms)
[27/Oct/2020:14:39:55 +0900] 0:0:0:0:0:0:0:1 302 "GET /login HTTP/1.1" - (2 ms)
[27/Oct/2020:14:39:55 +0900] 0:0:0:0:0:0:0:1 302 "GET /login HTTP/1.1" - (1 ms)
[27/Oct/2020:14:45:10 +0900] 0:0:0:0:0:0:0:1 302 "GET /login HTTP/1.1" - (73 ms)
[27/Oct/2020:14:45:10 +0900] 0:0:0:0:0:0:0:1 302 "GET /login HTTP/1.1" - (3 ms)
[27/Oct/2020:14:45:10 +0900] 0:0:0:0:0:0:0:1 302 "GET /login HTTP/1.1" - (2 ms)
[27/Oct/2020:14:45:10 +0900] 0:0:0:0:0:0:0:1 302 "GET /login HTTP/1.1" - (2 ms)
[27/Oct/2020:14:45:10 +0900] 0:0:0:0:0:0:0:1 302 "GET /login HTTP/1.1" - (3 ms)
[27/Oct/2020:14:45:10 +0900] 0:0:0:0:0:0:0:1 302 "GET /login HTTP/1.1" - (2 ms)
[27/Oct/2020:14:45:10 +0900] 0:0:0:0:0:0:0:1 302 "GET /login HTTP/1.1" - (2 ms)
[27/Oct/2020:14:45:10 +0900] 0:0:0:0:0:0:0:1 302 "GET /login HTTP/1.1" - (3 ms)
[27/Oct/2020:14:45:10 +0900] 0:0:0:0:0:0:0:1 302 "GET /login HTTP/1.1" - (2 ms)
[27/Oct/2020:14:45:10 +0900] 0:0:0:0:0:0:0:1 302 "GET /login HTTP/1.1" - (2 ms)
[27/Oct/2020:14:45:10 +0900] 0:0:0:0:0:0:0:1 302 "GET /login HTTP/1.1" - (2 ms)
[27/Oct/2020:14:45:10 +0900] 0:0:0:0:0:0:0:1 302 "GET /login HTTP/1.1" - (2 ms)
[27/Oct/2020:14:45:10 +0900] 0:0:0:0:0:0:0:1 302 "GET /login HTTP/1.1" - (2 ms)
[27/Oct/2020:14:45:10 +0900] 0:0:0:0:0:0:0:1 302 "GET /login HTTP/1.1" - (2 ms)
[27/Oct/2020:14:45:10 +0900] 0:0:0:0:0:0:0:1 302 "GET /login HTTP/1.1" - (2 ms)
[27/Oct/2020:14:45:10 +0900] 0:0:0:0:0:0:0:1 302 "GET /login HTTP/1.1" - (2 ms)
[27/Oct/2020:14:45:10 +0900] 0:0:0:0:0:0:0:1 302 "GET /login HTTP/1.1" - (1 ms)
[27/Oct/2020:14:46:19 +0900] 0:0:0:0:0:0:0:1 302 "GET /login HTTP/1.1" - (87 ms)
[27/Oct/2020:14:46:19 +0900] 0:0:0:0:0:0:0:1 302 "GET /login HTTP/1.1" - (4 ms)
[27/Oct/2020:14:46:19 +0900] 0:0:0:0:0:0:0:1 302 "GET /login HTTP/1.1" - (3 ms)
[27/Oct/2020:14:46:19 +0900] 0:0:0:0:0:0:0:1 302 "GET /login HTTP/1.1" - (2 ms)
[27/Oct/2020:14:46:19 +0900] 0:0:0:0:0:0:0:1 302 "GET /login HTTP/1.1" - (2 ms)
[27/Oct/2020:14:46:19 +0900] 0:0:0:0:0:0:0:1 302 "GET /login HTTP/1.1" - (2 ms)
[27/Oct/2020:14:46:19 +0900] 0:0:0:0:0:0:0:1 302 "GET /login HTTP/1.1" - (2 ms)
[27/Oct/2020:14:46:19 +0900] 0:0:0:0:0:0:0:1 302 "GET /login HTTP/1.1" - (2 ms)
[27/Oct/2020:14:46:19 +0900] 0:0:0:0:0:0:0:1 302 "GET /login HTTP/1.1" - (3 ms)
[27/Oct/2020:14:46:19 +0900] 0:0:0:0:0:0:0:1 302 "GET /login HTTP/1.1" - (2 ms)
[27/Oct/2020:14:46:19 +0900] 0:0:0:0:0:0:0:1 302 "GET /login HTTP/1.1" - (2 ms)
[27/Oct/2020:14:46:19 +0900] 0:0:0:0:0:0:0:1 302 "GET /login HTTP/1.1" - (2 ms)
[27/Oct/2020:14:46:19 +0900] 0:0:0:0:0:0:0:1 302 "GET /login HTTP/1.1" - (2 ms)
[27/Oct/2020:14:46:19 +0900] 0:0:0:0:0:0:0:1 302 "GET /login HTTP/1.1" - (2 ms)
[27/Oct/2020:14:46:19 +0900] 0:0:0:0:0:0:0:1 302 "GET /login HTTP/1.1" - (2 ms)
[27/Oct/2020:14:46:19 +0900] 0:0:0:0:0:0:0:1 302 "GET /login HTTP/1.1" - (3 ms)
[27/Oct/2020:14:46:19 +0900] 0:0:0:0:0:0:0:1 302 "GET /login HTTP/1.1" - (2 ms)
[27/Oct/2020:14:46:27 +0900] 0:0:0:0:0:0:0:1 302 "GET /login?error HTTP/1.1" - (2 ms)
[27/Oct/2020:14:46:27 +0900] 0:0:0:0:0:0:0:1 302 "GET /login HTTP/1.1" - (2 ms)
[27/Oct/2020:14:46:27 +0900] 0:0:0:0:0:0:0:1 302 "GET /login HTTP/1.1" - (1 ms)
[27/Oct/2020:14:46:27 +0900] 0:0:0:0:0:0:0:1 302 "GET /login HTTP/1.1" - (2 ms)
[27/Oct/2020:14:46:27 +0900] 0:0:0:0:0:0:0:1 302 "GET /login HTTP/1.1" - (2 ms)
[27/Oct/2020:14:46:27 +0900] 0:0:0:0:0:0:0:1 302 "GET /login HTTP/1.1" - (1 ms)
[27/Oct/2020:14:46:27 +0900] 0:0:0:0:0:0:0:1 302 "GET /login HTTP/1.1" - (1 ms)
[27/Oct/2020:14:46:27 +0900] 0:0:0:0:0:0:0:1 302 "GET /login HTTP/1.1" - (2 ms)
[27/Oct/2020:14:46:27 +0900] 0:0:0:0:0:0:0:1 302 "GET /login HTTP/1.1" - (2 ms)
[27/Oct/2020:14:46:27 +0900] 0:0:0:0:0:0:0:1 302 "GET /login HTTP/1.1" - (2 ms)
[27/Oct/2020:14:46:27 +0900] 0:0:0:0:0:0:0:1 302 "GET /login HTTP/1.1" - (1 ms)
[27/Oct/2020:14:46:27 +0900] 0:0:0:0:0:0:0:1 302 "GET /login HTTP/1.1" - (2 ms)
[27/Oct/2020:14:46:27 +0900] 0:0:0:0:0:0:0:1 302 "GET /login HTTP/1.1" - (1 ms)
[27/Oct/2020:14:46:27 +0900] 0:0:0:0:0:0:0:1 302 "GET /login HTTP/1.1" - (2 ms)
[27/Oct/2020:14:46:27 +0900] 0:0:0:0:0:0:0:1 302 "GET /login HTTP/1.1" - (2 ms)
[27/Oct/2020:14:46:27 +0900] 0:0:0:0:0:0:0:1 302 "GET /login HTTP/1.1" - (1 ms)
[27/Oct/2020:14:46:27 +0900] 0:0:0:0:0:0:0:1 302 "GET /login HTTP/1.1" - (1 ms)
[27/Oct/2020:14:46:27 +0900] 0:0:0:0:0:0:0:1 302 "GET /login?error HTTP/1.1" - (2 ms)
[27/Oct/2020:14:46:27 +0900] 0:0:0:0:0:0:0:1 302 "GET /login HTTP/1.1" - (2 ms)
[27/Oct/2020:14:46:27 +0900] 0:0:0:0:0:0:0:1 302 "GET /login HTTP/1.1" - (2 ms)
[27/Oct/2020:14:46:27 +0900] 0:0:0:0:0:0:0:1 302 "GET /login HTTP/1.1" - (2 ms)
[27/Oct/2020:14:46:27 +0900] 0:0:0:0:0:0:0:1 302 "GET /login HTTP/1.1" - (2 ms)
[27/Oct/2020:14:46:27 +0900] 0:0:0:0:0:0:0:1 302 "GET /login HTTP/1.1" - (1 ms)
[27/Oct/2020:14:46:27 +0900] 0:0:0:0:0:0:0:1 302 "GET /login HTTP/1.1" - (1 ms)
[27/Oct/2020:14:46:27 +0900] 0:0:0:0:0:0:0:1 302 "GET /login HTTP/1.1" - (1 ms)
[27/Oct/2020:14:46:27 +0900] 0:0:0:0:0:0:0:1 302 "GET /login HTTP/1.1" - (2 ms)
[27/Oct/2020:14:46:27 +0900] 0:0:0:0:0:0:0:1 302 "GET /login HTTP/1.1" - (1 ms)
[27/Oct/2020:14:46:27 +0900] 0:0:0:0:0:0:0:1 302 "GET /login HTTP/1.1" - (2 ms)
[27/Oct/2020:14:46:27 +0900] 0:0:0:0:0:0:0:1 302 "GET /login HTTP/1.1" - (2 ms)
[27/Oct/2020:14:46:27 +0900] 0:0:0:0:0:0:0:1 302 "GET /login HTTP/1.1" - (2 ms)
[27/Oct/2020:14:46:27 +0900] 0:0:0:0:0:0:0:1 302 "GET /login HTTP/1.1" - (2 ms)
[27/Oct/2020:14:46:27 +0900] 0:0:0:0:0:0:0:1 302 "GET /login HTTP/1.1" - (1 ms)
[27/Oct/2020:14:46:27 +0900] 0:0:0:0:0:0:0:1 302 "GET /login HTTP/1.1" - (1 ms)
[27/Oct/2020:14:46:27 +0900] 0:0:0:0:0:0:0:1 302 "GET /login HTTP/1.1" - (1 ms)
[27/Oct/2020:14:46:27 +0900] 0:0:0:0:0:0:0:1 302 "GET /login?error HTTP/1.1" - (1 ms)
[27/Oct/2020:14:46:27 +0900] 0:0:0:0:0:0:0:1 302 "GET /login HTTP/1.1" - (1 ms)
[27/Oct/2020:14:46:27 +0900] 0:0:0:0:0:0:0:1 302 "GET /login HTTP/1.1" - (1 ms)
[27/Oct/2020:14:46:27 +0900] 0:0:0:0:0:0:0:1 302 "GET /login HTTP/1.1" - (1 ms)
[27/Oct/2020:14:46:27 +0900] 0:0:0:0:0:0:0:1 302 "GET /login HTTP/1.1" - (2 ms)
[27/Oct/2020:14:46:27 +0900] 0:0:0:0:0:0:0:1 302 "GET /login HTTP/1.1" - (2 ms)
[27/Oct/2020:14:46:27 +0900] 0:0:0:0:0:0:0:1 302 "GET /login HTTP/1.1" - (2 ms)
[27/Oct/2020:14:46:27 +0900] 0:0:0:0:0:0:0:1 302 "GET /login HTTP/1.1" - (2 ms)
[27/Oct/2020:14:46:27 +0900] 0:0:0:0:0:0:0:1 302 "GET /login HTTP/1.1" - (2 ms)
[27/Oct/2020:14:46:27 +0900] 0:0:0:0:0:0:0:1 302 "GET /login HTTP/1.1" - (1 ms)
[27/Oct/2020:14:46:27 +0900] 0:0:0:0:0:0:0:1 302 "GET /login HTTP/1.1" - (1 ms)
[27/Oct/2020:14:46:27 +0900] 0:0:0:0:0:0:0:1 302 "GET /login HTTP/1.1" - (2 ms)
[27/Oct/2020:14:46:27 +0900] 0:0:0:0:0:0:0:1 302 "GET /login HTTP/1.1" - (2 ms)
[27/Oct/2020:14:46:27 +0900] 0:0:0:0:0:0:0:1 302 "GET /login HTTP/1.1" - (1 ms)
[27/Oct/2020:14:46:27 +0900] 0:0:0:0:0:0:0:1 302 "GET /login HTTP/1.1" - (1 ms)
[27/Oct/2020:14:46:27 +0900] 0:0:0:0:0:0:0:1 302 "GET /login HTTP/1.1" - (1 ms)
[27/Oct/2020:14:46:27 +0900] 0:0:0:0:0:0:0:1 302 "GET /login HTTP/1.1" - (1 ms)
[27/Oct/2020:14:46:28 +0900] 0:0:0:0:0:0:0:1 302 "GET /login?error HTTP/1.1" - (1 ms)
[27/Oct/2020:14:46:28 +0900] 0:0:0:0:0:0:0:1 302 "GET /login HTTP/1.1" - (1 ms)
[27/Oct/2020:14:46:28 +0900] 0:0:0:0:0:0:0:1 302 "GET /login HTTP/1.1" - (1 ms)
[27/Oct/2020:14:46:28 +0900] 0:0:0:0:0:0:0:1 302 "GET /login HTTP/1.1" - (2 ms)
[27/Oct/2020:14:46:28 +0900] 0:0:0:0:0:0:0:1 302 "GET /login HTTP/1.1" - (2 ms)
[27/Oct/2020:14:46:28 +0900] 0:0:0:0:0:0:0:1 302 "GET /login HTTP/1.1" - (2 ms)
[27/Oct/2020:14:46:28 +0900] 0:0:0:0:0:0:0:1 302 "GET /login HTTP/1.1" - (1 ms)
[27/Oct/2020:14:46:28 +0900] 0:0:0:0:0:0:0:1 302 "GET /login HTTP/1.1" - (1 ms)
[27/Oct/2020:14:46:28 +0900] 0:0:0:0:0:0:0:1 302 "GET /login HTTP/1.1" - (1 ms)
[27/Oct/2020:14:46:28 +0900] 0:0:0:0:0:0:0:1 302 "GET /login HTTP/1.1" - (2 ms)
[27/Oct/2020:14:46:28 +0900] 0:0:0:0:0:0:0:1 302 "GET /login HTTP/1.1" - (1 ms)
[27/Oct/2020:14:46:28 +0900] 0:0:0:0:0:0:0:1 302 "GET /login HTTP/1.1" - (2 ms)
[27/Oct/2020:14:46:28 +0900] 0:0:0:0:0:0:0:1 302 "GET /login HTTP/1.1" - (1 ms)
[27/Oct/2020:14:46:28 +0900] 0:0:0:0:0:0:0:1 302 "GET /login HTTP/1.1" - (1 ms)
[27/Oct/2020:14:46:28 +0900] 0:0:0:0:0:0:0:1 302 "GET /login HTTP/1.1" - (1 ms)
[27/Oct/2020:14:46:28 +0900] 0:0:0:0:0:0:0:1 302 "GET /login HTTP/1.1" - (1 ms)
[27/Oct/2020:14:46:28 +0900] 0:0:0:0:0:0:0:1 302 "GET /login HTTP/1.1" - (1 ms)
[27/Oct/2020:14:46:28 +0900] 0:0:0:0:0:0:0:1 302 "GET /login? HTTP/1.1" - (2 ms)
[27/Oct/2020:14:46:28 +0900] 0:0:0:0:0:0:0:1 302 "GET /login HTTP/1.1" - (1 ms)
[27/Oct/2020:14:46:28 +0900] 0:0:0:0:0:0:0:1 302 "GET /login HTTP/1.1" - (1 ms)
[27/Oct/2020:14:46:28 +0900] 0:0:0:0:0:0:0:1 302 "GET /login HTTP/1.1" - (1 ms)
[27/Oct/2020:14:46:28 +0900] 0:0:0:0:0:0:0:1 302 "GET /login HTTP/1.1" - (1 ms)
[27/Oct/2020:14:46:28 +0900] 0:0:0:0:0:0:0:1 302 "GET /login HTTP/1.1" - (2 ms)
[27/Oct/2020:14:46:28 +0900] 0:0:0:0:0:0:0:1 302 "GET /login HTTP/1.1" - (1 ms)
[27/Oct/2020:14:46:28 +0900] 0:0:0:0:0:0:0:1 302 "GET /login HTTP/1.1" - (1 ms)
[27/Oct/2020:14:46:28 +0900] 0:0:0:0:0:0:0:1 302 "GET /login HTTP/1.1" - (1 ms)
[27/Oct/2020:14:46:28 +0900] 0:0:0:0:0:0:0:1 302 "GET /login HTTP/1.1" - (1 ms)
[27/Oct/2020:14:46:28 +0900] 0:0:0:0:0:0:0:1 302 "GET /login HTTP/1.1" - (2 ms)
[27/Oct/2020:14:46:28 +0900] 0:0:0:0:0:0:0:1 302 "GET /login HTTP/1.1" - (2 ms)
[27/Oct/2020:14:46:28 +0900] 0:0:0:0:0:0:0:1 302 "GET /login HTTP/1.1" - (1 ms)
[27/Oct/2020:14:46:28 +0900] 0:0:0:0:0:0:0:1 302 "GET /login HTTP/1.1" - (1 ms)
[27/Oct/2020:14:46:28 +0900] 0:0:0:0:0:0:0:1 302 "GET /login HTTP/1.1" - (2 ms)
[27/Oct/2020:14:46:28 +0900] 0:0:0:0:0:0:0:1 302 "GET /login HTTP/1.1" - (2 ms)
[27/Oct/2020:14:46:28 +0900] 0:0:0:0:0:0:0:1 302 "GET /login HTTP/1.1" - (1 ms)
[27/Oct/2020:14:46:28 +0900] 0:0:0:0:0:0:0:1 302 "GET /login HTTP/1.1" - (2 ms)
[27/Oct/2020:14:46:28 +0900] 0:0:0:0:0:0:0:1 302 "GET /login HTTP/1.1" - (1 ms)
[27/Oct/2020:14:46:28 +0900] 0:0:0:0:0:0:0:1 302 "GET /login HTTP/1.1" - (1 ms)
[27/Oct/2020:14:46:28 +0900] 0:0:0:0:0:0:0:1 302 "GET /login HTTP/1.1" - (1 ms)
[27/Oct/2020:14:46:28 +0900] 0:0:0:0:0:0:0:1 302 "GET /login HTTP/1.1" - (2 ms)
[27/Oct/2020:14:46:28 +0900] 0:0:0:0:0:0:0:1 302 "GET /login HTTP/1.1" - (2 ms)
[27/Oct/2020:14:46:28 +0900] 0:0:0:0:0:0:0:1 302 "GET /login HTTP/1.1" - (1 ms)
[27/Oct/2020:14:46:28 +0900] 0:0:0:0:0:0:0:1 302 "GET /login HTTP/1.1" - (1 ms)
[27/Oct/2020:14:46:28 +0900] 0:0:0:0:0:0:0:1 302 "GET /login HTTP/1.1" - (2 ms)
[27/Oct/2020:14:46:28 +0900] 0:0:0:0:0:0:0:1 302 "GET /login HTTP/1.1" - (2 ms)
[27/Oct/2020:14:46:28 +0900] 0:0:0:0:0:0:0:1 302 "GET /login HTTP/1.1" - (2 ms)
[27/Oct/2020:14:46:28 +0900] 0:0:0:0:0:0:0:1 302 "GET /login HTTP/1.1" - (1 ms)
[27/Oct/2020:14:46:28 +0900] 0:0:0:0:0:0:0:1 302 "GET /login HTTP/1.1" - (1 ms)
[27/Oct/2020:14:46:28 +0900] 0:0:0:0:0:0:0:1 302 "GET /login HTTP/1.1" - (2 ms)
[27/Oct/2020:14:46:28 +0900] 0:0:0:0:0:0:0:1 302 "GET /login HTTP/1.1" - (1 ms)
[27/Oct/2020:14:46:28 +0900] 0:0:0:0:0:0:0:1 302 "GET /login HTTP/1.1" - (1 ms)
[27/Oct/2020:14:46:28 +0900] 0:0:0:0:0:0:0:1 302 "GET /login HTTP/1.1" - (1 ms)
[27/Oct/2020:14:46:28 +0900] 0:0:0:0:0:0:0:1 302 "GET /login HTTP/1.1" - (1 ms)
[27/Oct/2020:14:46:28 +0900] 0:0:0:0:0:0:0:1 302 "GET /login HTTP/1.1" - (2 ms)
[27/Oct/2020:14:46:28 +0900] 0:0:0:0:0:0:0:1 302 "GET /login HTTP/1.1" - (1 ms)
[27/Oct/2020:14:46:28 +0900] 0:0:0:0:0:0:0:1 302 "GET /login HTTP/1.1" - (1 ms)
[27/Oct/2020:14:46:28 +0900] 0:0:0:0:0:0:0:1 302 "GET /login HTTP/1.1" - (1 ms)
[27/Oct/2020:14:46:28 +0900] 0:0:0:0:0:0:0:1 302 "GET /login HTTP/1.1" - (1 ms)
[27/Oct/2020:14:46:28 +0900] 0:0:0:0:0:0:0:1 302 "GET /login HTTP/1.1" - (1 ms)
[27/Oct/2020:14:46:28 +0900] 0:0:0:0:0:0:0:1 302 "GET /login HTTP/1.1" - (1 ms)
[27/Oct/2020:14:46:28 +0900] 0:0:0:0:0:0:0:1 302 "GET /login HTTP/1.1" - (1 ms)
[27/Oct/2020:14:46:28 +0900] 0:0:0:0:0:0:0:1 302 "GET /login HTTP/1.1" - (1 ms)
[27/Oct/2020:14:46:28 +0900] 0:0:0:0:0:0:0:1 302 "GET /login HTTP/1.1" - (1 ms)
[27/Oct/2020:14:46:28 +0900] 0:0:0:0:0:0:0:1 302 "GET /login HTTP/1.1" - (1 ms)
[27/Oct/2020:14:46:28 +0900] 0:0:0:0:0:0:0:1 302 "GET /login HTTP/1.1" - (1 ms)
[27/Oct/2020:14:46:28 +0900] 0:0:0:0:0:0:0:1 302 "GET /login HTTP/1.1" - (1 ms)
[27/Oct/2020:14:46:28 +0900] 0:0:0:0:0:0:0:1 302 "GET /login HTTP/1.1" - (1 ms)
[27/Oct/2020:14:46:28 +0900] 0:0:0:0:0:0:0:1 302 "GET /login HTTP/1.1" - (0 ms)
[27/Oct/2020:14:46:28 +0900] 0:0:0:0:0:0:0:1 302 "GET /login HTTP/1.1" - (1 ms)
[27/Oct/2020:14:49:28 +0900] 0:0:0:0:0:0:0:1 302 "GET / HTTP/1.1" - (74 ms)
[27/Oct/2020:14:49:28 +0900] 0:0:0:0:0:0:0:1 302 "GET /login HTTP/1.1" - (2 ms)
[27/Oct/2020:14:49:28 +0900] 0:0:0:0:0:0:0:1 302 "GET /login HTTP/1.1" - (3 ms)
[27/Oct/2020:14:49:28 +0900] 0:0:0:0:0:0:0:1 302 "GET /login HTTP/1.1" - (2 ms)
[27/Oct/2020:14:49:28 +0900] 0:0:0:0:0:0:0:1 302 "GET /login HTTP/1.1" - (2 ms)
[27/Oct/2020:14:49:28 +0900] 0:0:0:0:0:0:0:1 302 "GET /login HTTP/1.1" - (2 ms)
[27/Oct/2020:14:49:28 +0900] 0:0:0:0:0:0:0:1 302 "GET /login HTTP/1.1" - (2 ms)
[27/Oct/2020:14:49:28 +0900] 0:0:0:0:0:0:0:1 302 "GET /login HTTP/1.1" - (2 ms)
[27/Oct/2020:14:49:28 +0900] 0:0:0:0:0:0:0:1 302 "GET /login HTTP/1.1" - (2 ms)
[27/Oct/2020:14:49:28 +0900] 0:0:0:0:0:0:0:1 302 "GET /login HTTP/1.1" - (2 ms)
[27/Oct/2020:14:49:28 +0900] 0:0:0:0:0:0:0:1 302 "GET /login HTTP/1.1" - (2 ms)
[27/Oct/2020:14:49:28 +0900] 0:0:0:0:0:0:0:1 302 "GET /login HTTP/1.1" - (3 ms)
[27/Oct/2020:14:49:28 +0900] 0:0:0:0:0:0:0:1 302 "GET /login HTTP/1.1" - (2 ms)
[27/Oct/2020:14:49:28 +0900] 0:0:0:0:0:0:0:1 302 "GET /login HTTP/1.1" - (1 ms)
[27/Oct/2020:14:49:28 +0900] 0:0:0:0:0:0:0:1 302 "GET /login HTTP/1.1" - (2 ms)
[27/Oct/2020:14:49:28 +0900] 0:0:0:0:0:0:0:1 302 "GET /login HTTP/1.1" - (2 ms)
[27/Oct/2020:14:49:28 +0900] 0:0:0:0:0:0:0:1 302 "GET /login HTTP/1.1" - (1 ms)
[27/Oct/2020:14:49:36 +0900] 0:0:0:0:0:0:0:1 302 "GET / HTTP/1.1" - (2 ms)
[27/Oct/2020:14:49:36 +0900] 0:0:0:0:0:0:0:1 302 "GET /login HTTP/1.1" - (1 ms)
[27/Oct/2020:14:49:36 +0900] 0:0:0:0:0:0:0:1 302 "GET /login HTTP/1.1" - (2 ms)
[27/Oct/2020:14:49:36 +0900] 0:0:0:0:0:0:0:1 302 "GET /login HTTP/1.1" - (2 ms)
[27/Oct/2020:14:49:36 +0900] 0:0:0:0:0:0:0:1 302 "GET /login HTTP/1.1" - (2 ms)
[27/Oct/2020:14:49:36 +0900] 0:0:0:0:0:0:0:1 302 "GET /login HTTP/1.1" - (1 ms)
[27/Oct/2020:14:49:36 +0900] 0:0:0:0:0:0:0:1 302 "GET /login HTTP/1.1" - (2 ms)
[27/Oct/2020:14:49:36 +0900] 0:0:0:0:0:0:0:1 302 "GET /login HTTP/1.1" - (2 ms)
[27/Oct/2020:14:49:36 +0900] 0:0:0:0:0:0:0:1 302 "GET /login HTTP/1.1" - (1 ms)
[27/Oct/2020:14:49:36 +0900] 0:0:0:0:0:0:0:1 302 "GET /login HTTP/1.1" - (2 ms)
[27/Oct/2020:14:49:36 +0900] 0:0:0:0:0:0:0:1 302 "GET /login HTTP/1.1" - (2 ms)
[27/Oct/2020:14:49:36 +0900] 0:0:0:0:0:0:0:1 302 "GET /login HTTP/1.1" - (1 ms)
[27/Oct/2020:14:49:36 +0900] 0:0:0:0:0:0:0:1 302 "GET /login HTTP/1.1" - (1 ms)
[27/Oct/2020:14:49:36 +0900] 0:0:0:0:0:0:0:1 302 "GET /login HTTP/1.1" - (1 ms)
[27/Oct/2020:14:49:36 +0900] 0:0:0:0:0:0:0:1 302 "GET /login HTTP/1.1" - (2 ms)
[27/Oct/2020:14:49:36 +0900] 0:0:0:0:0:0:0:1 302 "GET /login HTTP/1.1" - (1 ms)
[27/Oct/2020:14:49:36 +0900] 0:0:0:0:0:0:0:1 302 "GET /login HTTP/1.1" - (1 ms)
[27/Oct/2020:14:52:55 +0900] 0:0:0:0:0:0:0:1 302 "GET / HTTP/1.1" - (59 ms)
[27/Oct/2020:14:52:55 +0900] 0:0:0:0:0:0:0:1 302 "GET /login HTTP/1.1" - (2 ms)
[27/Oct/2020:14:52:55 +0900] 0:0:0:0:0:0:0:1 302 "GET /login HTTP/1.1" - (4 ms)
[27/Oct/2020:14:52:55 +0900] 0:0:0:0:0:0:0:1 302 "GET /login HTTP/1.1" - (3 ms)
[27/Oct/2020:14:52:55 +0900] 0:0:0:0:0:0:0:1 302 "GET /login HTTP/1.1" - (2 ms)
[27/Oct/2020:14:52:55 +0900] 0:0:0:0:0:0:0:1 302 "GET /login HTTP/1.1" - (2 ms)
[27/Oct/2020:14:52:55 +0900] 0:0:0:0:0:0:0:1 302 "GET /login HTTP/1.1" - (2 ms)
[27/Oct/2020:14:52:55 +0900] 0:0:0:0:0:0:0:1 302 "GET /login HTTP/1.1" - (2 ms)
[27/Oct/2020:14:52:55 +0900] 0:0:0:0:0:0:0:1 302 "GET /login HTTP/1.1" - (2 ms)
[27/Oct/2020:14:52:55 +0900] 0:0:0:0:0:0:0:1 302 "GET /login HTTP/1.1" - (3 ms)
[27/Oct/2020:14:52:55 +0900] 0:0:0:0:0:0:0:1 302 "GET /login HTTP/1.1" - (2 ms)
[27/Oct/2020:14:52:55 +0900] 0:0:0:0:0:0:0:1 302 "GET /login HTTP/1.1" - (2 ms)
[27/Oct/2020:14:52:55 +0900] 0:0:0:0:0:0:0:1 302 "GET /login HTTP/1.1" - (3 ms)
[27/Oct/2020:14:52:55 +0900] 0:0:0:0:0:0:0:1 302 "GET /login HTTP/1.1" - (2 ms)
[27/Oct/2020:14:52:55 +0900] 0:0:0:0:0:0:0:1 302 "GET /login HTTP/1.1" - (3 ms)
[27/Oct/2020:14:52:55 +0900] 0:0:0:0:0:0:0:1 302 "GET /login HTTP/1.1" - (2 ms)
[27/Oct/2020:14:52:55 +0900] 0:0:0:0:0:0:0:1 302 "GET /login HTTP/1.1" - (2 ms)
[27/Oct/2020:14:53:39 +0900] 0:0:0:0:0:0:0:1 302 "GET / HTTP/1.1" - (60 ms)
[27/Oct/2020:14:53:39 +0900] 0:0:0:0:0:0:0:1 302 "GET /login HTTP/1.1" - (3 ms)
[27/Oct/2020:14:53:39 +0900] 0:0:0:0:0:0:0:1 302 "GET /login HTTP/1.1" - (3 ms)
[27/Oct/2020:14:53:39 +0900] 0:0:0:0:0:0:0:1 302 "GET /login HTTP/1.1" - (2 ms)
[27/Oct/2020:14:53:39 +0900] 0:0:0:0:0:0:0:1 302 "GET /login HTTP/1.1" - (2 ms)
[27/Oct/2020:14:53:39 +0900] 0:0:0:0:0:0:0:1 302 "GET /login HTTP/1.1" - (2 ms)
[27/Oct/2020:14:53:39 +0900] 0:0:0:0:0:0:0:1 302 "GET /login HTTP/1.1" - (2 ms)
[27/Oct/2020:14:53:39 +0900] 0:0:0:0:0:0:0:1 302 "GET /login HTTP/1.1" - (2 ms)
[27/Oct/2020:14:53:39 +0900] 0:0:0:0:0:0:0:1 302 "GET /login HTTP/1.1" - (2 ms)
[27/Oct/2020:14:53:39 +0900] 0:0:0:0:0:0:0:1 302 "GET /login HTTP/1.1" - (3 ms)
[27/Oct/2020:14:53:39 +0900] 0:0:0:0:0:0:0:1 302 "GET /login HTTP/1.1" - (2 ms)
[27/Oct/2020:14:53:39 +0900] 0:0:0:0:0:0:0:1 302 "GET /login HTTP/1.1" - (2 ms)
[27/Oct/2020:14:53:39 +0900] 0:0:0:0:0:0:0:1 302 "GET /login HTTP/1.1" - (2 ms)
[27/Oct/2020:14:53:39 +0900] 0:0:0:0:0:0:0:1 302 "GET /login HTTP/1.1" - (2 ms)
[27/Oct/2020:14:53:39 +0900] 0:0:0:0:0:0:0:1 302 "GET /login HTTP/1.1" - (1 ms)
[27/Oct/2020:14:53:39 +0900] 0:0:0:0:0:0:0:1 302 "GET /login HTTP/1.1" - (3 ms)
[27/Oct/2020:14:53:39 +0900] 0:0:0:0:0:0:0:1 302 "GET /login HTTP/1.1" - (2 ms)
[27/Oct/2020:14:55:23 +0900] 0:0:0:0:0:0:0:1 302 "GET / HTTP/1.1" - (58 ms)
[27/Oct/2020:14:55:23 +0900] 0:0:0:0:0:0:0:1 200 "GET /login HTTP/1.1" 1406 (3 ms)
[27/Oct/2020:14:56:20 +0900] 0:0:0:0:0:0:0:1 302 "GET /login HTTP/1.1" - (58 ms)
[27/Oct/2020:14:56:20 +0900] 0:0:0:0:0:0:0:1 302 "GET /user/login HTTP/1.1" - (2 ms)
[27/Oct/2020:14:56:20 +0900] 0:0:0:0:0:0:0:1 302 "GET /user/login HTTP/1.1" - (3 ms)
[27/Oct/2020:14:56:20 +0900] 0:0:0:0:0:0:0:1 302 "GET /user/login HTTP/1.1" - (1 ms)
[27/Oct/2020:14:56:20 +0900] 0:0:0:0:0:0:0:1 302 "GET /user/login HTTP/1.1" - (2 ms)
[27/Oct/2020:14:56:20 +0900] 0:0:0:0:0:0:0:1 302 "GET /user/login HTTP/1.1" - (2 ms)
[27/Oct/2020:14:56:20 +0900] 0:0:0:0:0:0:0:1 302 "GET /user/login HTTP/1.1" - (2 ms)
[27/Oct/2020:14:56:20 +0900] 0:0:0:0:0:0:0:1 302 "GET /user/login HTTP/1.1" - (1 ms)
[27/Oct/2020:14:56:21 +0900] 0:0:0:0:0:0:0:1 302 "GET /user/login HTTP/1.1" - (2 ms)
[27/Oct/2020:14:56:21 +0900] 0:0:0:0:0:0:0:1 302 "GET /user/login HTTP/1.1" - (2 ms)
[27/Oct/2020:14:56:21 +0900] 0:0:0:0:0:0:0:1 302 "GET /user/login HTTP/1.1" - (2 ms)
[27/Oct/2020:14:56:21 +0900] 0:0:0:0:0:0:0:1 302 "GET /user/login HTTP/1.1" - (1 ms)
[27/Oct/2020:14:56:21 +0900] 0:0:0:0:0:0:0:1 302 "GET /user/login HTTP/1.1" - (1 ms)
[27/Oct/2020:14:56:21 +0900] 0:0:0:0:0:0:0:1 302 "GET /user/login HTTP/1.1" - (2 ms)
[27/Oct/2020:14:56:21 +0900] 0:0:0:0:0:0:0:1 302 "GET /user/login HTTP/1.1" - (2 ms)
[27/Oct/2020:14:56:21 +0900] 0:0:0:0:0:0:0:1 302 "GET /user/login HTTP/1.1" - (2 ms)
[27/Oct/2020:14:56:21 +0900] 0:0:0:0:0:0:0:1 302 "GET /user/login HTTP/1.1" - (2 ms)
[27/Oct/2020:14:56:53 +0900] 0:0:0:0:0:0:0:1 200 "GET /login HTTP/1.1" 1406 (51 ms)
[27/Oct/2020:14:56:55 +0900] 0:0:0:0:0:0:0:1 200 "GET /login HTTP/1.1" 1406 (2 ms)
[27/Oct/2020:14:56:56 +0900] 0:0:0:0:0:0:0:1 200 "GET /login HTTP/1.1" 1406 (1 ms)
[27/Oct/2020:14:56:57 +0900] 0:0:0:0:0:0:0:1 200 "GET /login HTTP/1.1" 1406 (1 ms)
[27/Oct/2020:14:57:22 +0900] 0:0:0:0:0:0:0:1 200 "GET /login HTTP/1.1" 1406 (47 ms)
[27/Oct/2020:14:57:24 +0900] 0:0:0:0:0:0:0:1 200 "GET /login HTTP/1.1" 1406 (2 ms)
[27/Oct/2020:14:57:24 +0900] 0:0:0:0:0:0:0:1 200 "GET /login HTTP/1.1" 1406 (1 ms)
[27/Oct/2020:14:57:25 +0900] 0:0:0:0:0:0:0:1 200 "GET /login HTTP/1.1" 1406 (2 ms)
[27/Oct/2020:14:57:56 +0900] 0:0:0:0:0:0:0:1 200 "GET /login HTTP/1.1" 1401 (48 ms)
[27/Oct/2020:14:57:58 +0900] 0:0:0:0:0:0:0:1 200 "GET /login HTTP/1.1" 1401 (2 ms)
[27/Oct/2020:14:57:58 +0900] 0:0:0:0:0:0:0:1 200 "GET /login HTTP/1.1" 1401 (1 ms)
[27/Oct/2020:14:58:05 +0900] 0:0:0:0:0:0:0:1 302 "POST / HTTP/1.1" - (165 ms)
[27/Oct/2020:14:58:05 +0900] 0:0:0:0:0:0:0:1 200 "GET /login HTTP/1.1" 1401 (1 ms)
[27/Oct/2020:14:58:42 +0900] 0:0:0:0:0:0:0:1 302 "GET /login HTTP/1.1" - (63 ms)
[27/Oct/2020:14:58:42 +0900] 0:0:0:0:0:0:0:1 302 "GET /login HTTP/1.1" - (3 ms)
[27/Oct/2020:14:58:42 +0900] 0:0:0:0:0:0:0:1 302 "GET /login HTTP/1.1" - (2 ms)
[27/Oct/2020:14:58:42 +0900] 0:0:0:0:0:0:0:1 302 "GET /login HTTP/1.1" - (2 ms)
[27/Oct/2020:14:58:42 +0900] 0:0:0:0:0:0:0:1 302 "GET /login HTTP/1.1" - (2 ms)
[27/Oct/2020:14:58:42 +0900] 0:0:0:0:0:0:0:1 302 "GET /login HTTP/1.1" - (2 ms)
[27/Oct/2020:14:58:42 +0900] 0:0:0:0:0:0:0:1 302 "GET /login HTTP/1.1" - (2 ms)
[27/Oct/2020:14:58:42 +0900] 0:0:0:0:0:0:0:1 302 "GET /login HTTP/1.1" - (2 ms)
[27/Oct/2020:14:58:42 +0900] 0:0:0:0:0:0:0:1 302 "GET /login HTTP/1.1" - (2 ms)
[27/Oct/2020:14:58:42 +0900] 0:0:0:0:0:0:0:1 302 "GET /login HTTP/1.1" - (2 ms)
[27/Oct/2020:14:58:42 +0900] 0:0:0:0:0:0:0:1 302 "GET /login HTTP/1.1" - (2 ms)
[27/Oct/2020:14:58:42 +0900] 0:0:0:0:0:0:0:1 302 "GET /login HTTP/1.1" - (2 ms)
[27/Oct/2020:14:58:42 +0900] 0:0:0:0:0:0:0:1 302 "GET /login HTTP/1.1" - (1 ms)
[27/Oct/2020:14:58:42 +0900] 0:0:0:0:0:0:0:1 302 "GET /login HTTP/1.1" - (2 ms)
[27/Oct/2020:14:58:42 +0900] 0:0:0:0:0:0:0:1 302 "GET /login HTTP/1.1" - (3 ms)
[27/Oct/2020:14:58:42 +0900] 0:0:0:0:0:0:0:1 302 "GET /login HTTP/1.1" - (2 ms)
[27/Oct/2020:14:58:42 +0900] 0:0:0:0:0:0:0:1 302 "GET /login HTTP/1.1" - (2 ms)
[27/Oct/2020:14:58:43 +0900] 0:0:0:0:0:0:0:1 302 "GET /login HTTP/1.1" - (2 ms)
[27/Oct/2020:14:58:43 +0900] 0:0:0:0:0:0:0:1 302 "GET /login HTTP/1.1" - (2 ms)
[27/Oct/2020:14:58:43 +0900] 0:0:0:0:0:0:0:1 302 "GET /login HTTP/1.1" - (2 ms)
[27/Oct/2020:14:58:43 +0900] 0:0:0:0:0:0:0:1 302 "GET /login HTTP/1.1" - (1 ms)
[27/Oct/2020:14:58:43 +0900] 0:0:0:0:0:0:0:1 302 "GET /login HTTP/1.1" - (2 ms)
[27/Oct/2020:14:58:43 +0900] 0:0:0:0:0:0:0:1 302 "GET /login HTTP/1.1" - (2 ms)
[27/Oct/2020:14:58:43 +0900] 0:0:0:0:0:0:0:1 302 "GET /login HTTP/1.1" - (2 ms)
[27/Oct/2020:14:58:43 +0900] 0:0:0:0:0:0:0:1 302 "GET /login HTTP/1.1" - (2 ms)
[27/Oct/2020:14:58:43 +0900] 0:0:0:0:0:0:0:1 302 "GET /login HTTP/1.1" - (2 ms)
[27/Oct/2020:14:58:43 +0900] 0:0:0:0:0:0:0:1 302 "GET /login HTTP/1.1" - (1 ms)
[27/Oct/2020:14:58:43 +0900] 0:0:0:0:0:0:0:1 302 "GET /login HTTP/1.1" - (1 ms)
[27/Oct/2020:14:58:43 +0900] 0:0:0:0:0:0:0:1 302 "GET /login HTTP/1.1" - (2 ms)
[27/Oct/2020:14:58:43 +0900] 0:0:0:0:0:0:0:1 302 "GET /login HTTP/1.1" - (2 ms)
[27/Oct/2020:14:58:43 +0900] 0:0:0:0:0:0:0:1 302 "GET /login HTTP/1.1" - (2 ms)
[27/Oct/2020:14:58:43 +0900] 0:0:0:0:0:0:0:1 302 "GET /login HTTP/1.1" - (1 ms)
[27/Oct/2020:14:58:43 +0900] 0:0:0:0:0:0:0:1 302 "GET /login HTTP/1.1" - (2 ms)
[27/Oct/2020:14:58:43 +0900] 0:0:0:0:0:0:0:1 302 "GET /login HTTP/1.1" - (1 ms)
[27/Oct/2020:15:03:45 +0900] 0:0:0:0:0:0:0:1 302 "GET /login HTTP/1.1" - (70 ms)
[27/Oct/2020:15:03:45 +0900] 0:0:0:0:0:0:0:1 302 "GET /user/login HTTP/1.1" - (4 ms)
[27/Oct/2020:15:03:45 +0900] 0:0:0:0:0:0:0:1 302 "GET /user/login HTTP/1.1" - (2 ms)
[27/Oct/2020:15:03:45 +0900] 0:0:0:0:0:0:0:1 302 "GET /user/login HTTP/1.1" - (2 ms)
[27/Oct/2020:15:03:45 +0900] 0:0:0:0:0:0:0:1 302 "GET /user/login HTTP/1.1" - (2 ms)
[27/Oct/2020:15:03:45 +0900] 0:0:0:0:0:0:0:1 302 "GET /user/login HTTP/1.1" - (3 ms)
[27/Oct/2020:15:03:45 +0900] 0:0:0:0:0:0:0:1 302 "GET /user/login HTTP/1.1" - (2 ms)
[27/Oct/2020:15:03:45 +0900] 0:0:0:0:0:0:0:1 302 "GET /user/login HTTP/1.1" - (3 ms)
[27/Oct/2020:15:03:45 +0900] 0:0:0:0:0:0:0:1 302 "GET /user/login HTTP/1.1" - (2 ms)
[27/Oct/2020:15:03:45 +0900] 0:0:0:0:0:0:0:1 302 "GET /user/login HTTP/1.1" - (2 ms)
[27/Oct/2020:15:03:45 +0900] 0:0:0:0:0:0:0:1 302 "GET /user/login HTTP/1.1" - (2 ms)
[27/Oct/2020:15:03:45 +0900] 0:0:0:0:0:0:0:1 302 "GET /user/login HTTP/1.1" - (3 ms)
[27/Oct/2020:15:03:45 +0900] 0:0:0:0:0:0:0:1 302 "GET /user/login HTTP/1.1" - (2 ms)
[27/Oct/2020:15:03:45 +0900] 0:0:0:0:0:0:0:1 302 "GET /user/login HTTP/1.1" - (2 ms)
[27/Oct/2020:15:03:45 +0900] 0:0:0:0:0:0:0:1 302 "GET /user/login HTTP/1.1" - (2 ms)
[27/Oct/2020:15:03:45 +0900] 0:0:0:0:0:0:0:1 302 "GET /user/login HTTP/1.1" - (2 ms)
[27/Oct/2020:15:03:45 +0900] 0:0:0:0:0:0:0:1 302 "GET /user/login HTTP/1.1" - (1 ms)
[27/Oct/2020:15:04:16 +0900] 0:0:0:0:0:0:0:1 200 "GET /login HTTP/1.1" 1401 (46 ms)
[27/Oct/2020:15:04:18 +0900] 0:0:0:0:0:0:0:1 200 "GET /login HTTP/1.1" 1401 (2 ms)
[27/Oct/2020:15:04:18 +0900] 0:0:0:0:0:0:0:1 200 "GET /login HTTP/1.1" 1401 (1 ms)
[27/Oct/2020:15:04:19 +0900] 0:0:0:0:0:0:0:1 200 "GET /login HTTP/1.1" 1401 (1 ms)
[27/Oct/2020:15:04:19 +0900] 0:0:0:0:0:0:0:1 200 "GET /login HTTP/1.1" 1401 (1 ms)
[27/Oct/2020:15:04:20 +0900] 0:0:0:0:0:0:0:1 200 "GET /login HTTP/1.1" 1401 (1 ms)
[27/Oct/2020:15:04:20 +0900] 0:0:0:0:0:0:0:1 200 "GET /login HTTP/1.1" 1401 (2 ms)
[27/Oct/2020:15:04:21 +0900] 0:0:0:0:0:0:0:1 200 "GET /login HTTP/1.1" 1401 (1 ms)
[27/Oct/2020:15:04:21 +0900] 0:0:0:0:0:0:0:1 200 "GET /login HTTP/1.1" 1401 (1 ms)
[27/Oct/2020:15:04:22 +0900] 0:0:0:0:0:0:0:1 200 "GET /login HTTP/1.1" 1401 (1 ms)
[27/Oct/2020:15:05:15 +0900] 0:0:0:0:0:0:0:1 302 "GET /login HTTP/1.1" - (32 ms)
[27/Oct/2020:15:05:15 +0900] 0:0:0:0:0:0:0:1 302 "GET /login HTTP/1.1" - (4 ms)
[27/Oct/2020:15:05:15 +0900] 0:0:0:0:0:0:0:1 302 "GET /login HTTP/1.1" - (2 ms)
[27/Oct/2020:15:05:15 +0900] 0:0:0:0:0:0:0:1 302 "GET /login HTTP/1.1" - (2 ms)
[27/Oct/2020:15:05:15 +0900] 0:0:0:0:0:0:0:1 302 "GET /login HTTP/1.1" - (2 ms)
[27/Oct/2020:15:05:15 +0900] 0:0:0:0:0:0:0:1 302 "GET /login HTTP/1.1" - (2 ms)
[27/Oct/2020:15:05:15 +0900] 0:0:0:0:0:0:0:1 302 "GET /login HTTP/1.1" - (2 ms)
[27/Oct/2020:15:05:15 +0900] 0:0:0:0:0:0:0:1 302 "GET /login HTTP/1.1" - (2 ms)
[27/Oct/2020:15:05:15 +0900] 0:0:0:0:0:0:0:1 302 "GET /login HTTP/1.1" - (3 ms)
[27/Oct/2020:15:05:15 +0900] 0:0:0:0:0:0:0:1 302 "GET /login HTTP/1.1" - (2 ms)
[27/Oct/2020:15:05:15 +0900] 0:0:0:0:0:0:0:1 302 "GET /login HTTP/1.1" - (2 ms)
[27/Oct/2020:15:05:15 +0900] 0:0:0:0:0:0:0:1 302 "GET /login HTTP/1.1" - (2 ms)
[27/Oct/2020:15:05:15 +0900] 0:0:0:0:0:0:0:1 302 "GET /login HTTP/1.1" - (2 ms)
[27/Oct/2020:15:05:15 +0900] 0:0:0:0:0:0:0:1 302 "GET /login HTTP/1.1" - (2 ms)
[27/Oct/2020:15:05:15 +0900] 0:0:0:0:0:0:0:1 302 "GET /login HTTP/1.1" - (2 ms)
[27/Oct/2020:15:05:15 +0900] 0:0:0:0:0:0:0:1 302 "GET /login HTTP/1.1" - (2 ms)
[27/Oct/2020:15:05:15 +0900] 0:0:0:0:0:0:0:1 302 "GET /login HTTP/1.1" - (2 ms)
[27/Oct/2020:15:05:53 +0900] 0:0:0:0:0:0:0:1 302 "GET /login HTTP/1.1" - (57 ms)
[27/Oct/2020:15:05:53 +0900] 0:0:0:0:0:0:0:1 302 "GET /login HTTP/1.1" - (2 ms)
[27/Oct/2020:15:05:53 +0900] 0:0:0:0:0:0:0:1 302 "GET /login HTTP/1.1" - (2 ms)
[27/Oct/2020:15:05:53 +0900] 0:0:0:0:0:0:0:1 302 "GET /login HTTP/1.1" - (2 ms)
[27/Oct/2020:15:05:53 +0900] 0:0:0:0:0:0:0:1 302 "GET /login HTTP/1.1" - (2 ms)
[27/Oct/2020:15:05:53 +0900] 0:0:0:0:0:0:0:1 302 "GET /login HTTP/1.1" - (2 ms)
[27/Oct/2020:15:05:53 +0900] 0:0:0:0:0:0:0:1 302 "GET /login HTTP/1.1" - (1 ms)
[27/Oct/2020:15:05:53 +0900] 0:0:0:0:0:0:0:1 302 "GET /login HTTP/1.1" - (2 ms)
[27/Oct/2020:15:05:53 +0900] 0:0:0:0:0:0:0:1 302 "GET /login HTTP/1.1" - (1 ms)
[27/Oct/2020:15:05:53 +0900] 0:0:0:0:0:0:0:1 302 "GET /login HTTP/1.1" - (2 ms)
[27/Oct/2020:15:05:53 +0900] 0:0:0:0:0:0:0:1 302 "GET /login HTTP/1.1" - (2 ms)
[27/Oct/2020:15:05:53 +0900] 0:0:0:0:0:0:0:1 302 "GET /login HTTP/1.1" - (2 ms)
[27/Oct/2020:15:05:53 +0900] 0:0:0:0:0:0:0:1 302 "GET /login HTTP/1.1" - (1 ms)
[27/Oct/2020:15:05:53 +0900] 0:0:0:0:0:0:0:1 302 "GET /login HTTP/1.1" - (2 ms)
[27/Oct/2020:15:05:53 +0900] 0:0:0:0:0:0:0:1 302 "GET /login HTTP/1.1" - (2 ms)
[27/Oct/2020:15:05:53 +0900] 0:0:0:0:0:0:0:1 302 "GET /login HTTP/1.1" - (2 ms)
[27/Oct/2020:15:05:53 +0900] 0:0:0:0:0:0:0:1 302 "GET /login HTTP/1.1" - (1 ms)
[27/Oct/2020:15:05:54 +0900] 0:0:0:0:0:0:0:1 302 "GET /login HTTP/1.1" - (2 ms)
[27/Oct/2020:15:05:54 +0900] 0:0:0:0:0:0:0:1 302 "GET /login HTTP/1.1" - (1 ms)
[27/Oct/2020:15:05:54 +0900] 0:0:0:0:0:0:0:1 302 "GET /login HTTP/1.1" - (2 ms)
[27/Oct/2020:15:05:54 +0900] 0:0:0:0:0:0:0:1 302 "GET /login HTTP/1.1" - (2 ms)
[27/Oct/2020:15:05:54 +0900] 0:0:0:0:0:0:0:1 302 "GET /login HTTP/1.1" - (2 ms)
[27/Oct/2020:15:05:54 +0900] 0:0:0:0:0:0:0:1 302 "GET /login HTTP/1.1" - (2 ms)
[27/Oct/2020:15:05:54 +0900] 0:0:0:0:0:0:0:1 302 "GET /login HTTP/1.1" - (2 ms)
[27/Oct/2020:15:05:54 +0900] 0:0:0:0:0:0:0:1 302 "GET /login HTTP/1.1" - (2 ms)
[27/Oct/2020:15:05:54 +0900] 0:0:0:0:0:0:0:1 302 "GET /login HTTP/1.1" - (2 ms)
[27/Oct/2020:15:05:54 +0900] 0:0:0:0:0:0:0:1 302 "GET /login HTTP/1.1" - (1 ms)
[27/Oct/2020:15:05:54 +0900] 0:0:0:0:0:0:0:1 302 "GET /login HTTP/1.1" - (1 ms)
[27/Oct/2020:15:05:54 +0900] 0:0:0:0:0:0:0:1 302 "GET /login HTTP/1.1" - (2 ms)
[27/Oct/2020:15:05:54 +0900] 0:0:0:0:0:0:0:1 302 "GET /login HTTP/1.1" - (2 ms)
[27/Oct/2020:15:05:54 +0900] 0:0:0:0:0:0:0:1 302 "GET /login HTTP/1.1" - (2 ms)
[27/Oct/2020:15:05:54 +0900] 0:0:0:0:0:0:0:1 302 "GET /login HTTP/1.1" - (1 ms)
[27/Oct/2020:15:05:54 +0900] 0:0:0:0:0:0:0:1 302 "GET /login HTTP/1.1" - (2 ms)
[27/Oct/2020:15:05:54 +0900] 0:0:0:0:0:0:0:1 302 "GET /login HTTP/1.1" - (1 ms)
[27/Oct/2020:15:05:56 +0900] 0:0:0:0:0:0:0:1 302 "GET /login HTTP/1.1" - (2 ms)
[27/Oct/2020:15:05:56 +0900] 0:0:0:0:0:0:0:1 302 "GET /login HTTP/1.1" - (2 ms)
[27/Oct/2020:15:05:56 +0900] 0:0:0:0:0:0:0:1 302 "GET /login HTTP/1.1" - (2 ms)
[27/Oct/2020:15:05:56 +0900] 0:0:0:0:0:0:0:1 302 "GET /login HTTP/1.1" - (1 ms)
[27/Oct/2020:15:05:56 +0900] 0:0:0:0:0:0:0:1 302 "GET /login HTTP/1.1" - (2 ms)
[27/Oct/2020:15:05:56 +0900] 0:0:0:0:0:0:0:1 302 "GET /login HTTP/1.1" - (2 ms)
[27/Oct/2020:15:05:56 +0900] 0:0:0:0:0:0:0:1 302 "GET /login HTTP/1.1" - (1 ms)
[27/Oct/2020:15:05:56 +0900] 0:0:0:0:0:0:0:1 302 "GET /login HTTP/1.1" - (1 ms)
[27/Oct/2020:15:05:56 +0900] 0:0:0:0:0:0:0:1 302 "GET /login HTTP/1.1" - (2 ms)
[27/Oct/2020:15:05:56 +0900] 0:0:0:0:0:0:0:1 302 "GET /login HTTP/1.1" - (1 ms)
[27/Oct/2020:15:05:56 +0900] 0:0:0:0:0:0:0:1 302 "GET /login HTTP/1.1" - (1 ms)
[27/Oct/2020:15:05:56 +0900] 0:0:0:0:0:0:0:1 302 "GET /login HTTP/1.1" - (1 ms)
[27/Oct/2020:15:05:56 +0900] 0:0:0:0:0:0:0:1 302 "GET /login HTTP/1.1" - (1 ms)
[27/Oct/2020:15:05:56 +0900] 0:0:0:0:0:0:0:1 302 "GET /login HTTP/1.1" - (1 ms)
[27/Oct/2020:15:05:56 +0900] 0:0:0:0:0:0:0:1 302 "GET /login HTTP/1.1" - (1 ms)
[27/Oct/2020:15:05:56 +0900] 0:0:0:0:0:0:0:1 302 "GET /login HTTP/1.1" - (1 ms)
[27/Oct/2020:15:05:56 +0900] 0:0:0:0:0:0:0:1 302 "GET /login HTTP/1.1" - (1 ms)
[27/Oct/2020:15:06:37 +0900] 0:0:0:0:0:0:0:1 302 "GET /login HTTP/1.1" - (60 ms)
[27/Oct/2020:15:06:37 +0900] 0:0:0:0:0:0:0:1 302 "GET /login HTTP/1.1" - (2 ms)
[27/Oct/2020:15:06:37 +0900] 0:0:0:0:0:0:0:1 302 "GET /login HTTP/1.1" - (2 ms)
[27/Oct/2020:15:06:37 +0900] 0:0:0:0:0:0:0:1 302 "GET /login HTTP/1.1" - (2 ms)
[27/Oct/2020:15:06:37 +0900] 0:0:0:0:0:0:0:1 302 "GET /login HTTP/1.1" - (2 ms)
[27/Oct/2020:15:06:37 +0900] 0:0:0:0:0:0:0:1 302 "GET /login HTTP/1.1" - (2 ms)
[27/Oct/2020:15:06:37 +0900] 0:0:0:0:0:0:0:1 302 "GET /login HTTP/1.1" - (2 ms)
[27/Oct/2020:15:06:37 +0900] 0:0:0:0:0:0:0:1 302 "GET /login HTTP/1.1" - (2 ms)
[27/Oct/2020:15:06:37 +0900] 0:0:0:0:0:0:0:1 302 "GET /login HTTP/1.1" - (2 ms)
[27/Oct/2020:15:06:37 +0900] 0:0:0:0:0:0:0:1 302 "GET /login HTTP/1.1" - (2 ms)
[27/Oct/2020:15:06:37 +0900] 0:0:0:0:0:0:0:1 302 "GET /login HTTP/1.1" - (3 ms)
[27/Oct/2020:15:06:37 +0900] 0:0:0:0:0:0:0:1 302 "GET /login HTTP/1.1" - (2 ms)
[27/Oct/2020:15:06:37 +0900] 0:0:0:0:0:0:0:1 302 "GET /login HTTP/1.1" - (1 ms)
[27/Oct/2020:15:06:37 +0900] 0:0:0:0:0:0:0:1 302 "GET /login HTTP/1.1" - (2 ms)
[27/Oct/2020:15:06:37 +0900] 0:0:0:0:0:0:0:1 302 "GET /login HTTP/1.1" - (3 ms)
[27/Oct/2020:15:06:37 +0900] 0:0:0:0:0:0:0:1 302 "GET /login HTTP/1.1" - (2 ms)
[27/Oct/2020:15:06:37 +0900] 0:0:0:0:0:0:0:1 302 "GET /login HTTP/1.1" - (2 ms)
[27/Oct/2020:15:07:27 +0900] 0:0:0:0:0:0:0:1 302 "GET /login HTTP/1.1" - (58 ms)
[27/Oct/2020:15:07:27 +0900] 0:0:0:0:0:0:0:1 302 "GET /login HTTP/1.1" - (2 ms)
[27/Oct/2020:15:07:27 +0900] 0:0:0:0:0:0:0:1 302 "GET /login HTTP/1.1" - (2 ms)
[27/Oct/2020:15:07:27 +0900] 0:0:0:0:0:0:0:1 302 "GET /login HTTP/1.1" - (3 ms)
[27/Oct/2020:15:07:27 +0900] 0:0:0:0:0:0:0:1 302 "GET /login HTTP/1.1" - (2 ms)
[27/Oct/2020:15:07:27 +0900] 0:0:0:0:0:0:0:1 302 "GET /login HTTP/1.1" - (2 ms)
[27/Oct/2020:15:07:27 +0900] 0:0:0:0:0:0:0:1 302 "GET /login HTTP/1.1" - (2 ms)
[27/Oct/2020:15:07:27 +0900] 0:0:0:0:0:0:0:1 302 "GET /login HTTP/1.1" - (2 ms)
[27/Oct/2020:15:07:27 +0900] 0:0:0:0:0:0:0:1 302 "GET /login HTTP/1.1" - (2 ms)
[27/Oct/2020:15:07:27 +0900] 0:0:0:0:0:0:0:1 302 "GET /login HTTP/1.1" - (2 ms)
[27/Oct/2020:15:07:27 +0900] 0:0:0:0:0:0:0:1 302 "GET /login HTTP/1.1" - (2 ms)
[27/Oct/2020:15:07:27 +0900] 0:0:0:0:0:0:0:1 302 "GET /login HTTP/1.1" - (2 ms)
[27/Oct/2020:15:07:27 +0900] 0:0:0:0:0:0:0:1 302 "GET /login HTTP/1.1" - (2 ms)
[27/Oct/2020:15:07:27 +0900] 0:0:0:0:0:0:0:1 302 "GET /login HTTP/1.1" - (2 ms)
[27/Oct/2020:15:07:27 +0900] 0:0:0:0:0:0:0:1 302 "GET /login HTTP/1.1" - (2 ms)
[27/Oct/2020:15:07:27 +0900] 0:0:0:0:0:0:0:1 302 "GET /login HTTP/1.1" - (2 ms)
[27/Oct/2020:15:07:27 +0900] 0:0:0:0:0:0:0:1 302 "GET /login HTTP/1.1" - (3 ms)
[27/Oct/2020:15:07:41 +0900] 0:0:0:0:0:0:0:1 302 "GET /login HTTP/1.1" - (2 ms)
[27/Oct/2020:15:07:41 +0900] 0:0:0:0:0:0:0:1 302 "GET /login HTTP/1.1" - (2 ms)
[27/Oct/2020:15:07:41 +0900] 0:0:0:0:0:0:0:1 302 "GET /login HTTP/1.1" - (2 ms)
[27/Oct/2020:15:07:41 +0900] 0:0:0:0:0:0:0:1 302 "GET /login HTTP/1.1" - (2 ms)
[27/Oct/2020:15:07:41 +0900] 0:0:0:0:0:0:0:1 302 "GET /login HTTP/1.1" - (1 ms)
[27/Oct/2020:15:07:41 +0900] 0:0:0:0:0:0:0:1 302 "GET /login HTTP/1.1" - (2 ms)
[27/Oct/2020:15:07:41 +0900] 0:0:0:0:0:0:0:1 302 "GET /login HTTP/1.1" - (2 ms)
[27/Oct/2020:15:07:41 +0900] 0:0:0:0:0:0:0:1 302 "GET /login HTTP/1.1" - (1 ms)
[27/Oct/2020:15:07:41 +0900] 0:0:0:0:0:0:0:1 302 "GET /login HTTP/1.1" - (2 ms)
[27/Oct/2020:15:07:41 +0900] 0:0:0:0:0:0:0:1 302 "GET /login HTTP/1.1" - (1 ms)
[27/Oct/2020:15:07:41 +0900] 0:0:0:0:0:0:0:1 302 "GET /login HTTP/1.1" - (2 ms)
[27/Oct/2020:15:07:41 +0900] 0:0:0:0:0:0:0:1 302 "GET /login HTTP/1.1" - (1 ms)
[27/Oct/2020:15:07:41 +0900] 0:0:0:0:0:0:0:1 302 "GET /login HTTP/1.1" - (2 ms)
[27/Oct/2020:15:07:41 +0900] 0:0:0:0:0:0:0:1 302 "GET /login HTTP/1.1" - (1 ms)
[27/Oct/2020:15:07:41 +0900] 0:0:0:0:0:0:0:1 302 "GET /login HTTP/1.1" - (1 ms)
[27/Oct/2020:15:07:41 +0900] 0:0:0:0:0:0:0:1 302 "GET /login HTTP/1.1" - (2 ms)
[27/Oct/2020:15:07:41 +0900] 0:0:0:0:0:0:0:1 302 "GET /login HTTP/1.1" - (2 ms)
[27/Oct/2020:15:08:52 +0900] 0:0:0:0:0:0:0:1 302 "GET /login HTTP/1.1" - (71 ms)
[27/Oct/2020:15:08:52 +0900] 0:0:0:0:0:0:0:1 302 "GET /login HTTP/1.1" - (2 ms)
[27/Oct/2020:15:08:52 +0900] 0:0:0:0:0:0:0:1 302 "GET /login HTTP/1.1" - (2 ms)
[27/Oct/2020:15:08:52 +0900] 0:0:0:0:0:0:0:1 302 "GET /login HTTP/1.1" - (2 ms)
[27/Oct/2020:15:08:52 +0900] 0:0:0:0:0:0:0:1 302 "GET /login HTTP/1.1" - (3 ms)
[27/Oct/2020:15:08:52 +0900] 0:0:0:0:0:0:0:1 302 "GET /login HTTP/1.1" - (2 ms)
[27/Oct/2020:15:08:52 +0900] 0:0:0:0:0:0:0:1 302 "GET /login HTTP/1.1" - (2 ms)
[27/Oct/2020:15:08:52 +0900] 0:0:0:0:0:0:0:1 302 "GET /login HTTP/1.1" - (2 ms)
[27/Oct/2020:15:08:52 +0900] 0:0:0:0:0:0:0:1 302 "GET /login HTTP/1.1" - (2 ms)
[27/Oct/2020:15:08:52 +0900] 0:0:0:0:0:0:0:1 302 "GET /login HTTP/1.1" - (2 ms)
[27/Oct/2020:15:08:52 +0900] 0:0:0:0:0:0:0:1 302 "GET /login HTTP/1.1" - (2 ms)
[27/Oct/2020:15:08:52 +0900] 0:0:0:0:0:0:0:1 302 "GET /login HTTP/1.1" - (2 ms)
[27/Oct/2020:15:08:52 +0900] 0:0:0:0:0:0:0:1 302 "GET /login HTTP/1.1" - (2 ms)
[27/Oct/2020:15:08:52 +0900] 0:0:0:0:0:0:0:1 302 "GET /login HTTP/1.1" - (2 ms)
[27/Oct/2020:15:08:52 +0900] 0:0:0:0:0:0:0:1 302 "GET /login HTTP/1.1" - (2 ms)
[27/Oct/2020:15:08:52 +0900] 0:0:0:0:0:0:0:1 302 "GET /login HTTP/1.1" - (2 ms)
[27/Oct/2020:15:08:52 +0900] 0:0:0:0:0:0:0:1 302 "GET /login HTTP/1.1" - (2 ms)
[27/Oct/2020:15:09:10 +0900] 0:0:0:0:0:0:0:1 302 "POST / HTTP/1.1" - (4 ms)
[27/Oct/2020:15:09:10 +0900] 0:0:0:0:0:0:0:1 302 "GET /login HTTP/1.1" - (2 ms)
[27/Oct/2020:15:09:10 +0900] 0:0:0:0:0:0:0:1 302 "GET /login HTTP/1.1" - (1 ms)
[27/Oct/2020:15:09:10 +0900] 0:0:0:0:0:0:0:1 302 "GET /login HTTP/1.1" - (2 ms)
[27/Oct/2020:15:09:10 +0900] 0:0:0:0:0:0:0:1 302 "GET /login HTTP/1.1" - (2 ms)
[27/Oct/2020:15:09:10 +0900] 0:0:0:0:0:0:0:1 302 "GET /login HTTP/1.1" - (2 ms)
[27/Oct/2020:15:09:10 +0900] 0:0:0:0:0:0:0:1 302 "GET /login HTTP/1.1" - (1 ms)
[27/Oct/2020:15:09:10 +0900] 0:0:0:0:0:0:0:1 302 "GET /login HTTP/1.1" - (2 ms)
[27/Oct/2020:15:09:10 +0900] 0:0:0:0:0:0:0:1 302 "GET /login HTTP/1.1" - (2 ms)
[27/Oct/2020:15:09:10 +0900] 0:0:0:0:0:0:0:1 302 "GET /login HTTP/1.1" - (1 ms)
[27/Oct/2020:15:09:10 +0900] 0:0:0:0:0:0:0:1 302 "GET /login HTTP/1.1" - (2 ms)
[27/Oct/2020:15:09:10 +0900] 0:0:0:0:0:0:0:1 302 "GET /login HTTP/1.1" - (2 ms)
[27/Oct/2020:15:09:10 +0900] 0:0:0:0:0:0:0:1 302 "GET /login HTTP/1.1" - (1 ms)
[27/Oct/2020:15:09:10 +0900] 0:0:0:0:0:0:0:1 302 "GET /login HTTP/1.1" - (2 ms)
[27/Oct/2020:15:09:10 +0900] 0:0:0:0:0:0:0:1 302 "GET /login HTTP/1.1" - (2 ms)
[27/Oct/2020:15:09:10 +0900] 0:0:0:0:0:0:0:1 302 "GET /login HTTP/1.1" - (2 ms)
[27/Oct/2020:15:09:10 +0900] 0:0:0:0:0:0:0:1 302 "GET /login HTTP/1.1" - (2 ms)
[27/Oct/2020:15:15:33 +0900] 0:0:0:0:0:0:0:1 302 "GET /login HTTP/1.1" - (71 ms)
[27/Oct/2020:15:15:33 +0900] 0:0:0:0:0:0:0:1 302 "GET /login HTTP/1.1" - (3 ms)
[27/Oct/2020:15:15:33 +0900] 0:0:0:0:0:0:0:1 302 "GET /login HTTP/1.1" - (2 ms)
[27/Oct/2020:15:15:33 +0900] 0:0:0:0:0:0:0:1 302 "GET /login HTTP/1.1" - (2 ms)
[27/Oct/2020:15:15:33 +0900] 0:0:0:0:0:0:0:1 302 "GET /login HTTP/1.1" - (2 ms)
[27/Oct/2020:15:15:33 +0900] 0:0:0:0:0:0:0:1 302 "GET /login HTTP/1.1" - (2 ms)
[27/Oct/2020:15:15:33 +0900] 0:0:0:0:0:0:0:1 302 "GET /login HTTP/1.1" - (2 ms)
[27/Oct/2020:15:15:33 +0900] 0:0:0:0:0:0:0:1 302 "GET /login HTTP/1.1" - (2 ms)
[27/Oct/2020:15:15:33 +0900] 0:0:0:0:0:0:0:1 302 "GET /login HTTP/1.1" - (2 ms)
[27/Oct/2020:15:15:33 +0900] 0:0:0:0:0:0:0:1 302 "GET /login HTTP/1.1" - (3 ms)
[27/Oct/2020:15:15:33 +0900] 0:0:0:0:0:0:0:1 302 "GET /login HTTP/1.1" - (2 ms)
[27/Oct/2020:15:15:33 +0900] 0:0:0:0:0:0:0:1 302 "GET /login HTTP/1.1" - (2 ms)
[27/Oct/2020:15:15:33 +0900] 0:0:0:0:0:0:0:1 302 "GET /login HTTP/1.1" - (2 ms)
[27/Oct/2020:15:15:33 +0900] 0:0:0:0:0:0:0:1 302 "GET /login HTTP/1.1" - (2 ms)
[27/Oct/2020:15:15:33 +0900] 0:0:0:0:0:0:0:1 302 "GET /login HTTP/1.1" - (1 ms)
[27/Oct/2020:15:15:33 +0900] 0:0:0:0:0:0:0:1 302 "GET /login HTTP/1.1" - (2 ms)
[27/Oct/2020:15:15:33 +0900] 0:0:0:0:0:0:0:1 302 "GET /login HTTP/1.1" - (2 ms)
[27/Oct/2020:15:24:39 +0900] 0:0:0:0:0:0:0:1 200 "GET /login HTTP/1.1" 1413 (49 ms)
[27/Oct/2020:15:24:46 +0900] 0:0:0:0:0:0:0:1 200 "GET /login HTTP/1.1" 1413 (2 ms)
[27/Oct/2020:15:24:47 +0900] 0:0:0:0:0:0:0:1 200 "GET /login HTTP/1.1" 1413 (2 ms)
[27/Oct/2020:15:24:47 +0900] 0:0:0:0:0:0:0:1 200 "GET /login HTTP/1.1" 1413 (1 ms)
[27/Oct/2020:15:24:47 +0900] 0:0:0:0:0:0:0:1 200 "GET /login HTTP/1.1" 1413 (2 ms)
[27/Oct/2020:15:24:48 +0900] 0:0:0:0:0:0:0:1 200 "GET /login HTTP/1.1" 1413 (2 ms)
[27/Oct/2020:15:24:48 +0900] 0:0:0:0:0:0:0:1 200 "GET /login HTTP/1.1" 1413 (2 ms)
[27/Oct/2020:15:24:48 +0900] 0:0:0:0:0:0:0:1 200 "GET /login HTTP/1.1" 1413 (1 ms)
[27/Oct/2020:15:24:48 +0900] 0:0:0:0:0:0:0:1 200 "GET /login HTTP/1.1" 1413 (1 ms)
[27/Oct/2020:15:24:48 +0900] 0:0:0:0:0:0:0:1 200 "GET /login HTTP/1.1" 1413 (2 ms)
[27/Oct/2020:15:24:48 +0900] 0:0:0:0:0:0:0:1 200 "GET /login HTTP/1.1" 1413 (1 ms)
[27/Oct/2020:15:24:49 +0900] 0:0:0:0:0:0:0:1 200 "GET /login HTTP/1.1" 1413 (1 ms)
[27/Oct/2020:15:24:49 +0900] 0:0:0:0:0:0:0:1 200 "GET /login HTTP/1.1" 1413 (1 ms)
[27/Oct/2020:15:24:49 +0900] 0:0:0:0:0:0:0:1 200 "GET /login HTTP/1.1" 1413 (1 ms)
[27/Oct/2020:15:24:49 +0900] 0:0:0:0:0:0:0:1 200 "GET /login HTTP/1.1" 1413 (1 ms)
[27/Oct/2020:15:24:49 +0900] 0:0:0:0:0:0:0:1 200 "GET /login HTTP/1.1" 1413 (1 ms)
[27/Oct/2020:15:24:58 +0900] 0:0:0:0:0:0:0:1 302 "POST /authenticate HTTP/1.1" - (378 ms)
[27/Oct/2020:15:24:58 +0900] 0:0:0:0:0:0:0:1 200 "GET /login HTTP/1.1" 1413 (1 ms)
[27/Oct/2020:15:25:49 +0900] 0:0:0:0:0:0:0:1 200 "GET /login HTTP/1.1" 1413 (52 ms)
[27/Oct/2020:15:26:13 +0900] 0:0:0:0:0:0:0:1 302 "GET /manage/ HTTP/1.1" - (14 ms)
[27/Oct/2020:15:26:13 +0900] 0:0:0:0:0:0:0:1 200 "GET /login HTTP/1.1" 1413 (1 ms)
[27/Oct/2020:15:26:19 +0900] 0:0:0:0:0:0:0:1 302 "POST /authenticate HTTP/1.1" - (168 ms)
[27/Oct/2020:15:26:19 +0900] 0:0:0:0:0:0:0:1 200 "GET /login HTTP/1.1" 1413 (2 ms)
[27/Oct/2020:15:29:46 +0900] 0:0:0:0:0:0:0:1 302 "GET /authenticate HTTP/1.1" - (72 ms)
[27/Oct/2020:15:29:46 +0900] 0:0:0:0:0:0:0:1 200 "GET /login HTTP/1.1" 1413 (3 ms)
[27/Oct/2020:15:30:48 +0900] 0:0:0:0:0:0:0:1 302 "GET /authenticate HTTP/1.1" - (73 ms)
[27/Oct/2020:15:30:48 +0900] 0:0:0:0:0:0:0:1 200 "GET /login HTTP/1.1" 1413 (3 ms)
[27/Oct/2020:15:30:52 +0900] 0:0:0:0:0:0:0:1 302 "POST /authenticate HTTP/1.1" - (152 ms)
[27/Oct/2020:15:30:52 +0900] 0:0:0:0:0:0:0:1 200 "GET /login HTTP/1.1" 1413 (1 ms)
[27/Oct/2020:15:36:04 +0900] 0:0:0:0:0:0:0:1 200 "GET /login HTTP/1.1" 1413 (50 ms)
[27/Oct/2020:15:36:38 +0900] 0:0:0:0:0:0:0:1 404 "POST /authenticate HTTP/1.1" 306 (27711 ms)
[27/Oct/2020:15:36:39 +0900] 0:0:0:0:0:0:0:1 404 "GET /favicon.ico HTTP/1.1" 144 (91 ms)
[27/Oct/2020:15:39:34 +0900] 0:0:0:0:0:0:0:1 302 "POST /authenticate HTTP/1.1" - (55 ms)
[27/Oct/2020:15:39:34 +0900] 0:0:0:0:0:0:0:1 200 "GET /login HTTP/1.1" 1406 (4 ms)
[27/Oct/2020:15:40:34 +0900] 0:0:0:0:0:0:0:1 404 "POST /login HTTP/1.1" 306 (271 ms)
[27/Oct/2020:15:41:01 +0900] 0:0:0:0:0:0:0:1 404 "GET /managee HTTP/1.1" 306 (11 ms)
[27/Oct/2020:15:41:01 +0900] 0:0:0:0:0:0:0:1 404 "GET /favicon.ico HTTP/1.1" 144 (68 ms)
[27/Oct/2020:15:41:04 +0900] 0:0:0:0:0:0:0:1 404 "GET /manage HTTP/1.1" 306 (14 ms)
[27/Oct/2020:15:41:04 +0900] 0:0:0:0:0:0:0:1 404 "GET /favicon.ico HTTP/1.1" 144 (5 ms)
[27/Oct/2020:15:58:14 +0900] 0:0:0:0:0:0:0:1 302 "GET / HTTP/1.1" - (60 ms)
[27/Oct/2020:15:58:14 +0900] 0:0:0:0:0:0:0:1 200 "GET /login HTTP/1.1" 1406 (3 ms)
[27/Oct/2020:16:03:24 +0900] 0:0:0:0:0:0:0:1 404 "POST /login HTTP/1.1" 306 (189 ms)
[27/Oct/2020:16:06:37 +0900] 0:0:0:0:0:0:0:1 200 "GET /login HTTP/1.1" 1406 (50 ms)
[27/Oct/2020:16:06:39 +0900] 0:0:0:0:0:0:0:1 200 "GET /login HTTP/1.1" 1406 (2 ms)
[27/Oct/2020:16:06:40 +0900] 0:0:0:0:0:0:0:1 200 "GET /login HTTP/1.1" 1406 (2 ms)
[27/Oct/2020:16:06:43 +0900] 0:0:0:0:0:0:0:1 404 "POST /login HTTP/1.1" 306 (212 ms)
[27/Oct/2020:16:06:51 +0900] 0:0:0:0:0:0:0:1 403 "POST /login HTTP/1.1" 295 (8 ms)
[27/Oct/2020:16:08:24 +0900] 0:0:0:0:0:0:0:1 200 "GET /login HTTP/1.1" 1406 (46 ms)
[27/Oct/2020:16:08:31 +0900] 0:0:0:0:0:0:0:1 302 "POST /login HTTP/1.1" - (160 ms)
[27/Oct/2020:16:08:31 +0900] 0:0:0:0:0:0:0:1 200 "GET /login HTTP/1.1" 1406 (2 ms)
[27/Oct/2020:16:08:51 +0900] 0:0:0:0:0:0:0:1 302 "POST /login HTTP/1.1" - (10 ms)
[27/Oct/2020:16:08:51 +0900] 0:0:0:0:0:0:0:1 200 "GET /login HTTP/1.1" 1406 (1 ms)
[27/Oct/2020:16:09:05 +0900] 0:0:0:0:0:0:0:1 302 "POST /login HTTP/1.1" - (9 ms)
[27/Oct/2020:16:09:05 +0900] 0:0:0:0:0:0:0:1 200 "GET /login HTTP/1.1" 1406 (1 ms)
[27/Oct/2020:16:09:58 +0900] 0:0:0:0:0:0:0:1 200 "GET /login HTTP/1.1" 1406 (2 ms)
[27/Oct/2020:16:09:59 +0900] 0:0:0:0:0:0:0:1 200 "GET /login HTTP/1.1" 1406 (2 ms)
[27/Oct/2020:16:09:59 +0900] 0:0:0:0:0:0:0:1 200 "GET /login HTTP/1.1" 1406 (1 ms)
[27/Oct/2020:16:10:00 +0900] 0:0:0:0:0:0:0:1 200 "GET /login HTTP/1.1" 1406 (2 ms)
[27/Oct/2020:16:10:00 +0900] 0:0:0:0:0:0:0:1 200 "GET /login HTTP/1.1" 1406 (1 ms)
[27/Oct/2020:16:10:00 +0900] 0:0:0:0:0:0:0:1 200 "GET /login HTTP/1.1" 1406 (2 ms)
[27/Oct/2020:16:10:01 +0900] 0:0:0:0:0:0:0:1 200 "GET /login HTTP/1.1" 1406 (2 ms)
[27/Oct/2020:16:10:01 +0900] 0:0:0:0:0:0:0:1 200 "GET /login HTTP/1.1" 1406 (1 ms)
[27/Oct/2020:16:10:01 +0900] 0:0:0:0:0:0:0:1 200 "GET /login HTTP/1.1" 1406 (1 ms)
[27/Oct/2020:16:10:02 +0900] 0:0:0:0:0:0:0:1 200 "GET /login HTTP/1.1" 1406 (2 ms)
[27/Oct/2020:16:10:02 +0900] 0:0:0:0:0:0:0:1 200 "GET /login HTTP/1.1" 1406 (1 ms)
[27/Oct/2020:16:10:02 +0900] 0:0:0:0:0:0:0:1 200 "GET /login HTTP/1.1" 1406 (2 ms)
[27/Oct/2020:16:10:04 +0900] 0:0:0:0:0:0:0:1 200 "GET /login HTTP/1.1" 1406 (1 ms)
[27/Oct/2020:16:10:09 +0900] 0:0:0:0:0:0:0:1 200 "GET /login HTTP/1.1" 1406 (1 ms)
[27/Oct/2020:16:10:32 +0900] 0:0:0:0:0:0:0:1 200 "GET /login HTTP/1.1" 1406 (49 ms)
[27/Oct/2020:16:10:42 +0900] 0:0:0:0:0:0:0:1 302 "POST /login HTTP/1.1" - (156 ms)
[27/Oct/2020:16:10:42 +0900] 0:0:0:0:0:0:0:1 200 "GET /login HTTP/1.1" 1406 (1 ms)
[27/Oct/2020:16:13:26 +0900] 0:0:0:0:0:0:0:1 200 "GET /login HTTP/1.1" 1406 (49 ms)
[27/Oct/2020:16:13:30 +0900] 0:0:0:0:0:0:0:1 302 "POST /login HTTP/1.1" - (142 ms)
[27/Oct/2020:16:13:30 +0900] 0:0:0:0:0:0:0:1 200 "GET /login?error HTTP/1.1" 1572 (3 ms)
[27/Oct/2020:16:13:47 +0900] 0:0:0:0:0:0:0:1 302 "POST /login HTTP/1.1" - (174 ms)
[27/Oct/2020:16:13:47 +0900] 0:0:0:0:0:0:0:1 200 "GET /login?error HTTP/1.1" 1471 (1 ms)
[27/Oct/2020:16:13:56 +0900] 0:0:0:0:0:0:0:1 302 "POST /login HTTP/1.1" - (90 ms)
[27/Oct/2020:16:13:56 +0900] 0:0:0:0:0:0:0:1 404 "GET / HTTP/1.1" 306 (39 ms)
[27/Oct/2020:16:15:35 +0900] 0:0:0:0:0:0:0:1 302 "GET / HTTP/1.1" - (62 ms)
[27/Oct/2020:16:15:35 +0900] 0:0:0:0:0:0:0:1 200 "GET /login HTTP/1.1" 1406 (3 ms)
[27/Oct/2020:16:15:39 +0900] 0:0:0:0:0:0:0:1 404 "POST /login HTTP/1.1" 306 (291 ms)
[27/Oct/2020:16:22:31 +0900] 0:0:0:0:0:0:0:1 200 "GET /login HTTP/1.1" 1406 (48 ms)
[27/Oct/2020:16:23:34 +0900] 0:0:0:0:0:0:0:1 200 "GET /login HTTP/1.1" 1406 (46 ms)
[27/Oct/2020:16:23:41 +0900] 0:0:0:0:0:0:0:1 404 "POST /login HTTP/1.1" 306 (272 ms)
[27/Oct/2020:16:23:56 +0900] 0:0:0:0:0:0:0:1 302 "POST /login HTTP/1.1" - (58 ms)
[27/Oct/2020:16:23:57 +0900] 0:0:0:0:0:0:0:1 200 "GET /login HTTP/1.1" 1406 (4 ms)
[27/Oct/2020:16:24:01 +0900] 0:0:0:0:0:0:0:1 302 "POST /login HTTP/1.1" - (325 ms)
[27/Oct/2020:16:24:01 +0900] 0:0:0:0:0:0:0:1 200 "GET /login?error HTTP/1.1" 1471 (3 ms)
[27/Oct/2020:16:24:46 +0900] 0:0:0:0:0:0:0:1 404 "POST /login HTTP/1.1" 306 (40798 ms)
[27/Oct/2020:16:40:43 +0900] 0:0:0:0:0:0:0:1 200 "GET /login HTTP/1.1" 1406 (46 ms)
[27/Oct/2020:16:40:48 +0900] 0:0:0:0:0:0:0:1 404 "POST /login HTTP/1.1" 306 (292 ms)
[27/Oct/2020:16:40:52 +0900] 0:0:0:0:0:0:0:1 200 "GET /login HTTP/1.1" 1406 (1 ms)
[27/Oct/2020:16:40:52 +0900] 0:0:0:0:0:0:0:1 404 "GET / HTTP/1.1" 306 (12 ms)
[27/Oct/2020:16:40:53 +0900] 0:0:0:0:0:0:0:1 404 "GET / HTTP/1.1" 306 (9 ms)
[27/Oct/2020:16:40:54 +0900] 0:0:0:0:0:0:0:1 404 "GET /manage HTTP/1.1" 306 (10 ms)
[27/Oct/2020:16:41:43 +0900] 0:0:0:0:0:0:0:1 302 "GET /manage/ HTTP/1.1" - (59 ms)
[27/Oct/2020:16:41:43 +0900] 0:0:0:0:0:0:0:1 200 "GET /login HTTP/1.1" 1406 (4 ms)
[27/Oct/2020:16:41:43 +0900] 0:0:0:0:0:0:0:1 302 "GET /manage HTTP/1.1" - (3 ms)
[27/Oct/2020:16:41:43 +0900] 0:0:0:0:0:0:0:1 200 "GET /login HTTP/1.1" 1406 (1 ms)
[27/Oct/2020:16:41:48 +0900] 0:0:0:0:0:0:0:1 404 "POST /login HTTP/1.1" 306 (267 ms)
[27/Oct/2020:16:41:52 +0900] 0:0:0:0:0:0:0:1 200 "GET /login HTTP/1.1" 1406 (2 ms)
[27/Oct/2020:16:41:56 +0900] 0:0:0:0:0:0:0:1 404 "POST /login HTTP/1.1" 306 (85 ms)
[27/Oct/2020:16:41:58 +0900] 0:0:0:0:0:0:0:1 200 "GET /login HTTP/1.1" 1406 (2 ms)
[27/Oct/2020:16:42:00 +0900] 0:0:0:0:0:0:0:1 200 "GET /login HTTP/1.1" 1406 (1 ms)
[27/Oct/2020:16:42:00 +0900] 0:0:0:0:0:0:0:1 404 "GET / HTTP/1.1" 306 (12 ms)
[27/Oct/2020:16:42:01 +0900] 0:0:0:0:0:0:0:1 404 "GET /managee HTTP/1.1" 306 (9 ms)
[27/Oct/2020:16:42:01 +0900] 0:0:0:0:0:0:0:1 404 "GET /manage/ HTTP/1.1" 306 (8 ms)
[27/Oct/2020:16:42:39 +0900] 0:0:0:0:0:0:0:1 404 "GET /manage/ HTTP/1.1" 306 (10 ms)
[27/Oct/2020:16:42:40 +0900] 0:0:0:0:0:0:0:1 404 "GET / HTTP/1.1" 306 (8 ms)
[27/Oct/2020:16:43:09 +0900] 0:0:0:0:0:0:0:1 404 "GET / HTTP/1.1" 306 (8 ms)
[27/Oct/2020:16:43:10 +0900] 0:0:0:0:0:0:0:1 200 "GET /login HTTP/1.1" 1406 (2 ms)
[27/Oct/2020:16:50:29 +0900] 0:0:0:0:0:0:0:1 404 "POST /login HTTP/1.1" 306 (343 ms)
[27/Oct/2020:16:50:38 +0900] 0:0:0:0:0:0:0:1 200 "GET /login HTTP/1.1" 1406 (2 ms)
[27/Oct/2020:16:50:39 +0900] 0:0:0:0:0:0:0:1 404 "GET / HTTP/1.1" 306 (12 ms)
[27/Oct/2020:16:50:40 +0900] 0:0:0:0:0:0:0:1 404 "GET /manage/ HTTP/1.1" 306 (10 ms)
[27/Oct/2020:17:02:08 +0900] 0:0:0:0:0:0:0:1 302 "GET /manage/ HTTP/1.1" - (56 ms)
[27/Oct/2020:17:02:08 +0900] 0:0:0:0:0:0:0:1 200 "GET /login HTTP/1.1" 1406 (4 ms)
[27/Oct/2020:17:02:11 +0900] 0:0:0:0:0:0:0:1 404 "POST /login HTTP/1.1" 306 (266 ms)
[27/Oct/2020:17:02:16 +0900] 0:0:0:0:0:0:0:1 200 "GET /login HTTP/1.1" 1406 (2 ms)
[27/Oct/2020:17:02:17 +0900] 0:0:0:0:0:0:0:1 200 "GET /login HTTP/1.1" 1406 (2 ms)
[27/Oct/2020:17:02:18 +0900] 0:0:0:0:0:0:0:1 404 "GET / HTTP/1.1" 306 (12 ms)
[27/Oct/2020:17:02:19 +0900] 0:0:0:0:0:0:0:1 404 "GET /manage/ HTTP/1.1" 306 (10 ms)
[27/Oct/2020:17:07:53 +0900] 0:0:0:0:0:0:0:1 302 "GET /manage/ HTTP/1.1" - (65 ms)
[27/Oct/2020:17:07:53 +0900] 0:0:0:0:0:0:0:1 200 "GET /login HTTP/1.1" 1406 (3 ms)
[27/Oct/2020:17:07:57 +0900] 0:0:0:0:0:0:0:1 404 "POST /login HTTP/1.1" 306 (263 ms)
[27/Oct/2020:17:08:06 +0900] 0:0:0:0:0:0:0:1 200 "GET /login HTTP/1.1" 1406 (2 ms)
[27/Oct/2020:17:08:08 +0900] 0:0:0:0:0:0:0:1 404 "GET /manage/ HTTP/1.1" 306 (9 ms)
[27/Oct/2020:17:08:08 +0900] 0:0:0:0:0:0:0:1 200 "GET / HTTP/1.1" 115 (379 ms)
[27/Oct/2020:17:08:09 +0900] 0:0:0:0:0:0:0:1 404 "GET /manage/ HTTP/1.1" 306 (10 ms)
[27/Oct/2020:17:08:23 +0900] 0:0:0:0:0:0:0:1 404 "GET /manage/ HTTP/1.1" 306 (10 ms)
[27/Oct/2020:17:08:37 +0900] 0:0:0:0:0:0:0:1 404 "GET /manage/ HTTP/1.1" 306 (7 ms)
[27/Oct/2020:17:08:42 +0900] 0:0:0:0:0:0:0:1 403 "POST /login HTTP/1.1" 295 (9 ms)
[27/Oct/2020:17:08:45 +0900] 0:0:0:0:0:0:0:1 200 "GET /login HTTP/1.1" 1406 (1 ms)
[27/Oct/2020:17:08:46 +0900] 0:0:0:0:0:0:0:1 200 "GET / HTTP/1.1" 115 (3 ms)
[27/Oct/2020:17:08:46 +0900] 0:0:0:0:0:0:0:1 404 "GET /manage/ HTTP/1.1" 306 (8 ms)
[27/Oct/2020:17:14:34 +0900] 0:0:0:0:0:0:0:1 302 "GET /manage/ HTTP/1.1" - (60 ms)
[27/Oct/2020:17:14:34 +0900] 0:0:0:0:0:0:0:1 200 "GET /login HTTP/1.1" 1406 (3 ms)
[27/Oct/2020:17:14:39 +0900] 0:0:0:0:0:0:0:1 404 "POST /login HTTP/1.1" 306 (309 ms)
[27/Oct/2020:17:14:41 +0900] 0:0:0:0:0:0:0:1 200 "GET /login HTTP/1.1" 1406 (2 ms)
[27/Oct/2020:17:14:42 +0900] 0:0:0:0:0:0:0:1 200 "GET / HTTP/1.1" 115 (43 ms)
[27/Oct/2020:17:14:43 +0900] 0:0:0:0:0:0:0:1 200 "GET / HTTP/1.1" 115 (3 ms)
[27/Oct/2020:17:14:44 +0900] 0:0:0:0:0:0:0:1 404 "GET /manage/ HTTP/1.1" 306 (11 ms)
[27/Oct/2020:17:14:45 +0900] 0:0:0:0:0:0:0:1 404 "GET /manage/ HTTP/1.1" 306 (8 ms)
[27/Oct/2020:17:14:51 +0900] 0:0:0:0:0:0:0:1 404 "GET /manage/ HTTP/1.1" 306 (8 ms)
[27/Oct/2020:17:14:52 +0900] 0:0:0:0:0:0:0:1 200 "GET / HTTP/1.1" 115 (3 ms)
[27/Oct/2020:17:19:23 +0900] 0:0:0:0:0:0:0:1 302 "GET / HTTP/1.1" - (59 ms)
[27/Oct/2020:17:19:23 +0900] 0:0:0:0:0:0:0:1 200 "GET /login HTTP/1.1" 1406 (3 ms)
[27/Oct/2020:17:19:24 +0900] 0:0:0:0:0:0:0:1 302 "GET / HTTP/1.1" - (4 ms)
[27/Oct/2020:17:19:24 +0900] 0:0:0:0:0:0:0:1 200 "GET /login HTTP/1.1" 1406 (1 ms)
[27/Oct/2020:17:19:28 +0900] 0:0:0:0:0:0:0:1 200 "POST /login HTTP/1.1" 115 (280 ms)
[27/Oct/2020:17:36:17 +0900] 0:0:0:0:0:0:0:1 200 "GET /login HTTP/1.1" 1406 (45 ms)
[27/Oct/2020:17:36:23 +0900] 0:0:0:0:0:0:0:1 200 "POST /login HTTP/1.1" 115 (285 ms)
[27/Oct/2020:18:16:46 +0900] 0:0:0:0:0:0:0:1 302 "GET / HTTP/1.1" - (77 ms)
[27/Oct/2020:18:16:46 +0900] 0:0:0:0:0:0:0:1 200 "GET /login HTTP/1.1" 1406 (4 ms)
[27/Oct/2020:18:16:53 +0900] 0:0:0:0:0:0:0:1 200 "POST /login HTTP/1.1" 126 (774 ms)
[27/Oct/2020:18:29:55 +0900] 0:0:0:0:0:0:0:1 403 "POST /login HTTP/1.1" 295 (19 ms)
[27/Oct/2020:18:29:58 +0900] 0:0:0:0:0:0:0:1 200 "GET /login HTTP/1.1" 1406 (1 ms)
[27/Oct/2020:18:29:59 +0900] 0:0:0:0:0:0:0:1 200 "GET /login HTTP/1.1" 1406 (1 ms)
[27/Oct/2020:18:30:00 +0900] 0:0:0:0:0:0:0:1 404 "GET / HTTP/1.1" 306 (8 ms)
[27/Oct/2020:18:30:00 +0900] 0:0:0:0:0:0:0:1 200 "GET /manage/ HTTP/1.1" 126 (8 ms)
[27/Oct/2020:18:30:01 +0900] 0:0:0:0:0:0:0:1 404 "GET /managge HTTP/1.1" 306 (8 ms)
[27/Oct/2020:18:30:01 +0900] 0:0:0:0:0:0:0:1 404 "GET /favicon.ico HTTP/1.1" 144 (59 ms)
[27/Oct/2020:18:30:04 +0900] 0:0:0:0:0:0:0:1 404 "GET /managge HTTP/1.1" 306 (7 ms)
[27/Oct/2020:18:30:04 +0900] 0:0:0:0:0:0:0:1 200 "GET /manage/ HTTP/1.1" 126 (5 ms)
[27/Oct/2020:18:33:31 +0900] 0:0:0:0:0:0:0:1 302 "GET /manage/ HTTP/1.1" - (200 ms)
[27/Oct/2020:18:33:31 +0900] 0:0:0:0:0:0:0:1 200 "GET /login HTTP/1.1" 1406 (4 ms)
[27/Oct/2020:18:33:35 +0900] 0:0:0:0:0:0:0:1 200 "POST /login HTTP/1.1" 126 (293 ms)
[27/Oct/2020:18:34:09 +0900] 0:0:0:0:0:0:0:1 302 "POST /login HTTP/1.1" - (55 ms)
[27/Oct/2020:18:34:10 +0900] 0:0:0:0:0:0:0:1 200 "GET /login HTTP/1.1" 1406 (4 ms)
[27/Oct/2020:18:34:13 +0900] 0:0:0:0:0:0:0:1 200 "POST /login HTTP/1.1" 168 (644 ms)
[27/Oct/2020:18:38:31 +0900] 0:0:0:0:0:0:0:1 302 "POST /login HTTP/1.1" - (56 ms)
[27/Oct/2020:18:38:31 +0900] 0:0:0:0:0:0:0:1 200 "GET /login HTTP/1.1" 1406 (3 ms)
[27/Oct/2020:18:38:38 +0900] 0:0:0:0:0:0:0:1 500 "POST /login HTTP/1.1" 16241 (693 ms)
[27/Oct/2020:18:39:20 +0900] 0:0:0:0:0:0:0:1 302 "POST /login HTTP/1.1" - (54 ms)
[27/Oct/2020:18:39:22 +0900] 0:0:0:0:0:0:0:1 200 "GET /login HTTP/1.1" 1406 (5 ms)
[27/Oct/2020:18:39:27 +0900] 0:0:0:0:0:0:0:1 200 "POST /login HTTP/1.1" 197 (648 ms)
