[11/Nov/2020:14:07:40 +0900] 0:0:0:0:0:0:0:1 302 "POST /manage/api/save HTTP/1.1" - (91 ms)
[11/Nov/2020:14:29:44 +0900] 0:0:0:0:0:0:0:1 302 "POST /manage/api/save HTTP/1.1" - (86 ms)
[11/Nov/2020:14:30:29 +0900] 0:0:0:0:0:0:0:1 302 "POST /manage/api/save HTTP/1.1" - (81 ms)
[11/Nov/2020:14:41:14 +0900] 0:0:0:0:0:0:0:1 302 "POST /manage/api/save HTTP/1.1" - (83 ms)
[11/Nov/2020:14:41:26 +0900] 0:0:0:0:0:0:0:1 302 "POST /manage/api/save HTTP/1.1" - (3 ms)
[11/Nov/2020:14:42:12 +0900] 0:0:0:0:0:0:0:1 302 "POST /manage/api/save HTTP/1.1" - (83 ms)
[11/Nov/2020:15:02:46 +0900] 0:0:0:0:0:0:0:1 302 "POST /manage/api/save HTTP/1.1" - (142 ms)
[11/Nov/2020:15:03:34 +0900] 0:0:0:0:0:0:0:1 302 "POST /manage/api/save HTTP/1.1" - (163 ms)
[11/Nov/2020:15:03:53 +0900] 0:0:0:0:0:0:0:1 302 "POST /manage/api/save HTTP/1.1" - (38 ms)
[11/Nov/2020:15:05:25 +0900] 0:0:0:0:0:0:0:1 302 "POST /manage/api/save HTTP/1.1" - (25005 ms)
[11/Nov/2020:15:09:44 +0900] 0:0:0:0:0:0:0:1 302 "POST /manage/api/save HTTP/1.1" - (20046 ms)
[11/Nov/2020:15:10:06 +0900] 0:0:0:0:0:0:0:1 302 "POST /manage/api/save HTTP/1.1" - (3897 ms)
[11/Nov/2020:15:11:20 +0900] 0:0:0:0:0:0:0:1 302 "POST /manage/api/save HTTP/1.1" - (2957 ms)
[11/Nov/2020:15:17:16 +0900] 0:0:0:0:0:0:0:1 302 "GET / HTTP/1.1" - (17 ms)
[11/Nov/2020:15:17:16 +0900] 0:0:0:0:0:0:0:1 200 "GET /login HTTP/1.1" 2351 (22 ms)
[11/Nov/2020:15:17:16 +0900] 0:0:0:0:0:0:0:1 304 "GET /img/logo.png HTTP/1.1" - (16 ms)
[11/Nov/2020:15:17:17 +0900] 0:0:0:0:0:0:0:1 302 "GET / HTTP/1.1" - (6 ms)
[11/Nov/2020:15:17:17 +0900] 0:0:0:0:0:0:0:1 200 "GET /login HTTP/1.1" 2351 (4 ms)
[11/Nov/2020:15:17:17 +0900] 0:0:0:0:0:0:0:1 304 "GET /img/auth_bg.jpg HTTP/1.1" - (3 ms)
[11/Nov/2020:15:17:19 +0900] 0:0:0:0:0:0:0:1 302 "POST /loginProc HTTP/1.1" - (267 ms)
[11/Nov/2020:15:17:19 +0900] 0:0:0:0:0:0:0:1 404 "GET / HTTP/1.1" 306 (17 ms)
[11/Nov/2020:15:17:22 +0900] 0:0:0:0:0:0:0:1 200 "GET /manage HTTP/1.1" 25315 (507 ms)
[11/Nov/2020:15:17:22 +0900] 0:0:0:0:0:0:0:1 200 "GET /manage HTTP/1.1" 25315 (6 ms)
[11/Nov/2020:15:17:22 +0900] 0:0:0:0:0:0:0:1 200 "GET /lib/bootstrap/js/sb-admin-2.min.js HTTP/1.1" 1266 (11 ms)
[11/Nov/2020:15:17:22 +0900] 0:0:0:0:0:0:0:1 200 "GET /lib/bootstrap/vendor/jquery-easing/jquery.easing.min.js HTTP/1.1" 2532 (12 ms)
[11/Nov/2020:15:17:22 +0900] 0:0:0:0:0:0:0:1 200 "GET /lib/bootstrap/vendor/fontawesome-free/css/all.min.css HTTP/1.1" 58935 (16 ms)
[11/Nov/2020:15:17:22 +0900] 0:0:0:0:0:0:0:1 200 "GET /lib/bootstrap/vendor/bootstrap/js/bootstrap.bundle.min.js HTTP/1.1" 81084 (14 ms)
[11/Nov/2020:15:17:22 +0900] 0:0:0:0:0:0:0:1 200 "GET /lib/bootstrap/vendor/jquery/jquery.min.js HTTP/1.1" 89476 (14 ms)
[11/Nov/2020:15:17:22 +0900] 0:0:0:0:0:0:0:1 200 "GET /lib/bootstrap/css/sb-admin-2.min.css HTTP/1.1" 169306 (16 ms)
[11/Nov/2020:15:17:22 +0900] 0:0:0:0:0:0:0:1 200 "GET /lib/bootstrap/js/jquery-3.5.1.min.js HTTP/1.1" 89476 (5 ms)
[11/Nov/2020:15:17:22 +0900] 0:0:0:0:0:0:0:1 200 "GET /lib/datepicker/js/bootstrap-datepicker.ko.min.js HTTP/1.1" 532 (3 ms)
[11/Nov/2020:15:17:22 +0900] 0:0:0:0:0:0:0:1 200 "GET /lib/datepicker/css/bootstrap-datepicker.min.css HTTP/1.1" 15731 (5 ms)
[11/Nov/2020:15:17:22 +0900] 0:0:0:0:0:0:0:1 200 "GET /lib/bootstrap/vendor/datatables/dataTables.bootstrap4.min.js HTTP/1.1" 2094 (4 ms)
[11/Nov/2020:15:17:22 +0900] 0:0:0:0:0:0:0:1 200 "GET /lib/datepicker/js/bootstrap-datepicker.min.js HTTP/1.1" 33693 (5 ms)
[11/Nov/2020:15:17:22 +0900] 0:0:0:0:0:0:0:1 200 "GET /lib/bootstrap/vendor/datatables/jquery.dataTables.min.js HTTP/1.1" 82867 (5 ms)
[11/Nov/2020:15:17:22 +0900] 0:0:0:0:0:0:0:1 200 "GET /lib/bootstrap/vendor/fontawesome-free/css/all.min.css HTTP/1.1" 58935 (3 ms)
[11/Nov/2020:15:17:22 +0900] 0:0:0:0:0:0:0:1 200 "GET /lib/bootstrap/vendor/jquery-easing/jquery.easing.min.js HTTP/1.1" 2532 (3 ms)
[11/Nov/2020:15:17:22 +0900] 0:0:0:0:0:0:0:1 200 "GET /lib/bootstrap/vendor/jquery/jquery.min.js HTTP/1.1" 89476 (4 ms)
[11/Nov/2020:15:17:22 +0900] 0:0:0:0:0:0:0:1 200 "GET /lib/bootstrap/css/sb-admin-2.min.css HTTP/1.1" 169306 (5 ms)
[11/Nov/2020:15:17:22 +0900] 0:0:0:0:0:0:0:1 200 "GET /lib/bootstrap/vendor/bootstrap/js/bootstrap.bundle.min.js HTTP/1.1" 81084 (5 ms)
[11/Nov/2020:15:17:22 +0900] 0:0:0:0:0:0:0:1 200 "GET /lib/bootstrap/js/sb-admin-2.min.js HTTP/1.1" 1266 (3 ms)
[11/Nov/2020:15:17:22 +0900] 0:0:0:0:0:0:0:1 200 "GET /lib/bootstrap/js/jquery-3.5.1.min.js HTTP/1.1" 89476 (4 ms)
[11/Nov/2020:15:17:22 +0900] 0:0:0:0:0:0:0:1 304 "GET /img/excel_down.png HTTP/1.1" - (2 ms)
[11/Nov/2020:15:17:22 +0900] 0:0:0:0:0:0:0:1 200 "GET /lib/datepicker/css/bootstrap-datepicker.min.css HTTP/1.1" 15731 (3 ms)
[11/Nov/2020:15:17:22 +0900] 0:0:0:0:0:0:0:1 200 "GET /lib/datepicker/js/bootstrap-datepicker.ko.min.js HTTP/1.1" 532 (2 ms)
[11/Nov/2020:15:17:22 +0900] 0:0:0:0:0:0:0:1 200 "GET /lib/bootstrap/vendor/datatables/jquery.dataTables.min.js HTTP/1.1" 82867 (3 ms)
[11/Nov/2020:15:17:22 +0900] 0:0:0:0:0:0:0:1 200 "GET /lib/datepicker/js/bootstrap-datepicker.min.js HTTP/1.1" 33693 (3 ms)
[11/Nov/2020:15:17:22 +0900] 0:0:0:0:0:0:0:1 200 "GET /lib/bootstrap/vendor/datatables/dataTables.bootstrap4.min.js HTTP/1.1" 2094 (3 ms)
[11/Nov/2020:15:17:23 +0900] 0:0:0:0:0:0:0:1 200 "GET /lib/bootstrap/vendor/fontawesome-free/webfonts/fa-solid-900.woff2 HTTP/1.1" 80328 (4 ms)
[11/Nov/2020:15:17:23 +0900] 0:0:0:0:0:0:0:1 200 "POST /manage/posts HTTP/1.1" 5171 (107 ms)
[11/Nov/2020:15:17:30 +0900] 0:0:0:0:0:0:0:1 302 "POST /manage/api/save HTTP/1.1" - (2953 ms)
[11/Nov/2020:15:19:39 +0900] 0:0:0:0:0:0:0:1 302 "POST /manage/api/save HTTP/1.1" - (3126 ms)
[11/Nov/2020:16:03:27 +0900] 0:0:0:0:0:0:0:1 302 "GET /manage/api/save?callback=jQuery351013154787232588938_1605078052435&userNm=%EA%B9%80%EB%B3%91%EB%9E%98&telNo=01033831031&mutual=%EB%8D%94%EC%B2%B4%ED%81%AC&businessNo=1101011010&address=%EC%84%9C%EC%9A%B8%ED%8A%B9%EB%B3%84%EC%8B%9C%20%EA%B0%95%EB%82%A8%EA%B5%AC%20%EC%96%B8%EC%A3%BC%EB%A1%9C%20417&visitAt=20200110201000&opinionDesc=%ED%9D%AC%EB%A7%9D%EC%82%AC%ED%95%AD%20%ED%85%8C%EC%8A%A4%ED%8A%B8&channel=01&_=1605078052437 HTTP/1.1" - (178 ms)
[11/Nov/2020:16:03:27 +0900] 0:0:0:0:0:0:0:1 200 "GET /login HTTP/1.1" 2351 (100 ms)
[11/Nov/2020:16:06:38 +0900] 0:0:0:0:0:0:0:1 200 "GET /manage/api/save?callback=jQuery351013154787232588938_1605078052435&userNm=%EA%B9%80%EB%B3%91%EB%9E%98&telNo=01033831031&mutual=%EB%8D%94%EC%B2%B4%ED%81%AC&businessNo=1101011010&address=%EC%84%9C%EC%9A%B8%ED%8A%B9%EB%B3%84%EC%8B%9C%20%EA%B0%95%EB%82%A8%EA%B5%AC%20%EC%96%B8%EC%A3%BC%EB%A1%9C%20417&visitAt=20200110201000&opinionDesc=%ED%9D%AC%EB%A7%9D%EC%82%AC%ED%95%AD%20%ED%85%8C%EC%8A%A4%ED%8A%B8&channel=01&_=1605078052438 HTTP/1.1" 315 (218 ms)
[11/Nov/2020:16:07:24 +0900] 0:0:0:0:0:0:0:1 200 "GET /manage/api/save?callback=jQuery351013154787232588938_1605078052435&userNm=%EA%B9%80%EB%B3%91%EB%9E%98&telNo=01033831031&mutual=%EB%8D%94%EC%B2%B4%ED%81%AC&businessNo=1101011010&address=%EC%84%9C%EC%9A%B8%ED%8A%B9%EB%B3%84%EC%8B%9C%20%EA%B0%95%EB%82%A8%EA%B5%AC%20%EC%96%B8%EC%A3%BC%EB%A1%9C%20417&visitAt=20200110201000&opinionDesc=%ED%9D%AC%EB%A7%9D%EC%82%AC%ED%95%AD%20%ED%85%8C%EC%8A%A4%ED%8A%B8&channel=01&_=1605078052439 HTTP/1.1" 315 (27 ms)
[11/Nov/2020:16:08:14 +0900] 0:0:0:0:0:0:0:1 200 "GET /manage/api/save?callback=jQuery35108001166065525456_1605078459340&userNm=userNm&telNo=01033831031&mutual=test&businessNo=3929102920&address=address&visitAt=20200101001000&opinionDesc=opinionDesc%20test&channel=01&_=1605078459341 HTTP/1.1" 269 (27 ms)
[11/Nov/2020:16:08:19 +0900] 0:0:0:0:0:0:0:1 200 "GET /manage/api/save?callback=jQuery35108001166065525456_1605078459340&userNm=userNm&telNo=01033831031&mutual=test&businessNo=3929102920&address=address&visitAt=20200101001000&opinionDesc=opinionDesc%20test&channel=01&_=1605078459342 HTTP/1.1" 269 (24 ms)
[11/Nov/2020:16:10:20 +0900] 0:0:0:0:0:0:0:1 200 "GET /manage/api/save?callback=jQuery35108001166065525456_1605078459340&userNm=userNm&telNo=01033831031&mutual=test&businessNo=3929102920&address=address&visitAt=20200101001000&opinionDesc=opinionDesc%20test&channel=01&_=1605078459343 HTTP/1.1" 269 (181 ms)
[11/Nov/2020:16:12:54 +0900] 0:0:0:0:0:0:0:1 200 "GET /manage/api/save?callback=jQuery351032688989059186424_1605078749812&userNm=%ED%85%8C%EC%8A%A4%ED%8A%B8&telNo=01033831031&mutual=%ED%85%8C%EC%8A%A4%ED%8A%B8&businessNo=9193302910&address=%ED%85%8C%EC%8A%A4%ED%8A%B8&visitAt=20200110202000&opinionDesc=%ED%9D%AC%EB%A7%9D%EC%82%AC%ED%95%AD%20%ED%85%8C%EC%8A%A4%ED%8A%B8&channel=01&_=1605078749813 HTTP/1.1" 285 (25 ms)
[11/Nov/2020:16:14:39 +0900] 0:0:0:0:0:0:0:1 200 "GET /manage/api/save?callback=jQuery35109843035188003044_1605078860195&userNm=%ED%85%8C%EC%8A%A4%ED%8A%B8&telNo=01033831031&mutual=%ED%85%8C%EC%8A%A4%ED%8A%B8&businessNo=1102910291&address=%ED%85%8C%EC%8A%A4%ED%8A%B8&visitAt=20200220101000&opinionDesc=%ED%85%8C%EC%8A%A4%ED%8A%B8&channel=01&_=1605078860196 HTTP/1.1" 272 (24 ms)
[11/Nov/2020:16:14:49 +0900] 0:0:0:0:0:0:0:1 200 "GET /manage/api/save?callback=jQuery35109843035188003044_1605078860195&userNm=%ED%85%8C%EC%8A%A4%ED%8A%B8&telNo=01033831031&mutual=%ED%85%8C%EC%8A%A4%ED%8A%B8&businessNo=1102910291&address=%ED%85%8C%EC%8A%A4%ED%8A%B8&visitAt=20200220101000&opinionDesc=%ED%85%8C%EC%8A%A4%ED%8A%B8&channel=01&_=1605078860197 HTTP/1.1" 272 (23 ms)
[11/Nov/2020:16:16:22 +0900] 0:0:0:0:0:0:0:1 200 "GET /manage/api/save?callback=jQuery35109401772220976596_1605078963792&userNm=%ED%85%8C%EC%8A%A4%ED%8A%B8&telNo=01033831031&mutual=%ED%85%8C%EC%8A%A4%ED%8A%B8&businessNo=1102010203&address=%ED%85%8C%EC%8A%A4%ED%8A%B8&visitAt=20200102202000&opinionDesc=%ED%85%8C%EC%8A%A4%ED%8A%B8&channel=01&_=1605078963793 HTTP/1.1" 272 (23 ms)
[11/Nov/2020:16:16:26 +0900] 0:0:0:0:0:0:0:1 200 "GET /manage/api/save?callback=jQuery35109401772220976596_1605078963792&userNm=%ED%85%8C%EC%8A%A4%ED%8A%B8&telNo=01033831031&mutual=%ED%85%8C%EC%8A%A4%ED%8A%B8&businessNo=1102010203&address=%ED%85%8C%EC%8A%A4%ED%8A%B8&visitAt=20200102202000&opinionDesc=%ED%85%8C%EC%8A%A4%ED%8A%B8&channel=01&_=1605078963794 HTTP/1.1" 272 (23 ms)
[11/Nov/2020:16:27:24 +0900] 0:0:0:0:0:0:0:1 200 "GET /manage/api/save?callback=jQuery351014665235782452535_1605079623783&userNm=%ED%85%8C%EC%8A%A4%ED%8A%B8&telNo=01033831031&mutual=%ED%85%8C%EC%8A%A4%ED%8A%B8&businessNo=1102039102&address=%ED%85%8C%EC%8A%A4%ED%8A%B8&visitAt=20200110202000&opinionDesc=%ED%85%8C%EC%8A%A4%ED%8A%B81%E3%85%A111&channel=01&_=1605079623784 HTTP/1.1" 277 (43 ms)
[11/Nov/2020:19:29:33 +0900] 0:0:0:0:0:0:0:1 302 "GET /manage HTTP/1.1" - (136 ms)
[11/Nov/2020:19:29:33 +0900] 0:0:0:0:0:0:0:1 200 "GET /login HTTP/1.1" 2351 (127 ms)
[11/Nov/2020:19:29:33 +0900] 0:0:0:0:0:0:0:1 302 "GET /favicon.ico HTTP/1.1" - (2 ms)
[11/Nov/2020:19:29:33 +0900] 0:0:0:0:0:0:0:1 200 "GET /login HTTP/1.1" 2351 (5 ms)
[11/Nov/2020:19:29:35 +0900] 0:0:0:0:0:0:0:1 302 "POST /loginProc HTTP/1.1" - (282 ms)
[11/Nov/2020:19:29:35 +0900] 0:0:0:0:0:0:0:1 200 "GET /manage HTTP/1.1" 25315 (46 ms)
[11/Nov/2020:19:29:35 +0900] 0:0:0:0:0:0:0:1 200 "GET /lib/bootstrap/js/sb-admin-2.min.js HTTP/1.1" 1266 (9 ms)
[11/Nov/2020:19:29:35 +0900] 0:0:0:0:0:0:0:1 200 "GET /lib/bootstrap/vendor/jquery-easing/jquery.easing.min.js HTTP/1.1" 2532 (10 ms)
[11/Nov/2020:19:29:35 +0900] 0:0:0:0:0:0:0:1 200 "GET /lib/bootstrap/vendor/fontawesome-free/css/all.min.css HTTP/1.1" 58935 (18 ms)
[11/Nov/2020:19:29:35 +0900] 0:0:0:0:0:0:0:1 200 "GET /lib/bootstrap/vendor/jquery/jquery.min.js HTTP/1.1" 89476 (12 ms)
[11/Nov/2020:19:29:35 +0900] 0:0:0:0:0:0:0:1 200 "GET /lib/bootstrap/vendor/bootstrap/js/bootstrap.bundle.min.js HTTP/1.1" 81084 (12 ms)
[11/Nov/2020:19:29:35 +0900] 0:0:0:0:0:0:0:1 200 "GET /lib/bootstrap/css/sb-admin-2.min.css HTTP/1.1" 169306 (14 ms)
[11/Nov/2020:19:29:35 +0900] 0:0:0:0:0:0:0:1 200 "GET /lib/bootstrap/js/jquery-3.5.1.min.js HTTP/1.1" 89476 (5 ms)
[11/Nov/2020:19:29:35 +0900] 0:0:0:0:0:0:0:1 200 "GET /lib/datepicker/css/bootstrap-datepicker.min.css HTTP/1.1" 15731 (4 ms)
[11/Nov/2020:19:29:35 +0900] 0:0:0:0:0:0:0:1 200 "GET /lib/bootstrap/vendor/datatables/dataTables.bootstrap4.min.js HTTP/1.1" 2094 (3 ms)
[11/Nov/2020:19:29:35 +0900] 0:0:0:0:0:0:0:1 200 "GET /lib/datepicker/js/bootstrap-datepicker.ko.min.js HTTP/1.1" 532 (3 ms)
[11/Nov/2020:19:29:35 +0900] 0:0:0:0:0:0:0:1 200 "GET /lib/datepicker/js/bootstrap-datepicker.min.js HTTP/1.1" 33693 (6 ms)
[11/Nov/2020:19:29:35 +0900] 0:0:0:0:0:0:0:1 200 "GET /lib/bootstrap/vendor/datatables/jquery.dataTables.min.js HTTP/1.1" 82867 (6 ms)
[11/Nov/2020:19:29:35 +0900] 0:0:0:0:0:0:0:1 200 "GET /lib/bootstrap/vendor/fontawesome-free/webfonts/fa-solid-900.woff2 HTTP/1.1" 80328 (4 ms)
[11/Nov/2020:19:29:35 +0900] 0:0:0:0:0:0:0:1 200 "POST /manage/posts HTTP/1.1" 4463 (60 ms)
[11/Nov/2020:19:29:36 +0900] 0:0:0:0:0:0:0:1 404 "GET /favicon.ico HTTP/1.1" 144 (29 ms)
[11/Nov/2020:19:32:16 +0900] 0:0:0:0:0:0:0:1 200 "POST /manage/posts HTTP/1.1" 5173 (19 ms)
[11/Nov/2020:19:32:16 +0900] 0:0:0:0:0:0:0:1 200 "POST /manage/posts HTTP/1.1" 5173 (21 ms)
[11/Nov/2020:19:33:05 +0900] 0:0:0:0:0:0:0:1 200 "GET /manage/api/save?callback=jQuery3510021306369945345294_1605090189010&userNm=%EA%B9%80%EB%B3%91%EB%9E%98&telNo=01033831031&mutual=%EB%8D%94%EC%B2%B4%ED%81%AC&businessNo=1111129211&address=%EC%84%9C%EC%9A%B8%ED%8A%B9%EB%B3%84%EC%8B%9C%20%EA%B0%95%EB%82%A8%EA%B5%AC%20%EC%96%B8%EC%A3%BC%EB%A1%9C%20417&visitAt=20201201101400&opinionDesc=%EB%B9%A8%EB%A6%AC%20%EC%99%80%EC%A3%BC%EC%84%B8%EC%9A%94.&channel=01&_=1605090189011 HTTP/1.1" 313 (35 ms)
[11/Nov/2020:19:33:10 +0900] 0:0:0:0:0:0:0:1 200 "POST /manage/posts HTTP/1.1" 4436 (19 ms)
